09:32:22.215 [SpringApplicationShutdownHook] INFO  c.a.c.n.r.NacosServiceRegistry - [deregister,90] - De-registering from Nacos Server now...
09:32:22.217 [SpringApplicationShutdownHook] INFO  c.a.n.client.naming - [deregisterService,136] - [DEREGISTER-SERVICE] public deregistering service ruoyi-auth with instance: Instance{instanceId='null', ip='192.168.0.110', port=9200, weight=1.0, healthy=true, enabled=true, ephemeral=true, clusterName='DEFAULT', serviceName='null', metadata={}}
09:32:22.219 [SpringApplicationShutdownHook] INFO  c.a.c.n.r.NacosServiceRegistry - [deregister,110] - De-registration finished.
09:32:22.220 [SpringApplicationShutdownHook] INFO  c.a.n.client.naming - [shutdown,256] - com.alibaba.nacos.client.naming.cache.ServiceInfoHolder do shutdown begin
09:32:22.233 [SpringApplicationShutdownHook] INFO  c.a.n.client.naming - [shutdown,140] - com.alibaba.nacos.client.naming.backups.FailoverReactor do shutdown begin
09:32:22.233 [SpringApplicationShutdownHook] INFO  c.a.n.client.naming - [shutdown,142] - com.alibaba.nacos.client.naming.backups.FailoverReactor do shutdown stop
09:32:22.233 [SpringApplicationShutdownHook] INFO  c.a.n.client.naming - [shutdown,258] - com.alibaba.nacos.client.naming.cache.ServiceInfoHolder do shutdown stop
09:32:22.233 [SpringApplicationShutdownHook] INFO  c.a.n.client.naming - [shutdown,176] - com.alibaba.nacos.client.naming.remote.NamingClientProxyDelegate do shutdown begin
09:32:22.233 [SpringApplicationShutdownHook] INFO  c.a.n.client.naming - [shutdown,130] - com.alibaba.nacos.client.naming.core.ServiceInfoUpdateService do shutdown begin
09:32:22.570 [SpringApplicationShutdownHook] INFO  c.a.n.client.naming - [shutdown,132] - com.alibaba.nacos.client.naming.core.ServiceInfoUpdateService do shutdown stop
09:32:22.570 [SpringApplicationShutdownHook] INFO  c.a.n.client.naming - [shutdown,188] - com.alibaba.nacos.client.naming.core.ServerListManager do shutdown begin
09:32:22.570 [SpringApplicationShutdownHook] INFO  c.a.n.client.naming - [shutdown,193] - com.alibaba.nacos.client.naming.core.ServerListManager do shutdown stop
09:32:22.570 [SpringApplicationShutdownHook] INFO  c.a.n.client.naming - [shutdown,519] - com.alibaba.nacos.client.naming.remote.http.NamingHttpClientProxy do shutdown begin
09:32:22.571 [SpringApplicationShutdownHook] INFO  c.a.n.client.naming - [shutdown,162] - com.alibaba.nacos.client.naming.beat.BeatReactor do shutdown begin
09:32:22.571 [SpringApplicationShutdownHook] INFO  c.a.n.client.naming - [shutdown,164] - com.alibaba.nacos.client.naming.beat.BeatReactor do shutdown stop
09:32:22.571 [SpringApplicationShutdownHook] INFO  c.a.n.c.i.CredentialWatcher - [stop,105] - [null] CredentialWatcher is stopped
09:32:22.571 [SpringApplicationShutdownHook] INFO  c.a.n.c.i.CredentialService - [free,99] - [null] CredentialService is freed
09:32:22.571 [SpringApplicationShutdownHook] INFO  c.a.n.client.naming - [shutdown,523] - com.alibaba.nacos.client.naming.remote.http.NamingHttpClientProxy do shutdown stop
09:32:22.571 [SpringApplicationShutdownHook] INFO  c.a.n.c.r.client - [shutdown,461] - Shutdown rpc client ,set status to shutdown
09:32:22.571 [SpringApplicationShutdownHook] INFO  c.a.n.c.r.client - [shutdown,463] - Shutdown  client event executor java.util.concurrent.ScheduledThreadPoolExecutor@157bcf4[Running, pool size = 2, active threads = 2, queued tasks = 0, completed tasks = 0]
09:32:22.571 [SpringApplicationShutdownHook] INFO  c.a.n.c.r.client - [shutdown,465] - Close current connection 1632823851759_127.0.0.1_60763
09:32:22.573 [nacos-grpc-client-executor-195] INFO  c.a.n.c.r.c.g.GrpcClient - [printIfInfoEnabled,60] - [1632823851759_127.0.0.1_60763]Ignore complete event,isRunning:false,isAbandon=false
09:32:22.573 [SpringApplicationShutdownHook] INFO  c.a.n.c.r.c.g.GrpcClient - [shutdown,83] - Shutdown grpc executor java.util.concurrent.ThreadPoolExecutor@77ff19cd[Running, pool size = 4, active threads = 0, queued tasks = 0, completed tasks = 196]
09:32:22.573 [SpringApplicationShutdownHook] INFO  c.a.n.client.naming - [shutdown,251] - Shutdown grpc redo service executor java.util.concurrent.ScheduledThreadPoolExecutor@bf0a87a[Running, pool size = 1, active threads = 0, queued tasks = 1, completed tasks = 283]
09:32:22.573 [SpringApplicationShutdownHook] INFO  c.a.n.client.naming - [shutdown,182] - com.alibaba.nacos.client.naming.remote.NamingClientProxyDelegate do shutdown stop
09:32:49.549 [background-preinit] INFO  o.h.v.i.util.Version - [<clinit>,21] - HV000001: Hibernate Validator 6.2.0.Final
09:32:50.220 [main] INFO  c.a.n.c.c.i.LocalConfigInfoProcessor - [<clinit>,67] - LOCAL_SNAPSHOT_PATH:C:\Users\80952\nacos\config
09:32:50.221 [main] INFO  c.a.n.c.r.client - [lambda$createClient$0,77] - [RpcClientFactory] create a new rpc client of 5b7873f4-5bb8-4694-968f-3b7a8671d12b_config-0
09:32:50.263 [main] INFO  o.r.Reflections - [scan,232] - Reflections took 32 ms to scan 1 urls, producing 3 keys and 6 values 
09:32:50.299 [main] INFO  o.r.Reflections - [scan,232] - Reflections took 10 ms to scan 1 urls, producing 4 keys and 9 values 
09:32:50.307 [main] INFO  o.r.Reflections - [scan,232] - Reflections took 6 ms to scan 1 urls, producing 3 keys and 10 values 
09:32:50.315 [main] INFO  o.r.Reflections - [scan,232] - Reflections took 5 ms to scan 1 urls, producing 1 keys and 5 values 
09:32:50.323 [main] INFO  o.r.Reflections - [scan,232] - Reflections took 6 ms to scan 1 urls, producing 1 keys and 7 values 
09:32:50.333 [main] INFO  o.r.Reflections - [scan,232] - Reflections took 8 ms to scan 1 urls, producing 2 keys and 8 values 
09:32:50.335 [main] INFO  c.a.n.c.r.client - [printIfInfoEnabled,60] - [5b7873f4-5bb8-4694-968f-3b7a8671d12b_config-0]RpcClient init label, labels={module=config, Vipserver-Tag=null, source=sdk, Amory-Tag=null, Location-Tag=null, taskId=0, AppName=unknown}
09:32:50.336 [main] INFO  c.a.n.c.r.client - [printIfInfoEnabled,60] - [5b7873f4-5bb8-4694-968f-3b7a8671d12b_config-0]Register server push request handler:com.alibaba.nacos.client.config.impl.ClientWorker$ConfigRpcTransportClient$$Lambda$451/0x000000080040cc40
09:32:50.336 [main] INFO  c.a.n.c.r.client - [printIfInfoEnabled,60] - [5b7873f4-5bb8-4694-968f-3b7a8671d12b_config-0]Register server push request handler:com.alibaba.nacos.client.config.impl.ClientWorker$ConfigRpcTransportClient$$Lambda$452/0x000000080040c040
09:32:50.337 [main] INFO  c.a.n.c.r.client - [printIfInfoEnabled,60] - [5b7873f4-5bb8-4694-968f-3b7a8671d12b_config-0]Registry connection listener to current client:com.alibaba.nacos.client.config.impl.ClientWorker$ConfigRpcTransportClient$1
09:32:50.337 [main] INFO  c.a.n.c.r.client - [printIfInfoEnabled,60] - [5b7873f4-5bb8-4694-968f-3b7a8671d12b_config-0]RpcClient init, ServerListFactory =com.alibaba.nacos.client.config.impl.ClientWorker$ConfigRpcTransportClient$2
09:32:50.344 [main] INFO  c.a.n.c.r.client - [printIfInfoEnabled,60] - [5b7873f4-5bb8-4694-968f-3b7a8671d12b_config-0] Try to connect to server on start up, server: {serverIp='127.0.0.1', server main port=8848}
09:32:51.890 [main] INFO  c.a.n.c.r.client - [printIfInfoEnabled,60] - [5b7873f4-5bb8-4694-968f-3b7a8671d12b_config-0] Success to connect to server [127.0.0.1:8848] on start up,connectionId=1632879171709_127.0.0.1_65248
09:32:51.890 [com.alibaba.nacos.client.remote.worker] INFO  c.a.n.c.r.client - [printIfInfoEnabled,60] - [5b7873f4-5bb8-4694-968f-3b7a8671d12b_config-0]Notify connected event to listeners.
09:32:51.891 [main] INFO  c.a.n.c.r.client - [printIfInfoEnabled,60] - [5b7873f4-5bb8-4694-968f-3b7a8671d12b_config-0]Register server push request handler:com.alibaba.nacos.common.remote.client.RpcClient$ConnectResetRequestHandler
09:32:51.891 [com.alibaba.nacos.client.remote.worker] INFO  c.a.n.c.c.i.ClientWorker - [onConnected,681] - [5b7873f4-5bb8-4694-968f-3b7a8671d12b_config-0] Connected,notify listen context...
09:32:51.891 [main] INFO  c.a.n.c.r.client - [printIfInfoEnabled,60] - [5b7873f4-5bb8-4694-968f-3b7a8671d12b_config-0]Register server push request handler:com.alibaba.nacos.common.remote.client.RpcClient$4
09:32:51.918 [main] INFO  c.a.n.c.c.i.Limiter - [<clinit>,56] - limitTime:5.0
09:32:51.931 [main] INFO  c.a.n.c.c.u.JvmUtil - [<clinit>,53] - isMultiInstance:false
09:32:51.953 [main] INFO  c.r.a.RuoYiAuthApplication - [logStartupProfileInfo,663] - The following profiles are active: dev
09:32:53.260 [main] INFO  o.a.c.h.Http11NioProtocol - [log,173] - Initializing ProtocolHandler ["http-nio-9200"]
09:32:53.261 [main] INFO  o.a.c.c.StandardService - [log,173] - Starting service [Tomcat]
09:32:53.261 [main] INFO  o.a.c.c.StandardEngine - [log,173] - Starting Servlet engine: [Apache Tomcat/9.0.52]
09:32:53.446 [main] INFO  o.a.c.c.C.[.[.[/] - [log,173] - Initializing Spring embedded WebApplicationContext
09:32:54.102 [main] INFO  c.a.c.s.SentinelWebAutoConfiguration - [addInterceptors,80] - [Sentinel Starter] register SentinelWebInterceptor with urlPatterns: [/**].
09:32:54.579 [main] INFO  c.a.n.client.naming - [initNamespaceForNaming,63] - initializer namespace from System Property : null
09:32:54.579 [main] INFO  c.a.n.client.naming - [call,69] - initializer namespace from System Environment :null
09:32:54.580 [main] INFO  c.a.n.client.naming - [call,79] - initializer namespace from System Property :null
09:32:54.591 [main] INFO  c.a.n.c.r.client - [lambda$createClient$0,77] - [RpcClientFactory] create a new rpc client of 25cf25bd-de57-4e03-b02e-ceaa3e4db79b
09:32:54.592 [main] INFO  c.a.n.c.r.client - [printIfInfoEnabled,60] - [25cf25bd-de57-4e03-b02e-ceaa3e4db79b]RpcClient init label, labels={module=naming, source=sdk}
09:32:54.593 [main] INFO  c.a.n.c.r.client - [printIfInfoEnabled,60] - [25cf25bd-de57-4e03-b02e-ceaa3e4db79b]RpcClient init, ServerListFactory =com.alibaba.nacos.client.naming.core.ServerListManager
09:32:54.593 [main] INFO  c.a.n.c.r.client - [printIfInfoEnabled,60] - [25cf25bd-de57-4e03-b02e-ceaa3e4db79b]Registry connection listener to current client:com.alibaba.nacos.client.naming.remote.gprc.redo.NamingGrpcRedoService
09:32:54.593 [main] INFO  c.a.n.c.r.client - [printIfInfoEnabled,60] - [25cf25bd-de57-4e03-b02e-ceaa3e4db79b]Register server push request handler:com.alibaba.nacos.client.naming.remote.gprc.NamingPushRequestHandler
09:32:54.593 [main] INFO  c.a.n.c.r.client - [printIfInfoEnabled,60] - [25cf25bd-de57-4e03-b02e-ceaa3e4db79b] Try to connect to server on start up, server: {serverIp='127.0.0.1', server main port=8848}
09:32:54.711 [main] INFO  c.a.n.c.r.client - [printIfInfoEnabled,60] - [25cf25bd-de57-4e03-b02e-ceaa3e4db79b] Success to connect to server [127.0.0.1:8848] on start up,connectionId=1632879174599_127.0.0.1_65271
09:32:54.711 [com.alibaba.nacos.client.remote.worker] INFO  c.a.n.c.r.client - [printIfInfoEnabled,60] - [25cf25bd-de57-4e03-b02e-ceaa3e4db79b]Notify connected event to listeners.
09:32:54.711 [main] INFO  c.a.n.c.r.client - [printIfInfoEnabled,60] - [25cf25bd-de57-4e03-b02e-ceaa3e4db79b]Register server push request handler:com.alibaba.nacos.common.remote.client.RpcClient$ConnectResetRequestHandler
09:32:54.711 [com.alibaba.nacos.client.remote.worker] INFO  c.a.n.client.naming - [onConnected,76] - Grpc connection connect
09:32:54.711 [main] INFO  c.a.n.c.r.client - [printIfInfoEnabled,60] - [25cf25bd-de57-4e03-b02e-ceaa3e4db79b]Register server push request handler:com.alibaba.nacos.common.remote.client.RpcClient$4
09:32:55.442 [main] INFO  c.a.n.client.naming - [isChangedServiceInfo,181] - init new ips(0) service: DEFAULT_GROUP@@ruoyi-auth@@DEFAULT -> []
09:32:55.448 [main] INFO  c.a.n.client.naming - [processServiceInfo,166] - current ips:(0) service: DEFAULT_GROUP@@ruoyi-auth@@DEFAULT -> []
09:32:55.452 [main] INFO  o.a.c.h.Http11NioProtocol - [log,173] - Starting ProtocolHandler ["http-nio-9200"]
09:32:55.467 [main] INFO  c.a.n.client.naming - [registerService,112] - [REGISTER-SERVICE] public registering service ruoyi-auth with instance Instance{instanceId='null', ip='192.168.0.110', port=9200, weight=1.0, healthy=true, enabled=true, ephemeral=true, clusterName='DEFAULT', serviceName='null', metadata={preserved.register.source=SPRING_CLOUD}}
09:32:55.472 [main] INFO  c.a.c.n.r.NacosServiceRegistry - [register,75] - nacos registry, DEFAULT_GROUP ruoyi-auth 192.168.0.110:9200 register finished
09:32:55.841 [main] INFO  c.r.a.RuoYiAuthApplication - [logStarted,61] - Started RuoYiAuthApplication in 6.918 seconds (JVM running for 8.218)
09:32:55.847 [main] INFO  c.a.n.c.c.i.ClientWorker - [addCacheDataIfAbsent,384] - [config_rpc_client] [subscribe] ruoyi-auth.yml+DEFAULT_GROUP
09:32:55.848 [main] INFO  c.a.n.c.c.i.CacheData - [addListener,173] - [config_rpc_client] [add-listener] ok, tenant=, dataId=ruoyi-auth.yml, group=DEFAULT_GROUP, cnt=1
09:32:55.849 [main] INFO  c.a.n.c.c.i.ClientWorker - [addCacheDataIfAbsent,384] - [config_rpc_client] [subscribe] ruoyi-auth-dev.yml+DEFAULT_GROUP
09:32:55.849 [main] INFO  c.a.n.c.c.i.CacheData - [addListener,173] - [config_rpc_client] [add-listener] ok, tenant=, dataId=ruoyi-auth-dev.yml, group=DEFAULT_GROUP, cnt=1
09:32:55.849 [main] INFO  c.a.n.c.c.i.ClientWorker - [addCacheDataIfAbsent,384] - [config_rpc_client] [subscribe] ruoyi-auth+DEFAULT_GROUP
09:32:55.849 [main] INFO  c.a.n.c.c.i.CacheData - [addListener,173] - [config_rpc_client] [add-listener] ok, tenant=, dataId=ruoyi-auth, group=DEFAULT_GROUP, cnt=1
09:32:55.984 [nacos-grpc-client-executor-9] INFO  c.a.n.c.r.client - [printIfInfoEnabled,60] - [25cf25bd-de57-4e03-b02e-ceaa3e4db79b]receive server push request,request=NotifySubscriberRequest,requestId=78
09:32:55.985 [nacos-grpc-client-executor-9] INFO  c.a.n.client.naming - [isChangedServiceInfo,181] - init new ips(1) service: DEFAULT_GROUP@@ruoyi-auth -> [{"ip":"192.168.0.110","port":9200,"weight":1.0,"healthy":true,"enabled":true,"ephemeral":true,"clusterName":"DEFAULT","serviceName":"DEFAULT_GROUP@@ruoyi-auth","metadata":{"preserved.register.source":"SPRING_CLOUD"},"ipDeleteTimeout":30000,"instanceHeartBeatInterval":5000,"instanceHeartBeatTimeOut":15000}]
09:32:55.985 [nacos-grpc-client-executor-9] INFO  c.a.n.client.naming - [processServiceInfo,166] - current ips:(1) service: DEFAULT_GROUP@@ruoyi-auth -> [{"ip":"192.168.0.110","port":9200,"weight":1.0,"healthy":true,"enabled":true,"ephemeral":true,"clusterName":"DEFAULT","serviceName":"DEFAULT_GROUP@@ruoyi-auth","metadata":{"preserved.register.source":"SPRING_CLOUD"},"ipDeleteTimeout":30000,"instanceHeartBeatInterval":5000,"instanceHeartBeatTimeOut":15000}]
09:32:55.986 [nacos-grpc-client-executor-9] INFO  c.a.n.c.r.client - [printIfInfoEnabled,60] - [25cf25bd-de57-4e03-b02e-ceaa3e4db79b]ack server push request,request=NotifySubscriberRequest,requestId=78
09:32:56.146 [RMI TCP Connection(7)-192.168.0.110] INFO  o.a.c.c.C.[.[.[/] - [log,173] - Initializing Spring DispatcherServlet 'dispatcherServlet'
09:32:56.444 [com.alibaba.nacos.client.naming.updater.0] INFO  c.a.n.client.naming - [isChangedServiceInfo,235] - new ips(1) service: DEFAULT_GROUP@@ruoyi-auth@@DEFAULT -> [{"ip":"192.168.0.110","port":9200,"weight":1.0,"healthy":true,"enabled":true,"ephemeral":true,"clusterName":"DEFAULT","serviceName":"DEFAULT_GROUP@@ruoyi-auth","metadata":{"preserved.register.source":"SPRING_CLOUD"},"ipDeleteTimeout":30000,"instanceHeartBeatInterval":5000,"instanceHeartBeatTimeOut":15000}]
09:32:56.444 [com.alibaba.nacos.client.naming.updater.0] INFO  c.a.n.client.naming - [processServiceInfo,166] - current ips:(1) service: DEFAULT_GROUP@@ruoyi-auth@@DEFAULT -> [{"ip":"192.168.0.110","port":9200,"weight":1.0,"healthy":true,"enabled":true,"ephemeral":true,"clusterName":"DEFAULT","serviceName":"DEFAULT_GROUP@@ruoyi-auth","metadata":{"preserved.register.source":"SPRING_CLOUD"},"ipDeleteTimeout":30000,"instanceHeartBeatInterval":5000,"instanceHeartBeatTimeOut":15000}]
09:33:44.669 [http-nio-9200-exec-3] INFO  c.a.n.client.naming - [isChangedServiceInfo,181] - init new ips(1) service: DEFAULT_GROUP@@ruoyi-system -> [{"ip":"192.168.0.110","port":9201,"weight":1.0,"healthy":true,"enabled":true,"ephemeral":true,"clusterName":"DEFAULT","serviceName":"DEFAULT_GROUP@@ruoyi-system","metadata":{"preserved.register.source":"SPRING_CLOUD"},"ipDeleteTimeout":30000,"instanceHeartBeatInterval":5000,"instanceHeartBeatTimeOut":15000}]
09:33:44.669 [http-nio-9200-exec-3] INFO  c.a.n.client.naming - [processServiceInfo,166] - current ips:(1) service: DEFAULT_GROUP@@ruoyi-system -> [{"ip":"192.168.0.110","port":9201,"weight":1.0,"healthy":true,"enabled":true,"ephemeral":true,"clusterName":"DEFAULT","serviceName":"DEFAULT_GROUP@@ruoyi-system","metadata":{"preserved.register.source":"SPRING_CLOUD"},"ipDeleteTimeout":30000,"instanceHeartBeatInterval":5000,"instanceHeartBeatTimeOut":15000}]
09:33:45.278 [nacos-grpc-client-executor-22] INFO  c.a.n.c.r.client - [printIfInfoEnabled,60] - [25cf25bd-de57-4e03-b02e-ceaa3e4db79b]receive server push request,request=NotifySubscriberRequest,requestId=83
09:33:45.279 [nacos-grpc-client-executor-22] INFO  c.a.n.c.r.client - [printIfInfoEnabled,60] - [25cf25bd-de57-4e03-b02e-ceaa3e4db79b]ack server push request,request=NotifySubscriberRequest,requestId=83
16:36:20.600 [SpringApplicationShutdownHook] INFO  c.a.c.n.r.NacosServiceRegistry - [deregister,90] - De-registering from Nacos Server now...
16:36:20.601 [SpringApplicationShutdownHook] INFO  c.a.n.client.naming - [deregisterService,136] - [DEREGISTER-SERVICE] public deregistering service ruoyi-auth with instance: Instance{instanceId='null', ip='192.168.0.110', port=9200, weight=1.0, healthy=true, enabled=true, ephemeral=true, clusterName='DEFAULT', serviceName='null', metadata={}}
16:36:20.602 [SpringApplicationShutdownHook] INFO  c.a.c.n.r.NacosServiceRegistry - [deregister,110] - De-registration finished.
16:36:20.603 [SpringApplicationShutdownHook] INFO  c.a.n.client.naming - [shutdown,256] - com.alibaba.nacos.client.naming.cache.ServiceInfoHolder do shutdown begin
16:36:20.603 [SpringApplicationShutdownHook] INFO  c.a.n.client.naming - [shutdown,140] - com.alibaba.nacos.client.naming.backups.FailoverReactor do shutdown begin
16:36:20.603 [SpringApplicationShutdownHook] INFO  c.a.n.client.naming - [shutdown,142] - com.alibaba.nacos.client.naming.backups.FailoverReactor do shutdown stop
16:36:20.603 [SpringApplicationShutdownHook] INFO  c.a.n.client.naming - [shutdown,258] - com.alibaba.nacos.client.naming.cache.ServiceInfoHolder do shutdown stop
16:36:20.603 [SpringApplicationShutdownHook] INFO  c.a.n.client.naming - [shutdown,176] - com.alibaba.nacos.client.naming.remote.NamingClientProxyDelegate do shutdown begin
16:36:20.603 [SpringApplicationShutdownHook] INFO  c.a.n.client.naming - [shutdown,130] - com.alibaba.nacos.client.naming.core.ServiceInfoUpdateService do shutdown begin
16:36:20.917 [SpringApplicationShutdownHook] INFO  c.a.n.client.naming - [shutdown,132] - com.alibaba.nacos.client.naming.core.ServiceInfoUpdateService do shutdown stop
16:36:20.917 [SpringApplicationShutdownHook] INFO  c.a.n.client.naming - [shutdown,188] - com.alibaba.nacos.client.naming.core.ServerListManager do shutdown begin
16:36:20.917 [SpringApplicationShutdownHook] INFO  c.a.n.client.naming - [shutdown,193] - com.alibaba.nacos.client.naming.core.ServerListManager do shutdown stop
16:36:20.917 [SpringApplicationShutdownHook] INFO  c.a.n.client.naming - [shutdown,519] - com.alibaba.nacos.client.naming.remote.http.NamingHttpClientProxy do shutdown begin
16:36:20.918 [SpringApplicationShutdownHook] INFO  c.a.n.client.naming - [shutdown,162] - com.alibaba.nacos.client.naming.beat.BeatReactor do shutdown begin
16:36:20.918 [SpringApplicationShutdownHook] INFO  c.a.n.client.naming - [shutdown,164] - com.alibaba.nacos.client.naming.beat.BeatReactor do shutdown stop
16:36:20.918 [SpringApplicationShutdownHook] INFO  c.a.n.c.i.CredentialWatcher - [stop,105] - [null] CredentialWatcher is stopped
16:36:20.918 [SpringApplicationShutdownHook] INFO  c.a.n.c.i.CredentialService - [free,99] - [null] CredentialService is freed
16:36:20.918 [SpringApplicationShutdownHook] INFO  c.a.n.client.naming - [shutdown,523] - com.alibaba.nacos.client.naming.remote.http.NamingHttpClientProxy do shutdown stop
16:36:20.918 [SpringApplicationShutdownHook] INFO  c.a.n.c.r.client - [shutdown,461] - Shutdown rpc client ,set status to shutdown
16:36:20.918 [SpringApplicationShutdownHook] INFO  c.a.n.c.r.client - [shutdown,463] - Shutdown  client event executor java.util.concurrent.ScheduledThreadPoolExecutor@276df727[Running, pool size = 2, active threads = 2, queued tasks = 0, completed tasks = 0]
16:36:20.918 [SpringApplicationShutdownHook] INFO  c.a.n.c.r.client - [shutdown,465] - Close current connection 1632879174599_127.0.0.1_65271
16:36:20.919 [nacos-grpc-client-executor-5097] INFO  c.a.n.c.r.c.g.GrpcClient - [printIfInfoEnabled,60] - [1632879174599_127.0.0.1_65271]Ignore complete event,isRunning:false,isAbandon=false
16:36:20.921 [SpringApplicationShutdownHook] INFO  c.a.n.c.r.c.g.GrpcClient - [shutdown,83] - Shutdown grpc executor java.util.concurrent.ThreadPoolExecutor@5b37e23f[Running, pool size = 5, active threads = 0, queued tasks = 0, completed tasks = 5098]
16:36:20.921 [SpringApplicationShutdownHook] INFO  c.a.n.client.naming - [shutdown,251] - Shutdown grpc redo service executor java.util.concurrent.ScheduledThreadPoolExecutor@582246a3[Running, pool size = 1, active threads = 0, queued tasks = 1, completed tasks = 8454]
16:36:20.921 [SpringApplicationShutdownHook] INFO  c.a.n.client.naming - [shutdown,182] - com.alibaba.nacos.client.naming.remote.NamingClientProxyDelegate do shutdown stop
16:45:32.677 [background-preinit] INFO  o.h.v.i.util.Version - [<clinit>,21] - HV000001: Hibernate Validator 6.2.0.Final
16:45:33.205 [main] INFO  c.a.n.c.c.i.LocalConfigInfoProcessor - [<clinit>,67] - LOCAL_SNAPSHOT_PATH:C:\Users\80952\nacos\config
16:45:33.207 [main] INFO  c.a.n.c.r.client - [lambda$createClient$0,77] - [RpcClientFactory] create a new rpc client of b9394dec-e94c-4e52-90ac-704fa5aa39a3_config-0
16:45:33.232 [main] INFO  o.r.Reflections - [scan,232] - Reflections took 14 ms to scan 1 urls, producing 3 keys and 6 values 
16:45:33.247 [main] INFO  o.r.Reflections - [scan,232] - Reflections took 7 ms to scan 1 urls, producing 4 keys and 9 values 
16:45:33.255 [main] INFO  o.r.Reflections - [scan,232] - Reflections took 5 ms to scan 1 urls, producing 3 keys and 10 values 
16:45:33.263 [main] INFO  o.r.Reflections - [scan,232] - Reflections took 6 ms to scan 1 urls, producing 1 keys and 5 values 
16:45:33.270 [main] INFO  o.r.Reflections - [scan,232] - Reflections took 6 ms to scan 1 urls, producing 1 keys and 7 values 
16:45:33.278 [main] INFO  o.r.Reflections - [scan,232] - Reflections took 6 ms to scan 1 urls, producing 2 keys and 8 values 
16:45:33.281 [main] INFO  c.a.n.c.r.client - [printIfInfoEnabled,60] - [b9394dec-e94c-4e52-90ac-704fa5aa39a3_config-0]RpcClient init label, labels={module=config, Vipserver-Tag=null, source=sdk, Amory-Tag=null, Location-Tag=null, taskId=0, AppName=unknown}
16:45:33.281 [main] INFO  c.a.n.c.r.client - [printIfInfoEnabled,60] - [b9394dec-e94c-4e52-90ac-704fa5aa39a3_config-0]Register server push request handler:com.alibaba.nacos.client.config.impl.ClientWorker$ConfigRpcTransportClient$$Lambda$451/0x000000080040cc40
16:45:33.281 [main] INFO  c.a.n.c.r.client - [printIfInfoEnabled,60] - [b9394dec-e94c-4e52-90ac-704fa5aa39a3_config-0]Register server push request handler:com.alibaba.nacos.client.config.impl.ClientWorker$ConfigRpcTransportClient$$Lambda$452/0x000000080040c040
16:45:33.282 [main] INFO  c.a.n.c.r.client - [printIfInfoEnabled,60] - [b9394dec-e94c-4e52-90ac-704fa5aa39a3_config-0]Registry connection listener to current client:com.alibaba.nacos.client.config.impl.ClientWorker$ConfigRpcTransportClient$1
16:45:33.282 [main] INFO  c.a.n.c.r.client - [printIfInfoEnabled,60] - [b9394dec-e94c-4e52-90ac-704fa5aa39a3_config-0]RpcClient init, ServerListFactory =com.alibaba.nacos.client.config.impl.ClientWorker$ConfigRpcTransportClient$2
16:45:33.288 [main] INFO  c.a.n.c.r.client - [printIfInfoEnabled,60] - [b9394dec-e94c-4e52-90ac-704fa5aa39a3_config-0] Try to connect to server on start up, server: {serverIp='127.0.0.1', server main port=8848}
16:45:34.394 [main] INFO  c.a.n.c.r.client - [printIfInfoEnabled,60] - [b9394dec-e94c-4e52-90ac-704fa5aa39a3_config-0] Success to connect to server [127.0.0.1:8848] on start up,connectionId=1632905134240_127.0.0.1_54938
16:45:34.394 [com.alibaba.nacos.client.remote.worker] INFO  c.a.n.c.r.client - [printIfInfoEnabled,60] - [b9394dec-e94c-4e52-90ac-704fa5aa39a3_config-0]Notify connected event to listeners.
16:45:34.395 [main] INFO  c.a.n.c.r.client - [printIfInfoEnabled,60] - [b9394dec-e94c-4e52-90ac-704fa5aa39a3_config-0]Register server push request handler:com.alibaba.nacos.common.remote.client.RpcClient$ConnectResetRequestHandler
16:45:34.395 [com.alibaba.nacos.client.remote.worker] INFO  c.a.n.c.c.i.ClientWorker - [onConnected,681] - [b9394dec-e94c-4e52-90ac-704fa5aa39a3_config-0] Connected,notify listen context...
16:45:34.395 [main] INFO  c.a.n.c.r.client - [printIfInfoEnabled,60] - [b9394dec-e94c-4e52-90ac-704fa5aa39a3_config-0]Register server push request handler:com.alibaba.nacos.common.remote.client.RpcClient$4
16:45:34.420 [main] INFO  c.a.n.c.c.i.Limiter - [<clinit>,56] - limitTime:5.0
16:45:34.430 [main] INFO  c.a.n.c.c.u.JvmUtil - [<clinit>,53] - isMultiInstance:false
16:45:34.448 [main] INFO  c.r.a.RuoYiAuthApplication - [logStartupProfileInfo,663] - The following profiles are active: dev
16:45:35.477 [main] INFO  o.a.c.h.Http11NioProtocol - [log,173] - Initializing ProtocolHandler ["http-nio-9200"]
16:45:35.478 [main] INFO  o.a.c.c.StandardService - [log,173] - Starting service [Tomcat]
16:45:35.478 [main] INFO  o.a.c.c.StandardEngine - [log,173] - Starting Servlet engine: [Apache Tomcat/9.0.52]
16:45:35.607 [main] INFO  o.a.c.c.C.[.[.[/] - [log,173] - Initializing Spring embedded WebApplicationContext
16:45:36.183 [main] INFO  c.a.c.s.SentinelWebAutoConfiguration - [addInterceptors,80] - [Sentinel Starter] register SentinelWebInterceptor with urlPatterns: [/**].
16:45:36.562 [main] INFO  c.a.n.client.naming - [initNamespaceForNaming,63] - initializer namespace from System Property : null
16:45:36.562 [main] INFO  c.a.n.client.naming - [call,69] - initializer namespace from System Environment :null
16:45:36.562 [main] INFO  c.a.n.client.naming - [call,79] - initializer namespace from System Property :null
16:45:36.571 [main] INFO  c.a.n.c.r.client - [lambda$createClient$0,77] - [RpcClientFactory] create a new rpc client of e87dcf0c-1f97-42d9-99e5-40de99ca24f7
16:45:36.572 [main] INFO  c.a.n.c.r.client - [printIfInfoEnabled,60] - [e87dcf0c-1f97-42d9-99e5-40de99ca24f7]RpcClient init label, labels={module=naming, source=sdk}
16:45:36.572 [main] INFO  c.a.n.c.r.client - [printIfInfoEnabled,60] - [e87dcf0c-1f97-42d9-99e5-40de99ca24f7]RpcClient init, ServerListFactory =com.alibaba.nacos.client.naming.core.ServerListManager
16:45:36.573 [main] INFO  c.a.n.c.r.client - [printIfInfoEnabled,60] - [e87dcf0c-1f97-42d9-99e5-40de99ca24f7]Registry connection listener to current client:com.alibaba.nacos.client.naming.remote.gprc.redo.NamingGrpcRedoService
16:45:36.573 [main] INFO  c.a.n.c.r.client - [printIfInfoEnabled,60] - [e87dcf0c-1f97-42d9-99e5-40de99ca24f7]Register server push request handler:com.alibaba.nacos.client.naming.remote.gprc.NamingPushRequestHandler
16:45:36.573 [main] INFO  c.a.n.c.r.client - [printIfInfoEnabled,60] - [e87dcf0c-1f97-42d9-99e5-40de99ca24f7] Try to connect to server on start up, server: {serverIp='127.0.0.1', server main port=8848}
16:45:36.695 [main] INFO  c.a.n.c.r.client - [printIfInfoEnabled,60] - [e87dcf0c-1f97-42d9-99e5-40de99ca24f7] Success to connect to server [127.0.0.1:8848] on start up,connectionId=1632905136578_127.0.0.1_61369
16:45:36.695 [main] INFO  c.a.n.c.r.client - [printIfInfoEnabled,60] - [e87dcf0c-1f97-42d9-99e5-40de99ca24f7]Register server push request handler:com.alibaba.nacos.common.remote.client.RpcClient$ConnectResetRequestHandler
16:45:36.695 [com.alibaba.nacos.client.remote.worker] INFO  c.a.n.c.r.client - [printIfInfoEnabled,60] - [e87dcf0c-1f97-42d9-99e5-40de99ca24f7]Notify connected event to listeners.
16:45:36.695 [main] INFO  c.a.n.c.r.client - [printIfInfoEnabled,60] - [e87dcf0c-1f97-42d9-99e5-40de99ca24f7]Register server push request handler:com.alibaba.nacos.common.remote.client.RpcClient$4
16:45:36.695 [com.alibaba.nacos.client.remote.worker] INFO  c.a.n.client.naming - [onConnected,76] - Grpc connection connect
16:45:37.303 [main] INFO  c.a.n.client.naming - [isChangedServiceInfo,181] - init new ips(0) service: DEFAULT_GROUP@@ruoyi-auth@@DEFAULT -> []
16:45:37.308 [main] INFO  c.a.n.client.naming - [processServiceInfo,166] - current ips:(0) service: DEFAULT_GROUP@@ruoyi-auth@@DEFAULT -> []
16:45:37.312 [main] INFO  o.a.c.h.Http11NioProtocol - [log,173] - Starting ProtocolHandler ["http-nio-9200"]
16:45:37.323 [main] INFO  c.a.n.client.naming - [registerService,112] - [REGISTER-SERVICE] public registering service ruoyi-auth with instance Instance{instanceId='null', ip='192.168.0.110', port=9200, weight=1.0, healthy=true, enabled=true, ephemeral=true, clusterName='DEFAULT', serviceName='null', metadata={preserved.register.source=SPRING_CLOUD}}
16:45:37.329 [main] INFO  c.a.c.n.r.NacosServiceRegistry - [register,75] - nacos registry, DEFAULT_GROUP ruoyi-auth 192.168.0.110:9200 register finished
16:45:37.631 [main] INFO  c.r.a.RuoYiAuthApplication - [logStarted,61] - Started RuoYiAuthApplication in 5.564 seconds (JVM running for 6.58)
16:45:37.636 [main] INFO  c.a.n.c.c.i.ClientWorker - [addCacheDataIfAbsent,384] - [config_rpc_client] [subscribe] ruoyi-auth.yml+DEFAULT_GROUP
16:45:37.637 [main] INFO  c.a.n.c.c.i.CacheData - [addListener,173] - [config_rpc_client] [add-listener] ok, tenant=, dataId=ruoyi-auth.yml, group=DEFAULT_GROUP, cnt=1
16:45:37.638 [main] INFO  c.a.n.c.c.i.ClientWorker - [addCacheDataIfAbsent,384] - [config_rpc_client] [subscribe] ruoyi-auth-dev.yml+DEFAULT_GROUP
16:45:37.638 [main] INFO  c.a.n.c.c.i.CacheData - [addListener,173] - [config_rpc_client] [add-listener] ok, tenant=, dataId=ruoyi-auth-dev.yml, group=DEFAULT_GROUP, cnt=1
16:45:37.639 [main] INFO  c.a.n.c.c.i.ClientWorker - [addCacheDataIfAbsent,384] - [config_rpc_client] [subscribe] ruoyi-auth+DEFAULT_GROUP
16:45:37.639 [main] INFO  c.a.n.c.c.i.CacheData - [addListener,173] - [config_rpc_client] [add-listener] ok, tenant=, dataId=ruoyi-auth, group=DEFAULT_GROUP, cnt=1
16:45:37.700 [RMI TCP Connection(1)-192.168.0.110] INFO  o.a.c.c.C.[.[.[/] - [log,173] - Initializing Spring DispatcherServlet 'dispatcherServlet'
16:45:37.819 [nacos-grpc-client-executor-6] INFO  c.a.n.c.r.client - [printIfInfoEnabled,60] - [e87dcf0c-1f97-42d9-99e5-40de99ca24f7]receive server push request,request=NotifySubscriberRequest,requestId=85
16:45:37.820 [nacos-grpc-client-executor-6] INFO  c.a.n.client.naming - [isChangedServiceInfo,181] - init new ips(1) service: DEFAULT_GROUP@@ruoyi-auth -> [{"ip":"192.168.0.110","port":9200,"weight":1.0,"healthy":true,"enabled":true,"ephemeral":true,"clusterName":"DEFAULT","serviceName":"DEFAULT_GROUP@@ruoyi-auth","metadata":{"preserved.register.source":"SPRING_CLOUD"},"ipDeleteTimeout":30000,"instanceHeartBeatTimeOut":15000,"instanceHeartBeatInterval":5000}]
16:45:37.821 [nacos-grpc-client-executor-6] INFO  c.a.n.client.naming - [processServiceInfo,166] - current ips:(1) service: DEFAULT_GROUP@@ruoyi-auth -> [{"ip":"192.168.0.110","port":9200,"weight":1.0,"healthy":true,"enabled":true,"ephemeral":true,"clusterName":"DEFAULT","serviceName":"DEFAULT_GROUP@@ruoyi-auth","metadata":{"preserved.register.source":"SPRING_CLOUD"},"ipDeleteTimeout":30000,"instanceHeartBeatTimeOut":15000,"instanceHeartBeatInterval":5000}]
16:45:37.822 [nacos-grpc-client-executor-6] INFO  c.a.n.c.r.client - [printIfInfoEnabled,60] - [e87dcf0c-1f97-42d9-99e5-40de99ca24f7]ack server push request,request=NotifySubscriberRequest,requestId=85
16:45:38.312 [com.alibaba.nacos.client.naming.updater.0] INFO  c.a.n.client.naming - [isChangedServiceInfo,235] - new ips(1) service: DEFAULT_GROUP@@ruoyi-auth@@DEFAULT -> [{"ip":"192.168.0.110","port":9200,"weight":1.0,"healthy":true,"enabled":true,"ephemeral":true,"clusterName":"DEFAULT","serviceName":"DEFAULT_GROUP@@ruoyi-auth","metadata":{"preserved.register.source":"SPRING_CLOUD"},"ipDeleteTimeout":30000,"instanceHeartBeatTimeOut":15000,"instanceHeartBeatInterval":5000}]
16:45:38.312 [com.alibaba.nacos.client.naming.updater.0] INFO  c.a.n.client.naming - [processServiceInfo,166] - current ips:(1) service: DEFAULT_GROUP@@ruoyi-auth@@DEFAULT -> [{"ip":"192.168.0.110","port":9200,"weight":1.0,"healthy":true,"enabled":true,"ephemeral":true,"clusterName":"DEFAULT","serviceName":"DEFAULT_GROUP@@ruoyi-auth","metadata":{"preserved.register.source":"SPRING_CLOUD"},"ipDeleteTimeout":30000,"instanceHeartBeatTimeOut":15000,"instanceHeartBeatInterval":5000}]
18:53:41.828 [http-nio-9200-exec-1] INFO  c.a.n.client.naming - [isChangedServiceInfo,181] - init new ips(1) service: DEFAULT_GROUP@@ruoyi-system -> [{"ip":"192.168.0.110","port":9201,"weight":1.0,"healthy":true,"enabled":true,"ephemeral":true,"clusterName":"DEFAULT","serviceName":"DEFAULT_GROUP@@ruoyi-system","metadata":{"preserved.register.source":"SPRING_CLOUD"},"ipDeleteTimeout":30000,"instanceHeartBeatTimeOut":15000,"instanceHeartBeatInterval":5000}]
18:53:41.829 [http-nio-9200-exec-1] INFO  c.a.n.client.naming - [processServiceInfo,166] - current ips:(1) service: DEFAULT_GROUP@@ruoyi-system -> [{"ip":"192.168.0.110","port":9201,"weight":1.0,"healthy":true,"enabled":true,"ephemeral":true,"clusterName":"DEFAULT","serviceName":"DEFAULT_GROUP@@ruoyi-system","metadata":{"preserved.register.source":"SPRING_CLOUD"},"ipDeleteTimeout":30000,"instanceHeartBeatTimeOut":15000,"instanceHeartBeatInterval":5000}]
18:53:42.389 [nacos-grpc-client-executor-1548] INFO  c.a.n.c.r.client - [printIfInfoEnabled,60] - [e87dcf0c-1f97-42d9-99e5-40de99ca24f7]receive server push request,request=NotifySubscriberRequest,requestId=94
18:53:42.389 [nacos-grpc-client-executor-1548] INFO  c.a.n.c.r.client - [printIfInfoEnabled,60] - [e87dcf0c-1f97-42d9-99e5-40de99ca24f7]ack server push request,request=NotifySubscriberRequest,requestId=94
21:35:12.334 [SpringApplicationShutdownHook] INFO  c.a.c.n.r.NacosServiceRegistry - [deregister,90] - De-registering from Nacos Server now...
21:35:12.335 [SpringApplicationShutdownHook] INFO  c.a.n.client.naming - [deregisterService,136] - [DEREGISTER-SERVICE] public deregistering service ruoyi-auth with instance: Instance{instanceId='null', ip='192.168.0.110', port=9200, weight=1.0, healthy=true, enabled=true, ephemeral=true, clusterName='DEFAULT', serviceName='null', metadata={}}
21:35:12.336 [SpringApplicationShutdownHook] INFO  c.a.c.n.r.NacosServiceRegistry - [deregister,110] - De-registration finished.
21:35:12.337 [SpringApplicationShutdownHook] INFO  c.a.n.client.naming - [shutdown,256] - com.alibaba.nacos.client.naming.cache.ServiceInfoHolder do shutdown begin
21:35:12.337 [SpringApplicationShutdownHook] INFO  c.a.n.client.naming - [shutdown,140] - com.alibaba.nacos.client.naming.backups.FailoverReactor do shutdown begin
21:35:12.338 [SpringApplicationShutdownHook] INFO  c.a.n.client.naming - [shutdown,142] - com.alibaba.nacos.client.naming.backups.FailoverReactor do shutdown stop
21:35:12.338 [SpringApplicationShutdownHook] INFO  c.a.n.client.naming - [shutdown,258] - com.alibaba.nacos.client.naming.cache.ServiceInfoHolder do shutdown stop
21:35:12.338 [SpringApplicationShutdownHook] INFO  c.a.n.client.naming - [shutdown,176] - com.alibaba.nacos.client.naming.remote.NamingClientProxyDelegate do shutdown begin
21:35:12.338 [SpringApplicationShutdownHook] INFO  c.a.n.client.naming - [shutdown,130] - com.alibaba.nacos.client.naming.core.ServiceInfoUpdateService do shutdown begin
21:35:12.647 [SpringApplicationShutdownHook] INFO  c.a.n.client.naming - [shutdown,132] - com.alibaba.nacos.client.naming.core.ServiceInfoUpdateService do shutdown stop
21:35:12.649 [SpringApplicationShutdownHook] INFO  c.a.n.client.naming - [shutdown,188] - com.alibaba.nacos.client.naming.core.ServerListManager do shutdown begin
21:35:12.650 [SpringApplicationShutdownHook] INFO  c.a.n.client.naming - [shutdown,193] - com.alibaba.nacos.client.naming.core.ServerListManager do shutdown stop
21:35:12.651 [SpringApplicationShutdownHook] INFO  c.a.n.client.naming - [shutdown,519] - com.alibaba.nacos.client.naming.remote.http.NamingHttpClientProxy do shutdown begin
21:35:12.651 [SpringApplicationShutdownHook] INFO  c.a.n.client.naming - [shutdown,162] - com.alibaba.nacos.client.naming.beat.BeatReactor do shutdown begin
21:35:12.651 [SpringApplicationShutdownHook] INFO  c.a.n.client.naming - [shutdown,164] - com.alibaba.nacos.client.naming.beat.BeatReactor do shutdown stop
21:35:12.652 [SpringApplicationShutdownHook] INFO  c.a.n.c.i.CredentialWatcher - [stop,105] - [null] CredentialWatcher is stopped
21:35:12.652 [SpringApplicationShutdownHook] INFO  c.a.n.c.i.CredentialService - [free,99] - [null] CredentialService is freed
21:35:12.652 [SpringApplicationShutdownHook] INFO  c.a.n.client.naming - [shutdown,523] - com.alibaba.nacos.client.naming.remote.http.NamingHttpClientProxy do shutdown stop
21:35:12.652 [SpringApplicationShutdownHook] INFO  c.a.n.c.r.client - [shutdown,461] - Shutdown rpc client ,set status to shutdown
21:35:12.652 [SpringApplicationShutdownHook] INFO  c.a.n.c.r.client - [shutdown,463] - Shutdown  client event executor java.util.concurrent.ScheduledThreadPoolExecutor@7d4d9bfb[Running, pool size = 2, active threads = 2, queued tasks = 0, completed tasks = 0]
21:35:12.652 [SpringApplicationShutdownHook] INFO  c.a.n.c.r.client - [shutdown,465] - Close current connection 1632905136578_127.0.0.1_61369
21:35:12.653 [nacos-grpc-client-executor-3560] INFO  c.a.n.c.r.c.g.GrpcClient - [printIfInfoEnabled,60] - [1632905136578_127.0.0.1_61369]Ignore complete event,isRunning:false,isAbandon=false
21:35:12.656 [SpringApplicationShutdownHook] INFO  c.a.n.c.r.c.g.GrpcClient - [shutdown,83] - Shutdown grpc executor java.util.concurrent.ThreadPoolExecutor@60f69fe6[Running, pool size = 5, active threads = 0, queued tasks = 0, completed tasks = 3561]
21:35:12.657 [SpringApplicationShutdownHook] INFO  c.a.n.client.naming - [shutdown,251] - Shutdown grpc redo service executor java.util.concurrent.ScheduledThreadPoolExecutor@7f5567e5[Running, pool size = 1, active threads = 0, queued tasks = 1, completed tasks = 5781]
21:35:12.657 [SpringApplicationShutdownHook] INFO  c.a.n.client.naming - [shutdown,182] - com.alibaba.nacos.client.naming.remote.NamingClientProxyDelegate do shutdown stop
