15:03:47.343 [background-preinit] INFO  o.h.v.i.util.Version - [<clinit>,21] - HV000001: Hibernate Validator 6.2.0.Final
15:03:47.972 [main] INFO  c.a.n.c.c.i.LocalConfigInfoProcessor - [<clinit>,67] - LOCAL_SNAPSHOT_PATH:C:\Users\80952\nacos\config
15:03:47.973 [main] INFO  c.a.n.c.r.client - [lambda$createClient$0,77] - [RpcClientFactory] create a new rpc client of b692e3ae-6fdb-468e-9497-99e3d5cfb5f8_config-0
15:03:48.001 [main] INFO  o.r.Reflections - [scan,232] - Reflections took 17 ms to scan 1 urls, producing 3 keys and 6 values 
15:03:48.019 [main] INFO  o.r.Reflections - [scan,232] - Reflections took 9 ms to scan 1 urls, producing 4 keys and 9 values 
15:03:48.031 [main] INFO  o.r.Reflections - [scan,232] - Reflections took 10 ms to scan 1 urls, producing 3 keys and 10 values 
15:03:48.051 [main] INFO  o.r.Reflections - [scan,232] - Reflections took 6 ms to scan 1 urls, producing 1 keys and 5 values 
15:03:48.058 [main] INFO  o.r.Reflections - [scan,232] - Reflections took 6 ms to scan 1 urls, producing 1 keys and 7 values 
15:03:48.065 [main] INFO  o.r.Reflections - [scan,232] - Reflections took 5 ms to scan 1 urls, producing 2 keys and 8 values 
15:03:48.067 [main] INFO  c.a.n.c.r.client - [printIfInfoEnabled,60] - [b692e3ae-6fdb-468e-9497-99e3d5cfb5f8_config-0]RpcClient init label, labels={module=config, Vipserver-Tag=null, source=sdk, Amory-Tag=null, Location-Tag=null, taskId=0, AppName=unknown}
15:03:48.068 [main] INFO  c.a.n.c.r.client - [printIfInfoEnabled,60] - [b692e3ae-6fdb-468e-9497-99e3d5cfb5f8_config-0]Register server push request handler:com.alibaba.nacos.client.config.impl.ClientWorker$ConfigRpcTransportClient$$Lambda$451/0x000000080040cc40
15:03:48.068 [main] INFO  c.a.n.c.r.client - [printIfInfoEnabled,60] - [b692e3ae-6fdb-468e-9497-99e3d5cfb5f8_config-0]Register server push request handler:com.alibaba.nacos.client.config.impl.ClientWorker$ConfigRpcTransportClient$$Lambda$452/0x000000080040c040
15:03:48.068 [main] INFO  c.a.n.c.r.client - [printIfInfoEnabled,60] - [b692e3ae-6fdb-468e-9497-99e3d5cfb5f8_config-0]Registry connection listener to current client:com.alibaba.nacos.client.config.impl.ClientWorker$ConfigRpcTransportClient$1
15:03:48.069 [main] INFO  c.a.n.c.r.client - [printIfInfoEnabled,60] - [b692e3ae-6fdb-468e-9497-99e3d5cfb5f8_config-0]RpcClient init, ServerListFactory =com.alibaba.nacos.client.config.impl.ClientWorker$ConfigRpcTransportClient$2
15:03:48.074 [main] INFO  c.a.n.c.r.client - [printIfInfoEnabled,60] - [b692e3ae-6fdb-468e-9497-99e3d5cfb5f8_config-0] Try to connect to server on start up, server: {serverIp='127.0.0.1', server main port=8848}
15:03:49.273 [main] INFO  c.a.n.c.r.client - [printIfInfoEnabled,60] - [b692e3ae-6fdb-468e-9497-99e3d5cfb5f8_config-0] Success to connect to server [127.0.0.1:8848] on start up,connectionId=1632812629114_127.0.0.1_58207
15:03:49.273 [com.alibaba.nacos.client.remote.worker] INFO  c.a.n.c.r.client - [printIfInfoEnabled,60] - [b692e3ae-6fdb-468e-9497-99e3d5cfb5f8_config-0]Notify connected event to listeners.
15:03:49.274 [com.alibaba.nacos.client.remote.worker] INFO  c.a.n.c.c.i.ClientWorker - [onConnected,681] - [b692e3ae-6fdb-468e-9497-99e3d5cfb5f8_config-0] Connected,notify listen context...
15:03:49.274 [main] INFO  c.a.n.c.r.client - [printIfInfoEnabled,60] - [b692e3ae-6fdb-468e-9497-99e3d5cfb5f8_config-0]Register server push request handler:com.alibaba.nacos.common.remote.client.RpcClient$ConnectResetRequestHandler
15:03:49.274 [main] INFO  c.a.n.c.r.client - [printIfInfoEnabled,60] - [b692e3ae-6fdb-468e-9497-99e3d5cfb5f8_config-0]Register server push request handler:com.alibaba.nacos.common.remote.client.RpcClient$4
15:03:49.298 [main] INFO  c.a.n.c.c.i.Limiter - [<clinit>,56] - limitTime:5.0
15:03:49.308 [main] INFO  c.a.n.c.c.u.JvmUtil - [<clinit>,53] - isMultiInstance:false
15:03:49.327 [main] INFO  c.r.a.RuoYiAuthApplication - [logStartupProfileInfo,663] - The following profiles are active: dev
15:03:50.381 [main] INFO  o.a.c.h.Http11NioProtocol - [log,173] - Initializing ProtocolHandler ["http-nio-9200"]
15:03:50.381 [main] INFO  o.a.c.c.StandardService - [log,173] - Starting service [Tomcat]
15:03:50.381 [main] INFO  o.a.c.c.StandardEngine - [log,173] - Starting Servlet engine: [Apache Tomcat/9.0.52]
15:03:50.508 [main] INFO  o.a.c.c.C.[.[.[/] - [log,173] - Initializing Spring embedded WebApplicationContext
15:03:51.212 [main] INFO  c.a.c.s.SentinelWebAutoConfiguration - [addInterceptors,80] - [Sentinel Starter] register SentinelWebInterceptor with urlPatterns: [/**].
15:03:51.665 [main] INFO  c.a.n.client.naming - [initNamespaceForNaming,63] - initializer namespace from System Property : null
15:03:51.666 [main] INFO  c.a.n.client.naming - [call,69] - initializer namespace from System Environment :null
15:03:51.666 [main] INFO  c.a.n.client.naming - [call,79] - initializer namespace from System Property :null
15:03:51.676 [main] INFO  c.a.n.c.r.client - [lambda$createClient$0,77] - [RpcClientFactory] create a new rpc client of 0951cbbc-886f-40b3-892b-bf5aac1230ea
15:03:51.676 [main] INFO  c.a.n.c.r.client - [printIfInfoEnabled,60] - [0951cbbc-886f-40b3-892b-bf5aac1230ea]RpcClient init label, labels={module=naming, source=sdk}
15:03:51.677 [main] INFO  c.a.n.c.r.client - [printIfInfoEnabled,60] - [0951cbbc-886f-40b3-892b-bf5aac1230ea]RpcClient init, ServerListFactory =com.alibaba.nacos.client.naming.core.ServerListManager
15:03:51.677 [main] INFO  c.a.n.c.r.client - [printIfInfoEnabled,60] - [0951cbbc-886f-40b3-892b-bf5aac1230ea]Registry connection listener to current client:com.alibaba.nacos.client.naming.remote.gprc.redo.NamingGrpcRedoService
15:03:51.677 [main] INFO  c.a.n.c.r.client - [printIfInfoEnabled,60] - [0951cbbc-886f-40b3-892b-bf5aac1230ea]Register server push request handler:com.alibaba.nacos.client.naming.remote.gprc.NamingPushRequestHandler
15:03:51.677 [main] INFO  c.a.n.c.r.client - [printIfInfoEnabled,60] - [0951cbbc-886f-40b3-892b-bf5aac1230ea] Try to connect to server on start up, server: {serverIp='127.0.0.1', server main port=8848}
15:03:51.797 [main] INFO  c.a.n.c.r.client - [printIfInfoEnabled,60] - [0951cbbc-886f-40b3-892b-bf5aac1230ea] Success to connect to server [127.0.0.1:8848] on start up,connectionId=1632812631684_127.0.0.1_58245
15:03:51.797 [main] INFO  c.a.n.c.r.client - [printIfInfoEnabled,60] - [0951cbbc-886f-40b3-892b-bf5aac1230ea]Register server push request handler:com.alibaba.nacos.common.remote.client.RpcClient$ConnectResetRequestHandler
15:03:51.797 [com.alibaba.nacos.client.remote.worker] INFO  c.a.n.c.r.client - [printIfInfoEnabled,60] - [0951cbbc-886f-40b3-892b-bf5aac1230ea]Notify connected event to listeners.
15:03:51.797 [main] INFO  c.a.n.c.r.client - [printIfInfoEnabled,60] - [0951cbbc-886f-40b3-892b-bf5aac1230ea]Register server push request handler:com.alibaba.nacos.common.remote.client.RpcClient$4
15:03:51.797 [com.alibaba.nacos.client.remote.worker] INFO  c.a.n.client.naming - [onConnected,76] - Grpc connection connect
15:03:52.509 [main] INFO  c.a.n.client.naming - [isChangedServiceInfo,181] - init new ips(0) service: DEFAULT_GROUP@@ruoyi-auth@@DEFAULT -> []
15:03:52.516 [main] INFO  c.a.n.client.naming - [processServiceInfo,166] - current ips:(0) service: DEFAULT_GROUP@@ruoyi-auth@@DEFAULT -> []
15:03:52.520 [main] INFO  o.a.c.h.Http11NioProtocol - [log,173] - Starting ProtocolHandler ["http-nio-9200"]
15:03:52.533 [main] INFO  c.a.n.client.naming - [registerService,112] - [REGISTER-SERVICE] public registering service ruoyi-auth with instance Instance{instanceId='null', ip='192.168.0.110', port=9200, weight=1.0, healthy=true, enabled=true, ephemeral=true, clusterName='DEFAULT', serviceName='null', metadata={preserved.register.source=SPRING_CLOUD}}
15:03:52.538 [main] INFO  c.a.c.n.r.NacosServiceRegistry - [register,75] - nacos registry, DEFAULT_GROUP ruoyi-auth 192.168.0.110:9200 register finished
15:03:52.904 [main] INFO  c.r.a.RuoYiAuthApplication - [logStarted,61] - Started RuoYiAuthApplication in 6.161 seconds (JVM running for 7.113)
15:03:52.910 [main] INFO  c.a.n.c.c.i.ClientWorker - [addCacheDataIfAbsent,384] - [config_rpc_client] [subscribe] ruoyi-auth.yml+DEFAULT_GROUP
15:03:52.911 [main] INFO  c.a.n.c.c.i.CacheData - [addListener,173] - [config_rpc_client] [add-listener] ok, tenant=, dataId=ruoyi-auth.yml, group=DEFAULT_GROUP, cnt=1
15:03:52.911 [main] INFO  c.a.n.c.c.i.ClientWorker - [addCacheDataIfAbsent,384] - [config_rpc_client] [subscribe] ruoyi-auth-dev.yml+DEFAULT_GROUP
15:03:52.912 [main] INFO  c.a.n.c.c.i.CacheData - [addListener,173] - [config_rpc_client] [add-listener] ok, tenant=, dataId=ruoyi-auth-dev.yml, group=DEFAULT_GROUP, cnt=1
15:03:52.912 [main] INFO  c.a.n.c.c.i.ClientWorker - [addCacheDataIfAbsent,384] - [config_rpc_client] [subscribe] ruoyi-auth+DEFAULT_GROUP
15:03:52.912 [main] INFO  c.a.n.c.c.i.CacheData - [addListener,173] - [config_rpc_client] [add-listener] ok, tenant=, dataId=ruoyi-auth, group=DEFAULT_GROUP, cnt=1
15:03:53.089 [nacos-grpc-client-executor-7] INFO  c.a.n.c.r.client - [printIfInfoEnabled,60] - [0951cbbc-886f-40b3-892b-bf5aac1230ea]receive server push request,request=NotifySubscriberRequest,requestId=11
15:03:53.090 [nacos-grpc-client-executor-7] INFO  c.a.n.client.naming - [isChangedServiceInfo,181] - init new ips(1) service: DEFAULT_GROUP@@ruoyi-auth -> [{"ip":"192.168.0.110","port":9200,"weight":1.0,"healthy":true,"enabled":true,"ephemeral":true,"clusterName":"DEFAULT","serviceName":"DEFAULT_GROUP@@ruoyi-auth","metadata":{"preserved.register.source":"SPRING_CLOUD"},"ipDeleteTimeout":30000,"instanceHeartBeatInterval":5000,"instanceHeartBeatTimeOut":15000}]
15:03:53.091 [nacos-grpc-client-executor-7] INFO  c.a.n.client.naming - [processServiceInfo,166] - current ips:(1) service: DEFAULT_GROUP@@ruoyi-auth -> [{"ip":"192.168.0.110","port":9200,"weight":1.0,"healthy":true,"enabled":true,"ephemeral":true,"clusterName":"DEFAULT","serviceName":"DEFAULT_GROUP@@ruoyi-auth","metadata":{"preserved.register.source":"SPRING_CLOUD"},"ipDeleteTimeout":30000,"instanceHeartBeatInterval":5000,"instanceHeartBeatTimeOut":15000}]
15:03:53.092 [nacos-grpc-client-executor-7] INFO  c.a.n.c.r.client - [printIfInfoEnabled,60] - [0951cbbc-886f-40b3-892b-bf5aac1230ea]ack server push request,request=NotifySubscriberRequest,requestId=11
15:03:53.159 [RMI TCP Connection(3)-192.168.0.110] INFO  o.a.c.c.C.[.[.[/] - [log,173] - Initializing Spring DispatcherServlet 'dispatcherServlet'
15:03:53.517 [com.alibaba.nacos.client.naming.updater.0] INFO  c.a.n.client.naming - [isChangedServiceInfo,235] - new ips(1) service: DEFAULT_GROUP@@ruoyi-auth@@DEFAULT -> [{"ip":"192.168.0.110","port":9200,"weight":1.0,"healthy":true,"enabled":true,"ephemeral":true,"clusterName":"DEFAULT","serviceName":"DEFAULT_GROUP@@ruoyi-auth","metadata":{"preserved.register.source":"SPRING_CLOUD"},"ipDeleteTimeout":30000,"instanceHeartBeatInterval":5000,"instanceHeartBeatTimeOut":15000}]
15:03:53.517 [com.alibaba.nacos.client.naming.updater.0] INFO  c.a.n.client.naming - [processServiceInfo,166] - current ips:(1) service: DEFAULT_GROUP@@ruoyi-auth@@DEFAULT -> [{"ip":"192.168.0.110","port":9200,"weight":1.0,"healthy":true,"enabled":true,"ephemeral":true,"clusterName":"DEFAULT","serviceName":"DEFAULT_GROUP@@ruoyi-auth","metadata":{"preserved.register.source":"SPRING_CLOUD"},"ipDeleteTimeout":30000,"instanceHeartBeatInterval":5000,"instanceHeartBeatTimeOut":15000}]
15:16:10.790 [http-nio-9200-exec-1] INFO  c.a.n.client.naming - [isChangedServiceInfo,181] - init new ips(1) service: DEFAULT_GROUP@@ruoyi-system -> [{"ip":"192.168.0.110","port":9201,"weight":1.0,"healthy":true,"enabled":true,"ephemeral":true,"clusterName":"DEFAULT","serviceName":"DEFAULT_GROUP@@ruoyi-system","metadata":{"preserved.register.source":"SPRING_CLOUD"},"ipDeleteTimeout":30000,"instanceHeartBeatInterval":5000,"instanceHeartBeatTimeOut":15000}]
15:16:10.791 [http-nio-9200-exec-1] INFO  c.a.n.client.naming - [processServiceInfo,166] - current ips:(1) service: DEFAULT_GROUP@@ruoyi-system -> [{"ip":"192.168.0.110","port":9201,"weight":1.0,"healthy":true,"enabled":true,"ephemeral":true,"clusterName":"DEFAULT","serviceName":"DEFAULT_GROUP@@ruoyi-system","metadata":{"preserved.register.source":"SPRING_CLOUD"},"ipDeleteTimeout":30000,"instanceHeartBeatInterval":5000,"instanceHeartBeatTimeOut":15000}]
15:16:11.326 [nacos-grpc-client-executor-159] INFO  c.a.n.c.r.client - [printIfInfoEnabled,60] - [0951cbbc-886f-40b3-892b-bf5aac1230ea]receive server push request,request=NotifySubscriberRequest,requestId=17
15:16:11.326 [nacos-grpc-client-executor-159] INFO  c.a.n.c.r.client - [printIfInfoEnabled,60] - [0951cbbc-886f-40b3-892b-bf5aac1230ea]ack server push request,request=NotifySubscriberRequest,requestId=17
17:43:38.592 [SpringApplicationShutdownHook] INFO  c.a.c.n.r.NacosServiceRegistry - [deregister,90] - De-registering from Nacos Server now...
17:43:38.592 [SpringApplicationShutdownHook] INFO  c.a.n.client.naming - [deregisterService,136] - [DEREGISTER-SERVICE] public deregistering service ruoyi-auth with instance: Instance{instanceId='null', ip='192.168.0.110', port=9200, weight=1.0, healthy=true, enabled=true, ephemeral=true, clusterName='DEFAULT', serviceName='null', metadata={}}
17:43:38.594 [SpringApplicationShutdownHook] INFO  c.a.c.n.r.NacosServiceRegistry - [deregister,110] - De-registration finished.
17:43:38.595 [SpringApplicationShutdownHook] INFO  c.a.n.client.naming - [shutdown,256] - com.alibaba.nacos.client.naming.cache.ServiceInfoHolder do shutdown begin
17:43:38.595 [SpringApplicationShutdownHook] INFO  c.a.n.client.naming - [shutdown,140] - com.alibaba.nacos.client.naming.backups.FailoverReactor do shutdown begin
17:43:38.596 [SpringApplicationShutdownHook] INFO  c.a.n.client.naming - [shutdown,142] - com.alibaba.nacos.client.naming.backups.FailoverReactor do shutdown stop
17:43:38.596 [SpringApplicationShutdownHook] INFO  c.a.n.client.naming - [shutdown,258] - com.alibaba.nacos.client.naming.cache.ServiceInfoHolder do shutdown stop
17:43:38.596 [SpringApplicationShutdownHook] INFO  c.a.n.client.naming - [shutdown,176] - com.alibaba.nacos.client.naming.remote.NamingClientProxyDelegate do shutdown begin
17:43:38.596 [SpringApplicationShutdownHook] INFO  c.a.n.client.naming - [shutdown,130] - com.alibaba.nacos.client.naming.core.ServiceInfoUpdateService do shutdown begin
17:43:38.914 [SpringApplicationShutdownHook] INFO  c.a.n.client.naming - [shutdown,132] - com.alibaba.nacos.client.naming.core.ServiceInfoUpdateService do shutdown stop
17:43:38.914 [SpringApplicationShutdownHook] INFO  c.a.n.client.naming - [shutdown,188] - com.alibaba.nacos.client.naming.core.ServerListManager do shutdown begin
17:43:38.915 [SpringApplicationShutdownHook] INFO  c.a.n.client.naming - [shutdown,193] - com.alibaba.nacos.client.naming.core.ServerListManager do shutdown stop
17:43:38.915 [SpringApplicationShutdownHook] INFO  c.a.n.client.naming - [shutdown,519] - com.alibaba.nacos.client.naming.remote.http.NamingHttpClientProxy do shutdown begin
17:43:38.915 [SpringApplicationShutdownHook] INFO  c.a.n.client.naming - [shutdown,162] - com.alibaba.nacos.client.naming.beat.BeatReactor do shutdown begin
17:43:38.915 [SpringApplicationShutdownHook] INFO  c.a.n.client.naming - [shutdown,164] - com.alibaba.nacos.client.naming.beat.BeatReactor do shutdown stop
17:43:38.915 [SpringApplicationShutdownHook] INFO  c.a.n.c.i.CredentialWatcher - [stop,105] - [null] CredentialWatcher is stopped
17:43:38.916 [SpringApplicationShutdownHook] INFO  c.a.n.c.i.CredentialService - [free,99] - [null] CredentialService is freed
17:43:38.916 [SpringApplicationShutdownHook] INFO  c.a.n.client.naming - [shutdown,523] - com.alibaba.nacos.client.naming.remote.http.NamingHttpClientProxy do shutdown stop
17:43:38.916 [SpringApplicationShutdownHook] INFO  c.a.n.c.r.client - [shutdown,461] - Shutdown rpc client ,set status to shutdown
17:43:38.916 [SpringApplicationShutdownHook] INFO  c.a.n.c.r.client - [shutdown,463] - Shutdown  client event executor java.util.concurrent.ScheduledThreadPoolExecutor@1c4b51dd[Running, pool size = 2, active threads = 2, queued tasks = 0, completed tasks = 0]
17:43:38.916 [SpringApplicationShutdownHook] INFO  c.a.n.c.r.client - [shutdown,465] - Close current connection 1632812631684_127.0.0.1_58245
17:43:38.917 [nacos-grpc-client-executor-1931] INFO  c.a.n.c.r.c.g.GrpcClient - [printIfInfoEnabled,60] - [1632812631684_127.0.0.1_58245]Ignore complete event,isRunning:false,isAbandon=false
17:43:38.920 [SpringApplicationShutdownHook] INFO  c.a.n.c.r.c.g.GrpcClient - [shutdown,83] - Shutdown grpc executor java.util.concurrent.ThreadPoolExecutor@46d80f1c[Running, pool size = 5, active threads = 0, queued tasks = 0, completed tasks = 1932]
17:43:38.920 [SpringApplicationShutdownHook] INFO  c.a.n.client.naming - [shutdown,251] - Shutdown grpc redo service executor java.util.concurrent.ScheduledThreadPoolExecutor@1db7009c[Running, pool size = 1, active threads = 0, queued tasks = 1, completed tasks = 3190]
17:43:38.920 [SpringApplicationShutdownHook] INFO  c.a.n.client.naming - [shutdown,182] - com.alibaba.nacos.client.naming.remote.NamingClientProxyDelegate do shutdown stop
17:43:45.201 [background-preinit] INFO  o.h.v.i.util.Version - [<clinit>,21] - HV000001: Hibernate Validator 6.2.0.Final
17:43:46.036 [main] INFO  c.a.n.c.c.i.LocalConfigInfoProcessor - [<clinit>,67] - LOCAL_SNAPSHOT_PATH:C:\Users\80952\nacos\config
17:43:46.039 [main] INFO  c.a.n.c.r.client - [lambda$createClient$0,77] - [RpcClientFactory] create a new rpc client of 35de2fd9-68f2-43b5-a374-e37ae2039b4f_config-0
17:43:46.073 [main] INFO  o.r.Reflections - [scan,232] - Reflections took 18 ms to scan 1 urls, producing 3 keys and 6 values 
17:43:46.096 [main] INFO  o.r.Reflections - [scan,232] - Reflections took 12 ms to scan 1 urls, producing 4 keys and 9 values 
17:43:46.107 [main] INFO  o.r.Reflections - [scan,232] - Reflections took 9 ms to scan 1 urls, producing 3 keys and 10 values 
17:43:46.119 [main] INFO  o.r.Reflections - [scan,232] - Reflections took 8 ms to scan 1 urls, producing 1 keys and 5 values 
17:43:46.130 [main] INFO  o.r.Reflections - [scan,232] - Reflections took 9 ms to scan 1 urls, producing 1 keys and 7 values 
17:43:46.140 [main] INFO  o.r.Reflections - [scan,232] - Reflections took 7 ms to scan 1 urls, producing 2 keys and 8 values 
17:43:46.142 [main] INFO  c.a.n.c.r.client - [printIfInfoEnabled,60] - [35de2fd9-68f2-43b5-a374-e37ae2039b4f_config-0]RpcClient init label, labels={module=config, Vipserver-Tag=null, source=sdk, Amory-Tag=null, Location-Tag=null, taskId=0, AppName=unknown}
17:43:46.143 [main] INFO  c.a.n.c.r.client - [printIfInfoEnabled,60] - [35de2fd9-68f2-43b5-a374-e37ae2039b4f_config-0]Register server push request handler:com.alibaba.nacos.client.config.impl.ClientWorker$ConfigRpcTransportClient$$Lambda$451/0x000000080040cc40
17:43:46.143 [main] INFO  c.a.n.c.r.client - [printIfInfoEnabled,60] - [35de2fd9-68f2-43b5-a374-e37ae2039b4f_config-0]Register server push request handler:com.alibaba.nacos.client.config.impl.ClientWorker$ConfigRpcTransportClient$$Lambda$452/0x000000080040c040
17:43:46.143 [main] INFO  c.a.n.c.r.client - [printIfInfoEnabled,60] - [35de2fd9-68f2-43b5-a374-e37ae2039b4f_config-0]Registry connection listener to current client:com.alibaba.nacos.client.config.impl.ClientWorker$ConfigRpcTransportClient$1
17:43:46.144 [main] INFO  c.a.n.c.r.client - [printIfInfoEnabled,60] - [35de2fd9-68f2-43b5-a374-e37ae2039b4f_config-0]RpcClient init, ServerListFactory =com.alibaba.nacos.client.config.impl.ClientWorker$ConfigRpcTransportClient$2
17:43:46.151 [main] INFO  c.a.n.c.r.client - [printIfInfoEnabled,60] - [35de2fd9-68f2-43b5-a374-e37ae2039b4f_config-0] Try to connect to server on start up, server: {serverIp='127.0.0.1', server main port=8848}
17:43:47.926 [main] INFO  c.a.n.c.r.client - [printIfInfoEnabled,60] - [35de2fd9-68f2-43b5-a374-e37ae2039b4f_config-0] Success to connect to server [127.0.0.1:8848] on start up,connectionId=1632822227754_127.0.0.1_56080
17:43:47.926 [com.alibaba.nacos.client.remote.worker] INFO  c.a.n.c.r.client - [printIfInfoEnabled,60] - [35de2fd9-68f2-43b5-a374-e37ae2039b4f_config-0]Notify connected event to listeners.
17:43:47.927 [main] INFO  c.a.n.c.r.client - [printIfInfoEnabled,60] - [35de2fd9-68f2-43b5-a374-e37ae2039b4f_config-0]Register server push request handler:com.alibaba.nacos.common.remote.client.RpcClient$ConnectResetRequestHandler
17:43:47.927 [com.alibaba.nacos.client.remote.worker] INFO  c.a.n.c.c.i.ClientWorker - [onConnected,681] - [35de2fd9-68f2-43b5-a374-e37ae2039b4f_config-0] Connected,notify listen context...
17:43:47.927 [main] INFO  c.a.n.c.r.client - [printIfInfoEnabled,60] - [35de2fd9-68f2-43b5-a374-e37ae2039b4f_config-0]Register server push request handler:com.alibaba.nacos.common.remote.client.RpcClient$4
17:43:47.960 [main] INFO  c.a.n.c.c.i.Limiter - [<clinit>,56] - limitTime:5.0
17:43:47.974 [main] INFO  c.a.n.c.c.u.JvmUtil - [<clinit>,53] - isMultiInstance:false
17:43:48.004 [main] INFO  c.r.a.RuoYiAuthApplication - [logStartupProfileInfo,663] - The following profiles are active: dev
17:43:49.647 [main] INFO  o.a.c.h.Http11NioProtocol - [log,173] - Initializing ProtocolHandler ["http-nio-9200"]
17:43:49.647 [main] INFO  o.a.c.c.StandardService - [log,173] - Starting service [Tomcat]
17:43:49.647 [main] INFO  o.a.c.c.StandardEngine - [log,173] - Starting Servlet engine: [Apache Tomcat/9.0.52]
17:43:49.837 [main] INFO  o.a.c.c.C.[.[.[/] - [log,173] - Initializing Spring embedded WebApplicationContext
17:43:50.727 [main] INFO  c.a.c.s.SentinelWebAutoConfiguration - [addInterceptors,80] - [Sentinel Starter] register SentinelWebInterceptor with urlPatterns: [/**].
17:43:51.292 [main] INFO  c.a.n.client.naming - [initNamespaceForNaming,63] - initializer namespace from System Property : null
17:43:51.292 [main] INFO  c.a.n.client.naming - [call,69] - initializer namespace from System Environment :null
17:43:51.292 [main] INFO  c.a.n.client.naming - [call,79] - initializer namespace from System Property :null
17:43:51.303 [main] INFO  c.a.n.c.r.client - [lambda$createClient$0,77] - [RpcClientFactory] create a new rpc client of 95bd44dc-ea13-47c6-b0b0-97e8e17e8a1c
17:43:51.303 [main] INFO  c.a.n.c.r.client - [printIfInfoEnabled,60] - [95bd44dc-ea13-47c6-b0b0-97e8e17e8a1c]RpcClient init label, labels={module=naming, source=sdk}
17:43:51.304 [main] INFO  c.a.n.c.r.client - [printIfInfoEnabled,60] - [95bd44dc-ea13-47c6-b0b0-97e8e17e8a1c]RpcClient init, ServerListFactory =com.alibaba.nacos.client.naming.core.ServerListManager
17:43:51.304 [main] INFO  c.a.n.c.r.client - [printIfInfoEnabled,60] - [95bd44dc-ea13-47c6-b0b0-97e8e17e8a1c]Registry connection listener to current client:com.alibaba.nacos.client.naming.remote.gprc.redo.NamingGrpcRedoService
17:43:51.305 [main] INFO  c.a.n.c.r.client - [printIfInfoEnabled,60] - [95bd44dc-ea13-47c6-b0b0-97e8e17e8a1c]Register server push request handler:com.alibaba.nacos.client.naming.remote.gprc.NamingPushRequestHandler
17:43:51.305 [main] INFO  c.a.n.c.r.client - [printIfInfoEnabled,60] - [95bd44dc-ea13-47c6-b0b0-97e8e17e8a1c] Try to connect to server on start up, server: {serverIp='127.0.0.1', server main port=8848}
17:43:51.431 [main] INFO  c.a.n.c.r.client - [printIfInfoEnabled,60] - [95bd44dc-ea13-47c6-b0b0-97e8e17e8a1c] Success to connect to server [127.0.0.1:8848] on start up,connectionId=1632822231311_127.0.0.1_56167
17:43:51.431 [main] INFO  c.a.n.c.r.client - [printIfInfoEnabled,60] - [95bd44dc-ea13-47c6-b0b0-97e8e17e8a1c]Register server push request handler:com.alibaba.nacos.common.remote.client.RpcClient$ConnectResetRequestHandler
17:43:51.431 [com.alibaba.nacos.client.remote.worker] INFO  c.a.n.c.r.client - [printIfInfoEnabled,60] - [95bd44dc-ea13-47c6-b0b0-97e8e17e8a1c]Notify connected event to listeners.
17:43:51.431 [main] INFO  c.a.n.c.r.client - [printIfInfoEnabled,60] - [95bd44dc-ea13-47c6-b0b0-97e8e17e8a1c]Register server push request handler:com.alibaba.nacos.common.remote.client.RpcClient$4
17:43:51.431 [com.alibaba.nacos.client.remote.worker] INFO  c.a.n.client.naming - [onConnected,76] - Grpc connection connect
17:43:52.323 [main] INFO  c.a.n.client.naming - [isChangedServiceInfo,181] - init new ips(0) service: DEFAULT_GROUP@@ruoyi-auth@@DEFAULT -> []
17:43:52.330 [main] INFO  c.a.n.client.naming - [processServiceInfo,166] - current ips:(0) service: DEFAULT_GROUP@@ruoyi-auth@@DEFAULT -> []
17:43:52.336 [main] INFO  o.a.c.h.Http11NioProtocol - [log,173] - Starting ProtocolHandler ["http-nio-9200"]
17:43:52.355 [main] INFO  c.a.n.client.naming - [registerService,112] - [REGISTER-SERVICE] public registering service ruoyi-auth with instance Instance{instanceId='null', ip='127.0.0.1', port=9200, weight=1.0, healthy=true, enabled=true, ephemeral=true, clusterName='DEFAULT', serviceName='null', metadata={preserved.register.source=SPRING_CLOUD}}
17:43:52.364 [main] INFO  c.a.c.n.r.NacosServiceRegistry - [register,75] - nacos registry, DEFAULT_GROUP ruoyi-auth 127.0.0.1:9200 register finished
17:43:52.816 [main] INFO  c.r.a.RuoYiAuthApplication - [logStarted,61] - Started RuoYiAuthApplication in 8.572 seconds (JVM running for 10.175)
17:43:52.823 [main] INFO  c.a.n.c.c.i.ClientWorker - [addCacheDataIfAbsent,384] - [config_rpc_client] [subscribe] ruoyi-auth.yml+DEFAULT_GROUP
17:43:52.824 [main] INFO  c.a.n.c.c.i.CacheData - [addListener,173] - [config_rpc_client] [add-listener] ok, tenant=, dataId=ruoyi-auth.yml, group=DEFAULT_GROUP, cnt=1
17:43:52.825 [main] INFO  c.a.n.c.c.i.ClientWorker - [addCacheDataIfAbsent,384] - [config_rpc_client] [subscribe] ruoyi-auth-dev.yml+DEFAULT_GROUP
17:43:52.825 [main] INFO  c.a.n.c.c.i.CacheData - [addListener,173] - [config_rpc_client] [add-listener] ok, tenant=, dataId=ruoyi-auth-dev.yml, group=DEFAULT_GROUP, cnt=1
17:43:52.825 [main] INFO  c.a.n.c.c.i.ClientWorker - [addCacheDataIfAbsent,384] - [config_rpc_client] [subscribe] ruoyi-auth+DEFAULT_GROUP
17:43:52.825 [main] INFO  c.a.n.c.c.i.CacheData - [addListener,173] - [config_rpc_client] [add-listener] ok, tenant=, dataId=ruoyi-auth, group=DEFAULT_GROUP, cnt=1
17:43:52.864 [nacos-grpc-client-executor-7] INFO  c.a.n.c.r.client - [printIfInfoEnabled,60] - [95bd44dc-ea13-47c6-b0b0-97e8e17e8a1c]receive server push request,request=NotifySubscriberRequest,requestId=31
17:43:52.865 [nacos-grpc-client-executor-7] INFO  c.a.n.client.naming - [isChangedServiceInfo,181] - init new ips(1) service: DEFAULT_GROUP@@ruoyi-auth -> [{"ip":"127.0.0.1","port":9200,"weight":1.0,"healthy":true,"enabled":true,"ephemeral":true,"clusterName":"DEFAULT","serviceName":"DEFAULT_GROUP@@ruoyi-auth","metadata":{"preserved.register.source":"SPRING_CLOUD"},"ipDeleteTimeout":30000,"instanceHeartBeatInterval":5000,"instanceHeartBeatTimeOut":15000}]
17:43:52.866 [nacos-grpc-client-executor-7] INFO  c.a.n.client.naming - [processServiceInfo,166] - current ips:(1) service: DEFAULT_GROUP@@ruoyi-auth -> [{"ip":"127.0.0.1","port":9200,"weight":1.0,"healthy":true,"enabled":true,"ephemeral":true,"clusterName":"DEFAULT","serviceName":"DEFAULT_GROUP@@ruoyi-auth","metadata":{"preserved.register.source":"SPRING_CLOUD"},"ipDeleteTimeout":30000,"instanceHeartBeatInterval":5000,"instanceHeartBeatTimeOut":15000}]
17:43:52.867 [nacos-grpc-client-executor-7] INFO  c.a.n.c.r.client - [printIfInfoEnabled,60] - [95bd44dc-ea13-47c6-b0b0-97e8e17e8a1c]ack server push request,request=NotifySubscriberRequest,requestId=31
17:43:52.892 [RMI TCP Connection(8)-127.0.0.1] INFO  o.a.c.c.C.[.[.[/] - [log,173] - Initializing Spring DispatcherServlet 'dispatcherServlet'
17:43:53.352 [com.alibaba.nacos.client.naming.updater.0] INFO  c.a.n.client.naming - [isChangedServiceInfo,235] - new ips(1) service: DEFAULT_GROUP@@ruoyi-auth@@DEFAULT -> [{"ip":"127.0.0.1","port":9200,"weight":1.0,"healthy":true,"enabled":true,"ephemeral":true,"clusterName":"DEFAULT","serviceName":"DEFAULT_GROUP@@ruoyi-auth","metadata":{"preserved.register.source":"SPRING_CLOUD"},"ipDeleteTimeout":30000,"instanceHeartBeatInterval":5000,"instanceHeartBeatTimeOut":15000}]
17:43:53.353 [com.alibaba.nacos.client.naming.updater.0] INFO  c.a.n.client.naming - [processServiceInfo,166] - current ips:(1) service: DEFAULT_GROUP@@ruoyi-auth@@DEFAULT -> [{"ip":"127.0.0.1","port":9200,"weight":1.0,"healthy":true,"enabled":true,"ephemeral":true,"clusterName":"DEFAULT","serviceName":"DEFAULT_GROUP@@ruoyi-auth","metadata":{"preserved.register.source":"SPRING_CLOUD"},"ipDeleteTimeout":30000,"instanceHeartBeatInterval":5000,"instanceHeartBeatTimeOut":15000}]
18:09:30.009 [http-nio-9200-exec-1] INFO  c.a.n.client.naming - [isChangedServiceInfo,181] - init new ips(1) service: DEFAULT_GROUP@@ruoyi-system -> [{"ip":"192.168.23.128","port":9201,"weight":1.0,"healthy":true,"enabled":true,"ephemeral":true,"clusterName":"DEFAULT","serviceName":"DEFAULT_GROUP@@ruoyi-system","metadata":{"preserved.register.source":"SPRING_CLOUD"},"ipDeleteTimeout":30000,"instanceHeartBeatInterval":5000,"instanceHeartBeatTimeOut":15000}]
18:09:30.010 [http-nio-9200-exec-1] INFO  c.a.n.client.naming - [processServiceInfo,166] - current ips:(1) service: DEFAULT_GROUP@@ruoyi-system -> [{"ip":"192.168.23.128","port":9201,"weight":1.0,"healthy":true,"enabled":true,"ephemeral":true,"clusterName":"DEFAULT","serviceName":"DEFAULT_GROUP@@ruoyi-system","metadata":{"preserved.register.source":"SPRING_CLOUD"},"ipDeleteTimeout":30000,"instanceHeartBeatInterval":5000,"instanceHeartBeatTimeOut":15000}]
18:09:30.577 [nacos-grpc-client-executor-321] INFO  c.a.n.c.r.client - [printIfInfoEnabled,60] - [95bd44dc-ea13-47c6-b0b0-97e8e17e8a1c]receive server push request,request=NotifySubscriberRequest,requestId=52
18:09:30.578 [nacos-grpc-client-executor-321] INFO  c.a.n.c.r.client - [printIfInfoEnabled,60] - [95bd44dc-ea13-47c6-b0b0-97e8e17e8a1c]ack server push request,request=NotifySubscriberRequest,requestId=52
18:10:30.885 [SpringApplicationShutdownHook] INFO  c.a.c.n.r.NacosServiceRegistry - [deregister,90] - De-registering from Nacos Server now...
18:10:30.886 [SpringApplicationShutdownHook] INFO  c.a.n.client.naming - [deregisterService,136] - [DEREGISTER-SERVICE] public deregistering service ruoyi-auth with instance: Instance{instanceId='null', ip='127.0.0.1', port=9200, weight=1.0, healthy=true, enabled=true, ephemeral=true, clusterName='DEFAULT', serviceName='null', metadata={}}
18:10:30.887 [SpringApplicationShutdownHook] INFO  c.a.c.n.r.NacosServiceRegistry - [deregister,110] - De-registration finished.
18:10:30.888 [SpringApplicationShutdownHook] INFO  c.a.n.client.naming - [shutdown,256] - com.alibaba.nacos.client.naming.cache.ServiceInfoHolder do shutdown begin
18:10:30.888 [SpringApplicationShutdownHook] INFO  c.a.n.client.naming - [shutdown,140] - com.alibaba.nacos.client.naming.backups.FailoverReactor do shutdown begin
18:10:30.889 [SpringApplicationShutdownHook] INFO  c.a.n.client.naming - [shutdown,142] - com.alibaba.nacos.client.naming.backups.FailoverReactor do shutdown stop
18:10:30.889 [SpringApplicationShutdownHook] INFO  c.a.n.client.naming - [shutdown,258] - com.alibaba.nacos.client.naming.cache.ServiceInfoHolder do shutdown stop
18:10:30.889 [SpringApplicationShutdownHook] INFO  c.a.n.client.naming - [shutdown,176] - com.alibaba.nacos.client.naming.remote.NamingClientProxyDelegate do shutdown begin
18:10:30.889 [SpringApplicationShutdownHook] INFO  c.a.n.client.naming - [shutdown,130] - com.alibaba.nacos.client.naming.core.ServiceInfoUpdateService do shutdown begin
18:10:31.191 [SpringApplicationShutdownHook] INFO  c.a.n.client.naming - [shutdown,132] - com.alibaba.nacos.client.naming.core.ServiceInfoUpdateService do shutdown stop
18:10:31.191 [SpringApplicationShutdownHook] INFO  c.a.n.client.naming - [shutdown,188] - com.alibaba.nacos.client.naming.core.ServerListManager do shutdown begin
18:10:31.192 [SpringApplicationShutdownHook] INFO  c.a.n.client.naming - [shutdown,193] - com.alibaba.nacos.client.naming.core.ServerListManager do shutdown stop
18:10:31.192 [SpringApplicationShutdownHook] INFO  c.a.n.client.naming - [shutdown,519] - com.alibaba.nacos.client.naming.remote.http.NamingHttpClientProxy do shutdown begin
18:10:31.192 [SpringApplicationShutdownHook] INFO  c.a.n.client.naming - [shutdown,162] - com.alibaba.nacos.client.naming.beat.BeatReactor do shutdown begin
18:10:31.192 [SpringApplicationShutdownHook] INFO  c.a.n.client.naming - [shutdown,164] - com.alibaba.nacos.client.naming.beat.BeatReactor do shutdown stop
18:10:31.192 [SpringApplicationShutdownHook] INFO  c.a.n.c.i.CredentialWatcher - [stop,105] - [null] CredentialWatcher is stopped
18:10:31.193 [SpringApplicationShutdownHook] INFO  c.a.n.c.i.CredentialService - [free,99] - [null] CredentialService is freed
18:10:31.193 [SpringApplicationShutdownHook] INFO  c.a.n.client.naming - [shutdown,523] - com.alibaba.nacos.client.naming.remote.http.NamingHttpClientProxy do shutdown stop
18:10:31.193 [SpringApplicationShutdownHook] INFO  c.a.n.c.r.client - [shutdown,461] - Shutdown rpc client ,set status to shutdown
18:10:31.193 [SpringApplicationShutdownHook] INFO  c.a.n.c.r.client - [shutdown,463] - Shutdown  client event executor java.util.concurrent.ScheduledThreadPoolExecutor@79f91ed2[Running, pool size = 2, active threads = 2, queued tasks = 0, completed tasks = 0]
18:10:31.193 [SpringApplicationShutdownHook] INFO  c.a.n.c.r.client - [shutdown,465] - Close current connection 1632822231311_127.0.0.1_56167
18:10:31.195 [nacos-grpc-client-executor-337] INFO  c.a.n.c.r.c.g.GrpcClient - [printIfInfoEnabled,60] - [1632822231311_127.0.0.1_56167]Ignore complete event,isRunning:false,isAbandon=false
18:10:31.195 [SpringApplicationShutdownHook] INFO  c.a.n.c.r.c.g.GrpcClient - [shutdown,83] - Shutdown grpc executor java.util.concurrent.ThreadPoolExecutor@2e98077c[Running, pool size = 6, active threads = 0, queued tasks = 0, completed tasks = 338]
18:10:31.195 [SpringApplicationShutdownHook] INFO  c.a.n.client.naming - [shutdown,251] - Shutdown grpc redo service executor java.util.concurrent.ScheduledThreadPoolExecutor@694fc129[Running, pool size = 1, active threads = 0, queued tasks = 1, completed tasks = 531]
18:10:31.195 [SpringApplicationShutdownHook] INFO  c.a.n.client.naming - [shutdown,182] - com.alibaba.nacos.client.naming.remote.NamingClientProxyDelegate do shutdown stop
18:10:45.697 [background-preinit] INFO  o.h.v.i.util.Version - [<clinit>,21] - HV000001: Hibernate Validator 6.2.0.Final
18:10:46.407 [main] INFO  c.a.n.c.c.i.LocalConfigInfoProcessor - [<clinit>,67] - LOCAL_SNAPSHOT_PATH:C:\Users\80952\nacos\config
18:10:46.409 [main] INFO  c.a.n.c.r.client - [lambda$createClient$0,77] - [RpcClientFactory] create a new rpc client of 656e5998-3801-4107-aac7-eaea5c763210_config-0
18:10:46.438 [main] INFO  o.r.Reflections - [scan,232] - Reflections took 17 ms to scan 1 urls, producing 3 keys and 6 values 
18:10:46.456 [main] INFO  o.r.Reflections - [scan,232] - Reflections took 9 ms to scan 1 urls, producing 4 keys and 9 values 
18:10:46.464 [main] INFO  o.r.Reflections - [scan,232] - Reflections took 7 ms to scan 1 urls, producing 3 keys and 10 values 
18:10:46.474 [main] INFO  o.r.Reflections - [scan,232] - Reflections took 7 ms to scan 1 urls, producing 1 keys and 5 values 
18:10:46.485 [main] INFO  o.r.Reflections - [scan,232] - Reflections took 10 ms to scan 1 urls, producing 1 keys and 7 values 
18:10:46.493 [main] INFO  o.r.Reflections - [scan,232] - Reflections took 6 ms to scan 1 urls, producing 2 keys and 8 values 
18:10:46.495 [main] INFO  c.a.n.c.r.client - [printIfInfoEnabled,60] - [656e5998-3801-4107-aac7-eaea5c763210_config-0]RpcClient init label, labels={module=config, Vipserver-Tag=null, source=sdk, Amory-Tag=null, Location-Tag=null, taskId=0, AppName=unknown}
18:10:46.496 [main] INFO  c.a.n.c.r.client - [printIfInfoEnabled,60] - [656e5998-3801-4107-aac7-eaea5c763210_config-0]Register server push request handler:com.alibaba.nacos.client.config.impl.ClientWorker$ConfigRpcTransportClient$$Lambda$451/0x000000080040bc40
18:10:46.496 [main] INFO  c.a.n.c.r.client - [printIfInfoEnabled,60] - [656e5998-3801-4107-aac7-eaea5c763210_config-0]Register server push request handler:com.alibaba.nacos.client.config.impl.ClientWorker$ConfigRpcTransportClient$$Lambda$452/0x000000080040b040
18:10:46.496 [main] INFO  c.a.n.c.r.client - [printIfInfoEnabled,60] - [656e5998-3801-4107-aac7-eaea5c763210_config-0]Registry connection listener to current client:com.alibaba.nacos.client.config.impl.ClientWorker$ConfigRpcTransportClient$1
18:10:46.498 [main] INFO  c.a.n.c.r.client - [printIfInfoEnabled,60] - [656e5998-3801-4107-aac7-eaea5c763210_config-0]RpcClient init, ServerListFactory =com.alibaba.nacos.client.config.impl.ClientWorker$ConfigRpcTransportClient$2
18:10:46.503 [main] INFO  c.a.n.c.r.client - [printIfInfoEnabled,60] - [656e5998-3801-4107-aac7-eaea5c763210_config-0] Try to connect to server on start up, server: {serverIp='127.0.0.1', server main port=8848}
18:10:48.234 [main] INFO  c.a.n.c.r.client - [printIfInfoEnabled,60] - [656e5998-3801-4107-aac7-eaea5c763210_config-0] Success to connect to server [127.0.0.1:8848] on start up,connectionId=1632823848054_127.0.0.1_60135
18:10:48.234 [com.alibaba.nacos.client.remote.worker] INFO  c.a.n.c.r.client - [printIfInfoEnabled,60] - [656e5998-3801-4107-aac7-eaea5c763210_config-0]Notify connected event to listeners.
18:10:48.235 [main] INFO  c.a.n.c.r.client - [printIfInfoEnabled,60] - [656e5998-3801-4107-aac7-eaea5c763210_config-0]Register server push request handler:com.alibaba.nacos.common.remote.client.RpcClient$ConnectResetRequestHandler
18:10:48.235 [com.alibaba.nacos.client.remote.worker] INFO  c.a.n.c.c.i.ClientWorker - [onConnected,681] - [656e5998-3801-4107-aac7-eaea5c763210_config-0] Connected,notify listen context...
18:10:48.235 [main] INFO  c.a.n.c.r.client - [printIfInfoEnabled,60] - [656e5998-3801-4107-aac7-eaea5c763210_config-0]Register server push request handler:com.alibaba.nacos.common.remote.client.RpcClient$4
18:10:48.266 [main] INFO  c.a.n.c.c.i.Limiter - [<clinit>,56] - limitTime:5.0
18:10:48.279 [main] INFO  c.a.n.c.c.u.JvmUtil - [<clinit>,53] - isMultiInstance:false
18:10:48.306 [main] INFO  c.r.a.RuoYiAuthApplication - [logStartupProfileInfo,663] - The following profiles are active: dev
18:10:49.950 [main] INFO  o.a.c.h.Http11NioProtocol - [log,173] - Initializing ProtocolHandler ["http-nio-9200"]
18:10:49.951 [main] INFO  o.a.c.c.StandardService - [log,173] - Starting service [Tomcat]
18:10:49.951 [main] INFO  o.a.c.c.StandardEngine - [log,173] - Starting Servlet engine: [Apache Tomcat/9.0.52]
18:10:50.225 [main] INFO  o.a.c.c.C.[.[.[/] - [log,173] - Initializing Spring embedded WebApplicationContext
18:10:51.095 [main] INFO  c.a.c.s.SentinelWebAutoConfiguration - [addInterceptors,80] - [Sentinel Starter] register SentinelWebInterceptor with urlPatterns: [/**].
18:10:51.739 [main] INFO  c.a.n.client.naming - [initNamespaceForNaming,63] - initializer namespace from System Property : null
18:10:51.740 [main] INFO  c.a.n.client.naming - [call,69] - initializer namespace from System Environment :null
18:10:51.740 [main] INFO  c.a.n.client.naming - [call,79] - initializer namespace from System Property :null
18:10:51.750 [main] INFO  c.a.n.c.r.client - [lambda$createClient$0,77] - [RpcClientFactory] create a new rpc client of be4c49dd-f112-4ed4-a377-56a5fee73120
18:10:51.751 [main] INFO  c.a.n.c.r.client - [printIfInfoEnabled,60] - [be4c49dd-f112-4ed4-a377-56a5fee73120]RpcClient init label, labels={module=naming, source=sdk}
18:10:51.752 [main] INFO  c.a.n.c.r.client - [printIfInfoEnabled,60] - [be4c49dd-f112-4ed4-a377-56a5fee73120]RpcClient init, ServerListFactory =com.alibaba.nacos.client.naming.core.ServerListManager
18:10:51.752 [main] INFO  c.a.n.c.r.client - [printIfInfoEnabled,60] - [be4c49dd-f112-4ed4-a377-56a5fee73120]Registry connection listener to current client:com.alibaba.nacos.client.naming.remote.gprc.redo.NamingGrpcRedoService
18:10:51.752 [main] INFO  c.a.n.c.r.client - [printIfInfoEnabled,60] - [be4c49dd-f112-4ed4-a377-56a5fee73120]Register server push request handler:com.alibaba.nacos.client.naming.remote.gprc.NamingPushRequestHandler
18:10:51.752 [main] INFO  c.a.n.c.r.client - [printIfInfoEnabled,60] - [be4c49dd-f112-4ed4-a377-56a5fee73120] Try to connect to server on start up, server: {serverIp='127.0.0.1', server main port=8848}
18:10:51.867 [main] INFO  c.a.n.c.r.client - [printIfInfoEnabled,60] - [be4c49dd-f112-4ed4-a377-56a5fee73120] Success to connect to server [127.0.0.1:8848] on start up,connectionId=1632823851759_127.0.0.1_60763
18:10:51.869 [com.alibaba.nacos.client.remote.worker] INFO  c.a.n.c.r.client - [printIfInfoEnabled,60] - [be4c49dd-f112-4ed4-a377-56a5fee73120]Notify connected event to listeners.
18:10:51.871 [com.alibaba.nacos.client.remote.worker] INFO  c.a.n.client.naming - [onConnected,76] - Grpc connection connect
18:10:51.870 [main] INFO  c.a.n.c.r.client - [printIfInfoEnabled,60] - [be4c49dd-f112-4ed4-a377-56a5fee73120]Register server push request handler:com.alibaba.nacos.common.remote.client.RpcClient$ConnectResetRequestHandler
18:10:51.872 [main] INFO  c.a.n.c.r.client - [printIfInfoEnabled,60] - [be4c49dd-f112-4ed4-a377-56a5fee73120]Register server push request handler:com.alibaba.nacos.common.remote.client.RpcClient$4
18:10:52.857 [main] INFO  c.a.n.client.naming - [isChangedServiceInfo,181] - init new ips(0) service: DEFAULT_GROUP@@ruoyi-auth@@DEFAULT -> []
18:10:52.864 [main] INFO  c.a.n.client.naming - [processServiceInfo,166] - current ips:(0) service: DEFAULT_GROUP@@ruoyi-auth@@DEFAULT -> []
18:10:52.869 [main] INFO  o.a.c.h.Http11NioProtocol - [log,173] - Starting ProtocolHandler ["http-nio-9200"]
18:10:52.883 [main] INFO  c.a.n.client.naming - [registerService,112] - [REGISTER-SERVICE] public registering service ruoyi-auth with instance Instance{instanceId='null', ip='192.168.0.110', port=9200, weight=1.0, healthy=true, enabled=true, ephemeral=true, clusterName='DEFAULT', serviceName='null', metadata={preserved.register.source=SPRING_CLOUD}}
18:10:52.889 [main] INFO  c.a.c.n.r.NacosServiceRegistry - [register,75] - nacos registry, DEFAULT_GROUP ruoyi-auth 192.168.0.110:9200 register finished
18:10:53.358 [nacos-grpc-client-executor-8] INFO  c.a.n.c.r.client - [printIfInfoEnabled,60] - [be4c49dd-f112-4ed4-a377-56a5fee73120]receive server push request,request=NotifySubscriberRequest,requestId=59
18:10:53.359 [nacos-grpc-client-executor-8] INFO  c.a.n.client.naming - [isChangedServiceInfo,181] - init new ips(1) service: DEFAULT_GROUP@@ruoyi-auth -> [{"ip":"192.168.0.110","port":9200,"weight":1.0,"healthy":true,"enabled":true,"ephemeral":true,"clusterName":"DEFAULT","serviceName":"DEFAULT_GROUP@@ruoyi-auth","metadata":{"preserved.register.source":"SPRING_CLOUD"},"ipDeleteTimeout":30000,"instanceHeartBeatTimeOut":15000,"instanceHeartBeatInterval":5000}]
18:10:53.360 [nacos-grpc-client-executor-8] INFO  c.a.n.client.naming - [processServiceInfo,166] - current ips:(1) service: DEFAULT_GROUP@@ruoyi-auth -> [{"ip":"192.168.0.110","port":9200,"weight":1.0,"healthy":true,"enabled":true,"ephemeral":true,"clusterName":"DEFAULT","serviceName":"DEFAULT_GROUP@@ruoyi-auth","metadata":{"preserved.register.source":"SPRING_CLOUD"},"ipDeleteTimeout":30000,"instanceHeartBeatTimeOut":15000,"instanceHeartBeatInterval":5000}]
18:10:53.361 [nacos-grpc-client-executor-8] INFO  c.a.n.c.r.client - [printIfInfoEnabled,60] - [be4c49dd-f112-4ed4-a377-56a5fee73120]ack server push request,request=NotifySubscriberRequest,requestId=59
18:10:53.452 [main] INFO  c.r.a.RuoYiAuthApplication - [logStarted,61] - Started RuoYiAuthApplication in 8.512 seconds (JVM running for 9.742)
18:10:53.461 [main] INFO  c.a.n.c.c.i.ClientWorker - [addCacheDataIfAbsent,384] - [config_rpc_client] [subscribe] ruoyi-auth.yml+DEFAULT_GROUP
18:10:53.462 [main] INFO  c.a.n.c.c.i.CacheData - [addListener,173] - [config_rpc_client] [add-listener] ok, tenant=, dataId=ruoyi-auth.yml, group=DEFAULT_GROUP, cnt=1
18:10:53.463 [main] INFO  c.a.n.c.c.i.ClientWorker - [addCacheDataIfAbsent,384] - [config_rpc_client] [subscribe] ruoyi-auth-dev.yml+DEFAULT_GROUP
18:10:53.463 [main] INFO  c.a.n.c.c.i.CacheData - [addListener,173] - [config_rpc_client] [add-listener] ok, tenant=, dataId=ruoyi-auth-dev.yml, group=DEFAULT_GROUP, cnt=1
18:10:53.464 [main] INFO  c.a.n.c.c.i.ClientWorker - [addCacheDataIfAbsent,384] - [config_rpc_client] [subscribe] ruoyi-auth+DEFAULT_GROUP
18:10:53.464 [main] INFO  c.a.n.c.c.i.CacheData - [addListener,173] - [config_rpc_client] [add-listener] ok, tenant=, dataId=ruoyi-auth, group=DEFAULT_GROUP, cnt=1
18:10:53.852 [com.alibaba.nacos.client.naming.updater.0] INFO  c.a.n.client.naming - [isChangedServiceInfo,235] - new ips(1) service: DEFAULT_GROUP@@ruoyi-auth@@DEFAULT -> [{"ip":"192.168.0.110","port":9200,"weight":1.0,"healthy":true,"enabled":true,"ephemeral":true,"clusterName":"DEFAULT","serviceName":"DEFAULT_GROUP@@ruoyi-auth","metadata":{"preserved.register.source":"SPRING_CLOUD"},"ipDeleteTimeout":30000,"instanceHeartBeatTimeOut":15000,"instanceHeartBeatInterval":5000}]
18:10:53.852 [com.alibaba.nacos.client.naming.updater.0] INFO  c.a.n.client.naming - [processServiceInfo,166] - current ips:(1) service: DEFAULT_GROUP@@ruoyi-auth@@DEFAULT -> [{"ip":"192.168.0.110","port":9200,"weight":1.0,"healthy":true,"enabled":true,"ephemeral":true,"clusterName":"DEFAULT","serviceName":"DEFAULT_GROUP@@ruoyi-auth","metadata":{"preserved.register.source":"SPRING_CLOUD"},"ipDeleteTimeout":30000,"instanceHeartBeatTimeOut":15000,"instanceHeartBeatInterval":5000}]
18:10:54.301 [RMI TCP Connection(7)-192.168.0.110] INFO  o.a.c.c.C.[.[.[/] - [log,173] - Initializing Spring DispatcherServlet 'dispatcherServlet'
18:11:09.504 [http-nio-9200-exec-1] INFO  c.a.n.client.naming - [isChangedServiceInfo,181] - init new ips(1) service: DEFAULT_GROUP@@ruoyi-system -> [{"ip":"192.168.0.110","port":9201,"weight":1.0,"healthy":true,"enabled":true,"ephemeral":true,"clusterName":"DEFAULT","serviceName":"DEFAULT_GROUP@@ruoyi-system","metadata":{"preserved.register.source":"SPRING_CLOUD"},"ipDeleteTimeout":30000,"instanceHeartBeatTimeOut":15000,"instanceHeartBeatInterval":5000}]
18:11:09.505 [http-nio-9200-exec-1] INFO  c.a.n.client.naming - [processServiceInfo,166] - current ips:(1) service: DEFAULT_GROUP@@ruoyi-system -> [{"ip":"192.168.0.110","port":9201,"weight":1.0,"healthy":true,"enabled":true,"ephemeral":true,"clusterName":"DEFAULT","serviceName":"DEFAULT_GROUP@@ruoyi-system","metadata":{"preserved.register.source":"SPRING_CLOUD"},"ipDeleteTimeout":30000,"instanceHeartBeatTimeOut":15000,"instanceHeartBeatInterval":5000}]
18:11:10.053 [nacos-grpc-client-executor-15] INFO  c.a.n.c.r.client - [printIfInfoEnabled,60] - [be4c49dd-f112-4ed4-a377-56a5fee73120]receive server push request,request=NotifySubscriberRequest,requestId=63
18:11:10.054 [nacos-grpc-client-executor-15] INFO  c.a.n.c.r.client - [printIfInfoEnabled,60] - [be4c49dd-f112-4ed4-a377-56a5fee73120]ack server push request,request=NotifySubscriberRequest,requestId=63
