17:23:39.461 [nacos-grpc-client-executor-19244] INFO  c.a.n.c.r.client - [printIfInfoEnabled,60] - [ecadc2ae-6873-4ded-b3c1-871a7bae679e_config-0]receive server push request,request=ClientDetectionRequest,requestId=26
17:23:39.461 [nacos-grpc-client-executor-19246] INFO  c.a.n.c.r.client - [printIfInfoEnabled,60] - [309b5bf7-59e7-4328-a61f-18c18c0dcd6f]receive server push request,request=ClientDetectionRequest,requestId=27
17:23:39.464 [nacos-grpc-client-executor-19246] INFO  c.a.n.c.r.client - [printIfInfoEnabled,60] - [309b5bf7-59e7-4328-a61f-18c18c0dcd6f]ack server push request,request=ClientDetectionRequest,requestId=27
17:23:39.464 [nacos-grpc-client-executor-19244] INFO  c.a.n.c.r.client - [printIfInfoEnabled,60] - [ecadc2ae-6873-4ded-b3c1-871a7bae679e_config-0]ack server push request,request=ClientDetectionRequest,requestId=26
20:46:25.705 [SpringApplicationShutdownHook] INFO  c.a.c.n.r.NacosServiceRegistry - [deregister,90] - De-registering from Nacos Server now...
20:46:25.706 [SpringApplicationShutdownHook] INFO  c.a.n.client.naming - [deregisterService,136] - [DEREGISTER-SERVICE] public deregistering service ruoyi-auth with instance: Instance{instanceId='null', ip='192.168.0.102', port=9200, weight=1.0, healthy=true, enabled=true, ephemeral=true, clusterName='DEFAULT', serviceName='null', metadata={}}
20:46:25.708 [SpringApplicationShutdownHook] INFO  c.a.c.n.r.NacosServiceRegistry - [deregister,110] - De-registration finished.
20:46:25.709 [SpringApplicationShutdownHook] INFO  c.a.n.client.naming - [shutdown,256] - com.alibaba.nacos.client.naming.cache.ServiceInfoHolder do shutdown begin
20:46:25.709 [SpringApplicationShutdownHook] INFO  c.a.n.client.naming - [shutdown,140] - com.alibaba.nacos.client.naming.backups.FailoverReactor do shutdown begin
20:46:25.710 [SpringApplicationShutdownHook] INFO  c.a.n.client.naming - [shutdown,142] - com.alibaba.nacos.client.naming.backups.FailoverReactor do shutdown stop
20:46:25.710 [SpringApplicationShutdownHook] INFO  c.a.n.client.naming - [shutdown,258] - com.alibaba.nacos.client.naming.cache.ServiceInfoHolder do shutdown stop
20:46:25.710 [SpringApplicationShutdownHook] INFO  c.a.n.client.naming - [shutdown,176] - com.alibaba.nacos.client.naming.remote.NamingClientProxyDelegate do shutdown begin
20:46:25.710 [SpringApplicationShutdownHook] INFO  c.a.n.client.naming - [shutdown,130] - com.alibaba.nacos.client.naming.core.ServiceInfoUpdateService do shutdown begin
20:46:26.025 [SpringApplicationShutdownHook] INFO  c.a.n.client.naming - [shutdown,132] - com.alibaba.nacos.client.naming.core.ServiceInfoUpdateService do shutdown stop
20:46:26.025 [SpringApplicationShutdownHook] INFO  c.a.n.client.naming - [shutdown,188] - com.alibaba.nacos.client.naming.core.ServerListManager do shutdown begin
20:46:26.026 [SpringApplicationShutdownHook] INFO  c.a.n.client.naming - [shutdown,193] - com.alibaba.nacos.client.naming.core.ServerListManager do shutdown stop
20:46:26.027 [SpringApplicationShutdownHook] INFO  c.a.n.client.naming - [shutdown,519] - com.alibaba.nacos.client.naming.remote.http.NamingHttpClientProxy do shutdown begin
20:46:26.027 [SpringApplicationShutdownHook] INFO  c.a.n.client.naming - [shutdown,162] - com.alibaba.nacos.client.naming.beat.BeatReactor do shutdown begin
20:46:26.027 [SpringApplicationShutdownHook] INFO  c.a.n.client.naming - [shutdown,164] - com.alibaba.nacos.client.naming.beat.BeatReactor do shutdown stop
20:46:26.028 [SpringApplicationShutdownHook] INFO  c.a.n.c.i.CredentialWatcher - [stop,105] - [null] CredentialWatcher is stopped
20:46:26.028 [SpringApplicationShutdownHook] INFO  c.a.n.c.i.CredentialService - [free,99] - [null] CredentialService is freed
20:46:26.028 [SpringApplicationShutdownHook] INFO  c.a.n.client.naming - [shutdown,523] - com.alibaba.nacos.client.naming.remote.http.NamingHttpClientProxy do shutdown stop
20:46:26.028 [SpringApplicationShutdownHook] INFO  c.a.n.c.r.client - [shutdown,461] - Shutdown rpc client ,set status to shutdown
20:46:26.029 [SpringApplicationShutdownHook] INFO  c.a.n.c.r.client - [shutdown,463] - Shutdown  client event executor java.util.concurrent.ScheduledThreadPoolExecutor@6996ea91[Running, pool size = 2, active threads = 2, queued tasks = 0, completed tasks = 0]
20:46:26.029 [SpringApplicationShutdownHook] INFO  c.a.n.c.r.client - [shutdown,465] - Close current connection 1633372043096_127.0.0.1_63284
20:46:26.031 [nacos-grpc-client-executor-21998] INFO  c.a.n.c.r.c.g.GrpcClient - [printIfInfoEnabled,60] - [1633372043096_127.0.0.1_63284]Ignore complete event,isRunning:false,isAbandon=false
20:46:26.036 [SpringApplicationShutdownHook] INFO  c.a.n.c.r.c.g.GrpcClient - [shutdown,83] - Shutdown grpc executor java.util.concurrent.ThreadPoolExecutor@62a1e383[Running, pool size = 5, active threads = 0, queued tasks = 0, completed tasks = 21999]
20:46:26.037 [SpringApplicationShutdownHook] INFO  c.a.n.client.naming - [shutdown,251] - Shutdown grpc redo service executor java.util.concurrent.ScheduledThreadPoolExecutor@6401afae[Running, pool size = 1, active threads = 0, queued tasks = 1, completed tasks = 36047]
20:46:26.037 [SpringApplicationShutdownHook] INFO  c.a.n.client.naming - [shutdown,182] - com.alibaba.nacos.client.naming.remote.NamingClientProxyDelegate do shutdown stop
