03:41:57.656 [Druid-ConnectionPool-Create-511033073] INFO  c.a.d.p.DruidAbstractDataSource - [setFailContinuous,1804] - {dataSource-1} failContinuous is true
03:42:13.795 [Druid-ConnectionPool-Create-511033073] INFO  c.a.d.p.DruidAbstractDataSource - [setFailContinuous,1809] - {dataSource-1} failContinuous is false
06:34:03.992 [SpringApplicationShutdownHook] INFO  c.a.c.n.r.NacosServiceRegistry - [deregister,90] - De-registering from Nacos Server now...
06:34:03.993 [SpringApplicationShutdownHook] INFO  c.a.n.client.naming - [deregisterService,136] - [DEREGISTER-SERVICE] public deregistering service ruoyi-system with instance: Instance{instanceId='null', ip='192.168.1.123', port=9201, weight=1.0, healthy=true, enabled=true, ephemeral=true, clusterName='DEFAULT', serviceName='null', metadata={}}
06:34:03.999 [SpringApplicationShutdownHook] INFO  c.a.c.n.r.NacosServiceRegistry - [deregister,110] - De-registration finished.
06:34:04.001 [SpringApplicationShutdownHook] INFO  c.a.n.client.naming - [shutdown,256] - com.alibaba.nacos.client.naming.cache.ServiceInfoHolder do shutdown begin
06:34:04.001 [SpringApplicationShutdownHook] INFO  c.a.n.client.naming - [shutdown,140] - com.alibaba.nacos.client.naming.backups.FailoverReactor do shutdown begin
06:34:04.002 [SpringApplicationShutdownHook] INFO  c.a.n.client.naming - [shutdown,142] - com.alibaba.nacos.client.naming.backups.FailoverReactor do shutdown stop
06:34:04.002 [SpringApplicationShutdownHook] INFO  c.a.n.client.naming - [shutdown,258] - com.alibaba.nacos.client.naming.cache.ServiceInfoHolder do shutdown stop
06:34:04.003 [SpringApplicationShutdownHook] INFO  c.a.n.client.naming - [shutdown,176] - com.alibaba.nacos.client.naming.remote.NamingClientProxyDelegate do shutdown begin
06:34:04.003 [SpringApplicationShutdownHook] INFO  c.a.n.client.naming - [shutdown,130] - com.alibaba.nacos.client.naming.core.ServiceInfoUpdateService do shutdown begin
06:34:04.337 [SpringApplicationShutdownHook] INFO  c.a.n.client.naming - [shutdown,132] - com.alibaba.nacos.client.naming.core.ServiceInfoUpdateService do shutdown stop
06:34:04.337 [SpringApplicationShutdownHook] INFO  c.a.n.client.naming - [shutdown,188] - com.alibaba.nacos.client.naming.core.ServerListManager do shutdown begin
06:34:04.338 [SpringApplicationShutdownHook] INFO  c.a.n.client.naming - [shutdown,193] - com.alibaba.nacos.client.naming.core.ServerListManager do shutdown stop
06:34:04.338 [SpringApplicationShutdownHook] INFO  c.a.n.client.naming - [shutdown,519] - com.alibaba.nacos.client.naming.remote.http.NamingHttpClientProxy do shutdown begin
06:34:04.338 [SpringApplicationShutdownHook] INFO  c.a.n.client.naming - [shutdown,162] - com.alibaba.nacos.client.naming.beat.BeatReactor do shutdown begin
06:34:04.338 [SpringApplicationShutdownHook] INFO  c.a.n.client.naming - [shutdown,164] - com.alibaba.nacos.client.naming.beat.BeatReactor do shutdown stop
06:34:04.338 [SpringApplicationShutdownHook] INFO  c.a.n.c.i.CredentialWatcher - [stop,105] - [null] CredentialWatcher is stopped
06:34:04.339 [SpringApplicationShutdownHook] INFO  c.a.n.c.i.CredentialService - [free,99] - [null] CredentialService is freed
06:34:04.339 [SpringApplicationShutdownHook] INFO  c.a.n.client.naming - [shutdown,523] - com.alibaba.nacos.client.naming.remote.http.NamingHttpClientProxy do shutdown stop
06:34:04.339 [SpringApplicationShutdownHook] INFO  c.a.n.c.r.client - [shutdown,461] - Shutdown rpc client ,set status to shutdown
06:34:04.339 [SpringApplicationShutdownHook] INFO  c.a.n.c.r.client - [shutdown,463] - Shutdown  client event executor java.util.concurrent.ScheduledThreadPoolExecutor@3cba48d[Running, pool size = 2, active threads = 2, queued tasks = 0, completed tasks = 0]
06:34:04.339 [SpringApplicationShutdownHook] INFO  c.a.n.c.r.client - [shutdown,465] - Close current connection 1633257963542_127.0.0.1_57294
06:34:04.341 [nacos-grpc-client-executor-8530] INFO  c.a.n.c.r.c.g.GrpcClient - [printIfInfoEnabled,60] - [1633257963542_127.0.0.1_57294]Ignore complete event,isRunning:false,isAbandon=false
06:34:04.344 [SpringApplicationShutdownHook] INFO  c.a.n.c.r.c.g.GrpcClient - [shutdown,83] - Shutdown grpc executor java.util.concurrent.ThreadPoolExecutor@5b58b2d4[Running, pool size = 5, active threads = 0, queued tasks = 0, completed tasks = 8531]
06:34:04.344 [SpringApplicationShutdownHook] INFO  c.a.n.client.naming - [shutdown,251] - Shutdown grpc redo service executor java.util.concurrent.ScheduledThreadPoolExecutor@ad4061[Running, pool size = 1, active threads = 0, queued tasks = 1, completed tasks = 14134]
06:34:04.345 [SpringApplicationShutdownHook] INFO  c.a.n.client.naming - [shutdown,182] - com.alibaba.nacos.client.naming.remote.NamingClientProxyDelegate do shutdown stop
06:34:04.577 [SpringApplicationShutdownHook] INFO  c.b.d.d.DynamicRoutingDataSource - [destroy,226] - dynamic-datasource start closing ....
06:34:04.580 [SpringApplicationShutdownHook] INFO  c.a.d.p.DruidDataSource - [close,2043] - {dataSource-1} closing ...
06:34:04.583 [SpringApplicationShutdownHook] INFO  c.a.d.p.DruidDataSource - [close,2116] - {dataSource-1} closed
06:34:04.583 [SpringApplicationShutdownHook] INFO  c.b.d.d.DynamicRoutingDataSource - [destroy,230] - dynamic-datasource all closed success,bye
