#
# There is insufficient memory for the Java Runtime Environment to continue.
# Native memory allocation (malloc) failed to allocate 1048576 bytes for AllocateHeap
# Possible reasons:
#   The system is out of physical RAM or swap space
#   The process is running with CompressedOops enabled, and the Java Heap may be blocking the growth of the native heap
# Possible solutions:
#   Reduce memory load on the system
#   Increase physical memory or swap space
#   Check if swap backing store is full
#   Decrease Java heap size (-Xmx/-Xms)
#   Decrease number of Java threads
#   Decrease Java thread stack sizes (-Xss)
#   Set larger code cache with -XX:ReservedCodeCacheSize=
#   JVM is running with Zero Based Compressed Oops mode in which the Java heap is
#     placed in the first 32GB address space. The Java Heap base address is the
#     maximum limit for the native heap growth. Please use -XX:HeapBaseMinAddress
#     to set the Java Heap base and to place the Java Heap above 32GB virtual address.
# This output file may be truncated or incomplete.
#
#  Out of Memory Error (./open/src/hotspot/share/memory/allocation.cpp:46), pid=18928, tid=7096
#
# JRE version: Java(TM) SE Runtime Environment 18.9 (11.0.12+8) (build 11.0.12+8-LTS-237)
# Java VM: Java HotSpot(TM) 64-Bit Server VM 18.9 (11.0.12+8-LTS-237, mixed mode, tiered, compressed oops, g1 gc, windows-amd64)
# No core dump will be written. Minidumps are not enabled by default on client versions of Windows
#

---------------  S U M M A R Y ------------

Command Line: -XX:TieredStopAtLevel=1 -Xverify:none -Dspring.output.ansi.enabled=always -javaagent:D:\IntelliJ\IntelliJ IDEA 2021.2.2\lib\idea_rt.jar=49181:D:\IntelliJ\IntelliJ IDEA 2021.2.2\bin -Dcom.sun.management.jmxremote -Dspring.jmx.enabled=true -Dspring.liveBeansView.mbeanDomain -Dspring.application.admin.enabled=true -Dfile.encoding=UTF-8 com.ruoyi.system.RuoYiSystemApplication

Host: Intel(R) Core(TM) i7-8750H CPU @ 2.20GHz, 12 cores, 15G,  Windows 10 , 64 bit Build 17134 (10.0.17134.753)
Time: Mon Oct 18 15:30:01 2021 ?D1¨²¡À¨º¡Á?¨º¡À?? elapsed time: 17.087804 seconds (0d 0h 0m 17s)

---------------  T H R E A D  ---------------

Current thread (0x000002a8506ac800):  VMThread "VM Thread" [stack: 0x000000d67f200000,0x000000d67f300000] [id=7096]

Stack: [0x000000d67f200000,0x000000d67f300000]
[error occurred during error reporting (printing stack bounds), id 0xc0000005, EXCEPTION_ACCESS_VIOLATION (0xc0000005) at pc=0x000002a8343f0f2d]

Native frames: (J=compiled Java code, j=interpreted, Vv=VM code, C=native code)
V  [jvm.dll+0x617d9a]
V  [jvm.dll+0x74eeef]
V  [jvm.dll+0x750599]
V  [jvm.dll+0x750b85]
V  [jvm.dll+0x750b3b]
V  [jvm.dll+0x6175d3]
V  [jvm.dll+0x617998]
C  [ntdll.dll+0x9f7fd]
C  [ntdll.dll+0xd856]
C  [ntdll.dll+0x9e72e]
C  0x000002a8343f0f2d

VM_Operation (0x000000d67ecfb180): CollectForMetadataAllocation, mode: safepoint, requested by thread 0x000002a82bf58800


---------------  P R O C E S S  ---------------

Threads class SMR info:
_java_thread_list=0x000002a855f25fd0, length=43, elements={
0x000002a82bf58800, 0x000002a8506cf800, 0x000002a8506d8800, 0x000002a85073f800,
0x000002a850741800, 0x000002a850743000, 0x000002a850751000, 0x000002a85075f000,
0x000002a850902800, 0x000002a8510bf800, 0x000002a85121e800, 0x000002a851dcb800,
0x000002a851ce1000, 0x000002a852283000, 0x000002a852294800, 0x000002a851bb7800,
0x000002a851f49800, 0x000002a85232b000, 0x000002a852346000, 0x000002a85262c800,
0x000002a85262a000, 0x000002a85262b800, 0x000002a852630800, 0x000002a85262b000,
0x000002a85262d800, 0x000002a85262e000, 0x000002a85262f000, 0x000002a852630000,
0x000002a855341800, 0x000002a855343000, 0x000002a85533f000, 0x000002a855344000,
0x000002a855340800, 0x000002a855342000, 0x000002a855344800, 0x000002a855345800,
0x000002a85533f800, 0x000002a855349800, 0x000002a855348000, 0x000002a855348800,
0x000002a85534a800, 0x000002a855346800, 0x000002a85534b000
}

Java Threads: ( => current thread )
  0x000002a82bf58800 JavaThread "main" [_thread_blocked, id=15496, stack(0x000000d67ec00000,0x000000d67ed00000)]
  0x000002a8506cf800 JavaThread "Reference Handler" daemon [_thread_blocked, id=5468, stack(0x000000d67f300000,0x000000d67f400000)]
  0x000002a8506d8800 JavaThread "Finalizer" daemon [_thread_blocked, id=1140, stack(0x000000d67f400000,0x000000d67f500000)]
  0x000002a85073f800 JavaThread "Signal Dispatcher" daemon [_thread_blocked, id=15412, stack(0x000000d67f500000,0x000000d67f600000)]
  0x000002a850741800 JavaThread "Attach Listener" daemon [_thread_blocked, id=2992, stack(0x000000d67f600000,0x000000d67f700000)]
  0x000002a850743000 JavaThread "Service Thread" daemon [_thread_blocked, id=2596, stack(0x000000d67f700000,0x000000d67f800000)]
  0x000002a850751000 JavaThread "C1 CompilerThread0" daemon [_thread_blocked, id=13568, stack(0x000000d67f800000,0x000000d67f900000)]
  0x000002a85075f000 JavaThread "Sweeper thread" daemon [_thread_blocked, id=1376, stack(0x000000d67f900000,0x000000d67fa00000)]
  0x000002a850902800 JavaThread "Common-Cleaner" daemon [_thread_blocked, id=15020, stack(0x000000d67fa00000,0x000000d67fb00000)]
  0x000002a8510bf800 JavaThread "Monitor Ctrl-Break" daemon [_thread_in_native, id=8252, stack(0x000000d67fb00000,0x000000d67fc00000)]
  0x000002a85121e800 JavaThread "RMI TCP Accept-0" daemon [_thread_in_native, id=18124, stack(0x000000d67fc00000,0x000000d67fd00000)]
  0x000002a851dcb800 JavaThread "RMI TCP Connection(1)-192.168.0.173" daemon [_thread_in_native, id=10616, stack(0x000000d600400000,0x000000d600500000)]
  0x000002a851ce1000 JavaThread "RMI Scheduler(0)" daemon [_thread_blocked, id=14140, stack(0x000000d600500000,0x000000d600600000)]
  0x000002a852283000 JavaThread "com.alibaba.nacos.client.identify.watcher.0" daemon [_thread_blocked, id=21044, stack(0x000000d600a00000,0x000000d600b00000)]
  0x000002a852294800 JavaThread "com.alibaba.nacos.client.Worker" daemon [_thread_blocked, id=17620, stack(0x000000d600b00000,0x000000d600c00000)]
  0x000002a851bb7800 JavaThread "logback-4" daemon [_thread_blocked, id=10408, stack(0x000000d600300000,0x000000d600400000)]
  0x000002a851f49800 JavaThread "nacos.publisher-com.alibaba.nacos.common.notify.SlowEvent" daemon [_thread_blocked, id=9624, stack(0x000000d600800000,0x000000d600900000)]
  0x000002a85232b000 JavaThread "com.alibaba.nacos.client.remote.worker" daemon [_thread_blocked, id=19104, stack(0x000000d600900000,0x000000d600a00000)]
  0x000002a852346000 JavaThread "com.alibaba.nacos.client.remote.worker" daemon [_thread_blocked, id=24636, stack(0x000000d600c00000,0x000000d600d00000)]
  0x000002a85262c800 JavaThread "grpc-nio-worker-ELG-1-1" daemon [_thread_in_native, id=17236, stack(0x000000d600d00000,0x000000d600e00000)]
  0x000002a85262a000 JavaThread "grpc-default-executor-0" daemon [_thread_blocked, id=12984, stack(0x000000d600e00000,0x000000d600f00000)]
  0x000002a85262b800 JavaThread "grpc-nio-worker-ELG-1-2" daemon [_thread_in_native, id=14264, stack(0x000000d600f00000,0x000000d601000000)]
  0x000002a852630800 JavaThread "nacos-grpc-client-executor-0" daemon [_thread_blocked, id=164, stack(0x000000d601100000,0x000000d601200000)]
  0x000002a85262b000 JavaThread "nacos-grpc-client-executor-1" daemon [_thread_blocked, id=9068, stack(0x000000d601200000,0x000000d601300000)]
  0x000002a85262d800 JavaThread "nacos-grpc-client-executor-2" daemon [_thread_blocked, id=2380, stack(0x000000d601300000,0x000000d601400000)]
  0x000002a85262e000 JavaThread "nacos-grpc-client-executor-3" daemon [_thread_blocked, id=15508, stack(0x000000d601400000,0x000000d601500000)]
  0x000002a85262f000 JavaThread "nacos-grpc-client-executor-4" daemon [_thread_blocked, id=18484, stack(0x000000d601500000,0x000000d601600000)]
  0x000002a852630000 JavaThread "nacos-grpc-client-executor-5" daemon [_thread_blocked, id=17760, stack(0x000000d601600000,0x000000d601700000)]
  0x000002a855341800 JavaThread "nacos-grpc-client-executor-6" daemon [_thread_blocked, id=9112, stack(0x000000d601700000,0x000000d601800000)]
  0x000002a855343000 JavaThread "nacos-grpc-client-executor-7" daemon [_thread_blocked, id=12352, stack(0x000000d601800000,0x000000d601900000)]
  0x000002a85533f000 JavaThread "nacos-grpc-client-executor-8" daemon [_thread_blocked, id=19164, stack(0x000000d601900000,0x000000d601a00000)]
  0x000002a855344000 JavaThread "nacos-grpc-client-executor-9" daemon [_thread_blocked, id=23736, stack(0x000000d601a00000,0x000000d601b00000)]
  0x000002a855340800 JavaThread "nacos-grpc-client-executor-10" daemon [_thread_blocked, id=7412, stack(0x000000d601b00000,0x000000d601c00000)]
  0x000002a855342000 JavaThread "Catalina-utility-1" [_thread_blocked, id=10688, stack(0x000000d601c00000,0x000000d601d00000)]
  0x000002a855344800 JavaThread "Catalina-utility-2" [_thread_blocked, id=13516, stack(0x000000d601d00000,0x000000d601e00000)]
  0x000002a855345800 JavaThread "container-0" [_thread_blocked, id=14004, stack(0x000000d601e00000,0x000000d601f00000)]
  0x000002a85533f800 JavaThread "mysql-cj-abandoned-connection-cleanup" daemon [_thread_blocked, id=21748, stack(0x000000d602100000,0x000000d602200000)]
  0x000002a855349800 JavaThread "Druid-ConnectionPool-Create-379409767" daemon [_thread_blocked, id=8264, stack(0x000000d602200000,0x000000d602300000)]
  0x000002a855348000 JavaThread "Druid-ConnectionPool-Destroy-379409767" daemon [_thread_blocked, id=25352, stack(0x000000d602300000,0x000000d602400000)]
  0x000002a855348800 JavaThread "nacos-grpc-client-executor-11" daemon [_thread_blocked, id=15416, stack(0x000000d602400000,0x000000d602500000)]
  0x000002a85534a800 JavaThread "Thread-10" daemon [_thread_in_native, id=11696, stack(0x000000d602500000,0x000000d602600000)]
  0x000002a855346800 JavaThread "lettuce-eventExecutorLoop-1-1" daemon [_thread_blocked, id=5328, stack(0x000000d602600000,0x000000d602700000)]
  0x000002a85534b000 JavaThread "lettuce-timer-3-1" daemon [_thread_blocked, id=1784, stack(0x000000d602700000,0x000000d602800000)]

Other Threads:
=>0x000002a8506ac800 VMThread "VM Thread" [stack: 0x000000d67f200000,0x000000d67f300000] [id=7096]
  0x000002a85120c800 WatcherThread [stack: 0x000000d67fd00000,0x000000d67fe00000] [id=2812]
  0x000002a82bf6d000 GCTaskThread "GC Thread#0" [stack: 0x000000d67ed00000,0x000000d67ee00000] [id=24660]
  0x000002a8517fc800 GCTaskThread "GC Thread#1" [stack: 0x000000d67fe00000,0x000000d67ff00000] [id=684]
  0x000002a851774800 GCTaskThread "GC Thread#2" [stack: 0x000000d67ff00000,0x000000d680000000] [id=19876]
  0x000002a851775000 GCTaskThread "GC Thread#3" [stack: 0x000000d600000000,0x000000d600100000] [id=24140]
  0x000002a85121b000 GCTaskThread "GC Thread#4" [stack: 0x000000d600100000,0x000000d600200000] [id=17944]
  0x000002a85121b800 GCTaskThread "GC Thread#5" [stack: 0x000000d600200000,0x000000d600300000] [id=17348]
  0x000002a855aba800 GCTaskThread "GC Thread#6" [stack: 0x000000d601f00000,0x000000d602000000] [id=9968]
  0x000002a855abb800 GCTaskThread "GC Thread#7" [stack: 0x000000d602000000,0x000000d602100000] [id=22496]
  0x000002a82bfcc800 ConcurrentGCThread "G1 Main Marker" [stack: 0x000000d67ee00000,0x000000d67ef00000] [id=1664]
  0x000002a82bfce000 ConcurrentGCThread "G1 Conc#0" [stack: 0x000000d67ef00000,0x000000d67f000000] [id=10532]
  0x000002a851cb2800 ConcurrentGCThread "G1 Conc#1" [stack: 0x000000d600600000,0x000000d600700000] [id=11168]
  0x000002a851e6c800 ConcurrentGCThread "G1 Conc#2" [stack: 0x000000d600700000,0x000000d600800000] [id=15840]
  0x000002a84fd0f800 ConcurrentGCThread "G1 Refine#0" [stack: 0x000000d67f000000,0x000000d67f100000] [id=2972]
  0x000002a84fd10800 ConcurrentGCThread "G1 Young RemSet Sampling" [stack: 0x000000d67f100000,0x000000d67f200000] [id=15352]

Threads with active compile tasks:

VM state:at safepoint (normal execution)

VM Mutex/Monitor currently owned by a thread:  ([mutex/lock_event])
[0x000002a82bf54df0] Threads_lock - owner thread: 0x000002a8506ac800
[0x000002a82bf55c00] Heap_lock - owner thread: 0x000002a82bf58800

Heap address: 0x0000000701e00000, size: 4066 MB, Compressed Oops mode: Zero based, Oop shift amount: 3
Narrow klass base: 0x0000000800000000, Narrow klass shift: 0
Compressed class space size: 1073741824 Address: 0x0000000800000000

Heap:
 garbage-first heap   total 262144K, used 43205K [0x0000000701e00000, 0x0000000800000000)
  region size 1024K, 13 young (13312K), 13 survivors (13312K)
 Metaspace       used 73657K, capacity 75500K, committed 75600K, reserved 1126400K
  class space    used 9311K, capacity 10042K, committed 10112K, reserved 1048576K
Heap Regions: E=young(eden), S=young(survivor), O=old, HS=humongous(starts), HC=humongous(continues), CS=collection set, F=free, A=archive, TAMS=top-at-mark-start (previous, next)
|   0|0x0000000701e00000, 0x0000000701f00000, 0x0000000701f00000|100%|HS|  |TAMS 0x0000000701f00000, 0x0000000701f00000| Complete 
|   1|0x0000000701f00000, 0x0000000702000000, 0x0000000702000000|100%|HS|  |TAMS 0x0000000702000000, 0x0000000702000000| Complete 
|   2|0x0000000702000000, 0x0000000702100000, 0x0000000702100000|100%| O|  |TAMS 0x0000000702100000, 0x0000000702100000| Untracked 
|   3|0x0000000702100000, 0x0000000702200000, 0x0000000702200000|100%| O|  |TAMS 0x0000000702200000, 0x0000000702200000| Untracked 
|   4|0x0000000702200000, 0x0000000702300000, 0x0000000702300000|100%| O|  |TAMS 0x0000000702300000, 0x0000000702300000| Untracked 
|   5|0x0000000702300000, 0x0000000702400000, 0x0000000702400000|100%| O|  |TAMS 0x0000000702400000, 0x0000000702400000| Untracked 
|   6|0x0000000702400000, 0x0000000702500000, 0x0000000702500000|100%| O|  |TAMS 0x0000000702500000, 0x0000000702500000| Untracked 
|   7|0x0000000702500000, 0x0000000702600000, 0x0000000702600000|100%| O|  |TAMS 0x0000000702600000, 0x0000000702600000| Untracked 
|   8|0x0000000702600000, 0x0000000702700000, 0x0000000702700000|100%| O|  |TAMS 0x0000000702700000, 0x0000000702700000| Untracked 
|   9|0x0000000702700000, 0x0000000702800000, 0x0000000702800000|100%| O|  |TAMS 0x0000000702800000, 0x0000000702800000| Untracked 
|  10|0x0000000702800000, 0x0000000702900000, 0x0000000702900000|100%| O|  |TAMS 0x0000000702900000, 0x0000000702900000| Untracked 
|  11|0x0000000702900000, 0x0000000702a00000, 0x0000000702a00000|100%| O|  |TAMS 0x0000000702a00000, 0x0000000702a00000| Untracked 
|  12|0x0000000702a00000, 0x0000000702b00000, 0x0000000702b00000|100%| O|  |TAMS 0x0000000702b00000, 0x0000000702b00000| Untracked 
|  13|0x0000000702b00000, 0x0000000702c00000, 0x0000000702c00000|100%| O|  |TAMS 0x0000000702c00000, 0x0000000702c00000| Untracked 
|  14|0x0000000702c00000, 0x0000000702d00000, 0x0000000702d00000|100%| O|  |TAMS 0x0000000702d00000, 0x0000000702d00000| Untracked 
|  15|0x0000000702d00000, 0x0000000702e00000, 0x0000000702e00000|100%| O|  |TAMS 0x0000000702e00000, 0x0000000702e00000| Untracked 
|  16|0x0000000702e00000, 0x0000000702f00000, 0x0000000702f00000|100%| O|  |TAMS 0x0000000702f00000, 0x0000000702f00000| Untracked 
|  17|0x0000000702f00000, 0x0000000703000000, 0x0000000703000000|100%| O|  |TAMS 0x0000000703000000, 0x0000000703000000| Untracked 
|  18|0x0000000703000000, 0x0000000703100000, 0x0000000703100000|100%| O|  |TAMS 0x0000000703100000, 0x0000000703100000| Untracked 
|  19|0x0000000703100000, 0x0000000703200000, 0x0000000703200000|100%| O|  |TAMS 0x0000000703200000, 0x0000000703200000| Untracked 
|  20|0x0000000703200000, 0x0000000703300000, 0x0000000703300000|100%| O|  |TAMS 0x0000000703300000, 0x0000000703300000| Untracked 
|  21|0x0000000703300000, 0x0000000703400000, 0x0000000703400000|100%| O|  |TAMS 0x0000000703400000, 0x0000000703400000| Untracked 
|  22|0x0000000703400000, 0x0000000703500000, 0x0000000703500000|100%| O|  |TAMS 0x0000000703500000, 0x0000000703500000| Untracked 
|  23|0x0000000703500000, 0x0000000703600000, 0x0000000703600000|100%| O|  |TAMS 0x0000000703600000, 0x0000000703600000| Untracked 
|  24|0x0000000703600000, 0x0000000703700000, 0x0000000703700000|100%| O|  |TAMS 0x0000000703700000, 0x0000000703700000| Untracked 
|  25|0x0000000703700000, 0x0000000703800000, 0x0000000703800000|100%| O|  |TAMS 0x0000000703800000, 0x0000000703800000| Untracked 
|  26|0x0000000703800000, 0x0000000703900000, 0x0000000703900000|100%| O|  |TAMS 0x0000000703900000, 0x0000000703900000| Untracked 
|  27|0x0000000703900000, 0x0000000703a00000, 0x0000000703a00000|100%| O|  |TAMS 0x0000000703a00000, 0x0000000703a00000| Untracked 
|  28|0x0000000703a00000, 0x0000000703b00000, 0x0000000703b00000|100%| O|  |TAMS 0x0000000703b00000, 0x0000000703b00000| Untracked 
|  29|0x0000000703b00000, 0x0000000703bc2c00, 0x0000000703c00000| 76%| O|  |TAMS 0x0000000703bc2c00, 0x0000000703bc2c00| Untracked 
|  30|0x0000000703c00000, 0x0000000703c00000, 0x0000000703d00000|  0%| F|  |TAMS 0x0000000703c00000, 0x0000000703c00000| Untracked 
|  31|0x0000000703d00000, 0x0000000703d00000, 0x0000000703e00000|  0%| F|  |TAMS 0x0000000703d00000, 0x0000000703d00000| Untracked 
|  32|0x0000000703e00000, 0x0000000703e00000, 0x0000000703f00000|  0%| F|  |TAMS 0x0000000703e00000, 0x0000000703e00000| Untracked 
|  33|0x0000000703f00000, 0x0000000703f00000, 0x0000000704000000|  0%| F|  |TAMS 0x0000000703f00000, 0x0000000703f00000| Untracked 
|  34|0x0000000704000000, 0x0000000704000000, 0x0000000704100000|  0%| F|  |TAMS 0x0000000704000000, 0x0000000704000000| Untracked 
|  35|0x0000000704100000, 0x0000000704100000, 0x0000000704200000|  0%| F|  |TAMS 0x0000000704100000, 0x0000000704100000| Untracked 
|  36|0x0000000704200000, 0x0000000704200000, 0x0000000704300000|  0%| F|  |TAMS 0x0000000704200000, 0x0000000704200000| Untracked 
|  37|0x0000000704300000, 0x0000000704300000, 0x0000000704400000|  0%| F|  |TAMS 0x0000000704300000, 0x0000000704300000| Untracked 
|  38|0x0000000704400000, 0x0000000704400000, 0x0000000704500000|  0%| F|  |TAMS 0x0000000704400000, 0x0000000704400000| Untracked 
|  39|0x0000000704500000, 0x0000000704500000, 0x0000000704600000|  0%| F|  |TAMS 0x0000000704500000, 0x0000000704500000| Untracked 
|  40|0x0000000704600000, 0x0000000704600000, 0x0000000704700000|  0%| F|  |TAMS 0x0000000704600000, 0x0000000704600000| Untracked 
|  41|0x0000000704700000, 0x0000000704700000, 0x0000000704800000|  0%| F|  |TAMS 0x0000000704700000, 0x0000000704700000| Untracked 
|  42|0x0000000704800000, 0x0000000704800000, 0x0000000704900000|  0%| F|  |TAMS 0x0000000704800000, 0x0000000704800000| Untracked 
|  43|0x0000000704900000, 0x0000000704900000, 0x0000000704a00000|  0%| F|  |TAMS 0x0000000704900000, 0x0000000704900000| Untracked 
|  44|0x0000000704a00000, 0x0000000704a00000, 0x0000000704b00000|  0%| F|  |TAMS 0x0000000704a00000, 0x0000000704a00000| Untracked 
|  45|0x0000000704b00000, 0x0000000704b00000, 0x0000000704c00000|  0%| F|  |TAMS 0x0000000704b00000, 0x0000000704b00000| Untracked 
|  46|0x0000000704c00000, 0x0000000704c00000, 0x0000000704d00000|  0%| F|  |TAMS 0x0000000704c00000, 0x0000000704c00000| Untracked 
|  47|0x0000000704d00000, 0x0000000704d00000, 0x0000000704e00000|  0%| F|  |TAMS 0x0000000704d00000, 0x0000000704d00000| Untracked 
|  48|0x0000000704e00000, 0x0000000704e00000, 0x0000000704f00000|  0%| F|  |TAMS 0x0000000704e00000, 0x0000000704e00000| Untracked 
|  49|0x0000000704f00000, 0x0000000704f00000, 0x0000000705000000|  0%| F|  |TAMS 0x0000000704f00000, 0x0000000704f00000| Untracked 
|  50|0x0000000705000000, 0x0000000705000000, 0x0000000705100000|  0%| F|  |TAMS 0x0000000705000000, 0x0000000705000000| Untracked 
|  51|0x0000000705100000, 0x0000000705100000, 0x0000000705200000|  0%| F|  |TAMS 0x0000000705100000, 0x0000000705100000| Untracked 
|  52|0x0000000705200000, 0x0000000705200000, 0x0000000705300000|  0%| F|  |TAMS 0x0000000705200000, 0x0000000705200000| Untracked 
|  53|0x0000000705300000, 0x0000000705300000, 0x0000000705400000|  0%| F|  |TAMS 0x0000000705300000, 0x0000000705300000| Untracked 
|  54|0x0000000705400000, 0x0000000705400000, 0x0000000705500000|  0%| F|  |TAMS 0x0000000705400000, 0x0000000705400000| Untracked 
|  55|0x0000000705500000, 0x0000000705500000, 0x0000000705600000|  0%| F|  |TAMS 0x0000000705500000, 0x0000000705500000| Untracked 
|  56|0x0000000705600000, 0x0000000705600000, 0x0000000705700000|  0%| F|  |TAMS 0x0000000705600000, 0x0000000705600000| Untracked 
|  57|0x0000000705700000, 0x0000000705700000, 0x0000000705800000|  0%| F|  |TAMS 0x0000000705700000, 0x0000000705700000| Untracked 
|  58|0x0000000705800000, 0x0000000705800000, 0x0000000705900000|  0%| F|  |TAMS 0x0000000705800000, 0x0000000705800000| Untracked 
|  59|0x0000000705900000, 0x0000000705900000, 0x0000000705a00000|  0%| F|  |TAMS 0x0000000705900000, 0x0000000705900000| Untracked 
|  60|0x0000000705a00000, 0x0000000705a00000, 0x0000000705b00000|  0%| F|  |TAMS 0x0000000705a00000, 0x0000000705a00000| Untracked 
|  61|0x0000000705b00000, 0x0000000705b00000, 0x0000000705c00000|  0%| F|  |TAMS 0x0000000705b00000, 0x0000000705b00000| Untracked 
|  62|0x0000000705c00000, 0x0000000705c00000, 0x0000000705d00000|  0%| F|  |TAMS 0x0000000705c00000, 0x0000000705c00000| Untracked 
|  63|0x0000000705d00000, 0x0000000705d00000, 0x0000000705e00000|  0%| F|  |TAMS 0x0000000705d00000, 0x0000000705d00000| Untracked 
|  64|0x0000000705e00000, 0x0000000705e00000, 0x0000000705f00000|  0%| F|  |TAMS 0x0000000705e00000, 0x0000000705e00000| Untracked 
|  65|0x0000000705f00000, 0x0000000705f00000, 0x0000000706000000|  0%| F|  |TAMS 0x0000000705f00000, 0x0000000705f00000| Untracked 
|  66|0x0000000706000000, 0x0000000706000000, 0x0000000706100000|  0%| F|  |TAMS 0x0000000706000000, 0x0000000706000000| Untracked 
|  67|0x0000000706100000, 0x0000000706100000, 0x0000000706200000|  0%| F|  |TAMS 0x0000000706100000, 0x0000000706100000| Untracked 
|  68|0x0000000706200000, 0x0000000706200000, 0x0000000706300000|  0%| F|  |TAMS 0x0000000706200000, 0x0000000706200000| Untracked 
|  69|0x0000000706300000, 0x0000000706300000, 0x0000000706400000|  0%| F|  |TAMS 0x0000000706300000, 0x0000000706300000| Untracked 
|  70|0x0000000706400000, 0x0000000706400000, 0x0000000706500000|  0%| F|  |TAMS 0x0000000706400000, 0x0000000706400000| Untracked 
|  71|0x0000000706500000, 0x0000000706500000, 0x0000000706600000|  0%| F|  |TAMS 0x0000000706500000, 0x0000000706500000| Untracked 
|  72|0x0000000706600000, 0x0000000706600000, 0x0000000706700000|  0%| F|  |TAMS 0x0000000706600000, 0x0000000706600000| Untracked 
|  73|0x0000000706700000, 0x0000000706700000, 0x0000000706800000|  0%| F|  |TAMS 0x0000000706700000, 0x0000000706700000| Untracked 
|  74|0x0000000706800000, 0x0000000706800000, 0x0000000706900000|  0%| F|  |TAMS 0x0000000706800000, 0x0000000706800000| Untracked 
|  75|0x0000000706900000, 0x0000000706900000, 0x0000000706a00000|  0%| F|  |TAMS 0x0000000706900000, 0x0000000706900000| Untracked 
|  76|0x0000000706a00000, 0x0000000706a00000, 0x0000000706b00000|  0%| F|  |TAMS 0x0000000706a00000, 0x0000000706a00000| Untracked 
|  77|0x0000000706b00000, 0x0000000706b00000, 0x0000000706c00000|  0%| F|  |TAMS 0x0000000706b00000, 0x0000000706b00000| Untracked 
|  78|0x0000000706c00000, 0x0000000706c00000, 0x0000000706d00000|  0%| F|  |TAMS 0x0000000706c00000, 0x0000000706c00000| Untracked 
|  79|0x0000000706d00000, 0x0000000706d00000, 0x0000000706e00000|  0%| F|  |TAMS 0x0000000706d00000, 0x0000000706d00000| Untracked 
|  80|0x0000000706e00000, 0x0000000706e00000, 0x0000000706f00000|  0%| F|  |TAMS 0x0000000706e00000, 0x0000000706e00000| Untracked 
|  81|0x0000000706f00000, 0x0000000706f00000, 0x0000000707000000|  0%| F|  |TAMS 0x0000000706f00000, 0x0000000706f00000| Untracked 
|  82|0x0000000707000000, 0x0000000707000000, 0x0000000707100000|  0%| F|  |TAMS 0x0000000707000000, 0x0000000707000000| Untracked 
|  83|0x0000000707100000, 0x0000000707100000, 0x0000000707200000|  0%| F|  |TAMS 0x0000000707100000, 0x0000000707100000| Untracked 
|  84|0x0000000707200000, 0x0000000707200000, 0x0000000707300000|  0%| F|  |TAMS 0x0000000707200000, 0x0000000707200000| Untracked 
|  85|0x0000000707300000, 0x0000000707300000, 0x0000000707400000|  0%| F|  |TAMS 0x0000000707300000, 0x0000000707300000| Untracked 
|  86|0x0000000707400000, 0x0000000707400000, 0x0000000707500000|  0%| F|  |TAMS 0x0000000707400000, 0x0000000707400000| Untracked 
|  87|0x0000000707500000, 0x0000000707500000, 0x0000000707600000|  0%| F|  |TAMS 0x0000000707500000, 0x0000000707500000| Untracked 
|  88|0x0000000707600000, 0x0000000707600000, 0x0000000707700000|  0%| F|  |TAMS 0x0000000707600000, 0x0000000707600000| Untracked 
|  89|0x0000000707700000, 0x0000000707700000, 0x0000000707800000|  0%| F|  |TAMS 0x0000000707700000, 0x0000000707700000| Untracked 
|  90|0x0000000707800000, 0x0000000707800000, 0x0000000707900000|  0%| F|  |TAMS 0x0000000707800000, 0x0000000707800000| Untracked 
|  91|0x0000000707900000, 0x0000000707900000, 0x0000000707a00000|  0%| F|  |TAMS 0x0000000707900000, 0x0000000707900000| Untracked 
|  92|0x0000000707a00000, 0x0000000707a00000, 0x0000000707b00000|  0%| F|  |TAMS 0x0000000707a00000, 0x0000000707a00000| Untracked 
|  93|0x0000000707b00000, 0x0000000707b00000, 0x0000000707c00000|  0%| F|  |TAMS 0x0000000707b00000, 0x0000000707b00000| Untracked 
|  94|0x0000000707c00000, 0x0000000707c00000, 0x0000000707d00000|  0%| F|  |TAMS 0x0000000707c00000, 0x0000000707c00000| Untracked 
|  95|0x0000000707d00000, 0x0000000707d00000, 0x0000000707e00000|  0%| F|  |TAMS 0x0000000707d00000, 0x0000000707d00000| Untracked 
|  96|0x0000000707e00000, 0x0000000707e00000, 0x0000000707f00000|  0%| F|  |TAMS 0x0000000707e00000, 0x0000000707e00000| Untracked 
|  97|0x0000000707f00000, 0x0000000707f00000, 0x0000000708000000|  0%| F|  |TAMS 0x0000000707f00000, 0x0000000707f00000| Untracked 
|  98|0x0000000708000000, 0x0000000708000000, 0x0000000708100000|  0%| F|  |TAMS 0x0000000708000000, 0x0000000708000000| Untracked 
|  99|0x0000000708100000, 0x0000000708100000, 0x0000000708200000|  0%| F|  |TAMS 0x0000000708100000, 0x0000000708100000| Untracked 
| 100|0x0000000708200000, 0x0000000708200000, 0x0000000708300000|  0%| F|  |TAMS 0x0000000708200000, 0x0000000708200000| Untracked 
| 101|0x0000000708300000, 0x0000000708300000, 0x0000000708400000|  0%| F|  |TAMS 0x0000000708300000, 0x0000000708300000| Untracked 
| 102|0x0000000708400000, 0x0000000708400000, 0x0000000708500000|  0%| F|  |TAMS 0x0000000708400000, 0x0000000708400000| Untracked 
| 103|0x0000000708500000, 0x0000000708500000, 0x0000000708600000|  0%| F|  |TAMS 0x0000000708500000, 0x0000000708500000| Untracked 
| 104|0x0000000708600000, 0x0000000708600000, 0x0000000708700000|  0%| F|  |TAMS 0x0000000708600000, 0x0000000708600000| Untracked 
| 105|0x0000000708700000, 0x0000000708700000, 0x0000000708800000|  0%| F|  |TAMS 0x0000000708700000, 0x0000000708700000| Untracked 
| 106|0x0000000708800000, 0x0000000708800000, 0x0000000708900000|  0%| F|  |TAMS 0x0000000708800000, 0x0000000708800000| Untracked 
| 107|0x0000000708900000, 0x0000000708900000, 0x0000000708a00000|  0%| F|  |TAMS 0x0000000708900000, 0x0000000708900000| Untracked 
| 108|0x0000000708a00000, 0x0000000708a00000, 0x0000000708b00000|  0%| F|  |TAMS 0x0000000708a00000, 0x0000000708a00000| Untracked 
| 109|0x0000000708b00000, 0x0000000708b00000, 0x0000000708c00000|  0%| F|  |TAMS 0x0000000708b00000, 0x0000000708b00000| Untracked 
| 110|0x0000000708c00000, 0x0000000708c00000, 0x0000000708d00000|  0%| F|  |TAMS 0x0000000708c00000, 0x0000000708c00000| Untracked 
| 111|0x0000000708d00000, 0x0000000708d00000, 0x0000000708e00000|  0%| F|  |TAMS 0x0000000708d00000, 0x0000000708d00000| Untracked 
| 112|0x0000000708e00000, 0x0000000708e00000, 0x0000000708f00000|  0%| F|  |TAMS 0x0000000708e00000, 0x0000000708e00000| Untracked 
| 113|0x0000000708f00000, 0x0000000708f00000, 0x0000000709000000|  0%| F|  |TAMS 0x0000000708f00000, 0x0000000708f00000| Untracked 
| 114|0x0000000709000000, 0x0000000709000000, 0x0000000709100000|  0%| F|  |TAMS 0x0000000709000000, 0x0000000709000000| Untracked 
| 115|0x0000000709100000, 0x0000000709100000, 0x0000000709200000|  0%| F|  |TAMS 0x0000000709100000, 0x0000000709100000| Untracked 
| 116|0x0000000709200000, 0x0000000709200000, 0x0000000709300000|  0%| F|  |TAMS 0x0000000709200000, 0x0000000709200000| Untracked 
| 117|0x0000000709300000, 0x0000000709300000, 0x0000000709400000|  0%| F|  |TAMS 0x0000000709300000, 0x0000000709300000| Untracked 
| 118|0x0000000709400000, 0x0000000709400000, 0x0000000709500000|  0%| F|  |TAMS 0x0000000709400000, 0x0000000709400000| Untracked 
| 119|0x0000000709500000, 0x0000000709500000, 0x0000000709600000|  0%| F|  |TAMS 0x0000000709500000, 0x0000000709500000| Untracked 
| 120|0x0000000709600000, 0x0000000709600000, 0x0000000709700000|  0%| F|  |TAMS 0x0000000709600000, 0x0000000709600000| Untracked 
| 121|0x0000000709700000, 0x0000000709700000, 0x0000000709800000|  0%| F|  |TAMS 0x0000000709700000, 0x0000000709700000| Untracked 
| 122|0x0000000709800000, 0x0000000709800000, 0x0000000709900000|  0%| F|  |TAMS 0x0000000709800000, 0x0000000709800000| Untracked 
| 123|0x0000000709900000, 0x0000000709900000, 0x0000000709a00000|  0%| F|  |TAMS 0x0000000709900000, 0x0000000709900000| Untracked 
| 124|0x0000000709a00000, 0x0000000709a00000, 0x0000000709b00000|  0%| F|  |TAMS 0x0000000709a00000, 0x0000000709a00000| Untracked 
| 125|0x0000000709b00000, 0x0000000709b00000, 0x0000000709c00000|  0%| F|  |TAMS 0x0000000709b00000, 0x0000000709b00000| Untracked 
| 126|0x0000000709c00000, 0x0000000709c00000, 0x0000000709d00000|  0%| F|  |TAMS 0x0000000709c00000, 0x0000000709c00000| Untracked 
| 127|0x0000000709d00000, 0x0000000709d00000, 0x0000000709e00000|  0%| F|  |TAMS 0x0000000709d00000, 0x0000000709d00000| Untracked 
| 128|0x0000000709e00000, 0x0000000709e00000, 0x0000000709f00000|  0%| F|  |TAMS 0x0000000709e00000, 0x0000000709e00000| Untracked 
| 129|0x0000000709f00000, 0x0000000709f00000, 0x000000070a000000|  0%| F|  |TAMS 0x0000000709f00000, 0x0000000709f00000| Untracked 
| 130|0x000000070a000000, 0x000000070a000000, 0x000000070a100000|  0%| F|  |TAMS 0x000000070a000000, 0x000000070a000000| Untracked 
| 131|0x000000070a100000, 0x000000070a100000, 0x000000070a200000|  0%| F|  |TAMS 0x000000070a100000, 0x000000070a100000| Untracked 
| 132|0x000000070a200000, 0x000000070a200000, 0x000000070a300000|  0%| F|  |TAMS 0x000000070a200000, 0x000000070a200000| Untracked 
| 133|0x000000070a300000, 0x000000070a300000, 0x000000070a400000|  0%| F|  |TAMS 0x000000070a300000, 0x000000070a300000| Untracked 
| 134|0x000000070a400000, 0x000000070a400000, 0x000000070a500000|  0%| F|  |TAMS 0x000000070a400000, 0x000000070a400000| Untracked 
| 135|0x000000070a500000, 0x000000070a500000, 0x000000070a600000|  0%| F|  |TAMS 0x000000070a500000, 0x000000070a500000| Untracked 
| 136|0x000000070a600000, 0x000000070a600000, 0x000000070a700000|  0%| F|  |TAMS 0x000000070a600000, 0x000000070a600000| Untracked 
| 137|0x000000070a700000, 0x000000070a700000, 0x000000070a800000|  0%| F|  |TAMS 0x000000070a700000, 0x000000070a700000| Untracked 
| 138|0x000000070a800000, 0x000000070a800000, 0x000000070a900000|  0%| F|  |TAMS 0x000000070a800000, 0x000000070a800000| Untracked 
| 139|0x000000070a900000, 0x000000070a900000, 0x000000070aa00000|  0%| F|  |TAMS 0x000000070a900000, 0x000000070a900000| Untracked 
| 140|0x000000070aa00000, 0x000000070aa00000, 0x000000070ab00000|  0%| F|  |TAMS 0x000000070aa00000, 0x000000070aa00000| Untracked 
| 141|0x000000070ab00000, 0x000000070ab00000, 0x000000070ac00000|  0%| F|  |TAMS 0x000000070ab00000, 0x000000070ab00000| Untracked 
| 142|0x000000070ac00000, 0x000000070ac00000, 0x000000070ad00000|  0%| F|  |TAMS 0x000000070ac00000, 0x000000070ac00000| Untracked 
| 143|0x000000070ad00000, 0x000000070ad00000, 0x000000070ae00000|  0%| F|  |TAMS 0x000000070ad00000, 0x000000070ad00000| Untracked 
| 144|0x000000070ae00000, 0x000000070ae00000, 0x000000070af00000|  0%| F|  |TAMS 0x000000070ae00000, 0x000000070ae00000| Untracked 
| 145|0x000000070af00000, 0x000000070af00000, 0x000000070b000000|  0%| F|  |TAMS 0x000000070af00000, 0x000000070af00000| Untracked 
| 146|0x000000070b000000, 0x000000070b000000, 0x000000070b100000|  0%| F|  |TAMS 0x000000070b000000, 0x000000070b000000| Untracked 
| 147|0x000000070b100000, 0x000000070b100000, 0x000000070b200000|  0%| F|  |TAMS 0x000000070b100000, 0x000000070b100000| Untracked 
| 148|0x000000070b200000, 0x000000070b200000, 0x000000070b300000|  0%| F|  |TAMS 0x000000070b200000, 0x000000070b200000| Untracked 
| 149|0x000000070b300000, 0x000000070b300000, 0x000000070b400000|  0%| F|  |TAMS 0x000000070b300000, 0x000000070b300000| Untracked 
| 150|0x000000070b400000, 0x000000070b400000, 0x000000070b500000|  0%| F|  |TAMS 0x000000070b400000, 0x000000070b400000| Untracked 
| 151|0x000000070b500000, 0x000000070b500000, 0x000000070b600000|  0%| F|  |TAMS 0x000000070b500000, 0x000000070b500000| Untracked 
| 152|0x000000070b600000, 0x000000070b600000, 0x000000070b700000|  0%| F|  |TAMS 0x000000070b600000, 0x000000070b600000| Untracked 
| 153|0x000000070b700000, 0x000000070b700000, 0x000000070b800000|  0%| F|  |TAMS 0x000000070b700000, 0x000000070b700000| Untracked 
| 154|0x000000070b800000, 0x000000070b800000, 0x000000070b900000|  0%| F|  |TAMS 0x000000070b800000, 0x000000070b800000| Untracked 
| 155|0x000000070b900000, 0x000000070b900000, 0x000000070ba00000|  0%| F|  |TAMS 0x000000070b900000, 0x000000070b900000| Untracked 
| 156|0x000000070ba00000, 0x000000070ba00000, 0x000000070bb00000|  0%| F|  |TAMS 0x000000070ba00000, 0x000000070ba00000| Untracked 
| 157|0x000000070bb00000, 0x000000070bb00000, 0x000000070bc00000|  0%| F|  |TAMS 0x000000070bb00000, 0x000000070bb00000| Untracked 
| 158|0x000000070bc00000, 0x000000070bc00000, 0x000000070bd00000|  0%| F|  |TAMS 0x000000070bc00000, 0x000000070bc00000| Untracked 
| 159|0x000000070bd00000, 0x000000070bd00000, 0x000000070be00000|  0%| F|  |TAMS 0x000000070bd00000, 0x000000070bd00000| Untracked 
| 160|0x000000070be00000, 0x000000070be00000, 0x000000070bf00000|  0%| F|  |TAMS 0x000000070be00000, 0x000000070be00000| Untracked 
| 161|0x000000070bf00000, 0x000000070bf00000, 0x000000070c000000|  0%| F|  |TAMS 0x000000070bf00000, 0x000000070bf00000| Untracked 
| 162|0x000000070c000000, 0x000000070c000000, 0x000000070c100000|  0%| F|  |TAMS 0x000000070c000000, 0x000000070c000000| Untracked 
| 163|0x000000070c100000, 0x000000070c100000, 0x000000070c200000|  0%| F|  |TAMS 0x000000070c100000, 0x000000070c100000| Untracked 
| 164|0x000000070c200000, 0x000000070c200000, 0x000000070c300000|  0%| F|  |TAMS 0x000000070c200000, 0x000000070c200000| Untracked 
| 165|0x000000070c300000, 0x000000070c300000, 0x000000070c400000|  0%| F|  |TAMS 0x000000070c300000, 0x000000070c300000| Untracked 
| 166|0x000000070c400000, 0x000000070c400000, 0x000000070c500000|  0%| F|  |TAMS 0x000000070c400000, 0x000000070c400000| Untracked 
| 167|0x000000070c500000, 0x000000070c500000, 0x000000070c600000|  0%| F|  |TAMS 0x000000070c500000, 0x000000070c500000| Untracked 
| 168|0x000000070c600000, 0x000000070c600000, 0x000000070c700000|  0%| F|  |TAMS 0x000000070c600000, 0x000000070c600000| Untracked 
| 169|0x000000070c700000, 0x000000070c700000, 0x000000070c800000|  0%| F|  |TAMS 0x000000070c700000, 0x000000070c700000| Untracked 
| 170|0x000000070c800000, 0x000000070c800000, 0x000000070c900000|  0%| F|  |TAMS 0x000000070c800000, 0x000000070c800000| Untracked 
| 171|0x000000070c900000, 0x000000070c900000, 0x000000070ca00000|  0%| F|  |TAMS 0x000000070c900000, 0x000000070c900000| Untracked 
| 172|0x000000070ca00000, 0x000000070ca00000, 0x000000070cb00000|  0%| F|  |TAMS 0x000000070ca00000, 0x000000070ca00000| Untracked 
| 173|0x000000070cb00000, 0x000000070cb00000, 0x000000070cc00000|  0%| F|  |TAMS 0x000000070cb00000, 0x000000070cb00000| Untracked 
| 174|0x000000070cc00000, 0x000000070cc00000, 0x000000070cd00000|  0%| F|  |TAMS 0x000000070cc00000, 0x000000070cc00000| Untracked 
| 175|0x000000070cd00000, 0x000000070cd00000, 0x000000070ce00000|  0%| F|  |TAMS 0x000000070cd00000, 0x000000070cd00000| Untracked 
| 176|0x000000070ce00000, 0x000000070ce00000, 0x000000070cf00000|  0%| F|  |TAMS 0x000000070ce00000, 0x000000070ce00000| Untracked 
| 177|0x000000070cf00000, 0x000000070cf00000, 0x000000070d000000|  0%| F|  |TAMS 0x000000070cf00000, 0x000000070cf00000| Untracked 
| 178|0x000000070d000000, 0x000000070d000000, 0x000000070d100000|  0%| F|  |TAMS 0x000000070d000000, 0x000000070d000000| Untracked 
| 179|0x000000070d100000, 0x000000070d100000, 0x000000070d200000|  0%| F|  |TAMS 0x000000070d100000, 0x000000070d100000| Untracked 
| 180|0x000000070d200000, 0x000000070d200000, 0x000000070d300000|  0%| F|  |TAMS 0x000000070d200000, 0x000000070d200000| Untracked 
| 181|0x000000070d300000, 0x000000070d300000, 0x000000070d400000|  0%| F|  |TAMS 0x000000070d300000, 0x000000070d300000| Untracked 
| 182|0x000000070d400000, 0x000000070d400000, 0x000000070d500000|  0%| F|  |TAMS 0x000000070d400000, 0x000000070d400000| Untracked 
| 183|0x000000070d500000, 0x000000070d500000, 0x000000070d600000|  0%| F|  |TAMS 0x000000070d500000, 0x000000070d500000| Untracked 
| 184|0x000000070d600000, 0x000000070d600000, 0x000000070d700000|  0%| F|  |TAMS 0x000000070d600000, 0x000000070d600000| Untracked 
| 185|0x000000070d700000, 0x000000070d700000, 0x000000070d800000|  0%| F|  |TAMS 0x000000070d700000, 0x000000070d700000| Untracked 
| 186|0x000000070d800000, 0x000000070d800000, 0x000000070d900000|  0%| F|  |TAMS 0x000000070d800000, 0x000000070d800000| Untracked 
| 187|0x000000070d900000, 0x000000070d900000, 0x000000070da00000|  0%| F|  |TAMS 0x000000070d900000, 0x000000070d900000| Untracked 
| 188|0x000000070da00000, 0x000000070da00000, 0x000000070db00000|  0%| F|  |TAMS 0x000000070da00000, 0x000000070da00000| Untracked 
| 189|0x000000070db00000, 0x000000070db00000, 0x000000070dc00000|  0%| F|  |TAMS 0x000000070db00000, 0x000000070db00000| Untracked 
| 190|0x000000070dc00000, 0x000000070dc00000, 0x000000070dd00000|  0%| F|  |TAMS 0x000000070dc00000, 0x000000070dc00000| Untracked 
| 191|0x000000070dd00000, 0x000000070dd00000, 0x000000070de00000|  0%| F|  |TAMS 0x000000070dd00000, 0x000000070dd00000| Untracked 
| 192|0x000000070de00000, 0x000000070de00000, 0x000000070df00000|  0%| F|  |TAMS 0x000000070de00000, 0x000000070de00000| Untracked 
| 193|0x000000070df00000, 0x000000070df00000, 0x000000070e000000|  0%| F|  |TAMS 0x000000070df00000, 0x000000070df00000| Untracked 
| 194|0x000000070e000000, 0x000000070e000000, 0x000000070e100000|  0%| F|  |TAMS 0x000000070e000000, 0x000000070e000000| Untracked 
| 195|0x000000070e100000, 0x000000070e100000, 0x000000070e200000|  0%| F|  |TAMS 0x000000070e100000, 0x000000070e100000| Untracked 
| 196|0x000000070e200000, 0x000000070e200000, 0x000000070e300000|  0%| F|  |TAMS 0x000000070e200000, 0x000000070e200000| Untracked 
| 197|0x000000070e300000, 0x000000070e36ebf0, 0x000000070e400000| 43%| S|CS|TAMS 0x000000070e300000, 0x000000070e300000| Complete 
| 198|0x000000070e400000, 0x000000070e500000, 0x000000070e500000|100%| S|CS|TAMS 0x000000070e400000, 0x000000070e400000| Complete 
| 199|0x000000070e500000, 0x000000070e600000, 0x000000070e600000|100%| S|CS|TAMS 0x000000070e500000, 0x000000070e500000| Complete 
| 200|0x000000070e600000, 0x000000070e700000, 0x000000070e700000|100%| S|CS|TAMS 0x000000070e600000, 0x000000070e600000| Complete 
| 201|0x000000070e700000, 0x000000070e800000, 0x000000070e800000|100%| S|CS|TAMS 0x000000070e700000, 0x000000070e700000| Complete 
| 202|0x000000070e800000, 0x000000070e900000, 0x000000070e900000|100%| S|CS|TAMS 0x000000070e800000, 0x000000070e800000| Complete 
| 203|0x000000070e900000, 0x000000070ea00000, 0x000000070ea00000|100%| S|CS|TAMS 0x000000070e900000, 0x000000070e900000| Complete 
| 204|0x000000070ea00000, 0x000000070eb00000, 0x000000070eb00000|100%| S|CS|TAMS 0x000000070ea00000, 0x000000070ea00000| Complete 
| 205|0x000000070eb00000, 0x000000070ec00000, 0x000000070ec00000|100%| S|CS|TAMS 0x000000070eb00000, 0x000000070eb00000| Complete 
| 206|0x000000070ec00000, 0x000000070ed00000, 0x000000070ed00000|100%| S|CS|TAMS 0x000000070ec00000, 0x000000070ec00000| Complete 
| 207|0x000000070ed00000, 0x000000070ee00000, 0x000000070ee00000|100%| S|CS|TAMS 0x000000070ed00000, 0x000000070ed00000| Complete 
| 208|0x000000070ee00000, 0x000000070ef00000, 0x000000070ef00000|100%| S|CS|TAMS 0x000000070ee00000, 0x000000070ee00000| Complete 
| 209|0x000000070ef00000, 0x000000070f000000, 0x000000070f000000|100%| S|CS|TAMS 0x000000070ef00000, 0x000000070ef00000| Complete 
| 210|0x000000070f000000, 0x000000070f000000, 0x000000070f100000|  0%| F|  |TAMS 0x000000070f000000, 0x000000070f000000| Untracked 
| 211|0x000000070f100000, 0x000000070f100000, 0x000000070f200000|  0%| F|  |TAMS 0x000000070f100000, 0x000000070f100000| Untracked 
| 212|0x000000070f200000, 0x000000070f200000, 0x000000070f300000|  0%| F|  |TAMS 0x000000070f200000, 0x000000070f200000| Untracked 
| 213|0x000000070f300000, 0x000000070f300000, 0x000000070f400000|  0%| F|  |TAMS 0x000000070f300000, 0x000000070f300000| Untracked 
| 214|0x000000070f400000, 0x000000070f400000, 0x000000070f500000|  0%| F|  |TAMS 0x000000070f400000, 0x000000070f400000| Untracked 
| 215|0x000000070f500000, 0x000000070f500000, 0x000000070f600000|  0%| F|  |TAMS 0x000000070f500000, 0x000000070f500000| Untracked 
| 216|0x000000070f600000, 0x000000070f600000, 0x000000070f700000|  0%| F|  |TAMS 0x000000070f600000, 0x000000070f600000| Untracked 
| 217|0x000000070f700000, 0x000000070f700000, 0x000000070f800000|  0%| F|  |TAMS 0x000000070f700000, 0x000000070f700000| Untracked 
| 218|0x000000070f800000, 0x000000070f800000, 0x000000070f900000|  0%| F|  |TAMS 0x000000070f800000, 0x000000070f800000| Untracked 
| 219|0x000000070f900000, 0x000000070f900000, 0x000000070fa00000|  0%| F|  |TAMS 0x000000070f900000, 0x000000070f900000| Untracked 
| 220|0x000000070fa00000, 0x000000070fa00000, 0x000000070fb00000|  0%| F|  |TAMS 0x000000070fa00000, 0x000000070fa00000| Untracked 
| 221|0x000000070fb00000, 0x000000070fb00000, 0x000000070fc00000|  0%| F|  |TAMS 0x000000070fb00000, 0x000000070fb00000| Untracked 
| 222|0x000000070fc00000, 0x000000070fc00000, 0x000000070fd00000|  0%| F|  |TAMS 0x000000070fc00000, 0x000000070fc00000| Untracked 
| 223|0x000000070fd00000, 0x000000070fd00000, 0x000000070fe00000|  0%| F|  |TAMS 0x000000070fd00000, 0x000000070fd00000| Untracked 
| 224|0x000000070fe00000, 0x000000070fe00000, 0x000000070ff00000|  0%| F|  |TAMS 0x000000070fe00000, 0x000000070fe00000| Untracked 
| 225|0x000000070ff00000, 0x000000070ff00000, 0x0000000710000000|  0%| F|  |TAMS 0x000000070ff00000, 0x000000070ff00000| Untracked 
| 226|0x0000000710000000, 0x0000000710000000, 0x0000000710100000|  0%| F|  |TAMS 0x0000000710000000, 0x0000000710000000| Untracked 
| 227|0x0000000710100000, 0x0000000710100000, 0x0000000710200000|  0%| F|  |TAMS 0x0000000710100000, 0x0000000710100000| Untracked 
| 228|0x0000000710200000, 0x0000000710200000, 0x0000000710300000|  0%| F|  |TAMS 0x0000000710200000, 0x0000000710200000| Untracked 
| 229|0x0000000710300000, 0x0000000710300000, 0x0000000710400000|  0%| F|  |TAMS 0x0000000710300000, 0x0000000710300000| Untracked 
| 230|0x0000000710400000, 0x0000000710400000, 0x0000000710500000|  0%| F|  |TAMS 0x0000000710400000, 0x0000000710400000| Untracked 
| 231|0x0000000710500000, 0x0000000710500000, 0x0000000710600000|  0%| F|  |TAMS 0x0000000710500000, 0x0000000710500000| Untracked 
| 232|0x0000000710600000, 0x0000000710600000, 0x0000000710700000|  0%| F|  |TAMS 0x0000000710600000, 0x0000000710600000| Untracked 
| 233|0x0000000710700000, 0x0000000710700000, 0x0000000710800000|  0%| F|  |TAMS 0x0000000710700000, 0x0000000710700000| Untracked 
| 234|0x0000000710800000, 0x0000000710800000, 0x0000000710900000|  0%| F|  |TAMS 0x0000000710800000, 0x0000000710800000| Untracked 
| 235|0x0000000710900000, 0x0000000710900000, 0x0000000710a00000|  0%| F|  |TAMS 0x0000000710900000, 0x0000000710900000| Untracked 
| 236|0x0000000710a00000, 0x0000000710a00000, 0x0000000710b00000|  0%| F|  |TAMS 0x0000000710a00000, 0x0000000710a00000| Untracked 
| 237|0x0000000710b00000, 0x0000000710b00000, 0x0000000710c00000|  0%| F|  |TAMS 0x0000000710b00000, 0x0000000710b00000| Untracked 
| 238|0x0000000710c00000, 0x0000000710c00000, 0x0000000710d00000|  0%| F|  |TAMS 0x0000000710c00000, 0x0000000710c00000| Untracked 
| 239|0x0000000710d00000, 0x0000000710d00000, 0x0000000710e00000|  0%| F|  |TAMS 0x0000000710d00000, 0x0000000710d00000| Untracked 
| 240|0x0000000710e00000, 0x0000000710e00000, 0x0000000710f00000|  0%| F|  |TAMS 0x0000000710e00000, 0x0000000710e00000| Untracked 
| 241|0x0000000710f00000, 0x0000000710f00000, 0x0000000711000000|  0%| F|  |TAMS 0x0000000710f00000, 0x0000000710f00000| Untracked 
| 242|0x0000000711000000, 0x0000000711000000, 0x0000000711100000|  0%| F|  |TAMS 0x0000000711000000, 0x0000000711000000| Untracked 
| 243|0x0000000711100000, 0x0000000711100000, 0x0000000711200000|  0%| F|  |TAMS 0x0000000711100000, 0x0000000711100000| Untracked 
| 244|0x0000000711200000, 0x0000000711200000, 0x0000000711300000|  0%| F|  |TAMS 0x0000000711200000, 0x0000000711200000| Untracked 
| 245|0x0000000711300000, 0x0000000711300000, 0x0000000711400000|  0%| F|  |TAMS 0x0000000711300000, 0x0000000711300000| Untracked 
| 246|0x0000000711400000, 0x0000000711400000, 0x0000000711500000|  0%| F|  |TAMS 0x0000000711400000, 0x0000000711400000| Untracked 
| 247|0x0000000711500000, 0x0000000711500000, 0x0000000711600000|  0%| F|  |TAMS 0x0000000711500000, 0x0000000711500000| Untracked 
| 248|0x0000000711600000, 0x0000000711600000, 0x0000000711700000|  0%| F|  |TAMS 0x0000000711600000, 0x0000000711600000| Untracked 
| 249|0x0000000711700000, 0x0000000711700000, 0x0000000711800000|  0%| F|  |TAMS 0x0000000711700000, 0x0000000711700000| Untracked 
| 250|0x0000000711800000, 0x0000000711800000, 0x0000000711900000|  0%| F|  |TAMS 0x0000000711800000, 0x0000000711800000| Untracked 
| 251|0x0000000711900000, 0x0000000711900000, 0x0000000711a00000|  0%| F|  |TAMS 0x0000000711900000, 0x0000000711900000| Untracked 
| 252|0x0000000711a00000, 0x0000000711a00000, 0x0000000711b00000|  0%| F|  |TAMS 0x0000000711a00000, 0x0000000711a00000| Untracked 
| 253|0x0000000711b00000, 0x0000000711b00000, 0x0000000711c00000|  0%| F|  |TAMS 0x0000000711b00000, 0x0000000711b00000| Untracked 
| 254|0x0000000711c00000, 0x0000000711c00000, 0x0000000711d00000|  0%| F|  |TAMS 0x0000000711c00000, 0x0000000711c00000| Untracked 
| 255|0x0000000711d00000, 0x0000000711d00000, 0x0000000711e00000|  0%| F|  |TAMS 0x0000000711d00000, 0x0000000711d00000| Untracked 

Card table byte_map: [0x000002a844150000,0x000002a844950000] _byte_map_base: 0x000002a840941000

Marking Bits (Prev, Next): (CMBitMap*) 0x000002a82bfbbf30, (CMBitMap*) 0x000002a82bfbbef8
 Prev Bits: [0x000002a8490e0000, 0x000002a84d068000)
 Next Bits: [0x000002a845150000, 0x000002a8490d8000)

Polling page: 0x000002a829f10000

Metaspace:

Usage:
  Non-class:     63.92 MB capacity,    62.84 MB ( 98%) used,   880.73 KB (  1%) free+waste,   230.88 KB ( <1%) overhead. 
      Class:      9.81 MB capacity,     9.09 MB ( 93%) used,   617.84 KB (  6%) free+waste,   112.69 KB (  1%) overhead. 
       Both:     73.73 MB capacity,    71.93 MB ( 98%) used,     1.46 MB (  2%) free+waste,   343.56 KB ( <1%) overhead. 

Virtual space:
  Non-class space:       76.00 MB reserved,      63.95 MB ( 84%) committed 
      Class space:        1.00 GB reserved,       9.88 MB ( <1%) committed 
             Both:        1.07 GB reserved,      73.83 MB (  7%) committed 

Chunk freelists:
   Non-Class:  3.75 KB
       Class:  768 bytes
        Both:  4.50 KB

CodeHeap 'non-profiled nmethods': size=238336Kb used=10990Kb max_used=10990Kb free=227345Kb
 bounds [0x000002a834b30000, 0x000002a8355f0000, 0x000002a8433f0000]
CodeHeap 'non-nmethods': size=7424Kb used=1292Kb max_used=1292Kb free=6131Kb
 bounds [0x000002a8343f0000, 0x000002a834660000, 0x000002a834b30000]
 total_blobs=7367 nmethods=6686 adapters=606
 compilation: enabled
              stopped_count=0, restarted_count=0
 full_count=0

Compilation events (10 events):
Event: 17.029 Thread 0x000002a850751000 6682       1       java.lang.reflect.ProxyGenerator$ProxyMethod::generateMethod (733 bytes)
Event: 17.034 Thread 0x000002a850751000 nmethod 6682 0x000002a8355e1f10 code [0x000002a8355e2640, 0x000002a8355e5728]
Event: 17.034 Thread 0x000002a850751000 6685       1       java.lang.reflect.ProxyGenerator$MethodInfo::write (283 bytes)
Event: 17.036 Thread 0x000002a850751000 nmethod 6685 0x000002a8355e7190 code [0x000002a8355e7600, 0x000002a8355e8e68]
Event: 17.036 Thread 0x000002a850751000 6683       1       java.lang.reflect.ProxyGenerator$ConstantPool::getInterfaceMethodRef (33 bytes)
Event: 17.036 Thread 0x000002a850751000 nmethod 6683 0x000002a8355e9890 code [0x000002a8355e9ac0, 0x000002a8355ea068]
Event: 17.036 Thread 0x000002a850751000 6684       1       java.lang.reflect.ProxyGenerator$ProxyMethod::codeWrapArgument (171 bytes)
Event: 17.037 Thread 0x000002a850751000 nmethod 6684 0x000002a8355ea310 code [0x000002a8355ea5e0, 0x000002a8355eaf78]
Event: 17.064 Thread 0x000002a850751000 6686       1       java.lang.ThreadLocal$ThreadLocalMap::getEntryAfterMiss (63 bytes)
Event: 17.064 Thread 0x000002a850751000 nmethod 6686 0x000002a8355eb510 code [0x000002a8355eb6c0, 0x000002a8355eb8c8]

GC Heap History (10 events):
Event: 12.671 GC heap before
{Heap before GC invocations=8 (full 0):
 garbage-first heap   total 262144K, used 168726K [0x0000000701e00000, 0x0000000800000000)
  region size 1024K, 153 young (156672K), 14 survivors (14336K)
 Metaspace       used 52733K, capacity 54010K, committed 54096K, reserved 1095680K
  class space    used 6689K, capacity 7230K, committed 7296K, reserved 1048576K
}
Event: 12.686 GC heap after
{Heap after GC invocations=9 (full 0):
 garbage-first heap   total 262144K, used 30584K [0x0000000701e00000, 0x0000000800000000)
  region size 1024K, 14 young (14336K), 14 survivors (14336K)
 Metaspace       used 52733K, capacity 54010K, committed 54096K, reserved 1095680K
  class space    used 6689K, capacity 7230K, committed 7296K, reserved 1048576K
}
Event: 14.081 GC heap before
{Heap before GC invocations=9 (full 0):
 garbage-first heap   total 262144K, used 177016K [0x0000000701e00000, 0x0000000800000000)
  region size 1024K, 153 young (156672K), 14 survivors (14336K)
 Metaspace       used 58551K, capacity 60150K, committed 60368K, reserved 1101824K
  class space    used 7479K, capacity 8140K, committed 8192K, reserved 1048576K
}
Event: 14.096 GC heap after
{Heap after GC invocations=10 (full 0):
 garbage-first heap   total 262144K, used 35963K [0x0000000701e00000, 0x0000000800000000)
  region size 1024K, 12 young (12288K), 12 survivors (12288K)
 Metaspace       used 58551K, capacity 60150K, committed 60368K, reserved 1101824K
  class space    used 7479K, capacity 8140K, committed 8192K, reserved 1048576K
}
Event: 14.104 GC heap before
{Heap before GC invocations=10 (full 0):
 garbage-first heap   total 262144K, used 36987K [0x0000000701e00000, 0x0000000800000000)
  region size 1024K, 14 young (14336K), 12 survivors (12288K)
 Metaspace       used 58678K, capacity 60372K, committed 60508K, reserved 1101824K
  class space    used 7501K, capacity 8192K, committed 8192K, reserved 1048576K
}
Event: 14.114 GC heap after
{Heap after GC invocations=11 (full 0):
 garbage-first heap   total 262144K, used 36422K [0x0000000701e00000, 0x0000000800000000)
  region size 1024K, 6 young (6144K), 6 survivors (6144K)
 Metaspace       used 58678K, capacity 60372K, committed 60508K, reserved 1101824K
  class space    used 7501K, capacity 8192K, committed 8192K, reserved 1048576K
}
Event: 15.826 GC heap before
{Heap before GC invocations=12 (full 0):
 garbage-first heap   total 262144K, used 186950K [0x0000000701e00000, 0x0000000800000000)
  region size 1024K, 153 young (156672K), 6 survivors (6144K)
 Metaspace       used 69012K, capacity 70817K, committed 70864K, reserved 1110016K
  class space    used 8743K, capacity 9433K, committed 9472K, reserved 1048576K
}
Event: 15.834 GC heap after
{Heap after GC invocations=13 (full 0):
 garbage-first heap   total 262144K, used 40869K [0x0000000701e00000, 0x0000000800000000)
  region size 1024K, 11 young (11264K), 11 survivors (11264K)
 Metaspace       used 69012K, capacity 70817K, committed 70864K, reserved 1110016K
  class space    used 8743K, capacity 9433K, committed 9472K, reserved 1048576K
}
Event: 17.070 GC heap before
{Heap before GC invocations=13 (full 0):
 garbage-first heap   total 262144K, used 86949K [0x0000000701e00000, 0x0000000800000000)
  region size 1024K, 57 young (58368K), 11 survivors (11264K)
 Metaspace       used 73657K, capacity 75500K, committed 75600K, reserved 1124352K
  class space    used 9311K, capacity 10042K, committed 10112K, reserved 1048576K
}
Event: 17.080 GC heap after
{Heap after GC invocations=14 (full 0):
 garbage-first heap   total 262144K, used 43205K [0x0000000701e00000, 0x0000000800000000)
  region size 1024K, 13 young (13312K), 13 survivors (13312K)
 Metaspace       used 73657K, capacity 75500K, committed 75600K, reserved 1124352K
  class space    used 9311K, capacity 10042K, committed 10112K, reserved 1048576K
}

Deoptimization events (0 events):
No events

Classes redefined (0 events):
No events

Internal exceptions (10 events):
Event: 14.838 Thread 0x000002a82bf58800 Exception <a 'java/lang/ClassNotFoundException'{0x000000070e091ae8}: java/util/EventListenerCustomizer> (0x000000070e091ae8) thrown at [./open/src/hotspot/share/classfile/systemDictionary.cpp, line 228]
Event: 16.668 Thread 0x000002a82bf58800 Exception <a 'java/io/FileNotFoundException'{0x0000000711c64b78}> (0x0000000711c64b78) thrown at [./open/src/hotspot/share/prims/jni.cpp, line 611]
Event: 16.703 Thread 0x000002a82bf58800 Exception <a 'java/lang/UnsatisfiedLinkError'{0x000000071184e5e0}: io.netty.channel.kqueue.Native.sizeofKEvent()I> (0x000000071184e5e0) thrown at [./open/src/hotspot/share/prims/nativeLookup.cpp, line 521]
Event: 16.703 Thread 0x000002a82bf58800 Exception <a 'java/lang/ExceptionInInitializerError'{0x000000071184fbe8}> (0x000000071184fbe8) thrown at [./open/src/hotspot/share/oops/instanceKlass.cpp, line 1034]
Event: 16.708 Thread 0x000002a82bf58800 Exception <a 'java/lang/UnsatisfiedLinkError'{0x00000007118cf6d8}: io.netty.channel.epoll.Native.offsetofEpollData()I> (0x00000007118cf6d8) thrown at [./open/src/hotspot/share/prims/nativeLookup.cpp, line 521]
Event: 16.709 Thread 0x000002a82bf58800 Exception <a 'java/lang/ExceptionInInitializerError'{0x00000007118d0cc0}> (0x00000007118d0cc0) thrown at [./open/src/hotspot/share/oops/instanceKlass.cpp, line 1034]
Event: 16.796 Thread 0x000002a82bf58800 Exception <a 'java/lang/NoSuchMethodError'{0x0000000710f01880}: java.lang.invoke.DirectMethodHandle$Holder.invokeVirtual(Ljava/lang/Object;Ljava/lang/Object;)V> (0x0000000710f01880) thrown at [./open/src/hotspot/share/interpreter/linkResolver.cpp, line 77
Event: 16.864 Thread 0x000002a82bf58800 Exception <a 'java/lang/NoSuchMethodError'{0x00000007109d3620}: java.lang.invoke.DirectMethodHandle$Holder.invokeStatic(Ljava/lang/Object;J)Ljava/lang/Object;> (0x00000007109d3620) thrown at [./open/src/hotspot/share/interpreter/linkResolver.cpp, line 772
Event: 16.865 Thread 0x000002a82bf58800 Exception <a 'java/lang/NoSuchMethodError'{0x00000007109d8ce0}: java.lang.invoke.DirectMethodHandle$Holder.invokeStaticInit(Ljava/lang/Object;J)Ljava/lang/Object;> (0x00000007109d8ce0) thrown at [./open/src/hotspot/share/interpreter/linkResolver.cpp, line
Event: 16.932 Thread 0x000002a82bf58800 Exception <a 'java/lang/IncompatibleClassChangeError'{0x00000007100d72d0}: Found class java.lang.Object, but interface was expected> (0x00000007100d72d0) thrown at [./open/src/hotspot/share/interpreter/linkResolver.cpp, line 838]

Events (10 events):
Event: 17.067 loading class org/apache/ibatis/ognl/ClassResolver done
Event: 17.067 loading class org/apache/ibatis/ognl/Ognl
Event: 17.067 loading class org/apache/ibatis/ognl/Ognl done
Event: 17.068 loading class org/apache/ibatis/ognl/OgnlContext
Event: 17.068 loading class org/apache/ibatis/ognl/OgnlContext done
Event: 17.069 loading class org/apache/ibatis/ognl/DefaultTypeConverter
Event: 17.069 loading class org/apache/ibatis/ognl/DefaultTypeConverter done
Event: 17.069 loading class org/apache/ibatis/ognl/TypeConverter
Event: 17.069 loading class org/apache/ibatis/ognl/TypeConverter done
Event: 17.070 Executing VM operation: CollectForMetadataAllocation


Dynamic libraries:
0x00007ff696450000 - 0x00007ff69645f000 	C:\Program Files\Java\jdk-11.0.12\bin\java.exe
0x00007ffb8f6c0000 - 0x00007ffb8f8a1000 	C:\Windows\SYSTEM32\ntdll.dll
0x00007ffb8f4c0000 - 0x00007ffb8f571000 	C:\Windows\System32\KERNEL32.DLL
0x00007ffb8c2a0000 - 0x00007ffb8c513000 	C:\Windows\System32\KERNELBASE.dll
0x00007ffb8c850000 - 0x00007ffb8c948000 	C:\Windows\System32\ucrtbase.dll
0x00007ffb6e480000 - 0x00007ffb6e495000 	C:\Program Files\Java\jdk-11.0.12\bin\VCRUNTIME140.dll
0x00007ffb77140000 - 0x00007ffb77158000 	C:\Program Files\Java\jdk-11.0.12\bin\jli.dll
0x00007ffb8efc0000 - 0x00007ffb8f061000 	C:\Windows\System32\ADVAPI32.dll
0x00007ffb8e640000 - 0x00007ffb8e6de000 	C:\Windows\System32\msvcrt.dll
0x00007ffb8eab0000 - 0x00007ffb8eb0b000 	C:\Windows\System32\sechost.dll
0x00007ffb8cdb0000 - 0x00007ffb8ced4000 	C:\Windows\System32\RPCRT4.dll
0x00007ffb8e4b0000 - 0x00007ffb8e640000 	C:\Windows\System32\USER32.dll
0x00007ffb8c520000 - 0x00007ffb8c540000 	C:\Windows\System32\win32u.dll
0x00007ffb7ccd0000 - 0x00007ffb7cf39000 	C:\Windows\WinSxS\amd64_microsoft.windows.common-controls_6595b64144ccf1df_6.0.17134.1304_none_d3fbe61b7c93d9f0\COMCTL32.dll
0x00007ffb8e9b0000 - 0x00007ffb8e9d8000 	C:\Windows\System32\GDI32.dll
0x00007ffb8eb10000 - 0x00007ffb8ee31000 	C:\Windows\System32\combase.dll
0x00007ffb8c5c0000 - 0x00007ffb8c751000 	C:\Windows\System32\gdi32full.dll
0x00007ffb8c7b0000 - 0x00007ffb8c84f000 	C:\Windows\System32\msvcp_win.dll
0x00007ffb8c540000 - 0x00007ffb8c5b9000 	C:\Windows\System32\bcryptPrimitives.dll
0x00007ffb84500000 - 0x00007ffb8450a000 	C:\Windows\SYSTEM32\VERSION.dll
0x00007ffb8ea80000 - 0x00007ffb8eaad000 	C:\Windows\System32\IMM32.DLL
0x00007ffb5e370000 - 0x00007ffb5e40b000 	C:\Program Files\Java\jdk-11.0.12\bin\msvcp140.dll
0x00007ffb4ba00000 - 0x00007ffb4c4ff000 	C:\Program Files\Java\jdk-11.0.12\bin\server\jvm.dll
0x00007ffb8e9e0000 - 0x00007ffb8e9e8000 	C:\Windows\System32\PSAPI.DLL
0x00007ffb86f90000 - 0x00007ffb86f99000 	C:\Windows\SYSTEM32\WSOCK32.dll
0x00007ffb884c0000 - 0x00007ffb884e3000 	C:\Windows\SYSTEM32\WINMM.dll
0x00007ffb8ee40000 - 0x00007ffb8eeac000 	C:\Windows\System32\WS2_32.dll
0x00007ffb88490000 - 0x00007ffb884ba000 	C:\Windows\SYSTEM32\winmmbase.dll
0x00007ffb8c760000 - 0x00007ffb8c7a9000 	C:\Windows\System32\cfgmgr32.dll
0x00007ffb8ba30000 - 0x00007ffb8ba41000 	C:\Windows\System32\kernel.appcore.dll
0x00007ffb875b0000 - 0x00007ffb875c0000 	C:\Program Files\Java\jdk-11.0.12\bin\verify.dll
0x00007ffb8a3f0000 - 0x00007ffb8a5b9000 	C:\Windows\SYSTEM32\DBGHELP.DLL
0x00007ffb60840000 - 0x00007ffb60869000 	C:\Windows\SYSTEM32\dbgcore.DLL
0x00007ffb6b490000 - 0x00007ffb6b4b8000 	C:\Program Files\Java\jdk-11.0.12\bin\java.dll
0x00007ffb7eaf0000 - 0x00007ffb7eafa000 	C:\Program Files\Java\jdk-11.0.12\bin\jimage.dll
0x00007ffb7d080000 - 0x00007ffb7d08e000 	C:\Program Files\Java\jdk-11.0.12\bin\instrument.dll
0x00007ffb6cc60000 - 0x00007ffb6cc76000 	C:\Program Files\Java\jdk-11.0.12\bin\zip.dll
0x00007ffb8cee0000 - 0x00007ffb8e325000 	C:\Windows\System32\SHELL32.dll
0x00007ffb8f580000 - 0x00007ffb8f629000 	C:\Windows\System32\shcore.dll
0x00007ffb8ba80000 - 0x00007ffb8c190000 	C:\Windows\System32\windows.storage.dll
0x00007ffb8f630000 - 0x00007ffb8f681000 	C:\Windows\System32\shlwapi.dll
0x00007ffb8ba60000 - 0x00007ffb8ba7f000 	C:\Windows\System32\profapi.dll
0x00007ffb8b9c0000 - 0x00007ffb8ba0c000 	C:\Windows\System32\powrprof.dll
0x00007ffb8ba50000 - 0x00007ffb8ba5a000 	C:\Windows\System32\FLTLIB.DLL
0x00007ffb6c870000 - 0x00007ffb6c889000 	C:\Program Files\Java\jdk-11.0.12\bin\net.dll
0x00007ffb85260000 - 0x00007ffb8533d000 	C:\Windows\SYSTEM32\WINHTTP.dll
0x00007ffb8b240000 - 0x00007ffb8b2a6000 	C:\Windows\system32\mswsock.dll
0x00007ffb6a190000 - 0x00007ffb6a1a2000 	C:\Program Files\Java\jdk-11.0.12\bin\nio.dll
0x00007ffb65050000 - 0x00007ffb6506a000 	D:\IntelliJ\IntelliJ IDEA 2021.2.2\bin\breakgen64.dll
0x00007ffb8afd0000 - 0x00007ffb8b08e000 	C:\Windows\SYSTEM32\DNSAPI.dll
0x00007ffb8ea70000 - 0x00007ffb8ea78000 	C:\Windows\System32\NSI.dll
0x00007ffb8af90000 - 0x00007ffb8afc8000 	C:\Windows\SYSTEM32\IPHLPAPI.DLL
0x00007ffb78120000 - 0x00007ffb7812a000 	C:\Windows\System32\rasadhlp.dll
0x00007ffb7a890000 - 0x00007ffb7a902000 	C:\Windows\System32\fwpuclnt.dll
0x00007ffb8b520000 - 0x00007ffb8b545000 	C:\Windows\SYSTEM32\bcrypt.dll
0x00007ffb7b840000 - 0x00007ffb7b849000 	C:\Program Files\Java\jdk-11.0.12\bin\management.dll
0x00007ffb7b2d0000 - 0x00007ffb7b2db000 	C:\Program Files\Java\jdk-11.0.12\bin\management_ext.dll
0x00007ffb8b3f0000 - 0x00007ffb8b407000 	C:\Windows\SYSTEM32\CRYPTSP.dll
0x00007ffb8adf0000 - 0x00007ffb8ae23000 	C:\Windows\system32\rsaenh.dll
0x00007ffb8b8c0000 - 0x00007ffb8b8e8000 	C:\Windows\SYSTEM32\USERENV.dll
0x00007ffb8b410000 - 0x00007ffb8b41b000 	C:\Windows\SYSTEM32\CRYPTBASE.dll
0x00007ffb85570000 - 0x00007ffb85586000 	C:\Windows\SYSTEM32\dhcpcsvc6.DLL
0x00007ffb843a0000 - 0x00007ffb843ba000 	C:\Windows\SYSTEM32\dhcpcsvc.DLL
0x00007ffb60820000 - 0x00007ffb60836000 	C:\Windows\system32\napinsp.dll
0x00007ffb60800000 - 0x00007ffb6081a000 	C:\Windows\system32\pnrpnsp.dll
0x00007ffb882f0000 - 0x00007ffb88309000 	C:\Windows\system32\NLAapi.dll
0x00007ffb64290000 - 0x00007ffb6429e000 	C:\Windows\System32\winrnr.dll
0x00007ffb84480000 - 0x00007ffb84495000 	C:\Windows\System32\wshbth.dll
0x00007ffb86490000 - 0x00007ffb8649d000 	C:\Program Files\Java\jdk-11.0.12\bin\sunmscapi.dll
0x00007ffb8c950000 - 0x00007ffb8cb32000 	C:\Windows\System32\CRYPT32.dll
0x00007ffb8ba10000 - 0x00007ffb8ba22000 	C:\Windows\System32\MSASN1.dll
0x00007ffb8b4f0000 - 0x00007ffb8b516000 	C:\Windows\SYSTEM32\ncrypt.dll
0x00007ffb8b4b0000 - 0x00007ffb8b4e6000 	C:\Windows\SYSTEM32\NTASN1.dll
0x00007ffb85e20000 - 0x00007ffb85e45000 	C:\Program Files\Java\jdk-11.0.12\bin\sunec.dll

dbghelp: loaded successfully - version: 4.0.5 - missing functions: none
symbol engine: initialized successfully - sym options: 0x614 - pdb path: .;C:\Program Files\Java\jdk-11.0.12\bin;C:\Windows\SYSTEM32;C:\Windows\WinSxS\amd64_microsoft.windows.common-controls_6595b64144ccf1df_6.0.17134.1304_none_d3fbe61b7c93d9f0;C:\Program Files\Java\jdk-11.0.12\bin\server;D:\IntelliJ\IntelliJ IDEA 2021.2.2\bin

VM Arguments:
jvm_args: -XX:TieredStopAtLevel=1 -Xverify:none -Dspring.output.ansi.enabled=always -javaagent:D:\IntelliJ\IntelliJ IDEA 2021.2.2\lib\idea_rt.jar=49181:D:\IntelliJ\IntelliJ IDEA 2021.2.2\bin -Dcom.sun.management.jmxremote -Dspring.jmx.enabled=true -Dspring.liveBeansView.mbeanDomain -Dspring.application.admin.enabled=true -Dfile.encoding=UTF-8 
java_command: com.ruoyi.system.RuoYiSystemApplication
java_class_path (initial): D:\×ÀÃæ\uav_manage_system\RuoYi-Cloud\ruoyi-modules\ruoyi-system\target\classes;C:\Users\Administrator\.m2\repository\com\alibaba\cloud\spring-cloud-starter-alibaba-nacos-discovery\2021.1\spring-cloud-starter-alibaba-nacos-discovery-2021.1.jar;C:\Users\Administrator\.m2\repository\com\alibaba\cloud\spring-cloud-alibaba-commons\2021.1\spring-cloud-alibaba-commons-2021.1.jar;C:\Users\Administrator\.m2\repository\com\alibaba\nacos\nacos-client\2.0.3\nacos-client-2.0.3.jar;C:\Users\Administrator\.m2\repository\commons-codec\commons-codec\1.15\commons-codec-1.15.jar;C:\Users\Administrator\.m2\repository\com\fasterxml\jackson\core\jackson-core\2.12.4\jackson-core-2.12.4.jar;C:\Users\Administrator\.m2\repository\com\fasterxml\jackson\core\jackson-databind\2.12.4\jackson-databind-2.12.4.jar;C:\Users\Administrator\.m2\repository\com\fasterxml\jackson\core\jackson-annotations\2.12.4\jackson-annotations-2.12.4.jar;C:\Users\Administrator\.m2\repository\org\apache\httpcomponents\httpasyncclient\4.1.4\httpasyncclient-4.1.4.jar;C:\Users\Administrator\.m2\repository\org\apache\httpcomponents\httpcore\4.4.14\httpcore-4.4.14.jar;C:\Users\Administrator\.m2\repository\org\apache\httpcomponents\httpcore-nio\4.4.14\httpcore-nio-4.4.14.jar;C:\Users\Administrator\.m2\repository\org\apache\httpcomponents\httpclient\4.5.13\httpclient-4.5.13.jar;C:\Users\Administrator\.m2\repository\org\reflections\reflections\0.9.11\reflections-0.9.11.jar;C:\Users\Administrator\.m2\repository\com\google\guava\guava\20.0\guava-20.0.jar;C:\Users\Administrator\.m2\repository\org\javassist\javassist\3.21.0-GA\javassist-3.21.0-GA.jar;C:\Users\Administrator\.m2\repository\io\prometheus\simpleclient\0.10.0\simpleclient-0.10.0.jar;C:\Users\Administrator\.m2\repository\org\yaml\snakeyaml\1.28\snakeyaml-1.28.jar;C:\Users\Administrator\.m2\repository\com\alibaba\spring\spring-context-support\1.0.10\spring-context-support-1.0.10.jar;C:\Users\Administrator\.m2\repository\org\springframework\c
Launcher Type: SUN_STANDARD

[Global flags]
     bool BytecodeVerificationLocal                = false                                     {product} {command line}
     bool BytecodeVerificationRemote               = false                                     {product} {command line}
     intx CICompilerCount                          = 4                                         {product} {ergonomic}
     uint ConcGCThreads                            = 3                                         {product} {ergonomic}
     uint G1ConcRefinementThreads                  = 10                                        {product} {ergonomic}
   size_t G1HeapRegionSize                         = 1048576                                   {product} {ergonomic}
    uintx GCDrainStackTargetSize                   = 64                                        {product} {ergonomic}
   size_t InitialHeapSize                          = 268435456                                 {product} {ergonomic}
     bool ManagementServer                         = true                                      {product} {command line}
   size_t MarkStackSize                            = 4194304                                   {product} {ergonomic}
   size_t MaxHeapSize                              = 4263510016                                {product} {ergonomic}
   size_t MaxNewSize                               = 2557476864                                {product} {ergonomic}
   size_t MinHeapDeltaBytes                        = 1048576                                   {product} {ergonomic}
    uintx NonNMethodCodeHeapSize                   = 7549744                                {pd product} {ergonomic}
    uintx NonProfiledCodeHeapSize                  = 244108496                              {pd product} {ergonomic}
    uintx ProfiledCodeHeapSize                     = 0                                      {pd product} {ergonomic}
    uintx ReservedCodeCacheSize                    = 251658240                              {pd product} {ergonomic}
     bool SegmentedCodeCache                       = true                                      {product} {ergonomic}
     intx TieredStopAtLevel                        = 1                                         {product} {command line}
     bool UseCompressedClassPointers               = true                                 {lp64_product} {ergonomic}
     bool UseCompressedOops                        = true                                 {lp64_product} {ergonomic}
     bool UseG1GC                                  = true                                      {product} {ergonomic}
     bool UseLargePagesIndividualAllocation        = false                                  {pd product} {ergonomic}

Logging:
Log output configuration:
 #0: stdout all=warning uptime,level,tags
 #1: stderr all=off uptime,level,tags

Environment Variables:
JAVA_HOME=C:\Users\Administrator\.jdks\corretto-1.8.0_282
CLASSPATH=.;C:\Users\Administrator\.jdks\corretto-1.8.0_282\lib;C:\Users\Administrator\.jdks\corretto-1.8.0_282\lib\dt.jar;C:\Users\Administrator\.jdks\corretto-1.8.0_282\lib\tools.jar;C:\Program Files (x86)\QuickTime\QTSystem\QTJava.zip;D:\rtsp\ffmpeg-4.4-essentials_build\bin
PATH=C:\Program Files\Common Files\Oracle\Java\javapath;C:\Windows\system32;C:\Windows;C:\Windows\System32\Wbem;C:\Windows\System32\WindowsPowerShell\v1.0\;C:\Windows\System32\OpenSSH\;C:\Users\Administrator\AppData\Roaming\Python\Python38;D:\Winscp\WinSCP\;C:\Program Files (x86)\NVIDIA Corporation\PhysX\Common;D:\matlab\runtime\win64;D:\matlab\bin;D:\matlab\polyspace\bin;D:\Gitbash\Git\cmd;C:\Program Files\NVIDIA Corporation\NVIDIA NvDLISR;C:\Program Files\Git\cmd;C:\Program Files (x86)\QuickTime\QTSystem\;D:\nodejs\;D:\rtsp\ffmpeg-4.4-essentials_build\bin;C:\Users\Administrator\AppData\Local\VanDyke Software\Clients\;C:\Users\Administrator\AppData\Local\Programs\Microsoft VS Code\bin;C:\Users\Administrator\AppData\Roaming\Python\Python38;";D:\JAVA\jdk-15.0.2\bin;D:\JAVA\jdk-15.0.2\jre\bin";D:\IntelliJ\IntelliJ IDEA Community Edition 2020.3.2\bin;D:\maven\apache-maven-3.6.3\bin;D:\mysql\bin;C:\Users\Administrator\Desktop\Fiddler;%RABBITMQ_SERVER%\sbin;%ERLANG_HOME%\bin;C:\Users\Administrator\AppData\Roaming\npm;"C:\Users\Administrator\.jdks\corretto-1.8.0_282\bin;C:\Users\Administrator\.jdks\corretto-1.8.0_282\jre\bin";D:\IntelliJ\IntelliJ IDEA 2021.2.2\bin;;D:\rtsp\ffmpeg-4.4-essentials_build\bin;
USERNAME=123
OS=Windows_NT
PROCESSOR_IDENTIFIER=Intel64 Family 6 Model 158 Stepping 10, GenuineIntel



---------------  S Y S T E M  ---------------

OS: Windows 10 , 64 bit Build 17134 (10.0.17134.753)

CPU:total 12 (initial active 12) (6 cores per cpu, 2 threads per core) family 6 model 158 stepping 10 microcode 0xb4, cmov, cx8, fxsr, mmx, sse, sse2, sse3, ssse3, sse4.1, sse4.2, popcnt, avx, avx2, aes, clmul, erms, 3dnowpref, lzcnt, ht, tsc, tscinvbit, bmi1, bmi2, adx, fma

Memory: 4k page, system-wide physical 16257M (2852M free)
TotalPageFile size 23937M (AvailPageFile size 4M)
current process WorkingSet (physical memory assigned to process): 405M, peak: 405M
current process commit charge ("private bytes"): 515M, peak: 523M

vm_info: Java HotSpot(TM) 64-Bit Server VM (11.0.12+8-LTS-237) for windows-amd64 JRE (11.0.12+8-LTS-237), built on Jun  8 2021 11:25:59 by "mach5one" with MS VC++ 15.9 (VS2017)

END.
