#
# There is insufficient memory for the Java Runtime Environment to continue.
# Native memory allocation (mmap) failed to map 54525952 bytes for Failed to commit area from 0x0000000711e00000 to 0x0000000715200000 of length 54525952.
# Possible reasons:
#   The system is out of physical RAM or swap space
#   The process is running with CompressedOops enabled, and the Java Heap may be blocking the growth of the native heap
# Possible solutions:
#   Reduce memory load on the system
#   Increase physical memory or swap space
#   Check if swap backing store is full
#   Decrease Java heap size (-Xmx/-Xms)
#   Decrease number of Java threads
#   Decrease Java thread stack sizes (-Xss)
#   Set larger code cache with -XX:ReservedCodeCacheSize=
#   JVM is running with Zero Based Compressed Oops mode in which the Java heap is
#     placed in the first 32GB address space. The Java Heap base address is the
#     maximum limit for the native heap growth. Please use -XX:HeapBaseMinAddress
#     to set the Java Heap base and to place the Java Heap above 32GB virtual address.
# This output file may be truncated or incomplete.
#
#  Out of Memory Error (./open/src/hotspot/os/windows/os_windows.cpp:3273), pid=7700, tid=8096
#
# JRE version: Java(TM) SE Runtime Environment 18.9 (11.0.12+8) (build 11.0.12+8-LTS-237)
# Java VM: Java HotSpot(TM) 64-Bit Server VM 18.9 (11.0.12+8-LTS-237, mixed mode, tiered, compressed oops, g1 gc, windows-amd64)
# No core dump will be written. Minidumps are not enabled by default on client versions of Windows
#

---------------  S U M M A R Y ------------

Command Line: -XX:TieredStopAtLevel=1 -Xverify:none -Dspring.output.ansi.enabled=always -javaagent:D:\IntelliJ\IntelliJ IDEA 2021.2.2\lib\idea_rt.jar=60319:D:\IntelliJ\IntelliJ IDEA 2021.2.2\bin -Dcom.sun.management.jmxremote -Dspring.jmx.enabled=true -Dspring.liveBeansView.mbeanDomain -Dspring.application.admin.enabled=true -Dfile.encoding=UTF-8 com.ruoyi.missionlist.RuoYiMissionListApplication

Host: Intel(R) Core(TM) i7-8750H CPU @ 2.20GHz, 12 cores, 15G,  Windows 10 , 64 bit Build 17134 (10.0.17134.753)
Time: Fri Oct 15 11:37:21 2021 ?D1¨²¡À¨º¡Á?¨º¡À?? elapsed time: 9.488316 seconds (0d 0h 0m 9s)

---------------  T H R E A D  ---------------

Current thread (0x000001fbc1b29000):  VMThread "VM Thread" [stack: 0x000000d6ba200000,0x000000d6ba300000] [id=8096]

Stack: [0x000000d6ba200000,0x000000d6ba300000]
[error occurred during error reporting (printing stack bounds), id 0xc0000005, EXCEPTION_ACCESS_VIOLATION (0xc0000005) at pc=0x000001fba5880f2d]

Native frames: (J=compiled Java code, j=interpreted, Vv=VM code, C=native code)
V  [jvm.dll+0x617d9a]
V  [jvm.dll+0x74eeef]
V  [jvm.dll+0x750599]
V  [jvm.dll+0x750b85]
V  [jvm.dll+0x750b3b]
V  [jvm.dll+0x6175d3]
V  [jvm.dll+0x617998]
C  [ntdll.dll+0x9f7fd]
C  [ntdll.dll+0xd856]
C  [ntdll.dll+0x9e72e]
C  0x000001fba5880f2d

VM_Operation (0x000000d6b9cfc330): G1CollectForAllocation, mode: safepoint, requested by thread 0x000001fb9d3e9800


---------------  P R O C E S S  ---------------

Threads class SMR info:
_java_thread_list=0x000001fbc30d6410, length=39, elements={
0x000001fb9d3e9800, 0x000001fbc1b51000, 0x000001fbc1b5a800, 0x000001fbc1bc1800,
0x000001fbc1bc2800, 0x000001fbc1bc4000, 0x000001fbc1bce800, 0x000001fbc1bd6000,
0x000001fbc1b20800, 0x000001fbc2544000, 0x000001fbc269e000, 0x000001fbc322f800,
0x000001fbc3201800, 0x000001fbc36d1800, 0x000001fbc36e8800, 0x000001fbc3915800,
0x000001fbc3858800, 0x000001fbc387a800, 0x000001fbc1bd0000, 0x000001fbc1bd2800,
0x000001fbc1bd5000, 0x000001fbc1bd3800, 0x000001fbc1bd4000, 0x000001fbc1bd6800,
0x000001fbc1bd1000, 0x000001fbc1bd1800, 0x000001fbc54fa000, 0x000001fbc54f9000,
0x000001fbc54fa800, 0x000001fbc54fb800, 0x000001fbc54fd000, 0x000001fbc54fc800,
0x000001fbc54fe000, 0x000001fbc54f8800, 0x000001fbc54ff800, 0x000001fbc5501800,
0x000001fbc5500800, 0x000001fbc5504800, 0x000001fbc5503800
}

Java Threads: ( => current thread )
  0x000001fb9d3e9800 JavaThread "main" [_thread_blocked, id=21228, stack(0x000000d6b9c00000,0x000000d6b9d00000)]
  0x000001fbc1b51000 JavaThread "Reference Handler" daemon [_thread_blocked, id=22968, stack(0x000000d6ba300000,0x000000d6ba400000)]
  0x000001fbc1b5a800 JavaThread "Finalizer" daemon [_thread_blocked, id=1736, stack(0x000000d6ba400000,0x000000d6ba500000)]
  0x000001fbc1bc1800 JavaThread "Signal Dispatcher" daemon [_thread_blocked, id=8116, stack(0x000000d6ba500000,0x000000d6ba600000)]
  0x000001fbc1bc2800 JavaThread "Attach Listener" daemon [_thread_blocked, id=17640, stack(0x000000d6ba600000,0x000000d6ba700000)]
  0x000001fbc1bc4000 JavaThread "Service Thread" daemon [_thread_blocked, id=17560, stack(0x000000d6ba700000,0x000000d6ba800000)]
  0x000001fbc1bce800 JavaThread "C1 CompilerThread0" daemon [_thread_blocked, id=18080, stack(0x000000d6ba800000,0x000000d6ba900000)]
  0x000001fbc1bd6000 JavaThread "Sweeper thread" daemon [_thread_blocked, id=14624, stack(0x000000d6ba900000,0x000000d6baa00000)]
  0x000001fbc1b20800 JavaThread "Common-Cleaner" daemon [_thread_blocked, id=6224, stack(0x000000d6baa00000,0x000000d6bab00000)]
  0x000001fbc2544000 JavaThread "Monitor Ctrl-Break" daemon [_thread_in_native, id=21948, stack(0x000000d6bab00000,0x000000d6bac00000)]
  0x000001fbc269e000 JavaThread "RMI TCP Accept-0" daemon [_thread_in_native, id=11776, stack(0x000000d6bac00000,0x000000d6bad00000)]
  0x000001fbc322f800 JavaThread "RMI TCP Connection(2)-192.168.0.173" daemon [_thread_in_native, id=21808, stack(0x000000d6bb300000,0x000000d6bb400000)]
  0x000001fbc3201800 JavaThread "RMI Scheduler(0)" daemon [_thread_blocked, id=18876, stack(0x000000d6bb400000,0x000000d6bb500000)]
  0x000001fbc36d1800 JavaThread "com.alibaba.nacos.client.identify.watcher.0" daemon [_thread_blocked, id=22700, stack(0x000000d6bb900000,0x000000d6bba00000)]
  0x000001fbc36e8800 JavaThread "com.alibaba.nacos.client.Worker" daemon [_thread_blocked, id=18036, stack(0x000000d6bba00000,0x000000d6bbb00000)]
  0x000001fbc3915800 JavaThread "nacos.publisher-com.alibaba.nacos.common.notify.SlowEvent" daemon [_thread_blocked, id=12836, stack(0x000000d6bb500000,0x000000d6bb600000)]
  0x000001fbc3858800 JavaThread "com.alibaba.nacos.client.remote.worker" daemon [_thread_blocked, id=15768, stack(0x000000d6bb800000,0x000000d6bb900000)]
  0x000001fbc387a800 JavaThread "com.alibaba.nacos.client.remote.worker" daemon [_thread_blocked, id=20616, stack(0x000000d6bbb00000,0x000000d6bbc00000)]
  0x000001fbc1bd0000 JavaThread "grpc-nio-worker-ELG-1-1" daemon [_thread_in_native, id=6248, stack(0x000000d6bbc00000,0x000000d6bbd00000)]
  0x000001fbc1bd2800 JavaThread "grpc-default-executor-0" daemon [_thread_blocked, id=15808, stack(0x000000d6bbd00000,0x000000d6bbe00000)]
  0x000001fbc1bd5000 JavaThread "grpc-nio-worker-ELG-1-2" daemon [_thread_in_native, id=20532, stack(0x000000d6bbe00000,0x000000d6bbf00000)]
  0x000001fbc1bd3800 JavaThread "nacos-grpc-client-executor-0" daemon [_thread_blocked, id=15060, stack(0x000000d6bc000000,0x000000d6bc100000)]
  0x000001fbc1bd4000 JavaThread "nacos-grpc-client-executor-1" daemon [_thread_blocked, id=14856, stack(0x000000d6bc100000,0x000000d6bc200000)]
  0x000001fbc1bd6800 JavaThread "nacos-grpc-client-executor-2" daemon [_thread_blocked, id=10224, stack(0x000000d6bc200000,0x000000d6bc300000)]
  0x000001fbc1bd1000 JavaThread "nacos-grpc-client-executor-3" daemon [_thread_blocked, id=17896, stack(0x000000d6bc300000,0x000000d6bc400000)]
  0x000001fbc1bd1800 JavaThread "nacos-grpc-client-executor-4" daemon [_thread_blocked, id=20260, stack(0x000000d6bc400000,0x000000d6bc500000)]
  0x000001fbc54fa000 JavaThread "nacos-grpc-client-executor-5" daemon [_thread_blocked, id=17584, stack(0x000000d6bc500000,0x000000d6bc600000)]
  0x000001fbc54f9000 JavaThread "nacos-grpc-client-executor-6" daemon [_thread_blocked, id=9328, stack(0x000000d6bc600000,0x000000d6bc700000)]
  0x000001fbc54fa800 JavaThread "nacos-grpc-client-executor-7" daemon [_thread_blocked, id=15972, stack(0x000000d6bc700000,0x000000d6bc800000)]
  0x000001fbc54fb800 JavaThread "nacos-grpc-client-executor-8" daemon [_thread_blocked, id=7688, stack(0x000000d6bc800000,0x000000d6bc900000)]
  0x000001fbc54fd000 JavaThread "nacos-grpc-client-executor-9" daemon [_thread_blocked, id=4812, stack(0x000000d6bc900000,0x000000d6bca00000)]
  0x000001fbc54fc800 JavaThread "nacos-grpc-client-executor-10" daemon [_thread_blocked, id=23452, stack(0x000000d6bca00000,0x000000d6bcb00000)]
  0x000001fbc54fe000 JavaThread "Catalina-utility-1" [_thread_blocked, id=3452, stack(0x000000d6bcb00000,0x000000d6bcc00000)]
  0x000001fbc54f8800 JavaThread "Catalina-utility-2" [_thread_blocked, id=17636, stack(0x000000d6bcc00000,0x000000d6bcd00000)]
  0x000001fbc54ff800 JavaThread "container-0" [_thread_blocked, id=21076, stack(0x000000d6bcd00000,0x000000d6bce00000)]
  0x000001fbc5501800 JavaThread "mysql-cj-abandoned-connection-cleanup" daemon [_thread_blocked, id=12032, stack(0x000000d6bd000000,0x000000d6bd100000)]
  0x000001fbc5500800 JavaThread "RMI TCP Connection(3)-192.168.0.173" daemon [_thread_in_native, id=21508, stack(0x000000d6bd100000,0x000000d6bd200000)]
  0x000001fbc5504800 JavaThread "Druid-ConnectionPool-Create-39284878" daemon [_thread_blocked, id=6056, stack(0x000000d6bd200000,0x000000d6bd300000)]
  0x000001fbc5503800 JavaThread "Druid-ConnectionPool-Destroy-39284878" daemon [_thread_blocked, id=17612, stack(0x000000d6bd300000,0x000000d6bd400000)]

Other Threads:
=>0x000001fbc1b29000 VMThread "VM Thread" [stack: 0x000000d6ba200000,0x000000d6ba300000] [id=8096]
  0x000001fbc2bed800 WatcherThread [stack: 0x000000d6bad00000,0x000000d6bae00000] [id=7704]
  0x000001fb9d3ff800 GCTaskThread "GC Thread#0" [stack: 0x000000d6b9d00000,0x000000d6b9e00000] [id=21444]
  0x000001fbc2c6c800 GCTaskThread "GC Thread#1" [stack: 0x000000d6bae00000,0x000000d6baf00000] [id=9364]
  0x000001fbc2ca7000 GCTaskThread "GC Thread#2" [stack: 0x000000d6baf00000,0x000000d6bb000000] [id=12720]
  0x000001fbc2c64800 GCTaskThread "GC Thread#3" [stack: 0x000000d6bb000000,0x000000d6bb100000] [id=22476]
  0x000001fbc2c65000 GCTaskThread "GC Thread#4" [stack: 0x000000d6bb100000,0x000000d6bb200000] [id=3744]
  0x000001fbc2ca8000 GCTaskThread "GC Thread#5" [stack: 0x000000d6bb200000,0x000000d6bb300000] [id=16944]
  0x000001fbc632e800 GCTaskThread "GC Thread#6" [stack: 0x000000d6bce00000,0x000000d6bcf00000] [id=18384]
  0x000001fbc5e46000 GCTaskThread "GC Thread#7" [stack: 0x000000d6bcf00000,0x000000d6bd000000] [id=13884]
  0x000001fb9d45e800 ConcurrentGCThread "G1 Main Marker" [stack: 0x000000d6b9e00000,0x000000d6b9f00000] [id=14256]
  0x000001fb9d462000 ConcurrentGCThread "G1 Conc#0" [stack: 0x000000d6b9f00000,0x000000d6ba000000] [id=22560]
  0x000001fbc3142800 ConcurrentGCThread "G1 Conc#1" [stack: 0x000000d6bb600000,0x000000d6bb700000] [id=17692]
  0x000001fbc33f8800 ConcurrentGCThread "G1 Conc#2" [stack: 0x000000d6bb700000,0x000000d6bb800000] [id=11284]
  0x000001fbc1191000 ConcurrentGCThread "G1 Refine#0" [stack: 0x000000d6ba000000,0x000000d6ba100000] [id=1220]
  0x000001fbc1192000 ConcurrentGCThread "G1 Young RemSet Sampling" [stack: 0x000000d6ba100000,0x000000d6ba200000] [id=4840]

Threads with active compile tasks:

VM state:at safepoint (normal execution)

VM Mutex/Monitor currently owned by a thread:  ([mutex/lock_event])
[0x000001fb9d3e7e80] Threads_lock - owner thread: 0x000001fbc1b29000
[0x000001fb9d3e7df0] Heap_lock - owner thread: 0x000001fb9d3e9800

Heap address: 0x0000000701e00000, size: 4066 MB, Compressed Oops mode: Zero based, Oop shift amount: 3
Narrow klass base: 0x0000000800000000, Narrow klass shift: 0
Compressed class space size: 1073741824 Address: 0x0000000800000000

Heap:
 garbage-first heap   total 315392K, used 42404K [0x0000000701e00000, 0x0000000800000000)
  region size 1024K, 13 young (13312K), 13 survivors (13312K)
 Metaspace       used 70429K, capacity 72280K, committed 72400K, reserved 1112064K
  class space    used 8940K, capacity 9661K, committed 9760K, reserved 1048576K
Heap Regions: E=young(eden), S=young(survivor), O=old, HS=humongous(starts), HC=humongous(continues), CS=collection set, F=free, A=archive, TAMS=top-at-mark-start (previous, next)
|   0|0x0000000701e00000, 0x0000000701f00000, 0x0000000701f00000|100%|HS|  |TAMS 0x0000000701f00000, 0x0000000701e00000| Complete 
|   1|0x0000000701f00000, 0x0000000702000000, 0x0000000702000000|100%|HS|  |TAMS 0x0000000702000000, 0x0000000701f00000| Complete 
|   2|0x0000000702000000, 0x0000000702100000, 0x0000000702100000|100%| O|  |TAMS 0x0000000702100000, 0x0000000702000000| Untracked 
|   3|0x0000000702100000, 0x0000000702200000, 0x0000000702200000|100%| O|  |TAMS 0x0000000702200000, 0x0000000702100000| Untracked 
|   4|0x0000000702200000, 0x0000000702300000, 0x0000000702300000|100%| O|  |TAMS 0x0000000702300000, 0x0000000702200000| Untracked 
|   5|0x0000000702300000, 0x0000000702400000, 0x0000000702400000|100%| O|  |TAMS 0x0000000702400000, 0x0000000702300000| Untracked 
|   6|0x0000000702400000, 0x0000000702500000, 0x0000000702500000|100%| O|  |TAMS 0x0000000702500000, 0x0000000702400000| Untracked 
|   7|0x0000000702500000, 0x0000000702600000, 0x0000000702600000|100%| O|  |TAMS 0x0000000702600000, 0x0000000702500000| Untracked 
|   8|0x0000000702600000, 0x0000000702700000, 0x0000000702700000|100%| O|  |TAMS 0x0000000702700000, 0x0000000702600000| Untracked 
|   9|0x0000000702700000, 0x0000000702800000, 0x0000000702800000|100%| O|  |TAMS 0x0000000702800000, 0x0000000702700000| Untracked 
|  10|0x0000000702800000, 0x0000000702900000, 0x0000000702900000|100%| O|  |TAMS 0x0000000702900000, 0x0000000702800000| Untracked 
|  11|0x0000000702900000, 0x0000000702a00000, 0x0000000702a00000|100%| O|  |TAMS 0x0000000702a00000, 0x0000000702900000| Untracked 
|  12|0x0000000702a00000, 0x0000000702b00000, 0x0000000702b00000|100%| O|  |TAMS 0x0000000702b00000, 0x0000000702a00000| Untracked 
|  13|0x0000000702b00000, 0x0000000702c00000, 0x0000000702c00000|100%| O|  |TAMS 0x0000000702c00000, 0x0000000702b00000| Untracked 
|  14|0x0000000702c00000, 0x0000000702d00000, 0x0000000702d00000|100%| O|  |TAMS 0x0000000702d00000, 0x0000000702c00000| Untracked 
|  15|0x0000000702d00000, 0x0000000702e00000, 0x0000000702e00000|100%| O|  |TAMS 0x0000000702e00000, 0x0000000702d00000| Untracked 
|  16|0x0000000702e00000, 0x0000000702f00000, 0x0000000702f00000|100%| O|  |TAMS 0x0000000702f00000, 0x0000000702e00000| Untracked 
|  17|0x0000000702f00000, 0x0000000703000000, 0x0000000703000000|100%| O|  |TAMS 0x0000000703000000, 0x0000000702f00000| Untracked 
|  18|0x0000000703000000, 0x0000000703100000, 0x0000000703100000|100%| O|  |TAMS 0x0000000703100000, 0x0000000703000000| Untracked 
|  19|0x0000000703100000, 0x0000000703200000, 0x0000000703200000|100%| O|  |TAMS 0x0000000703200000, 0x0000000703100000| Untracked 
|  20|0x0000000703200000, 0x0000000703300000, 0x0000000703300000|100%| O|  |TAMS 0x0000000703300000, 0x0000000703200000| Untracked 
|  21|0x0000000703300000, 0x0000000703400000, 0x0000000703400000|100%| O|  |TAMS 0x0000000703400000, 0x0000000703300000| Untracked 
|  22|0x0000000703400000, 0x0000000703500000, 0x0000000703500000|100%| O|  |TAMS 0x0000000703500000, 0x0000000703400000| Untracked 
|  23|0x0000000703500000, 0x0000000703600000, 0x0000000703600000|100%| O|  |TAMS 0x0000000703600000, 0x0000000703500000| Untracked 
|  24|0x0000000703600000, 0x0000000703700000, 0x0000000703700000|100%| O|  |TAMS 0x0000000703700000, 0x0000000703600000| Untracked 
|  25|0x0000000703700000, 0x0000000703800000, 0x0000000703800000|100%| O|  |TAMS 0x0000000703800000, 0x0000000703700000| Untracked 
|  26|0x0000000703800000, 0x0000000703900000, 0x0000000703900000|100%| O|  |TAMS 0x0000000703900000, 0x0000000703800000| Untracked 
|  27|0x0000000703900000, 0x0000000703a00000, 0x0000000703a00000|100%| O|  |TAMS 0x0000000703a00000, 0x0000000703900000| Untracked 
|  28|0x0000000703a00000, 0x0000000703ae8c00, 0x0000000703b00000| 90%| O|  |TAMS 0x0000000703ae8c00, 0x0000000703a00000| Untracked 
|  29|0x0000000703b00000, 0x0000000703b00000, 0x0000000703c00000|  0%| F|  |TAMS 0x0000000703b00000, 0x0000000703b00000| Untracked 
|  30|0x0000000703c00000, 0x0000000703c00000, 0x0000000703d00000|  0%| F|  |TAMS 0x0000000703c00000, 0x0000000703c00000| Untracked 
|  31|0x0000000703d00000, 0x0000000703d00000, 0x0000000703e00000|  0%| F|  |TAMS 0x0000000703d00000, 0x0000000703d00000| Untracked 
|  32|0x0000000703e00000, 0x0000000703e00000, 0x0000000703f00000|  0%| F|  |TAMS 0x0000000703e00000, 0x0000000703e00000| Untracked 
|  33|0x0000000703f00000, 0x0000000703f00000, 0x0000000704000000|  0%| F|  |TAMS 0x0000000703f00000, 0x0000000703f00000| Untracked 
|  34|0x0000000704000000, 0x0000000704000000, 0x0000000704100000|  0%| F|  |TAMS 0x0000000704000000, 0x0000000704000000| Untracked 
|  35|0x0000000704100000, 0x0000000704100000, 0x0000000704200000|  0%| F|  |TAMS 0x0000000704100000, 0x0000000704100000| Untracked 
|  36|0x0000000704200000, 0x0000000704200000, 0x0000000704300000|  0%| F|  |TAMS 0x0000000704200000, 0x0000000704200000| Untracked 
|  37|0x0000000704300000, 0x0000000704300000, 0x0000000704400000|  0%| F|  |TAMS 0x0000000704300000, 0x0000000704300000| Untracked 
|  38|0x0000000704400000, 0x0000000704400000, 0x0000000704500000|  0%| F|  |TAMS 0x0000000704400000, 0x0000000704400000| Untracked 
|  39|0x0000000704500000, 0x0000000704500000, 0x0000000704600000|  0%| F|  |TAMS 0x0000000704500000, 0x0000000704500000| Untracked 
|  40|0x0000000704600000, 0x0000000704600000, 0x0000000704700000|  0%| F|  |TAMS 0x0000000704600000, 0x0000000704600000| Untracked 
|  41|0x0000000704700000, 0x0000000704700000, 0x0000000704800000|  0%| F|  |TAMS 0x0000000704700000, 0x0000000704700000| Untracked 
|  42|0x0000000704800000, 0x0000000704800000, 0x0000000704900000|  0%| F|  |TAMS 0x0000000704800000, 0x0000000704800000| Untracked 
|  43|0x0000000704900000, 0x0000000704900000, 0x0000000704a00000|  0%| F|  |TAMS 0x0000000704900000, 0x0000000704900000| Untracked 
|  44|0x0000000704a00000, 0x0000000704a00000, 0x0000000704b00000|  0%| F|  |TAMS 0x0000000704a00000, 0x0000000704a00000| Untracked 
|  45|0x0000000704b00000, 0x0000000704b00000, 0x0000000704c00000|  0%| F|  |TAMS 0x0000000704b00000, 0x0000000704b00000| Untracked 
|  46|0x0000000704c00000, 0x0000000704c00000, 0x0000000704d00000|  0%| F|  |TAMS 0x0000000704c00000, 0x0000000704c00000| Untracked 
|  47|0x0000000704d00000, 0x0000000704d00000, 0x0000000704e00000|  0%| F|  |TAMS 0x0000000704d00000, 0x0000000704d00000| Untracked 
|  48|0x0000000704e00000, 0x0000000704e00000, 0x0000000704f00000|  0%| F|  |TAMS 0x0000000704e00000, 0x0000000704e00000| Untracked 
|  49|0x0000000704f00000, 0x0000000704f00000, 0x0000000705000000|  0%| F|  |TAMS 0x0000000704f00000, 0x0000000704f00000| Untracked 
|  50|0x0000000705000000, 0x0000000705000000, 0x0000000705100000|  0%| F|  |TAMS 0x0000000705000000, 0x0000000705000000| Untracked 
|  51|0x0000000705100000, 0x0000000705100000, 0x0000000705200000|  0%| F|  |TAMS 0x0000000705100000, 0x0000000705100000| Untracked 
|  52|0x0000000705200000, 0x0000000705200000, 0x0000000705300000|  0%| F|  |TAMS 0x0000000705200000, 0x0000000705200000| Untracked 
|  53|0x0000000705300000, 0x0000000705300000, 0x0000000705400000|  0%| F|  |TAMS 0x0000000705300000, 0x0000000705300000| Untracked 
|  54|0x0000000705400000, 0x0000000705400000, 0x0000000705500000|  0%| F|  |TAMS 0x0000000705400000, 0x0000000705400000| Untracked 
|  55|0x0000000705500000, 0x0000000705500000, 0x0000000705600000|  0%| F|  |TAMS 0x0000000705500000, 0x0000000705500000| Untracked 
|  56|0x0000000705600000, 0x0000000705600000, 0x0000000705700000|  0%| F|  |TAMS 0x0000000705600000, 0x0000000705600000| Untracked 
|  57|0x0000000705700000, 0x0000000705700000, 0x0000000705800000|  0%| F|  |TAMS 0x0000000705700000, 0x0000000705700000| Untracked 
|  58|0x0000000705800000, 0x0000000705800000, 0x0000000705900000|  0%| F|  |TAMS 0x0000000705800000, 0x0000000705800000| Untracked 
|  59|0x0000000705900000, 0x0000000705900000, 0x0000000705a00000|  0%| F|  |TAMS 0x0000000705900000, 0x0000000705900000| Untracked 
|  60|0x0000000705a00000, 0x0000000705a00000, 0x0000000705b00000|  0%| F|  |TAMS 0x0000000705a00000, 0x0000000705a00000| Untracked 
|  61|0x0000000705b00000, 0x0000000705b00000, 0x0000000705c00000|  0%| F|  |TAMS 0x0000000705b00000, 0x0000000705b00000| Untracked 
|  62|0x0000000705c00000, 0x0000000705c00000, 0x0000000705d00000|  0%| F|  |TAMS 0x0000000705c00000, 0x0000000705c00000| Untracked 
|  63|0x0000000705d00000, 0x0000000705d00000, 0x0000000705e00000|  0%| F|  |TAMS 0x0000000705d00000, 0x0000000705d00000| Untracked 
|  64|0x0000000705e00000, 0x0000000705e00000, 0x0000000705f00000|  0%| F|  |TAMS 0x0000000705e00000, 0x0000000705e00000| Untracked 
|  65|0x0000000705f00000, 0x0000000705f00000, 0x0000000706000000|  0%| F|  |TAMS 0x0000000705f00000, 0x0000000705f00000| Untracked 
|  66|0x0000000706000000, 0x0000000706000000, 0x0000000706100000|  0%| F|  |TAMS 0x0000000706000000, 0x0000000706000000| Untracked 
|  67|0x0000000706100000, 0x0000000706100000, 0x0000000706200000|  0%| F|  |TAMS 0x0000000706100000, 0x0000000706100000| Untracked 
|  68|0x0000000706200000, 0x0000000706200000, 0x0000000706300000|  0%| F|  |TAMS 0x0000000706200000, 0x0000000706200000| Untracked 
|  69|0x0000000706300000, 0x0000000706300000, 0x0000000706400000|  0%| F|  |TAMS 0x0000000706300000, 0x0000000706300000| Untracked 
|  70|0x0000000706400000, 0x0000000706400000, 0x0000000706500000|  0%| F|  |TAMS 0x0000000706400000, 0x0000000706400000| Untracked 
|  71|0x0000000706500000, 0x0000000706500000, 0x0000000706600000|  0%| F|  |TAMS 0x0000000706500000, 0x0000000706500000| Untracked 
|  72|0x0000000706600000, 0x0000000706600000, 0x0000000706700000|  0%| F|  |TAMS 0x0000000706600000, 0x0000000706600000| Untracked 
|  73|0x0000000706700000, 0x0000000706700000, 0x0000000706800000|  0%| F|  |TAMS 0x0000000706700000, 0x0000000706700000| Untracked 
|  74|0x0000000706800000, 0x0000000706800000, 0x0000000706900000|  0%| F|  |TAMS 0x0000000706800000, 0x0000000706800000| Untracked 
|  75|0x0000000706900000, 0x0000000706900000, 0x0000000706a00000|  0%| F|  |TAMS 0x0000000706900000, 0x0000000706900000| Untracked 
|  76|0x0000000706a00000, 0x0000000706a00000, 0x0000000706b00000|  0%| F|  |TAMS 0x0000000706a00000, 0x0000000706a00000| Untracked 
|  77|0x0000000706b00000, 0x0000000706b00000, 0x0000000706c00000|  0%| F|  |TAMS 0x0000000706b00000, 0x0000000706b00000| Untracked 
|  78|0x0000000706c00000, 0x0000000706c00000, 0x0000000706d00000|  0%| F|  |TAMS 0x0000000706c00000, 0x0000000706c00000| Untracked 
|  79|0x0000000706d00000, 0x0000000706d00000, 0x0000000706e00000|  0%| F|  |TAMS 0x0000000706d00000, 0x0000000706d00000| Untracked 
|  80|0x0000000706e00000, 0x0000000706e00000, 0x0000000706f00000|  0%| F|  |TAMS 0x0000000706e00000, 0x0000000706e00000| Untracked 
|  81|0x0000000706f00000, 0x0000000706f00000, 0x0000000707000000|  0%| F|  |TAMS 0x0000000706f00000, 0x0000000706f00000| Untracked 
|  82|0x0000000707000000, 0x0000000707000000, 0x0000000707100000|  0%| F|  |TAMS 0x0000000707000000, 0x0000000707000000| Untracked 
|  83|0x0000000707100000, 0x0000000707100000, 0x0000000707200000|  0%| F|  |TAMS 0x0000000707100000, 0x0000000707100000| Untracked 
|  84|0x0000000707200000, 0x0000000707200000, 0x0000000707300000|  0%| F|  |TAMS 0x0000000707200000, 0x0000000707200000| Untracked 
|  85|0x0000000707300000, 0x0000000707300000, 0x0000000707400000|  0%| F|  |TAMS 0x0000000707300000, 0x0000000707300000| Untracked 
|  86|0x0000000707400000, 0x0000000707400000, 0x0000000707500000|  0%| F|  |TAMS 0x0000000707400000, 0x0000000707400000| Untracked 
|  87|0x0000000707500000, 0x0000000707500000, 0x0000000707600000|  0%| F|  |TAMS 0x0000000707500000, 0x0000000707500000| Untracked 
|  88|0x0000000707600000, 0x0000000707600000, 0x0000000707700000|  0%| F|  |TAMS 0x0000000707600000, 0x0000000707600000| Untracked 
|  89|0x0000000707700000, 0x0000000707700000, 0x0000000707800000|  0%| F|  |TAMS 0x0000000707700000, 0x0000000707700000| Untracked 
|  90|0x0000000707800000, 0x0000000707880700, 0x0000000707900000| 50%| S|CS|TAMS 0x0000000707800000, 0x0000000707800000| Complete 
|  91|0x0000000707900000, 0x0000000707a00000, 0x0000000707a00000|100%| S|CS|TAMS 0x0000000707900000, 0x0000000707900000| Complete 
|  92|0x0000000707a00000, 0x0000000707b00000, 0x0000000707b00000|100%| S|CS|TAMS 0x0000000707a00000, 0x0000000707a00000| Complete 
|  93|0x0000000707b00000, 0x0000000707c00000, 0x0000000707c00000|100%| S|CS|TAMS 0x0000000707b00000, 0x0000000707b00000| Complete 
|  94|0x0000000707c00000, 0x0000000707d00000, 0x0000000707d00000|100%| S|CS|TAMS 0x0000000707c00000, 0x0000000707c00000| Complete 
|  95|0x0000000707d00000, 0x0000000707e00000, 0x0000000707e00000|100%| S|CS|TAMS 0x0000000707d00000, 0x0000000707d00000| Complete 
|  96|0x0000000707e00000, 0x0000000707f00000, 0x0000000707f00000|100%| S|CS|TAMS 0x0000000707e00000, 0x0000000707e00000| Complete 
|  97|0x0000000707f00000, 0x0000000708000000, 0x0000000708000000|100%| S|CS|TAMS 0x0000000707f00000, 0x0000000707f00000| Complete 
|  98|0x0000000708000000, 0x0000000708100000, 0x0000000708100000|100%| S|CS|TAMS 0x0000000708000000, 0x0000000708000000| Complete 
|  99|0x0000000708100000, 0x0000000708200000, 0x0000000708200000|100%| S|CS|TAMS 0x0000000708100000, 0x0000000708100000| Complete 
| 100|0x0000000708200000, 0x0000000708300000, 0x0000000708300000|100%| S|CS|TAMS 0x0000000708200000, 0x0000000708200000| Complete 
| 101|0x0000000708300000, 0x0000000708400000, 0x0000000708400000|100%| S|CS|TAMS 0x0000000708300000, 0x0000000708300000| Complete 
| 102|0x0000000708400000, 0x0000000708500000, 0x0000000708500000|100%| S|CS|TAMS 0x0000000708400000, 0x0000000708400000| Complete 
| 103|0x0000000708500000, 0x0000000708500000, 0x0000000708600000|  0%| F|  |TAMS 0x0000000708500000, 0x0000000708500000| Untracked 
| 104|0x0000000708600000, 0x0000000708600000, 0x0000000708700000|  0%| F|  |TAMS 0x0000000708600000, 0x0000000708600000| Untracked 
| 105|0x0000000708700000, 0x0000000708700000, 0x0000000708800000|  0%| F|  |TAMS 0x0000000708700000, 0x0000000708700000| Untracked 
| 106|0x0000000708800000, 0x0000000708800000, 0x0000000708900000|  0%| F|  |TAMS 0x0000000708800000, 0x0000000708800000| Untracked 
| 107|0x0000000708900000, 0x0000000708900000, 0x0000000708a00000|  0%| F|  |TAMS 0x0000000708900000, 0x0000000708900000| Untracked 
| 108|0x0000000708a00000, 0x0000000708a00000, 0x0000000708b00000|  0%| F|  |TAMS 0x0000000708a00000, 0x0000000708a00000| Untracked 
| 109|0x0000000708b00000, 0x0000000708b00000, 0x0000000708c00000|  0%| F|  |TAMS 0x0000000708b00000, 0x0000000708b00000| Untracked 
| 110|0x0000000708c00000, 0x0000000708c00000, 0x0000000708d00000|  0%| F|  |TAMS 0x0000000708c00000, 0x0000000708c00000| Untracked 
| 111|0x0000000708d00000, 0x0000000708d00000, 0x0000000708e00000|  0%| F|  |TAMS 0x0000000708d00000, 0x0000000708d00000| Untracked 
| 112|0x0000000708e00000, 0x0000000708e00000, 0x0000000708f00000|  0%| F|  |TAMS 0x0000000708e00000, 0x0000000708e00000| Untracked 
| 113|0x0000000708f00000, 0x0000000708f00000, 0x0000000709000000|  0%| F|  |TAMS 0x0000000708f00000, 0x0000000708f00000| Untracked 
| 114|0x0000000709000000, 0x0000000709000000, 0x0000000709100000|  0%| F|  |TAMS 0x0000000709000000, 0x0000000709000000| Untracked 
| 115|0x0000000709100000, 0x0000000709100000, 0x0000000709200000|  0%| F|  |TAMS 0x0000000709100000, 0x0000000709100000| Untracked 
| 116|0x0000000709200000, 0x0000000709200000, 0x0000000709300000|  0%| F|  |TAMS 0x0000000709200000, 0x0000000709200000| Untracked 
| 117|0x0000000709300000, 0x0000000709300000, 0x0000000709400000|  0%| F|  |TAMS 0x0000000709300000, 0x0000000709300000| Untracked 
| 118|0x0000000709400000, 0x0000000709400000, 0x0000000709500000|  0%| F|  |TAMS 0x0000000709400000, 0x0000000709400000| Untracked 
| 119|0x0000000709500000, 0x0000000709500000, 0x0000000709600000|  0%| F|  |TAMS 0x0000000709500000, 0x0000000709500000| Untracked 
| 120|0x0000000709600000, 0x0000000709600000, 0x0000000709700000|  0%| F|  |TAMS 0x0000000709600000, 0x0000000709600000| Untracked 
| 121|0x0000000709700000, 0x0000000709700000, 0x0000000709800000|  0%| F|  |TAMS 0x0000000709700000, 0x0000000709700000| Untracked 
| 122|0x0000000709800000, 0x0000000709800000, 0x0000000709900000|  0%| F|  |TAMS 0x0000000709800000, 0x0000000709800000| Untracked 
| 123|0x0000000709900000, 0x0000000709900000, 0x0000000709a00000|  0%| F|  |TAMS 0x0000000709900000, 0x0000000709900000| Untracked 
| 124|0x0000000709a00000, 0x0000000709a00000, 0x0000000709b00000|  0%| F|  |TAMS 0x0000000709a00000, 0x0000000709a00000| Untracked 
| 125|0x0000000709b00000, 0x0000000709b00000, 0x0000000709c00000|  0%| F|  |TAMS 0x0000000709b00000, 0x0000000709b00000| Untracked 
| 126|0x0000000709c00000, 0x0000000709c00000, 0x0000000709d00000|  0%| F|  |TAMS 0x0000000709c00000, 0x0000000709c00000| Untracked 
| 127|0x0000000709d00000, 0x0000000709d00000, 0x0000000709e00000|  0%| F|  |TAMS 0x0000000709d00000, 0x0000000709d00000| Untracked 
| 128|0x0000000709e00000, 0x0000000709e00000, 0x0000000709f00000|  0%| F|  |TAMS 0x0000000709e00000, 0x0000000709e00000| Untracked 
| 129|0x0000000709f00000, 0x0000000709f00000, 0x000000070a000000|  0%| F|  |TAMS 0x0000000709f00000, 0x0000000709f00000| Untracked 
| 130|0x000000070a000000, 0x000000070a000000, 0x000000070a100000|  0%| F|  |TAMS 0x000000070a000000, 0x000000070a000000| Untracked 
| 131|0x000000070a100000, 0x000000070a100000, 0x000000070a200000|  0%| F|  |TAMS 0x000000070a100000, 0x000000070a100000| Untracked 
| 132|0x000000070a200000, 0x000000070a200000, 0x000000070a300000|  0%| F|  |TAMS 0x000000070a200000, 0x000000070a200000| Untracked 
| 133|0x000000070a300000, 0x000000070a300000, 0x000000070a400000|  0%| F|  |TAMS 0x000000070a300000, 0x000000070a300000| Untracked 
| 134|0x000000070a400000, 0x000000070a400000, 0x000000070a500000|  0%| F|  |TAMS 0x000000070a400000, 0x000000070a400000| Untracked 
| 135|0x000000070a500000, 0x000000070a500000, 0x000000070a600000|  0%| F|  |TAMS 0x000000070a500000, 0x000000070a500000| Untracked 
| 136|0x000000070a600000, 0x000000070a600000, 0x000000070a700000|  0%| F|  |TAMS 0x000000070a600000, 0x000000070a600000| Untracked 
| 137|0x000000070a700000, 0x000000070a700000, 0x000000070a800000|  0%| F|  |TAMS 0x000000070a700000, 0x000000070a700000| Untracked 
| 138|0x000000070a800000, 0x000000070a800000, 0x000000070a900000|  0%| F|  |TAMS 0x000000070a800000, 0x000000070a800000| Untracked 
| 139|0x000000070a900000, 0x000000070a900000, 0x000000070aa00000|  0%| F|  |TAMS 0x000000070a900000, 0x000000070a900000| Untracked 
| 140|0x000000070aa00000, 0x000000070aa00000, 0x000000070ab00000|  0%| F|  |TAMS 0x000000070aa00000, 0x000000070aa00000| Untracked 
| 141|0x000000070ab00000, 0x000000070ab00000, 0x000000070ac00000|  0%| F|  |TAMS 0x000000070ab00000, 0x000000070ab00000| Untracked 
| 142|0x000000070ac00000, 0x000000070ac00000, 0x000000070ad00000|  0%| F|  |TAMS 0x000000070ac00000, 0x000000070ac00000| Untracked 
| 143|0x000000070ad00000, 0x000000070ad00000, 0x000000070ae00000|  0%| F|  |TAMS 0x000000070ad00000, 0x000000070ad00000| Untracked 
| 144|0x000000070ae00000, 0x000000070ae00000, 0x000000070af00000|  0%| F|  |TAMS 0x000000070ae00000, 0x000000070ae00000| Untracked 
| 145|0x000000070af00000, 0x000000070af00000, 0x000000070b000000|  0%| F|  |TAMS 0x000000070af00000, 0x000000070af00000| Untracked 
| 146|0x000000070b000000, 0x000000070b000000, 0x000000070b100000|  0%| F|  |TAMS 0x000000070b000000, 0x000000070b000000| Untracked 
| 147|0x000000070b100000, 0x000000070b100000, 0x000000070b200000|  0%| F|  |TAMS 0x000000070b100000, 0x000000070b100000| Untracked 
| 148|0x000000070b200000, 0x000000070b200000, 0x000000070b300000|  0%| F|  |TAMS 0x000000070b200000, 0x000000070b200000| Untracked 
| 149|0x000000070b300000, 0x000000070b300000, 0x000000070b400000|  0%| F|  |TAMS 0x000000070b300000, 0x000000070b300000| Untracked 
| 150|0x000000070b400000, 0x000000070b400000, 0x000000070b500000|  0%| F|  |TAMS 0x000000070b400000, 0x000000070b400000| Untracked 
| 151|0x000000070b500000, 0x000000070b500000, 0x000000070b600000|  0%| F|  |TAMS 0x000000070b500000, 0x000000070b500000| Untracked 
| 152|0x000000070b600000, 0x000000070b600000, 0x000000070b700000|  0%| F|  |TAMS 0x000000070b600000, 0x000000070b600000| Untracked 
| 153|0x000000070b700000, 0x000000070b700000, 0x000000070b800000|  0%| F|  |TAMS 0x000000070b700000, 0x000000070b700000| Untracked 
| 154|0x000000070b800000, 0x000000070b800000, 0x000000070b900000|  0%| F|  |TAMS 0x000000070b800000, 0x000000070b800000| Untracked 
| 155|0x000000070b900000, 0x000000070b900000, 0x000000070ba00000|  0%| F|  |TAMS 0x000000070b900000, 0x000000070b900000| Untracked 
| 156|0x000000070ba00000, 0x000000070ba00000, 0x000000070bb00000|  0%| F|  |TAMS 0x000000070ba00000, 0x000000070ba00000| Untracked 
| 157|0x000000070bb00000, 0x000000070bb00000, 0x000000070bc00000|  0%| F|  |TAMS 0x000000070bb00000, 0x000000070bb00000| Untracked 
| 158|0x000000070bc00000, 0x000000070bc00000, 0x000000070bd00000|  0%| F|  |TAMS 0x000000070bc00000, 0x000000070bc00000| Untracked 
| 159|0x000000070bd00000, 0x000000070bd00000, 0x000000070be00000|  0%| F|  |TAMS 0x000000070bd00000, 0x000000070bd00000| Untracked 
| 160|0x000000070be00000, 0x000000070be00000, 0x000000070bf00000|  0%| F|  |TAMS 0x000000070be00000, 0x000000070be00000| Untracked 
| 161|0x000000070bf00000, 0x000000070bf00000, 0x000000070c000000|  0%| F|  |TAMS 0x000000070bf00000, 0x000000070bf00000| Untracked 
| 162|0x000000070c000000, 0x000000070c000000, 0x000000070c100000|  0%| F|  |TAMS 0x000000070c000000, 0x000000070c000000| Untracked 
| 163|0x000000070c100000, 0x000000070c100000, 0x000000070c200000|  0%| F|  |TAMS 0x000000070c100000, 0x000000070c100000| Untracked 
| 164|0x000000070c200000, 0x000000070c200000, 0x000000070c300000|  0%| F|  |TAMS 0x000000070c200000, 0x000000070c200000| Untracked 
| 165|0x000000070c300000, 0x000000070c300000, 0x000000070c400000|  0%| F|  |TAMS 0x000000070c300000, 0x000000070c300000| Untracked 
| 166|0x000000070c400000, 0x000000070c400000, 0x000000070c500000|  0%| F|  |TAMS 0x000000070c400000, 0x000000070c400000| Untracked 
| 167|0x000000070c500000, 0x000000070c500000, 0x000000070c600000|  0%| F|  |TAMS 0x000000070c500000, 0x000000070c500000| Untracked 
| 168|0x000000070c600000, 0x000000070c600000, 0x000000070c700000|  0%| F|  |TAMS 0x000000070c600000, 0x000000070c600000| Untracked 
| 169|0x000000070c700000, 0x000000070c700000, 0x000000070c800000|  0%| F|  |TAMS 0x000000070c700000, 0x000000070c700000| Untracked 
| 170|0x000000070c800000, 0x000000070c800000, 0x000000070c900000|  0%| F|  |TAMS 0x000000070c800000, 0x000000070c800000| Untracked 
| 171|0x000000070c900000, 0x000000070c900000, 0x000000070ca00000|  0%| F|  |TAMS 0x000000070c900000, 0x000000070c900000| Untracked 
| 172|0x000000070ca00000, 0x000000070ca00000, 0x000000070cb00000|  0%| F|  |TAMS 0x000000070ca00000, 0x000000070ca00000| Untracked 
| 173|0x000000070cb00000, 0x000000070cb00000, 0x000000070cc00000|  0%| F|  |TAMS 0x000000070cb00000, 0x000000070cb00000| Untracked 
| 174|0x000000070cc00000, 0x000000070cc00000, 0x000000070cd00000|  0%| F|  |TAMS 0x000000070cc00000, 0x000000070cc00000| Untracked 
| 175|0x000000070cd00000, 0x000000070cd00000, 0x000000070ce00000|  0%| F|  |TAMS 0x000000070cd00000, 0x000000070cd00000| Untracked 
| 176|0x000000070ce00000, 0x000000070ce00000, 0x000000070cf00000|  0%| F|  |TAMS 0x000000070ce00000, 0x000000070ce00000| Untracked 
| 177|0x000000070cf00000, 0x000000070cf00000, 0x000000070d000000|  0%| F|  |TAMS 0x000000070cf00000, 0x000000070cf00000| Untracked 
| 178|0x000000070d000000, 0x000000070d000000, 0x000000070d100000|  0%| F|  |TAMS 0x000000070d000000, 0x000000070d000000| Untracked 
| 179|0x000000070d100000, 0x000000070d100000, 0x000000070d200000|  0%| F|  |TAMS 0x000000070d100000, 0x000000070d100000| Untracked 
| 180|0x000000070d200000, 0x000000070d200000, 0x000000070d300000|  0%| F|  |TAMS 0x000000070d200000, 0x000000070d200000| Untracked 
| 181|0x000000070d300000, 0x000000070d300000, 0x000000070d400000|  0%| F|  |TAMS 0x000000070d300000, 0x000000070d300000| Untracked 
| 182|0x000000070d400000, 0x000000070d400000, 0x000000070d500000|  0%| F|  |TAMS 0x000000070d400000, 0x000000070d400000| Untracked 
| 183|0x000000070d500000, 0x000000070d500000, 0x000000070d600000|  0%| F|  |TAMS 0x000000070d500000, 0x000000070d500000| Untracked 
| 184|0x000000070d600000, 0x000000070d600000, 0x000000070d700000|  0%| F|  |TAMS 0x000000070d600000, 0x000000070d600000| Untracked 
| 185|0x000000070d700000, 0x000000070d700000, 0x000000070d800000|  0%| F|  |TAMS 0x000000070d700000, 0x000000070d700000| Untracked 
| 186|0x000000070d800000, 0x000000070d800000, 0x000000070d900000|  0%| F|  |TAMS 0x000000070d800000, 0x000000070d800000| Untracked 
| 187|0x000000070d900000, 0x000000070d900000, 0x000000070da00000|  0%| F|  |TAMS 0x000000070d900000, 0x000000070d900000| Untracked 
| 188|0x000000070da00000, 0x000000070da00000, 0x000000070db00000|  0%| F|  |TAMS 0x000000070da00000, 0x000000070da00000| Untracked 
| 189|0x000000070db00000, 0x000000070db00000, 0x000000070dc00000|  0%| F|  |TAMS 0x000000070db00000, 0x000000070db00000| Untracked 
| 190|0x000000070dc00000, 0x000000070dc00000, 0x000000070dd00000|  0%| F|  |TAMS 0x000000070dc00000, 0x000000070dc00000| Untracked 
| 191|0x000000070dd00000, 0x000000070dd00000, 0x000000070de00000|  0%| F|  |TAMS 0x000000070dd00000, 0x000000070dd00000| Untracked 
| 192|0x000000070de00000, 0x000000070de00000, 0x000000070df00000|  0%| F|  |TAMS 0x000000070de00000, 0x000000070de00000| Untracked 
| 193|0x000000070df00000, 0x000000070df00000, 0x000000070e000000|  0%| F|  |TAMS 0x000000070df00000, 0x000000070df00000| Untracked 
| 194|0x000000070e000000, 0x000000070e000000, 0x000000070e100000|  0%| F|  |TAMS 0x000000070e000000, 0x000000070e000000| Untracked 
| 195|0x000000070e100000, 0x000000070e100000, 0x000000070e200000|  0%| F|  |TAMS 0x000000070e100000, 0x000000070e100000| Untracked 
| 196|0x000000070e200000, 0x000000070e200000, 0x000000070e300000|  0%| F|  |TAMS 0x000000070e200000, 0x000000070e200000| Untracked 
| 197|0x000000070e300000, 0x000000070e300000, 0x000000070e400000|  0%| F|  |TAMS 0x000000070e300000, 0x000000070e300000| Untracked 
| 198|0x000000070e400000, 0x000000070e400000, 0x000000070e500000|  0%| F|  |TAMS 0x000000070e400000, 0x000000070e400000| Untracked 
| 199|0x000000070e500000, 0x000000070e500000, 0x000000070e600000|  0%| F|  |TAMS 0x000000070e500000, 0x000000070e500000| Untracked 
| 200|0x000000070e600000, 0x000000070e600000, 0x000000070e700000|  0%| F|  |TAMS 0x000000070e600000, 0x000000070e600000| Untracked 
| 201|0x000000070e700000, 0x000000070e700000, 0x000000070e800000|  0%| F|  |TAMS 0x000000070e700000, 0x000000070e700000| Untracked 
| 202|0x000000070e800000, 0x000000070e800000, 0x000000070e900000|  0%| F|  |TAMS 0x000000070e800000, 0x000000070e800000| Untracked 
| 203|0x000000070e900000, 0x000000070e900000, 0x000000070ea00000|  0%| F|  |TAMS 0x000000070e900000, 0x000000070e900000| Untracked 
| 204|0x000000070ea00000, 0x000000070ea00000, 0x000000070eb00000|  0%| F|  |TAMS 0x000000070ea00000, 0x000000070ea00000| Untracked 
| 205|0x000000070eb00000, 0x000000070eb00000, 0x000000070ec00000|  0%| F|  |TAMS 0x000000070eb00000, 0x000000070eb00000| Untracked 
| 206|0x000000070ec00000, 0x000000070ec00000, 0x000000070ed00000|  0%| F|  |TAMS 0x000000070ec00000, 0x000000070ec00000| Untracked 
| 207|0x000000070ed00000, 0x000000070ed00000, 0x000000070ee00000|  0%| F|  |TAMS 0x000000070ed00000, 0x000000070ed00000| Untracked 
| 208|0x000000070ee00000, 0x000000070ee00000, 0x000000070ef00000|  0%| F|  |TAMS 0x000000070ee00000, 0x000000070ee00000| Untracked 
| 209|0x000000070ef00000, 0x000000070ef00000, 0x000000070f000000|  0%| F|  |TAMS 0x000000070ef00000, 0x000000070ef00000| Untracked 
| 210|0x000000070f000000, 0x000000070f000000, 0x000000070f100000|  0%| F|  |TAMS 0x000000070f000000, 0x000000070f000000| Untracked 
| 211|0x000000070f100000, 0x000000070f100000, 0x000000070f200000|  0%| F|  |TAMS 0x000000070f100000, 0x000000070f100000| Untracked 
| 212|0x000000070f200000, 0x000000070f200000, 0x000000070f300000|  0%| F|  |TAMS 0x000000070f200000, 0x000000070f200000| Untracked 
| 213|0x000000070f300000, 0x000000070f300000, 0x000000070f400000|  0%| F|  |TAMS 0x000000070f300000, 0x000000070f300000| Untracked 
| 214|0x000000070f400000, 0x000000070f400000, 0x000000070f500000|  0%| F|  |TAMS 0x000000070f400000, 0x000000070f400000| Untracked 
| 215|0x000000070f500000, 0x000000070f500000, 0x000000070f600000|  0%| F|  |TAMS 0x000000070f500000, 0x000000070f500000| Untracked 
| 216|0x000000070f600000, 0x000000070f600000, 0x000000070f700000|  0%| F|  |TAMS 0x000000070f600000, 0x000000070f600000| Untracked 
| 217|0x000000070f700000, 0x000000070f700000, 0x000000070f800000|  0%| F|  |TAMS 0x000000070f700000, 0x000000070f700000| Untracked 
| 218|0x000000070f800000, 0x000000070f800000, 0x000000070f900000|  0%| F|  |TAMS 0x000000070f800000, 0x000000070f800000| Untracked 
| 219|0x000000070f900000, 0x000000070f900000, 0x000000070fa00000|  0%| F|  |TAMS 0x000000070f900000, 0x000000070f900000| Untracked 
| 220|0x000000070fa00000, 0x000000070fa00000, 0x000000070fb00000|  0%| F|  |TAMS 0x000000070fa00000, 0x000000070fa00000| Untracked 
| 221|0x000000070fb00000, 0x000000070fb00000, 0x000000070fc00000|  0%| F|  |TAMS 0x000000070fb00000, 0x000000070fb00000| Untracked 
| 222|0x000000070fc00000, 0x000000070fc00000, 0x000000070fd00000|  0%| F|  |TAMS 0x000000070fc00000, 0x000000070fc00000| Untracked 
| 223|0x000000070fd00000, 0x000000070fd00000, 0x000000070fe00000|  0%| F|  |TAMS 0x000000070fd00000, 0x000000070fd00000| Untracked 
| 224|0x000000070fe00000, 0x000000070fe00000, 0x000000070ff00000|  0%| F|  |TAMS 0x000000070fe00000, 0x000000070fe00000| Untracked 
| 225|0x000000070ff00000, 0x000000070ff00000, 0x0000000710000000|  0%| F|  |TAMS 0x000000070ff00000, 0x000000070ff00000| Untracked 
| 226|0x0000000710000000, 0x0000000710000000, 0x0000000710100000|  0%| F|  |TAMS 0x0000000710000000, 0x0000000710000000| Untracked 
| 227|0x0000000710100000, 0x0000000710100000, 0x0000000710200000|  0%| F|  |TAMS 0x0000000710100000, 0x0000000710100000| Untracked 
| 228|0x0000000710200000, 0x0000000710200000, 0x0000000710300000|  0%| F|  |TAMS 0x0000000710200000, 0x0000000710200000| Untracked 
| 229|0x0000000710300000, 0x0000000710300000, 0x0000000710400000|  0%| F|  |TAMS 0x0000000710300000, 0x0000000710300000| Untracked 
| 230|0x0000000710400000, 0x0000000710400000, 0x0000000710500000|  0%| F|  |TAMS 0x0000000710400000, 0x0000000710400000| Untracked 
| 231|0x0000000710500000, 0x0000000710500000, 0x0000000710600000|  0%| F|  |TAMS 0x0000000710500000, 0x0000000710500000| Untracked 
| 232|0x0000000710600000, 0x0000000710600000, 0x0000000710700000|  0%| F|  |TAMS 0x0000000710600000, 0x0000000710600000| Untracked 
| 233|0x0000000710700000, 0x0000000710700000, 0x0000000710800000|  0%| F|  |TAMS 0x0000000710700000, 0x0000000710700000| Untracked 
| 234|0x0000000710800000, 0x0000000710800000, 0x0000000710900000|  0%| F|  |TAMS 0x0000000710800000, 0x0000000710800000| Untracked 
| 235|0x0000000710900000, 0x0000000710900000, 0x0000000710a00000|  0%| F|  |TAMS 0x0000000710900000, 0x0000000710900000| Untracked 
| 236|0x0000000710a00000, 0x0000000710a00000, 0x0000000710b00000|  0%| F|  |TAMS 0x0000000710a00000, 0x0000000710a00000| Untracked 
| 237|0x0000000710b00000, 0x0000000710b00000, 0x0000000710c00000|  0%| F|  |TAMS 0x0000000710b00000, 0x0000000710b00000| Untracked 
| 238|0x0000000710c00000, 0x0000000710c00000, 0x0000000710d00000|  0%| F|  |TAMS 0x0000000710c00000, 0x0000000710c00000| Untracked 
| 239|0x0000000710d00000, 0x0000000710d00000, 0x0000000710e00000|  0%| F|  |TAMS 0x0000000710d00000, 0x0000000710d00000| Untracked 
| 240|0x0000000710e00000, 0x0000000710e00000, 0x0000000710f00000|  0%| F|  |TAMS 0x0000000710e00000, 0x0000000710e00000| Untracked 
| 241|0x0000000710f00000, 0x0000000710f00000, 0x0000000711000000|  0%| F|  |TAMS 0x0000000710f00000, 0x0000000710f00000| Untracked 
| 242|0x0000000711000000, 0x0000000711000000, 0x0000000711100000|  0%| F|  |TAMS 0x0000000711000000, 0x0000000711000000| Untracked 
| 243|0x0000000711100000, 0x0000000711100000, 0x0000000711200000|  0%| F|  |TAMS 0x0000000711100000, 0x0000000711100000| Untracked 
| 244|0x0000000711200000, 0x0000000711200000, 0x0000000711300000|  0%| F|  |TAMS 0x0000000711200000, 0x0000000711200000| Untracked 
| 245|0x0000000711300000, 0x0000000711300000, 0x0000000711400000|  0%| F|  |TAMS 0x0000000711300000, 0x0000000711300000| Untracked 
| 246|0x0000000711400000, 0x0000000711400000, 0x0000000711500000|  0%| F|  |TAMS 0x0000000711400000, 0x0000000711400000| Untracked 
| 247|0x0000000711500000, 0x0000000711500000, 0x0000000711600000|  0%| F|  |TAMS 0x0000000711500000, 0x0000000711500000| Untracked 
| 248|0x0000000711600000, 0x0000000711600000, 0x0000000711700000|  0%| F|  |TAMS 0x0000000711600000, 0x0000000711600000| Untracked 
| 249|0x0000000711700000, 0x0000000711700000, 0x0000000711800000|  0%| F|  |TAMS 0x0000000711700000, 0x0000000711700000| Untracked 
| 250|0x0000000711800000, 0x0000000711800000, 0x0000000711900000|  0%| F|  |TAMS 0x0000000711800000, 0x0000000711800000| Untracked 
| 251|0x0000000711900000, 0x0000000711900000, 0x0000000711a00000|  0%| F|  |TAMS 0x0000000711900000, 0x0000000711900000| Untracked 
| 252|0x0000000711a00000, 0x0000000711a00000, 0x0000000711b00000|  0%| F|  |TAMS 0x0000000711a00000, 0x0000000711a00000| Untracked 
| 253|0x0000000711b00000, 0x0000000711b00000, 0x0000000711c00000|  0%| F|  |TAMS 0x0000000711b00000, 0x0000000711b00000| Untracked 
| 254|0x0000000711c00000, 0x0000000711c00000, 0x0000000711d00000|  0%| F|  |TAMS 0x0000000711c00000, 0x0000000711c00000| Untracked 
| 255|0x0000000711d00000, 0x0000000711d00000, 0x0000000711e00000|  0%| F|  |TAMS 0x0000000711d00000, 0x0000000711d00000| Untracked 

Card table byte_map: [0x000001fbb55d0000,0x000001fbb5dd0000] _byte_map_base: 0x000001fbb1dc1000

Marking Bits (Prev, Next): (CMBitMap*) 0x000001fb9d44dba0, (CMBitMap*) 0x000001fb9d44db68
 Prev Bits: [0x000001fbba560000, 0x000001fbbe4e8000)
 Next Bits: [0x000001fbb65d0000, 0x000001fbba558000)

Polling page: 0x000001fb9b390000

Metaspace:

Usage:
  Non-class:     61.15 MB capacity,    60.05 MB ( 98%) used,   902.81 KB (  1%) free+waste,   226.69 KB ( <1%) overhead. 
      Class:      9.43 MB capacity,     8.73 MB ( 93%) used,   610.53 KB (  6%) free+waste,   110.25 KB (  1%) overhead. 
       Both:     70.59 MB capacity,    68.78 MB ( 97%) used,     1.48 MB (  2%) free+waste,   336.94 KB ( <1%) overhead. 

Virtual space:
  Non-class space:       62.00 MB reserved,      61.17 MB ( 99%) committed 
      Class space:        1.00 GB reserved,       9.53 MB ( <1%) committed 
             Both:        1.06 GB reserved,      70.70 MB (  7%) committed 

Chunk freelists:
   Non-Class:  2.63 KB
       Class:  384 bytes
        Both:  3.00 KB

CodeHeap 'non-profiled nmethods': size=238336Kb used=10382Kb max_used=10382Kb free=227953Kb
 bounds [0x000001fba5fc0000, 0x000001fba69f0000, 0x000001fbb4880000]
CodeHeap 'non-nmethods': size=7424Kb used=1274Kb max_used=1274Kb free=6149Kb
 bounds [0x000001fba5880000, 0x000001fba5af0000, 0x000001fba5fc0000]
 total_blobs=6934 nmethods=6274 adapters=585
 compilation: enabled
              stopped_count=0, restarted_count=0
 full_count=0

Compilation events (10 events):
Event: 9.472 Thread 0x000001fbc1bce800 6270       1       org.springframework.context.support.ApplicationObjectSupport::getApplicationContext (51 bytes)
Event: 9.472 Thread 0x000001fbc1bce800 nmethod 6270 0x000001fba69e1910 code [0x000001fba69e1b20, 0x000001fba69e1f88]
Event: 9.472 Thread 0x000001fbc1bce800 6271       1       org.springframework.context.support.AbstractApplicationContext::getType (15 bytes)
Event: 9.472 Thread 0x000001fbc1bce800 nmethod 6271 0x000001fba69e2210 code [0x000001fba69e23c0, 0x000001fba69e2508]
Event: 9.472 Thread 0x000001fbc1bce800 6272   !   1       org.springframework.web.servlet.handler.AbstractHandlerMethodMapping::processCandidateBean (81 bytes)
Event: 9.473 Thread 0x000001fbc1bce800 nmethod 6272 0x000001fba69e2610 code [0x000001fba69e2880, 0x000001fba69e2e48]
Event: 9.473 Thread 0x000001fbc1bce800 6273       1       org.springframework.web.servlet.mvc.method.annotation.RequestMappingHandlerMapping::isHandler (24 bytes)
Event: 9.473 Thread 0x000001fbc1bce800 nmethod 6273 0x000001fba69e3210 code [0x000001fba69e33c0, 0x000001fba69e34f8]
Event: 9.474 Thread 0x000001fbc1bce800 6274   !   1       com.sun.proxy.$Proxy36::annotationType (29 bytes)
Event: 9.474 Thread 0x000001fbc1bce800 nmethod 6274 0x000001fba69e3590 code [0x000001fba69e3740, 0x000001fba69e3918]

GC Heap History (10 events):
Event: 4.322 GC heap after
{Heap after GC invocations=7 (full 0):
 garbage-first heap   total 262144K, used 19953K [0x0000000701e00000, 0x0000000800000000)
  region size 1024K, 7 young (7168K), 7 survivors (7168K)
 Metaspace       used 34883K, capacity 35844K, committed 35964K, reserved 1081344K
  class space    used 4327K, capacity 4708K, committed 4812K, reserved 1048576K
}
Event: 5.909 GC heap before
{Heap before GC invocations=8 (full 0):
 garbage-first heap   total 262144K, used 144881K [0x0000000701e00000, 0x0000000800000000)
  region size 1024K, 130 young (133120K), 7 survivors (7168K)
 Metaspace       used 44168K, capacity 45299K, committed 45564K, reserved 1089536K
  class space    used 5491K, capacity 5948K, committed 5964K, reserved 1048576K
}
Event: 5.915 GC heap after
{Heap after GC invocations=9 (full 0):
 garbage-first heap   total 262144K, used 25840K [0x0000000701e00000, 0x0000000800000000)
  region size 1024K, 12 young (12288K), 12 survivors (12288K)
 Metaspace       used 44168K, capacity 45299K, committed 45564K, reserved 1089536K
  class space    used 5491K, capacity 5948K, committed 5964K, reserved 1048576K
}
Event: 6.877 GC heap before
{Heap before GC invocations=9 (full 0):
 garbage-first heap   total 262144K, used 170224K [0x0000000701e00000, 0x0000000800000000)
  region size 1024K, 153 young (156672K), 12 survivors (12288K)
 Metaspace       used 52824K, capacity 54107K, committed 54268K, reserved 1095680K
  class space    used 6689K, capacity 7223K, committed 7244K, reserved 1048576K
}
Event: 6.892 GC heap after
{Heap after GC invocations=10 (full 0):
 garbage-first heap   total 262144K, used 29941K [0x0000000701e00000, 0x0000000800000000)
  region size 1024K, 15 young (15360K), 15 survivors (15360K)
 Metaspace       used 52824K, capacity 54107K, committed 54268K, reserved 1095680K
  class space    used 6689K, capacity 7223K, committed 7244K, reserved 1048576K
}
Event: 7.895 GC heap before
{Heap before GC invocations=10 (full 0):
 garbage-first heap   total 262144K, used 175349K [0x0000000701e00000, 0x0000000800000000)
  region size 1024K, 153 young (156672K), 15 survivors (15360K)
 Metaspace       used 58312K, capacity 59951K, committed 60028K, reserved 1101824K
  class space    used 7440K, capacity 8099K, committed 8140K, reserved 1048576K
}
Event: 7.906 GC heap after
{Heap after GC invocations=11 (full 0):
 garbage-first heap   total 262144K, used 35042K [0x0000000701e00000, 0x0000000800000000)
  region size 1024K, 16 young (16384K), 16 survivors (16384K)
 Metaspace       used 58312K, capacity 59951K, committed 60028K, reserved 1101824K
  class space    used 7440K, capacity 8099K, committed 8140K, reserved 1048576K
}
Event: 7.930 GC heap before
{Heap before GC invocations=11 (full 0):
 garbage-first heap   total 262144K, used 38114K [0x0000000701e00000, 0x0000000800000000)
  region size 1024K, 20 young (20480K), 16 survivors (16384K)
 Metaspace       used 58729K, capacity 60296K, committed 60368K, reserved 1101824K
  class space    used 7503K, capacity 8173K, committed 8224K, reserved 1048576K
}
Event: 7.942 GC heap after
{Heap after GC invocations=12 (full 0):
 garbage-first heap   total 262144K, used 36096K [0x0000000701e00000, 0x0000000800000000)
  region size 1024K, 7 young (7168K), 7 survivors (7168K)
 Metaspace       used 58729K, capacity 60296K, committed 60368K, reserved 1101824K
  class space    used 7503K, capacity 8173K, committed 8224K, reserved 1048576K
}
Event: 9.477 GC heap before
{Heap before GC invocations=13 (full 0):
 garbage-first heap   total 262144K, used 185600K [0x0000000701e00000, 0x0000000800000000)
  region size 1024K, 153 young (156672K), 7 survivors (7168K)
 Metaspace       used 70429K, capacity 72280K, committed 72400K, reserved 1112064K
  class space    used 8940K, capacity 9661K, committed 9760K, reserved 1048576K
}

Deoptimization events (0 events):
No events

Classes redefined (0 events):
No events

Internal exceptions (10 events):
Event: 9.347 Thread 0x000001fb9d3e9800 Exception <a 'java/lang/ClassNotFoundException'{0x0000000709d31db0}: java/lang/ObjectCustomizer> (0x0000000709d31db0) thrown at [./open/src/hotspot/share/classfile/systemDictionary.cpp, line 228]
Event: 9.348 Thread 0x000001fb9d3e9800 Exception <a 'java/lang/ClassNotFoundException'{0x0000000709d5da60}: org/springframework/web/servlet/config/annotation/WebMvcConfigurationSupportCustomizer> (0x0000000709d5da60) thrown at [./open/src/hotspot/share/classfile/systemDictionary.cpp, line 228]
Event: 9.349 Thread 0x000001fb9d3e9800 Exception <a 'java/lang/ClassNotFoundException'{0x0000000709d95fe8}: org/springframework/web/servlet/config/annotation/DelegatingWebMvcConfigurationCustomizer> (0x0000000709d95fe8) thrown at [./open/src/hotspot/share/classfile/systemDictionary.cpp, line 2
Event: 9.349 Thread 0x000001fb9d3e9800 Exception <a 'java/lang/ClassNotFoundException'{0x0000000709dc86b8}: org/springframework/boot/autoconfigure/web/servlet/WebMvcAutoConfiguration$EnableWebMvcConfigurationCustomizer> (0x0000000709dc86b8) thrown at [./open/src/hotspot/share/classfile/systemD
Event: 9.350 Thread 0x000001fb9d3e9800 Exception <a 'java/lang/ClassNotFoundException'{0x0000000709df8b08}: org/springframework/context/ResourceLoaderAwareCustomizer> (0x0000000709df8b08) thrown at [./open/src/hotspot/share/classfile/systemDictionary.cpp, line 228]
Event: 9.350 Thread 0x000001fb9d3e9800 Exception <a 'java/lang/ClassNotFoundException'{0x0000000709c18ed0}: org/springframework/beans/factory/AwareCustomizer> (0x0000000709c18ed0) thrown at [./open/src/hotspot/share/classfile/systemDictionary.cpp, line 228]
Event: 9.351 Thread 0x000001fb9d3e9800 Exception <a 'java/lang/ClassNotFoundException'{0x0000000709c3b680}: org/springframework/context/ApplicationContextAwareCustomizer> (0x0000000709c3b680) thrown at [./open/src/hotspot/share/classfile/systemDictionary.cpp, line 228]
Event: 9.351 Thread 0x000001fb9d3e9800 Exception <a 'java/lang/ClassNotFoundException'{0x0000000709c5bae8}: org/springframework/beans/factory/AwareCustomizer> (0x0000000709c5bae8) thrown at [./open/src/hotspot/share/classfile/systemDictionary.cpp, line 228]
Event: 9.351 Thread 0x000001fb9d3e9800 Exception <a 'java/lang/ClassNotFoundException'{0x0000000709c7e2b0}: org/springframework/web/context/ServletContextAwareCustomizer> (0x0000000709c7e2b0) thrown at [./open/src/hotspot/share/classfile/systemDictionary.cpp, line 228]
Event: 9.352 Thread 0x000001fb9d3e9800 Exception <a 'java/lang/ClassNotFoundException'{0x0000000709c9e8d8}: org/springframework/beans/factory/AwareCustomizer> (0x0000000709c9e8d8) thrown at [./open/src/hotspot/share/classfile/systemDictionary.cpp, line 228]

Events (10 events):
Event: 9.466 loading class org/springframework/core/annotation/SynthesizingMethodParameter done
Event: 9.467 Executing VM operation: Deoptimize
Event: 9.467 Executing VM operation: Deoptimize done
Event: 9.467 loading class org/springframework/web/servlet/handler/AbstractHandlerMethodMapping$MappingRegistration
Event: 9.467 loading class org/springframework/web/servlet/handler/AbstractHandlerMethodMapping$MappingRegistration done
Event: 9.470 loading class org/springframework/boot/web/error/ErrorAttributeOptions
Event: 9.470 loading class org/springframework/boot/web/error/ErrorAttributeOptions done
Event: 9.471 loading class org/springframework/http/HttpStatus
Event: 9.471 loading class org/springframework/http/HttpStatus done
Event: 9.477 Executing VM operation: G1CollectForAllocation


Dynamic libraries:
0x00007ff71ef70000 - 0x00007ff71ef7f000 	C:\Program Files\Java\jdk-11.0.12\bin\java.exe
0x00007ff967ad0000 - 0x00007ff967cb1000 	C:\Windows\SYSTEM32\ntdll.dll
0x00007ff965e90000 - 0x00007ff965f41000 	C:\Windows\System32\KERNEL32.DLL
0x00007ff9649b0000 - 0x00007ff964c23000 	C:\Windows\System32\KERNELBASE.dll
0x00007ff963e90000 - 0x00007ff963f88000 	C:\Windows\System32\ucrtbase.dll
0x00007ff955020000 - 0x00007ff955038000 	C:\Program Files\Java\jdk-11.0.12\bin\jli.dll
0x00007ff9540d0000 - 0x00007ff9540e5000 	C:\Program Files\Java\jdk-11.0.12\bin\VCRUNTIME140.dll
0x00007ff9654e0000 - 0x00007ff965581000 	C:\Windows\System32\ADVAPI32.dll
0x00007ff9652e0000 - 0x00007ff96537e000 	C:\Windows\System32\msvcrt.dll
0x00007ff9658e0000 - 0x00007ff96593b000 	C:\Windows\System32\sechost.dll
0x00007ff967900000 - 0x00007ff967a24000 	C:\Windows\System32\RPCRT4.dll
0x00007ff9675d0000 - 0x00007ff967760000 	C:\Windows\System32\USER32.dll
0x00007ff964130000 - 0x00007ff964150000 	C:\Windows\System32\win32u.dll
0x00007ff966150000 - 0x00007ff966178000 	C:\Windows\System32\GDI32.dll
0x00007ff9538d0000 - 0x00007ff953b39000 	C:\Windows\WinSxS\amd64_microsoft.windows.common-controls_6595b64144ccf1df_6.0.17134.1304_none_d3fbe61b7c93d9f0\COMCTL32.dll
0x00007ff963f90000 - 0x00007ff964121000 	C:\Windows\System32\gdi32full.dll
0x00007ff964fb0000 - 0x00007ff9652d1000 	C:\Windows\System32\combase.dll
0x00007ff964910000 - 0x00007ff9649af000 	C:\Windows\System32\msvcp_win.dll
0x00007ff964ed0000 - 0x00007ff964f49000 	C:\Windows\System32\bcryptPrimitives.dll
0x00007ff95bee0000 - 0x00007ff95beea000 	C:\Windows\SYSTEM32\VERSION.dll
0x00007ff965840000 - 0x00007ff96586d000 	C:\Windows\System32\IMM32.DLL
0x00007ff937300000 - 0x00007ff93739b000 	C:\Program Files\Java\jdk-11.0.12\bin\msvcp140.dll
0x00007ff915be0000 - 0x00007ff9166df000 	C:\Program Files\Java\jdk-11.0.12\bin\server\jvm.dll
0x00007ff966070000 - 0x00007ff966078000 	C:\Windows\System32\PSAPI.DLL
0x00007ff95e7e0000 - 0x00007ff95e7e9000 	C:\Windows\SYSTEM32\WSOCK32.dll
0x00007ff9608d0000 - 0x00007ff9608f3000 	C:\Windows\SYSTEM32\WINMM.dll
0x00007ff967a30000 - 0x00007ff967a9c000 	C:\Windows\System32\WS2_32.dll
0x00007ff9608a0000 - 0x00007ff9608ca000 	C:\Windows\SYSTEM32\winmmbase.dll
0x00007ff964c30000 - 0x00007ff964c79000 	C:\Windows\System32\cfgmgr32.dll
0x00007ff963e70000 - 0x00007ff963e81000 	C:\Windows\System32\kernel.appcore.dll
0x00007ff95df80000 - 0x00007ff95df90000 	C:\Program Files\Java\jdk-11.0.12\bin\verify.dll
0x00007ff9626d0000 - 0x00007ff962899000 	C:\Windows\SYSTEM32\DBGHELP.DLL
0x00007ff939c00000 - 0x00007ff939c29000 	C:\Windows\SYSTEM32\dbgcore.DLL
0x00007ff952090000 - 0x00007ff9520b8000 	C:\Program Files\Java\jdk-11.0.12\bin\java.dll
0x00007ff95cf20000 - 0x00007ff95cf2a000 	C:\Program Files\Java\jdk-11.0.12\bin\jimage.dll
0x00007ff959d30000 - 0x00007ff959d3e000 	C:\Program Files\Java\jdk-11.0.12\bin\instrument.dll
0x00007ff954040000 - 0x00007ff954056000 	C:\Program Files\Java\jdk-11.0.12\bin\zip.dll
0x00007ff966180000 - 0x00007ff9675c5000 	C:\Windows\System32\SHELL32.dll
0x00007ff965710000 - 0x00007ff9657b9000 	C:\Windows\System32\shcore.dll
0x00007ff964150000 - 0x00007ff964860000 	C:\Windows\System32\windows.storage.dll
0x00007ff965e30000 - 0x00007ff965e81000 	C:\Windows\System32\shlwapi.dll
0x00007ff963e30000 - 0x00007ff963e4f000 	C:\Windows\System32\profapi.dll
0x00007ff963de0000 - 0x00007ff963e2c000 	C:\Windows\System32\powrprof.dll
0x00007ff963dd0000 - 0x00007ff963dda000 	C:\Windows\System32\FLTLIB.DLL
0x00007ff9528f0000 - 0x00007ff952909000 	C:\Program Files\Java\jdk-11.0.12\bin\net.dll
0x00007ff9594d0000 - 0x00007ff9595ad000 	C:\Windows\SYSTEM32\WINHTTP.dll
0x00007ff963650000 - 0x00007ff9636b6000 	C:\Windows\system32\mswsock.dll
0x00007ff952200000 - 0x00007ff952212000 	C:\Program Files\Java\jdk-11.0.12\bin\nio.dll
0x00007ff951930000 - 0x00007ff95194a000 	D:\IntelliJ\IntelliJ IDEA 2021.2.2\bin\breakgen64.dll
0x00007ff9633e0000 - 0x00007ff96349e000 	C:\Windows\SYSTEM32\DNSAPI.dll
0x00007ff966060000 - 0x00007ff966068000 	C:\Windows\System32\NSI.dll
0x00007ff9633a0000 - 0x00007ff9633d8000 	C:\Windows\SYSTEM32\IPHLPAPI.DLL
0x00007ff951f80000 - 0x00007ff951f8a000 	C:\Windows\System32\rasadhlp.dll
0x00007ff9535f0000 - 0x00007ff953662000 	C:\Windows\System32\fwpuclnt.dll
0x00007ff963930000 - 0x00007ff963955000 	C:\Windows\SYSTEM32\bcrypt.dll
0x00007ff95a990000 - 0x00007ff95a999000 	C:\Program Files\Java\jdk-11.0.12\bin\management.dll
0x00007ff959ff0000 - 0x00007ff959ffb000 	C:\Program Files\Java\jdk-11.0.12\bin\management_ext.dll
0x00007ff963800000 - 0x00007ff963817000 	C:\Windows\SYSTEM32\CRYPTSP.dll
0x00007ff963200000 - 0x00007ff963233000 	C:\Windows\system32\rsaenh.dll
0x00007ff963cd0000 - 0x00007ff963cf8000 	C:\Windows\SYSTEM32\USERENV.dll
0x00007ff963820000 - 0x00007ff96382b000 	C:\Windows\SYSTEM32\CRYPTBASE.dll
0x00007ff95bf30000 - 0x00007ff95bf46000 	C:\Windows\SYSTEM32\dhcpcsvc6.DLL
0x00007ff95bf70000 - 0x00007ff95bf8a000 	C:\Windows\SYSTEM32\dhcpcsvc.DLL
0x00007ff939710000 - 0x00007ff939726000 	C:\Windows\system32\napinsp.dll
0x00007ff9396f0000 - 0x00007ff93970a000 	C:\Windows\system32\pnrpnsp.dll
0x00007ff9605a0000 - 0x00007ff9605b9000 	C:\Windows\system32\NLAapi.dll
0x00007ff9396e0000 - 0x00007ff9396ee000 	C:\Windows\System32\winrnr.dll
0x00007ff95c7e0000 - 0x00007ff95c7f5000 	C:\Windows\System32\wshbth.dll
0x00007ff958e90000 - 0x00007ff958e9d000 	C:\Program Files\Java\jdk-11.0.12\bin\sunmscapi.dll
0x00007ff964c80000 - 0x00007ff964e62000 	C:\Windows\System32\CRYPT32.dll
0x00007ff963e50000 - 0x00007ff963e62000 	C:\Windows\System32\MSASN1.dll
0x00007ff963900000 - 0x00007ff963926000 	C:\Windows\SYSTEM32\ncrypt.dll
0x00007ff9638c0000 - 0x00007ff9638f6000 	C:\Windows\SYSTEM32\NTASN1.dll
0x00007ff94e800000 - 0x00007ff94e825000 	C:\Program Files\Java\jdk-11.0.12\bin\sunec.dll

dbghelp: loaded successfully - version: 4.0.5 - missing functions: none
symbol engine: initialized successfully - sym options: 0x614 - pdb path: .;C:\Program Files\Java\jdk-11.0.12\bin;C:\Windows\SYSTEM32;C:\Windows\WinSxS\amd64_microsoft.windows.common-controls_6595b64144ccf1df_6.0.17134.1304_none_d3fbe61b7c93d9f0;C:\Program Files\Java\jdk-11.0.12\bin\server;D:\IntelliJ\IntelliJ IDEA 2021.2.2\bin

VM Arguments:
jvm_args: -XX:TieredStopAtLevel=1 -Xverify:none -Dspring.output.ansi.enabled=always -javaagent:D:\IntelliJ\IntelliJ IDEA 2021.2.2\lib\idea_rt.jar=60319:D:\IntelliJ\IntelliJ IDEA 2021.2.2\bin -Dcom.sun.management.jmxremote -Dspring.jmx.enabled=true -Dspring.liveBeansView.mbeanDomain -Dspring.application.admin.enabled=true -Dfile.encoding=UTF-8 
java_command: com.ruoyi.missionlist.RuoYiMissionListApplication
java_class_path (initial): D:\×ÀÃæ\uav_manage_system\RuoYi-Cloud\ruoyi-modules\ruoyi-missionlist\target\classes;C:\Users\Administrator\.m2\repository\com\alibaba\cloud\spring-cloud-starter-alibaba-nacos-discovery\2021.1\spring-cloud-starter-alibaba-nacos-discovery-2021.1.jar;C:\Users\Administrator\.m2\repository\com\alibaba\cloud\spring-cloud-alibaba-commons\2021.1\spring-cloud-alibaba-commons-2021.1.jar;C:\Users\Administrator\.m2\repository\com\alibaba\nacos\nacos-client\2.0.3\nacos-client-2.0.3.jar;C:\Users\Administrator\.m2\repository\commons-codec\commons-codec\1.15\commons-codec-1.15.jar;C:\Users\Administrator\.m2\repository\com\fasterxml\jackson\core\jackson-core\2.12.4\jackson-core-2.12.4.jar;C:\Users\Administrator\.m2\repository\com\fasterxml\jackson\core\jackson-databind\2.12.4\jackson-databind-2.12.4.jar;C:\Users\Administrator\.m2\repository\com\fasterxml\jackson\core\jackson-annotations\2.12.4\jackson-annotations-2.12.4.jar;C:\Users\Administrator\.m2\repository\org\apache\httpcomponents\httpasyncclient\4.1.4\httpasyncclient-4.1.4.jar;C:\Users\Administrator\.m2\repository\org\apache\httpcomponents\httpcore\4.4.14\httpcore-4.4.14.jar;C:\Users\Administrator\.m2\repository\org\apache\httpcomponents\httpcore-nio\4.4.14\httpcore-nio-4.4.14.jar;C:\Users\Administrator\.m2\repository\org\apache\httpcomponents\httpclient\4.5.13\httpclient-4.5.13.jar;C:\Users\Administrator\.m2\repository\org\reflections\reflections\0.9.11\reflections-0.9.11.jar;C:\Users\Administrator\.m2\repository\com\google\guava\guava\20.0\guava-20.0.jar;C:\Users\Administrator\.m2\repository\org\javassist\javassist\3.21.0-GA\javassist-3.21.0-GA.jar;C:\Users\Administrator\.m2\repository\io\prometheus\simpleclient\0.10.0\simpleclient-0.10.0.jar;C:\Users\Administrator\.m2\repository\org\yaml\snakeyaml\1.28\snakeyaml-1.28.jar;C:\Users\Administrator\.m2\repository\com\alibaba\spring\spring-context-support\1.0.10\spring-context-support-1.0.10.jar;C:\Users\Administrator\.m2\repository\org\springframew
Launcher Type: SUN_STANDARD

[Global flags]
     bool BytecodeVerificationLocal                = false                                     {product} {command line}
     bool BytecodeVerificationRemote               = false                                     {product} {command line}
     intx CICompilerCount                          = 4                                         {product} {ergonomic}
     uint ConcGCThreads                            = 3                                         {product} {ergonomic}
     uint G1ConcRefinementThreads                  = 10                                        {product} {ergonomic}
   size_t G1HeapRegionSize                         = 1048576                                   {product} {ergonomic}
    uintx GCDrainStackTargetSize                   = 64                                        {product} {ergonomic}
   size_t InitialHeapSize                          = 268435456                                 {product} {ergonomic}
     bool ManagementServer                         = true                                      {product} {command line}
   size_t MarkStackSize                            = 4194304                                   {product} {ergonomic}
   size_t MaxHeapSize                              = 4263510016                                {product} {ergonomic}
   size_t MaxNewSize                               = 2557476864                                {product} {ergonomic}
   size_t MinHeapDeltaBytes                        = 1048576                                   {product} {ergonomic}
    uintx NonNMethodCodeHeapSize                   = 7549744                                {pd product} {ergonomic}
    uintx NonProfiledCodeHeapSize                  = 244108496                              {pd product} {ergonomic}
    uintx ProfiledCodeHeapSize                     = 0                                      {pd product} {ergonomic}
    uintx ReservedCodeCacheSize                    = 251658240                              {pd product} {ergonomic}
     bool SegmentedCodeCache                       = true                                      {product} {ergonomic}
     intx TieredStopAtLevel                        = 1                                         {product} {command line}
     bool UseCompressedClassPointers               = true                                 {lp64_product} {ergonomic}
     bool UseCompressedOops                        = true                                 {lp64_product} {ergonomic}
     bool UseG1GC                                  = true                                      {product} {ergonomic}
     bool UseLargePagesIndividualAllocation        = false                                  {pd product} {ergonomic}

Logging:
Log output configuration:
 #0: stdout all=warning uptime,level,tags
 #1: stderr all=off uptime,level,tags

Environment Variables:
JAVA_HOME=C:\Users\Administrator\.jdks\corretto-1.8.0_282
CLASSPATH=.;C:\Users\Administrator\.jdks\corretto-1.8.0_282\lib;C:\Users\Administrator\.jdks\corretto-1.8.0_282\lib\dt.jar;C:\Users\Administrator\.jdks\corretto-1.8.0_282\lib\tools.jar;C:\Program Files (x86)\QuickTime\QTSystem\QTJava.zip;D:\rtsp\ffmpeg-4.4-essentials_build\bin
PATH=C:\Program Files\Common Files\Oracle\Java\javapath;C:\Windows\system32;C:\Windows;C:\Windows\System32\Wbem;C:\Windows\System32\WindowsPowerShell\v1.0\;C:\Windows\System32\OpenSSH\;C:\Users\Administrator\AppData\Roaming\Python\Python38;D:\Winscp\WinSCP\;C:\Program Files (x86)\NVIDIA Corporation\PhysX\Common;D:\matlab\runtime\win64;D:\matlab\bin;D:\matlab\polyspace\bin;D:\Gitbash\Git\cmd;C:\Program Files\NVIDIA Corporation\NVIDIA NvDLISR;C:\Program Files\Git\cmd;C:\Program Files (x86)\QuickTime\QTSystem\;D:\nodejs\;D:\rtsp\ffmpeg-4.4-essentials_build\bin;C:\Users\Administrator\AppData\Local\VanDyke Software\Clients\;C:\Users\Administrator\AppData\Local\Programs\Microsoft VS Code\bin;C:\Users\Administrator\AppData\Roaming\Python\Python38;";D:\JAVA\jdk-15.0.2\bin;D:\JAVA\jdk-15.0.2\jre\bin";D:\IntelliJ\IntelliJ IDEA Community Edition 2020.3.2\bin;D:\maven\apache-maven-3.6.3\bin;D:\mysql\bin;C:\Users\Administrator\Desktop\Fiddler;D:\RabbitMQ\rabbitmq_server-3.8.19\sbin;%ERLANG_HOME%\bin;C:\Users\Administrator\AppData\Roaming\npm;"C:\Users\Administrator\.jdks\corretto-1.8.0_282\bin;C:\Users\Administrator\.jdks\corretto-1.8.0_282\jre\bin";D:\IntelliJ\IntelliJ IDEA 2021.2.2\bin;;D:\rtsp\ffmpeg-4.4-essentials_build\bin;
USERNAME=123
OS=Windows_NT
PROCESSOR_IDENTIFIER=Intel64 Family 6 Model 158 Stepping 10, GenuineIntel



---------------  S Y S T E M  ---------------

OS: Windows 10 , 64 bit Build 17134 (10.0.17134.753)

CPU:total 12 (initial active 12) (6 cores per cpu, 2 threads per core) family 6 model 158 stepping 10 microcode 0xb4, cmov, cx8, fxsr, mmx, sse, sse2, sse3, ssse3, sse4.1, sse4.2, popcnt, avx, avx2, aes, clmul, erms, 3dnowpref, lzcnt, ht, tsc, tscinvbit, bmi1, bmi2, adx, fma

Memory: 4k page, system-wide physical 16257M (2963M free)
TotalPageFile size 23937M (AvailPageFile size 13M)
current process WorkingSet (physical memory assigned to process): 401M, peak: 401M
current process commit charge ("private bytes"): 511M, peak: 563M

vm_info: Java HotSpot(TM) 64-Bit Server VM (11.0.12+8-LTS-237) for windows-amd64 JRE (11.0.12+8-LTS-237), built on Jun  8 2021 11:25:59 by "mach5one" with MS VC++ 15.9 (VS2017)

END.
