09:29:46.749 [nacos-grpc-client-executor-150] INFO  c.a.n.c.r.client - [printIfInfoEnabled,60] - [dbf01927-8da6-402b-9798-1b5cc9b6e329_config-0]receive server push request,request=ClientDetectionRequest,requestId=68
09:29:46.749 [nacos-grpc-client-executor-149] INFO  c.a.n.c.r.client - [printIfInfoEnabled,60] - [fb3a60d5-ec25-42fb-a812-7f9559fdb0d6_config-0]receive server push request,request=ClientDetectionRequest,requestId=67
09:29:46.752 [nacos-grpc-client-executor-149] INFO  c.a.n.c.r.client - [printIfInfoEnabled,60] - [fb3a60d5-ec25-42fb-a812-7f9559fdb0d6_config-0]ack server push request,request=ClientDetectionRequest,requestId=67
09:29:46.752 [nacos-grpc-client-executor-150] INFO  c.a.n.c.r.client - [printIfInfoEnabled,60] - [dbf01927-8da6-402b-9798-1b5cc9b6e329_config-0]ack server push request,request=ClientDetectionRequest,requestId=68
09:29:46.754 [nacos-grpc-client-executor-247] INFO  c.a.n.c.r.client - [printIfInfoEnabled,60] - [7040291e-5771-4083-ab77-1581347d8685]receive server push request,request=ClientDetectionRequest,requestId=70
09:29:46.756 [nacos-grpc-client-executor-247] INFO  c.a.n.c.r.client - [printIfInfoEnabled,60] - [7040291e-5771-4083-ab77-1581347d8685]ack server push request,request=ClientDetectionRequest,requestId=70
09:32:21.927 [SpringApplicationShutdownHook] INFO  c.a.c.n.r.NacosServiceRegistry - [deregister,90] - De-registering from Nacos Server now...
09:32:21.927 [SpringApplicationShutdownHook] INFO  c.a.n.client.naming - [deregisterService,136] - [DEREGISTER-SERVICE] public deregistering service ruoyi-gateway with instance: Instance{instanceId='null', ip='192.168.0.110', port=8080, weight=1.0, healthy=true, enabled=true, ephemeral=true, clusterName='DEFAULT', serviceName='null', metadata={}}
09:32:21.928 [SpringApplicationShutdownHook] INFO  c.a.c.n.r.NacosServiceRegistry - [deregister,110] - De-registration finished.
09:32:21.928 [SpringApplicationShutdownHook] INFO  c.a.n.client.naming - [shutdown,256] - com.alibaba.nacos.client.naming.cache.ServiceInfoHolder do shutdown begin
09:32:21.929 [SpringApplicationShutdownHook] INFO  c.a.n.client.naming - [shutdown,140] - com.alibaba.nacos.client.naming.backups.FailoverReactor do shutdown begin
09:32:21.929 [SpringApplicationShutdownHook] INFO  c.a.n.client.naming - [shutdown,142] - com.alibaba.nacos.client.naming.backups.FailoverReactor do shutdown stop
09:32:21.929 [SpringApplicationShutdownHook] INFO  c.a.n.client.naming - [shutdown,258] - com.alibaba.nacos.client.naming.cache.ServiceInfoHolder do shutdown stop
09:32:21.929 [SpringApplicationShutdownHook] INFO  c.a.n.client.naming - [shutdown,176] - com.alibaba.nacos.client.naming.remote.NamingClientProxyDelegate do shutdown begin
09:32:21.929 [SpringApplicationShutdownHook] INFO  c.a.n.client.naming - [shutdown,130] - com.alibaba.nacos.client.naming.core.ServiceInfoUpdateService do shutdown begin
09:32:22.230 [SpringApplicationShutdownHook] INFO  c.a.n.client.naming - [shutdown,132] - com.alibaba.nacos.client.naming.core.ServiceInfoUpdateService do shutdown stop
09:32:22.230 [SpringApplicationShutdownHook] INFO  c.a.n.client.naming - [shutdown,188] - com.alibaba.nacos.client.naming.core.ServerListManager do shutdown begin
09:32:22.230 [SpringApplicationShutdownHook] INFO  c.a.n.client.naming - [shutdown,193] - com.alibaba.nacos.client.naming.core.ServerListManager do shutdown stop
09:32:22.230 [SpringApplicationShutdownHook] INFO  c.a.n.client.naming - [shutdown,519] - com.alibaba.nacos.client.naming.remote.http.NamingHttpClientProxy do shutdown begin
09:32:22.231 [SpringApplicationShutdownHook] INFO  c.a.n.client.naming - [shutdown,162] - com.alibaba.nacos.client.naming.beat.BeatReactor do shutdown begin
09:32:22.231 [SpringApplicationShutdownHook] INFO  c.a.n.client.naming - [shutdown,164] - com.alibaba.nacos.client.naming.beat.BeatReactor do shutdown stop
09:32:22.231 [SpringApplicationShutdownHook] INFO  c.a.n.c.i.CredentialWatcher - [stop,105] - [null] CredentialWatcher is stopped
09:32:22.231 [SpringApplicationShutdownHook] INFO  c.a.n.c.i.CredentialService - [free,99] - [null] CredentialService is freed
09:32:22.231 [SpringApplicationShutdownHook] INFO  c.a.n.client.naming - [shutdown,523] - com.alibaba.nacos.client.naming.remote.http.NamingHttpClientProxy do shutdown stop
09:32:22.231 [SpringApplicationShutdownHook] INFO  c.a.n.c.r.client - [shutdown,461] - Shutdown rpc client ,set status to shutdown
09:32:22.231 [SpringApplicationShutdownHook] INFO  c.a.n.c.r.client - [shutdown,463] - Shutdown  client event executor java.util.concurrent.ScheduledThreadPoolExecutor@49bc3079[Running, pool size = 2, active threads = 2, queued tasks = 0, completed tasks = 0]
09:32:22.231 [SpringApplicationShutdownHook] INFO  c.a.n.c.r.client - [shutdown,465] - Close current connection 1632823849212_127.0.0.1_60723
09:32:22.232 [nacos-grpc-client-executor-316] INFO  c.a.n.c.r.c.g.GrpcClient - [printIfInfoEnabled,60] - [1632823849212_127.0.0.1_60723]Ignore complete event,isRunning:false,isAbandon=false
09:32:22.234 [SpringApplicationShutdownHook] INFO  c.a.n.c.r.c.g.GrpcClient - [shutdown,83] - Shutdown grpc executor java.util.concurrent.ThreadPoolExecutor@6387dfd4[Running, pool size = 4, active threads = 0, queued tasks = 0, completed tasks = 317]
09:32:22.234 [SpringApplicationShutdownHook] INFO  c.a.n.client.naming - [shutdown,251] - Shutdown grpc redo service executor java.util.concurrent.ScheduledThreadPoolExecutor@6d97f7da[Running, pool size = 1, active threads = 0, queued tasks = 1, completed tasks = 284]
09:32:22.234 [SpringApplicationShutdownHook] INFO  c.a.n.client.naming - [shutdown,182] - com.alibaba.nacos.client.naming.remote.NamingClientProxyDelegate do shutdown stop
09:32:42.049 [background-preinit] INFO  o.h.v.i.util.Version - [<clinit>,21] - HV000001: Hibernate Validator 6.2.0.Final
09:32:42.580 [main] INFO  c.a.n.c.c.i.LocalConfigInfoProcessor - [<clinit>,67] - LOCAL_SNAPSHOT_PATH:C:\Users\80952\nacos\config
09:32:42.582 [main] INFO  c.a.n.c.r.client - [lambda$createClient$0,77] - [RpcClientFactory] create a new rpc client of 80e6382f-9b77-46f7-9123-86313ef6e8d9_config-0
09:32:42.607 [main] INFO  o.r.Reflections - [scan,232] - Reflections took 15 ms to scan 1 urls, producing 3 keys and 6 values 
09:32:42.624 [main] INFO  o.r.Reflections - [scan,232] - Reflections took 9 ms to scan 1 urls, producing 4 keys and 9 values 
09:32:42.633 [main] INFO  o.r.Reflections - [scan,232] - Reflections took 8 ms to scan 1 urls, producing 3 keys and 10 values 
09:32:42.644 [main] INFO  o.r.Reflections - [scan,232] - Reflections took 7 ms to scan 1 urls, producing 1 keys and 5 values 
09:32:42.653 [main] INFO  o.r.Reflections - [scan,232] - Reflections took 8 ms to scan 1 urls, producing 1 keys and 7 values 
09:32:42.665 [main] INFO  o.r.Reflections - [scan,232] - Reflections took 10 ms to scan 1 urls, producing 2 keys and 8 values 
09:32:42.667 [main] INFO  c.a.n.c.r.client - [printIfInfoEnabled,60] - [80e6382f-9b77-46f7-9123-86313ef6e8d9_config-0]RpcClient init label, labels={module=config, Vipserver-Tag=null, source=sdk, Amory-Tag=null, Location-Tag=null, taskId=0, AppName=unknown}
09:32:42.668 [main] INFO  c.a.n.c.r.client - [printIfInfoEnabled,60] - [80e6382f-9b77-46f7-9123-86313ef6e8d9_config-0]Register server push request handler:com.alibaba.nacos.client.config.impl.ClientWorker$ConfigRpcTransportClient$$Lambda$446/0x000000080040d840
09:32:42.668 [main] INFO  c.a.n.c.r.client - [printIfInfoEnabled,60] - [80e6382f-9b77-46f7-9123-86313ef6e8d9_config-0]Register server push request handler:com.alibaba.nacos.client.config.impl.ClientWorker$ConfigRpcTransportClient$$Lambda$447/0x000000080040dc40
09:32:42.668 [main] INFO  c.a.n.c.r.client - [printIfInfoEnabled,60] - [80e6382f-9b77-46f7-9123-86313ef6e8d9_config-0]Registry connection listener to current client:com.alibaba.nacos.client.config.impl.ClientWorker$ConfigRpcTransportClient$1
09:32:42.669 [main] INFO  c.a.n.c.r.client - [printIfInfoEnabled,60] - [80e6382f-9b77-46f7-9123-86313ef6e8d9_config-0]RpcClient init, ServerListFactory =com.alibaba.nacos.client.config.impl.ClientWorker$ConfigRpcTransportClient$2
09:32:42.674 [main] INFO  c.a.n.c.r.client - [printIfInfoEnabled,60] - [80e6382f-9b77-46f7-9123-86313ef6e8d9_config-0] Try to connect to server on start up, server: {serverIp='127.0.0.1', server main port=8848}
09:32:43.764 [main] INFO  c.a.n.c.r.client - [printIfInfoEnabled,60] - [80e6382f-9b77-46f7-9123-86313ef6e8d9_config-0] Success to connect to server [127.0.0.1:8848] on start up,connectionId=1632879163605_127.0.0.1_65070
09:32:43.764 [com.alibaba.nacos.client.remote.worker] INFO  c.a.n.c.r.client - [printIfInfoEnabled,60] - [80e6382f-9b77-46f7-9123-86313ef6e8d9_config-0]Notify connected event to listeners.
09:32:43.765 [main] INFO  c.a.n.c.r.client - [printIfInfoEnabled,60] - [80e6382f-9b77-46f7-9123-86313ef6e8d9_config-0]Register server push request handler:com.alibaba.nacos.common.remote.client.RpcClient$ConnectResetRequestHandler
09:32:43.765 [com.alibaba.nacos.client.remote.worker] INFO  c.a.n.c.c.i.ClientWorker - [onConnected,681] - [80e6382f-9b77-46f7-9123-86313ef6e8d9_config-0] Connected,notify listen context...
09:32:43.765 [main] INFO  c.a.n.c.r.client - [printIfInfoEnabled,60] - [80e6382f-9b77-46f7-9123-86313ef6e8d9_config-0]Register server push request handler:com.alibaba.nacos.common.remote.client.RpcClient$4
09:32:43.790 [main] INFO  c.a.n.c.c.i.Limiter - [<clinit>,56] - limitTime:5.0
09:32:43.803 [main] INFO  c.a.n.c.c.u.JvmUtil - [<clinit>,53] - isMultiInstance:false
09:32:43.827 [main] INFO  c.r.g.RuoYiGatewayApplication - [logStartupProfileInfo,663] - The following profiles are active: dev
09:32:46.926 [main] INFO  c.a.c.s.g.s.SentinelSCGAutoConfiguration - [sentinelGatewayFilter,144] - [Sentinel SpringCloudGateway] register SentinelGatewayFilter with order: -2147483648
09:32:47.079 [main] INFO  c.a.n.client.naming - [initNamespaceForNaming,63] - initializer namespace from System Property : null
09:32:47.079 [main] INFO  c.a.n.client.naming - [call,69] - initializer namespace from System Environment :null
09:32:47.080 [main] INFO  c.a.n.client.naming - [call,79] - initializer namespace from System Property :null
09:32:47.093 [main] INFO  c.a.n.c.r.client - [lambda$createClient$0,77] - [RpcClientFactory] create a new rpc client of 95cd7d94-2f8b-4db6-b7fa-2dd08fcb2d13
09:32:47.094 [main] INFO  c.a.n.c.r.client - [printIfInfoEnabled,60] - [95cd7d94-2f8b-4db6-b7fa-2dd08fcb2d13]RpcClient init label, labels={module=naming, source=sdk}
09:32:47.096 [main] INFO  c.a.n.c.r.client - [printIfInfoEnabled,60] - [95cd7d94-2f8b-4db6-b7fa-2dd08fcb2d13]RpcClient init, ServerListFactory =com.alibaba.nacos.client.naming.core.ServerListManager
09:32:47.096 [main] INFO  c.a.n.c.r.client - [printIfInfoEnabled,60] - [95cd7d94-2f8b-4db6-b7fa-2dd08fcb2d13]Registry connection listener to current client:com.alibaba.nacos.client.naming.remote.gprc.redo.NamingGrpcRedoService
09:32:47.097 [main] INFO  c.a.n.c.r.client - [printIfInfoEnabled,60] - [95cd7d94-2f8b-4db6-b7fa-2dd08fcb2d13]Register server push request handler:com.alibaba.nacos.client.naming.remote.gprc.NamingPushRequestHandler
09:32:47.097 [main] INFO  c.a.n.c.r.client - [printIfInfoEnabled,60] - [95cd7d94-2f8b-4db6-b7fa-2dd08fcb2d13] Try to connect to server on start up, server: {serverIp='127.0.0.1', server main port=8848}
09:32:47.215 [main] INFO  c.a.n.c.r.client - [printIfInfoEnabled,60] - [95cd7d94-2f8b-4db6-b7fa-2dd08fcb2d13] Success to connect to server [127.0.0.1:8848] on start up,connectionId=1632879167104_127.0.0.1_65088
09:32:47.215 [main] INFO  c.a.n.c.r.client - [printIfInfoEnabled,60] - [95cd7d94-2f8b-4db6-b7fa-2dd08fcb2d13]Register server push request handler:com.alibaba.nacos.common.remote.client.RpcClient$ConnectResetRequestHandler
09:32:47.215 [com.alibaba.nacos.client.remote.worker] INFO  c.a.n.c.r.client - [printIfInfoEnabled,60] - [95cd7d94-2f8b-4db6-b7fa-2dd08fcb2d13]Notify connected event to listeners.
09:32:47.215 [main] INFO  c.a.n.c.r.client - [printIfInfoEnabled,60] - [95cd7d94-2f8b-4db6-b7fa-2dd08fcb2d13]Register server push request handler:com.alibaba.nacos.common.remote.client.RpcClient$4
09:32:47.216 [com.alibaba.nacos.client.remote.worker] INFO  c.a.n.client.naming - [onConnected,76] - Grpc connection connect
09:32:47.386 [main] INFO  c.a.c.s.g.s.SentinelSCGAutoConfiguration - [sentinelGatewayBlockExceptionHandler,134] - [Sentinel SpringCloudGateway] register SentinelGatewayBlockExceptionHandler
09:32:47.653 [main] INFO  c.a.n.c.c.i.ClientWorker - [addCacheDataIfAbsent,384] - [config_rpc_client] [subscribe] sentinel-ruoyi-gateway+DEFAULT_GROUP
09:32:47.660 [main] INFO  c.a.n.c.c.i.CacheData - [addListener,173] - [config_rpc_client] [add-listener] ok, tenant=, dataId=sentinel-ruoyi-gateway, group=DEFAULT_GROUP, cnt=1
09:32:47.660 [main] INFO  c.a.n.c.r.client - [lambda$createClient$0,77] - [RpcClientFactory] create a new rpc client of 848afb1f-3d9f-47db-a63e-7fa00a1d3cd9_config-0
09:32:47.660 [main] INFO  c.a.n.c.r.client - [printIfInfoEnabled,60] - [848afb1f-3d9f-47db-a63e-7fa00a1d3cd9_config-0]RpcClient init label, labels={module=config, Vipserver-Tag=null, source=sdk, Amory-Tag=null, Location-Tag=null, taskId=0, AppName=unknown}
09:32:47.660 [main] INFO  c.a.n.c.r.client - [printIfInfoEnabled,60] - [848afb1f-3d9f-47db-a63e-7fa00a1d3cd9_config-0]Register server push request handler:com.alibaba.nacos.client.config.impl.ClientWorker$ConfigRpcTransportClient$$Lambda$446/0x000000080040d840
09:32:47.661 [main] INFO  c.a.n.c.r.client - [printIfInfoEnabled,60] - [848afb1f-3d9f-47db-a63e-7fa00a1d3cd9_config-0]Register server push request handler:com.alibaba.nacos.client.config.impl.ClientWorker$ConfigRpcTransportClient$$Lambda$447/0x000000080040dc40
09:32:47.661 [main] INFO  c.a.n.c.r.client - [printIfInfoEnabled,60] - [848afb1f-3d9f-47db-a63e-7fa00a1d3cd9_config-0]Registry connection listener to current client:com.alibaba.nacos.client.config.impl.ClientWorker$ConfigRpcTransportClient$1
09:32:47.661 [main] INFO  c.a.n.c.r.client - [printIfInfoEnabled,60] - [848afb1f-3d9f-47db-a63e-7fa00a1d3cd9_config-0]RpcClient init, ServerListFactory =com.alibaba.nacos.client.config.impl.ClientWorker$ConfigRpcTransportClient$2
09:32:47.661 [main] INFO  c.a.n.c.r.client - [printIfInfoEnabled,60] - [848afb1f-3d9f-47db-a63e-7fa00a1d3cd9_config-0] Try to connect to server on start up, server: {serverIp='127.0.0.1', server main port=8848}
09:32:47.786 [main] INFO  c.a.n.c.r.client - [printIfInfoEnabled,60] - [848afb1f-3d9f-47db-a63e-7fa00a1d3cd9_config-0] Success to connect to server [127.0.0.1:8848] on start up,connectionId=1632879167668_127.0.0.1_65094
09:32:47.786 [main] INFO  c.a.n.c.r.client - [printIfInfoEnabled,60] - [848afb1f-3d9f-47db-a63e-7fa00a1d3cd9_config-0]Register server push request handler:com.alibaba.nacos.common.remote.client.RpcClient$ConnectResetRequestHandler
09:32:47.786 [com.alibaba.nacos.client.remote.worker] INFO  c.a.n.c.r.client - [printIfInfoEnabled,60] - [848afb1f-3d9f-47db-a63e-7fa00a1d3cd9_config-0]Notify connected event to listeners.
09:32:47.786 [main] INFO  c.a.n.c.r.client - [printIfInfoEnabled,60] - [848afb1f-3d9f-47db-a63e-7fa00a1d3cd9_config-0]Register server push request handler:com.alibaba.nacos.common.remote.client.RpcClient$4
09:32:47.786 [com.alibaba.nacos.client.remote.worker] INFO  c.a.n.c.c.i.ClientWorker - [onConnected,681] - [848afb1f-3d9f-47db-a63e-7fa00a1d3cd9_config-0] Connected,notify listen context...
09:32:47.873 [main] INFO  c.a.n.client.naming - [isChangedServiceInfo,181] - init new ips(0) service: DEFAULT_GROUP@@ruoyi-gateway@@DEFAULT -> []
09:32:47.874 [main] INFO  c.a.n.client.naming - [processServiceInfo,166] - current ips:(0) service: DEFAULT_GROUP@@ruoyi-gateway@@DEFAULT -> []
09:32:47.941 [boundedElastic-6] INFO  c.a.n.client.naming - [isChangedServiceInfo,181] - init new ips(0) service: DEFAULT_GROUP@@ruoyi-system -> []
09:32:47.942 [boundedElastic-6] INFO  c.a.n.client.naming - [processServiceInfo,166] - current ips:(0) service: DEFAULT_GROUP@@ruoyi-system -> []
09:32:47.942 [boundedElastic-3] INFO  c.a.n.client.naming - [isChangedServiceInfo,181] - init new ips(0) service: DEFAULT_GROUP@@ruoyi-auth -> []
09:32:47.943 [boundedElastic-3] INFO  c.a.n.client.naming - [processServiceInfo,166] - current ips:(0) service: DEFAULT_GROUP@@ruoyi-auth -> []
09:32:47.943 [boundedElastic-8] INFO  c.a.n.client.naming - [isChangedServiceInfo,181] - init new ips(0) service: DEFAULT_GROUP@@ruoyi-gateway -> []
09:32:47.943 [boundedElastic-10] INFO  c.a.n.client.naming - [isChangedServiceInfo,181] - init new ips(0) service: DEFAULT_GROUP@@ruoyi-pilots -> []
09:32:47.944 [boundedElastic-8] INFO  c.a.n.client.naming - [processServiceInfo,166] - current ips:(0) service: DEFAULT_GROUP@@ruoyi-gateway -> []
09:32:47.944 [boundedElastic-10] INFO  c.a.n.client.naming - [processServiceInfo,166] - current ips:(0) service: DEFAULT_GROUP@@ruoyi-pilots -> []
09:32:48.394 [nacos-grpc-client-executor-24] INFO  c.a.n.c.r.client - [printIfInfoEnabled,60] - [95cd7d94-2f8b-4db6-b7fa-2dd08fcb2d13]receive server push request,request=NotifySubscriberRequest,requestId=72
09:32:48.394 [nacos-grpc-client-executor-24] INFO  c.a.n.c.r.client - [printIfInfoEnabled,60] - [95cd7d94-2f8b-4db6-b7fa-2dd08fcb2d13]ack server push request,request=NotifySubscriberRequest,requestId=72
09:32:48.498 [nacos-grpc-client-executor-25] INFO  c.a.n.c.r.client - [printIfInfoEnabled,60] - [95cd7d94-2f8b-4db6-b7fa-2dd08fcb2d13]receive server push request,request=NotifySubscriberRequest,requestId=74
09:32:48.499 [nacos-grpc-client-executor-25] INFO  c.a.n.c.r.client - [printIfInfoEnabled,60] - [95cd7d94-2f8b-4db6-b7fa-2dd08fcb2d13]ack server push request,request=NotifySubscriberRequest,requestId=74
09:32:48.504 [nacos-grpc-client-executor-26] INFO  c.a.n.c.r.client - [printIfInfoEnabled,60] - [95cd7d94-2f8b-4db6-b7fa-2dd08fcb2d13]receive server push request,request=NotifySubscriberRequest,requestId=73
09:32:48.504 [nacos-grpc-client-executor-26] INFO  c.a.n.c.r.client - [printIfInfoEnabled,60] - [95cd7d94-2f8b-4db6-b7fa-2dd08fcb2d13]ack server push request,request=NotifySubscriberRequest,requestId=73
09:32:48.508 [nacos-grpc-client-executor-27] INFO  c.a.n.c.r.client - [printIfInfoEnabled,60] - [95cd7d94-2f8b-4db6-b7fa-2dd08fcb2d13]receive server push request,request=NotifySubscriberRequest,requestId=75
09:32:48.509 [nacos-grpc-client-executor-27] INFO  c.a.n.c.r.client - [printIfInfoEnabled,60] - [95cd7d94-2f8b-4db6-b7fa-2dd08fcb2d13]ack server push request,request=NotifySubscriberRequest,requestId=75
09:32:49.209 [main] INFO  c.a.n.client.naming - [registerService,112] - [REGISTER-SERVICE] public registering service ruoyi-gateway with instance Instance{instanceId='null', ip='192.168.0.110', port=8080, weight=1.0, healthy=true, enabled=true, ephemeral=true, clusterName='DEFAULT', serviceName='null', metadata={preserved.register.source=SPRING_CLOUD}}
09:32:49.214 [main] INFO  c.a.c.n.r.NacosServiceRegistry - [register,75] - nacos registry, DEFAULT_GROUP ruoyi-gateway 192.168.0.110:8080 register finished
09:32:49.232 [main] INFO  c.r.g.RuoYiGatewayApplication - [logStarted,61] - Started RuoYiGatewayApplication in 7.741 seconds (JVM running for 8.717)
09:32:49.235 [main] INFO  c.a.n.c.c.i.ClientWorker - [addCacheDataIfAbsent,384] - [config_rpc_client] [subscribe] ruoyi-gateway+DEFAULT_GROUP
09:32:49.236 [main] INFO  c.a.n.c.c.i.CacheData - [addListener,173] - [config_rpc_client] [add-listener] ok, tenant=, dataId=ruoyi-gateway, group=DEFAULT_GROUP, cnt=1
09:32:49.236 [main] INFO  c.a.n.c.c.i.ClientWorker - [addCacheDataIfAbsent,384] - [config_rpc_client] [subscribe] ruoyi-gateway.yml+DEFAULT_GROUP
09:32:49.236 [main] INFO  c.a.n.c.c.i.CacheData - [addListener,173] - [config_rpc_client] [add-listener] ok, tenant=, dataId=ruoyi-gateway.yml, group=DEFAULT_GROUP, cnt=1
09:32:49.237 [main] INFO  c.a.n.c.c.i.ClientWorker - [addCacheDataIfAbsent,384] - [config_rpc_client] [subscribe] ruoyi-gateway-dev.yml+DEFAULT_GROUP
09:32:49.237 [main] INFO  c.a.n.c.c.i.CacheData - [addListener,173] - [config_rpc_client] [add-listener] ok, tenant=, dataId=ruoyi-gateway-dev.yml, group=DEFAULT_GROUP, cnt=1
09:32:49.726 [nacos-grpc-client-executor-40] INFO  c.a.n.c.r.client - [printIfInfoEnabled,60] - [95cd7d94-2f8b-4db6-b7fa-2dd08fcb2d13]receive server push request,request=NotifySubscriberRequest,requestId=76
09:32:49.729 [nacos-grpc-client-executor-40] INFO  c.a.n.client.naming - [isChangedServiceInfo,235] - new ips(1) service: DEFAULT_GROUP@@ruoyi-gateway -> [{"ip":"192.168.0.110","port":8080,"weight":1.0,"healthy":true,"enabled":true,"ephemeral":true,"clusterName":"DEFAULT","serviceName":"DEFAULT_GROUP@@ruoyi-gateway","metadata":{"preserved.register.source":"SPRING_CLOUD"},"instanceHeartBeatInterval":5000,"instanceHeartBeatTimeOut":15000,"ipDeleteTimeout":30000}]
09:32:49.729 [nacos-grpc-client-executor-40] INFO  c.a.n.client.naming - [processServiceInfo,166] - current ips:(1) service: DEFAULT_GROUP@@ruoyi-gateway -> [{"ip":"192.168.0.110","port":8080,"weight":1.0,"healthy":true,"enabled":true,"ephemeral":true,"clusterName":"DEFAULT","serviceName":"DEFAULT_GROUP@@ruoyi-gateway","metadata":{"preserved.register.source":"SPRING_CLOUD"},"instanceHeartBeatInterval":5000,"instanceHeartBeatTimeOut":15000,"ipDeleteTimeout":30000}]
09:32:49.730 [nacos-grpc-client-executor-40] INFO  c.a.n.c.r.client - [printIfInfoEnabled,60] - [95cd7d94-2f8b-4db6-b7fa-2dd08fcb2d13]ack server push request,request=NotifySubscriberRequest,requestId=76
09:32:50.875 [com.alibaba.nacos.client.naming.updater.0] INFO  c.a.n.client.naming - [isChangedServiceInfo,235] - new ips(1) service: DEFAULT_GROUP@@ruoyi-gateway@@DEFAULT -> [{"ip":"192.168.0.110","port":8080,"weight":1.0,"healthy":true,"enabled":true,"ephemeral":true,"clusterName":"DEFAULT","serviceName":"DEFAULT_GROUP@@ruoyi-gateway","metadata":{"preserved.register.source":"SPRING_CLOUD"},"instanceHeartBeatInterval":5000,"instanceHeartBeatTimeOut":15000,"ipDeleteTimeout":30000}]
09:32:50.876 [com.alibaba.nacos.client.naming.updater.0] INFO  c.a.n.client.naming - [processServiceInfo,166] - current ips:(1) service: DEFAULT_GROUP@@ruoyi-gateway@@DEFAULT -> [{"ip":"192.168.0.110","port":8080,"weight":1.0,"healthy":true,"enabled":true,"ephemeral":true,"clusterName":"DEFAULT","serviceName":"DEFAULT_GROUP@@ruoyi-gateway","metadata":{"preserved.register.source":"SPRING_CLOUD"},"instanceHeartBeatInterval":5000,"instanceHeartBeatTimeOut":15000,"ipDeleteTimeout":30000}]
09:32:55.977 [nacos-grpc-client-executor-49] INFO  c.a.n.c.r.client - [printIfInfoEnabled,60] - [95cd7d94-2f8b-4db6-b7fa-2dd08fcb2d13]receive server push request,request=NotifySubscriberRequest,requestId=77
09:32:55.977 [nacos-grpc-client-executor-49] INFO  c.a.n.client.naming - [isChangedServiceInfo,235] - new ips(1) service: DEFAULT_GROUP@@ruoyi-auth -> [{"ip":"192.168.0.110","port":9200,"weight":1.0,"healthy":true,"enabled":true,"ephemeral":true,"clusterName":"DEFAULT","serviceName":"DEFAULT_GROUP@@ruoyi-auth","metadata":{"preserved.register.source":"SPRING_CLOUD"},"instanceHeartBeatInterval":5000,"instanceHeartBeatTimeOut":15000,"ipDeleteTimeout":30000}]
09:32:55.978 [nacos-grpc-client-executor-49] INFO  c.a.n.client.naming - [processServiceInfo,166] - current ips:(1) service: DEFAULT_GROUP@@ruoyi-auth -> [{"ip":"192.168.0.110","port":9200,"weight":1.0,"healthy":true,"enabled":true,"ephemeral":true,"clusterName":"DEFAULT","serviceName":"DEFAULT_GROUP@@ruoyi-auth","metadata":{"preserved.register.source":"SPRING_CLOUD"},"instanceHeartBeatInterval":5000,"instanceHeartBeatTimeOut":15000,"ipDeleteTimeout":30000}]
09:32:55.979 [nacos-grpc-client-executor-49] INFO  c.a.n.c.r.client - [printIfInfoEnabled,60] - [95cd7d94-2f8b-4db6-b7fa-2dd08fcb2d13]ack server push request,request=NotifySubscriberRequest,requestId=77
09:33:04.542 [nacos-grpc-client-executor-54] INFO  c.a.n.c.r.client - [printIfInfoEnabled,60] - [95cd7d94-2f8b-4db6-b7fa-2dd08fcb2d13]receive server push request,request=NotifySubscriberRequest,requestId=79
09:33:04.543 [nacos-grpc-client-executor-54] INFO  c.a.n.client.naming - [isChangedServiceInfo,235] - new ips(1) service: DEFAULT_GROUP@@ruoyi-system -> [{"ip":"192.168.0.110","port":9201,"weight":1.0,"healthy":true,"enabled":true,"ephemeral":true,"clusterName":"DEFAULT","serviceName":"DEFAULT_GROUP@@ruoyi-system","metadata":{"preserved.register.source":"SPRING_CLOUD"},"instanceHeartBeatInterval":5000,"instanceHeartBeatTimeOut":15000,"ipDeleteTimeout":30000}]
09:33:04.543 [nacos-grpc-client-executor-54] INFO  c.a.n.client.naming - [processServiceInfo,166] - current ips:(1) service: DEFAULT_GROUP@@ruoyi-system -> [{"ip":"192.168.0.110","port":9201,"weight":1.0,"healthy":true,"enabled":true,"ephemeral":true,"clusterName":"DEFAULT","serviceName":"DEFAULT_GROUP@@ruoyi-system","metadata":{"preserved.register.source":"SPRING_CLOUD"},"instanceHeartBeatInterval":5000,"instanceHeartBeatTimeOut":15000,"ipDeleteTimeout":30000}]
09:33:04.544 [nacos-grpc-client-executor-54] INFO  c.a.n.c.r.client - [printIfInfoEnabled,60] - [95cd7d94-2f8b-4db6-b7fa-2dd08fcb2d13]ack server push request,request=NotifySubscriberRequest,requestId=79
09:33:10.027 [nacos-grpc-client-executor-55] INFO  c.a.n.c.r.client - [printIfInfoEnabled,60] - [95cd7d94-2f8b-4db6-b7fa-2dd08fcb2d13]receive server push request,request=NotifySubscriberRequest,requestId=81
09:33:10.027 [nacos-grpc-client-executor-55] INFO  c.a.n.client.naming - [isChangedServiceInfo,235] - new ips(1) service: DEFAULT_GROUP@@ruoyi-pilots -> [{"ip":"192.168.0.110","port":9209,"weight":1.0,"healthy":true,"enabled":true,"ephemeral":true,"clusterName":"DEFAULT","serviceName":"DEFAULT_GROUP@@ruoyi-pilots","metadata":{"preserved.register.source":"SPRING_CLOUD"},"instanceHeartBeatInterval":5000,"instanceHeartBeatTimeOut":15000,"ipDeleteTimeout":30000}]
09:33:10.029 [nacos-grpc-client-executor-55] INFO  c.a.n.client.naming - [processServiceInfo,166] - current ips:(1) service: DEFAULT_GROUP@@ruoyi-pilots -> [{"ip":"192.168.0.110","port":9209,"weight":1.0,"healthy":true,"enabled":true,"ephemeral":true,"clusterName":"DEFAULT","serviceName":"DEFAULT_GROUP@@ruoyi-pilots","metadata":{"preserved.register.source":"SPRING_CLOUD"},"instanceHeartBeatInterval":5000,"instanceHeartBeatTimeOut":15000,"ipDeleteTimeout":30000}]
09:33:10.030 [nacos-grpc-client-executor-55] INFO  c.a.n.c.r.client - [printIfInfoEnabled,60] - [95cd7d94-2f8b-4db6-b7fa-2dd08fcb2d13]ack server push request,request=NotifySubscriberRequest,requestId=81
16:36:20.292 [SpringApplicationShutdownHook] INFO  c.a.c.n.r.NacosServiceRegistry - [deregister,90] - De-registering from Nacos Server now...
16:36:20.293 [SpringApplicationShutdownHook] INFO  c.a.n.client.naming - [deregisterService,136] - [DEREGISTER-SERVICE] public deregistering service ruoyi-gateway with instance: Instance{instanceId='null', ip='192.168.0.110', port=8080, weight=1.0, healthy=true, enabled=true, ephemeral=true, clusterName='DEFAULT', serviceName='null', metadata={}}
16:36:20.294 [SpringApplicationShutdownHook] INFO  c.a.c.n.r.NacosServiceRegistry - [deregister,110] - De-registration finished.
16:36:20.295 [SpringApplicationShutdownHook] INFO  c.a.n.client.naming - [shutdown,256] - com.alibaba.nacos.client.naming.cache.ServiceInfoHolder do shutdown begin
16:36:20.295 [SpringApplicationShutdownHook] INFO  c.a.n.client.naming - [shutdown,140] - com.alibaba.nacos.client.naming.backups.FailoverReactor do shutdown begin
16:36:20.295 [SpringApplicationShutdownHook] INFO  c.a.n.client.naming - [shutdown,142] - com.alibaba.nacos.client.naming.backups.FailoverReactor do shutdown stop
16:36:20.295 [SpringApplicationShutdownHook] INFO  c.a.n.client.naming - [shutdown,258] - com.alibaba.nacos.client.naming.cache.ServiceInfoHolder do shutdown stop
16:36:20.296 [SpringApplicationShutdownHook] INFO  c.a.n.client.naming - [shutdown,176] - com.alibaba.nacos.client.naming.remote.NamingClientProxyDelegate do shutdown begin
16:36:20.296 [SpringApplicationShutdownHook] INFO  c.a.n.client.naming - [shutdown,130] - com.alibaba.nacos.client.naming.core.ServiceInfoUpdateService do shutdown begin
16:36:20.602 [SpringApplicationShutdownHook] INFO  c.a.n.client.naming - [shutdown,132] - com.alibaba.nacos.client.naming.core.ServiceInfoUpdateService do shutdown stop
16:36:20.602 [SpringApplicationShutdownHook] INFO  c.a.n.client.naming - [shutdown,188] - com.alibaba.nacos.client.naming.core.ServerListManager do shutdown begin
16:36:20.602 [SpringApplicationShutdownHook] INFO  c.a.n.client.naming - [shutdown,193] - com.alibaba.nacos.client.naming.core.ServerListManager do shutdown stop
16:36:20.602 [SpringApplicationShutdownHook] INFO  c.a.n.client.naming - [shutdown,519] - com.alibaba.nacos.client.naming.remote.http.NamingHttpClientProxy do shutdown begin
16:36:20.603 [SpringApplicationShutdownHook] INFO  c.a.n.client.naming - [shutdown,162] - com.alibaba.nacos.client.naming.beat.BeatReactor do shutdown begin
16:36:20.603 [SpringApplicationShutdownHook] INFO  c.a.n.client.naming - [shutdown,164] - com.alibaba.nacos.client.naming.beat.BeatReactor do shutdown stop
16:36:20.603 [SpringApplicationShutdownHook] INFO  c.a.n.c.i.CredentialWatcher - [stop,105] - [null] CredentialWatcher is stopped
16:36:20.603 [SpringApplicationShutdownHook] INFO  c.a.n.c.i.CredentialService - [free,99] - [null] CredentialService is freed
16:36:20.603 [SpringApplicationShutdownHook] INFO  c.a.n.client.naming - [shutdown,523] - com.alibaba.nacos.client.naming.remote.http.NamingHttpClientProxy do shutdown stop
16:36:20.603 [SpringApplicationShutdownHook] INFO  c.a.n.c.r.client - [shutdown,461] - Shutdown rpc client ,set status to shutdown
16:36:20.603 [SpringApplicationShutdownHook] INFO  c.a.n.c.r.client - [shutdown,463] - Shutdown  client event executor java.util.concurrent.ScheduledThreadPoolExecutor@11069f7c[Running, pool size = 2, active threads = 2, queued tasks = 0, completed tasks = 0]
16:36:20.603 [SpringApplicationShutdownHook] INFO  c.a.n.c.r.client - [shutdown,465] - Close current connection 1632879167104_127.0.0.1_65088
16:36:20.604 [nacos-grpc-client-executor-6682] INFO  c.a.n.c.r.c.g.GrpcClient - [printIfInfoEnabled,60] - [1632879167104_127.0.0.1_65088]Ignore complete event,isRunning:false,isAbandon=false
16:36:20.606 [SpringApplicationShutdownHook] INFO  c.a.n.c.r.c.g.GrpcClient - [shutdown,83] - Shutdown grpc executor java.util.concurrent.ThreadPoolExecutor@4c70140d[Running, pool size = 5, active threads = 0, queued tasks = 0, completed tasks = 6683]
16:36:20.606 [SpringApplicationShutdownHook] INFO  c.a.n.client.naming - [shutdown,251] - Shutdown grpc redo service executor java.util.concurrent.ScheduledThreadPoolExecutor@35f3a6bb[Running, pool size = 1, active threads = 0, queued tasks = 1, completed tasks = 8456]
16:36:20.606 [SpringApplicationShutdownHook] INFO  c.a.n.client.naming - [shutdown,182] - com.alibaba.nacos.client.naming.remote.NamingClientProxyDelegate do shutdown stop
16:45:46.132 [background-preinit] INFO  o.h.v.i.util.Version - [<clinit>,21] - HV000001: Hibernate Validator 6.2.0.Final
16:45:46.655 [main] INFO  c.a.n.c.c.i.LocalConfigInfoProcessor - [<clinit>,67] - LOCAL_SNAPSHOT_PATH:C:\Users\80952\nacos\config
16:45:46.657 [main] INFO  c.a.n.c.r.client - [lambda$createClient$0,77] - [RpcClientFactory] create a new rpc client of d748f0c3-12fd-4e9a-b78f-11ccbec6abe1_config-0
16:45:46.681 [main] INFO  o.r.Reflections - [scan,232] - Reflections took 15 ms to scan 1 urls, producing 3 keys and 6 values 
16:45:46.698 [main] INFO  o.r.Reflections - [scan,232] - Reflections took 8 ms to scan 1 urls, producing 4 keys and 9 values 
16:45:46.707 [main] INFO  o.r.Reflections - [scan,232] - Reflections took 7 ms to scan 1 urls, producing 3 keys and 10 values 
16:45:46.718 [main] INFO  o.r.Reflections - [scan,232] - Reflections took 8 ms to scan 1 urls, producing 1 keys and 5 values 
16:45:46.727 [main] INFO  o.r.Reflections - [scan,232] - Reflections took 8 ms to scan 1 urls, producing 1 keys and 7 values 
16:45:46.738 [main] INFO  o.r.Reflections - [scan,232] - Reflections took 10 ms to scan 1 urls, producing 2 keys and 8 values 
16:45:46.741 [main] INFO  c.a.n.c.r.client - [printIfInfoEnabled,60] - [d748f0c3-12fd-4e9a-b78f-11ccbec6abe1_config-0]RpcClient init label, labels={module=config, Vipserver-Tag=null, source=sdk, Amory-Tag=null, Location-Tag=null, taskId=0, AppName=unknown}
16:45:46.741 [main] INFO  c.a.n.c.r.client - [printIfInfoEnabled,60] - [d748f0c3-12fd-4e9a-b78f-11ccbec6abe1_config-0]Register server push request handler:com.alibaba.nacos.client.config.impl.ClientWorker$ConfigRpcTransportClient$$Lambda$446/0x0000000800404840
16:45:46.741 [main] INFO  c.a.n.c.r.client - [printIfInfoEnabled,60] - [d748f0c3-12fd-4e9a-b78f-11ccbec6abe1_config-0]Register server push request handler:com.alibaba.nacos.client.config.impl.ClientWorker$ConfigRpcTransportClient$$Lambda$447/0x0000000800404c40
16:45:46.742 [main] INFO  c.a.n.c.r.client - [printIfInfoEnabled,60] - [d748f0c3-12fd-4e9a-b78f-11ccbec6abe1_config-0]Registry connection listener to current client:com.alibaba.nacos.client.config.impl.ClientWorker$ConfigRpcTransportClient$1
16:45:46.742 [main] INFO  c.a.n.c.r.client - [printIfInfoEnabled,60] - [d748f0c3-12fd-4e9a-b78f-11ccbec6abe1_config-0]RpcClient init, ServerListFactory =com.alibaba.nacos.client.config.impl.ClientWorker$ConfigRpcTransportClient$2
16:45:46.747 [main] INFO  c.a.n.c.r.client - [printIfInfoEnabled,60] - [d748f0c3-12fd-4e9a-b78f-11ccbec6abe1_config-0] Try to connect to server on start up, server: {serverIp='127.0.0.1', server main port=8848}
16:45:47.962 [main] INFO  c.a.n.c.r.client - [printIfInfoEnabled,60] - [d748f0c3-12fd-4e9a-b78f-11ccbec6abe1_config-0] Success to connect to server [127.0.0.1:8848] on start up,connectionId=1632905147790_127.0.0.1_59481
16:45:47.963 [com.alibaba.nacos.client.remote.worker] INFO  c.a.n.c.r.client - [printIfInfoEnabled,60] - [d748f0c3-12fd-4e9a-b78f-11ccbec6abe1_config-0]Notify connected event to listeners.
16:45:47.963 [main] INFO  c.a.n.c.r.client - [printIfInfoEnabled,60] - [d748f0c3-12fd-4e9a-b78f-11ccbec6abe1_config-0]Register server push request handler:com.alibaba.nacos.common.remote.client.RpcClient$ConnectResetRequestHandler
16:45:47.963 [com.alibaba.nacos.client.remote.worker] INFO  c.a.n.c.c.i.ClientWorker - [onConnected,681] - [d748f0c3-12fd-4e9a-b78f-11ccbec6abe1_config-0] Connected,notify listen context...
16:45:47.964 [main] INFO  c.a.n.c.r.client - [printIfInfoEnabled,60] - [d748f0c3-12fd-4e9a-b78f-11ccbec6abe1_config-0]Register server push request handler:com.alibaba.nacos.common.remote.client.RpcClient$4
16:45:47.990 [main] INFO  c.a.n.c.c.i.Limiter - [<clinit>,56] - limitTime:5.0
16:45:48.001 [main] INFO  c.a.n.c.c.u.JvmUtil - [<clinit>,53] - isMultiInstance:false
16:45:48.023 [main] INFO  c.r.g.RuoYiGatewayApplication - [logStartupProfileInfo,663] - The following profiles are active: dev
16:45:50.847 [main] INFO  c.a.c.s.g.s.SentinelSCGAutoConfiguration - [sentinelGatewayFilter,144] - [Sentinel SpringCloudGateway] register SentinelGatewayFilter with order: -2147483648
16:45:50.949 [main] INFO  c.a.n.client.naming - [initNamespaceForNaming,63] - initializer namespace from System Property : null
16:45:50.950 [main] INFO  c.a.n.client.naming - [call,69] - initializer namespace from System Environment :null
16:45:50.950 [main] INFO  c.a.n.client.naming - [call,79] - initializer namespace from System Property :null
16:45:50.960 [main] INFO  c.a.n.c.r.client - [lambda$createClient$0,77] - [RpcClientFactory] create a new rpc client of f5bddfdf-df88-4b15-8f17-9d71ec74486b
16:45:50.961 [main] INFO  c.a.n.c.r.client - [printIfInfoEnabled,60] - [f5bddfdf-df88-4b15-8f17-9d71ec74486b]RpcClient init label, labels={module=naming, source=sdk}
16:45:50.962 [main] INFO  c.a.n.c.r.client - [printIfInfoEnabled,60] - [f5bddfdf-df88-4b15-8f17-9d71ec74486b]RpcClient init, ServerListFactory =com.alibaba.nacos.client.naming.core.ServerListManager
16:45:50.962 [main] INFO  c.a.n.c.r.client - [printIfInfoEnabled,60] - [f5bddfdf-df88-4b15-8f17-9d71ec74486b]Registry connection listener to current client:com.alibaba.nacos.client.naming.remote.gprc.redo.NamingGrpcRedoService
16:45:50.962 [main] INFO  c.a.n.c.r.client - [printIfInfoEnabled,60] - [f5bddfdf-df88-4b15-8f17-9d71ec74486b]Register server push request handler:com.alibaba.nacos.client.naming.remote.gprc.NamingPushRequestHandler
16:45:50.962 [main] INFO  c.a.n.c.r.client - [printIfInfoEnabled,60] - [f5bddfdf-df88-4b15-8f17-9d71ec74486b] Try to connect to server on start up, server: {serverIp='127.0.0.1', server main port=8848}
16:45:51.086 [main] INFO  c.a.n.c.r.client - [printIfInfoEnabled,60] - [f5bddfdf-df88-4b15-8f17-9d71ec74486b] Success to connect to server [127.0.0.1:8848] on start up,connectionId=1632905150969_127.0.0.1_49378
16:45:51.086 [com.alibaba.nacos.client.remote.worker] INFO  c.a.n.c.r.client - [printIfInfoEnabled,60] - [f5bddfdf-df88-4b15-8f17-9d71ec74486b]Notify connected event to listeners.
16:45:51.086 [main] INFO  c.a.n.c.r.client - [printIfInfoEnabled,60] - [f5bddfdf-df88-4b15-8f17-9d71ec74486b]Register server push request handler:com.alibaba.nacos.common.remote.client.RpcClient$ConnectResetRequestHandler
16:45:51.086 [com.alibaba.nacos.client.remote.worker] INFO  c.a.n.client.naming - [onConnected,76] - Grpc connection connect
16:45:51.086 [main] INFO  c.a.n.c.r.client - [printIfInfoEnabled,60] - [f5bddfdf-df88-4b15-8f17-9d71ec74486b]Register server push request handler:com.alibaba.nacos.common.remote.client.RpcClient$4
16:45:51.206 [main] INFO  c.a.c.s.g.s.SentinelSCGAutoConfiguration - [sentinelGatewayBlockExceptionHandler,134] - [Sentinel SpringCloudGateway] register SentinelGatewayBlockExceptionHandler
16:45:51.382 [main] INFO  c.a.n.c.c.i.ClientWorker - [addCacheDataIfAbsent,384] - [config_rpc_client] [subscribe] sentinel-ruoyi-gateway+DEFAULT_GROUP
16:45:51.386 [main] INFO  c.a.n.c.c.i.CacheData - [addListener,173] - [config_rpc_client] [add-listener] ok, tenant=, dataId=sentinel-ruoyi-gateway, group=DEFAULT_GROUP, cnt=1
16:45:51.387 [main] INFO  c.a.n.c.r.client - [lambda$createClient$0,77] - [RpcClientFactory] create a new rpc client of 2b08968f-78e2-4126-8088-935dde179f24_config-0
16:45:51.387 [main] INFO  c.a.n.c.r.client - [printIfInfoEnabled,60] - [2b08968f-78e2-4126-8088-935dde179f24_config-0]RpcClient init label, labels={module=config, Vipserver-Tag=null, source=sdk, Amory-Tag=null, Location-Tag=null, taskId=0, AppName=unknown}
16:45:51.387 [main] INFO  c.a.n.c.r.client - [printIfInfoEnabled,60] - [2b08968f-78e2-4126-8088-935dde179f24_config-0]Register server push request handler:com.alibaba.nacos.client.config.impl.ClientWorker$ConfigRpcTransportClient$$Lambda$446/0x0000000800404840
16:45:51.387 [main] INFO  c.a.n.c.r.client - [printIfInfoEnabled,60] - [2b08968f-78e2-4126-8088-935dde179f24_config-0]Register server push request handler:com.alibaba.nacos.client.config.impl.ClientWorker$ConfigRpcTransportClient$$Lambda$447/0x0000000800404c40
16:45:51.387 [main] INFO  c.a.n.c.r.client - [printIfInfoEnabled,60] - [2b08968f-78e2-4126-8088-935dde179f24_config-0]Registry connection listener to current client:com.alibaba.nacos.client.config.impl.ClientWorker$ConfigRpcTransportClient$1
16:45:51.387 [main] INFO  c.a.n.c.r.client - [printIfInfoEnabled,60] - [2b08968f-78e2-4126-8088-935dde179f24_config-0]RpcClient init, ServerListFactory =com.alibaba.nacos.client.config.impl.ClientWorker$ConfigRpcTransportClient$2
16:45:51.388 [main] INFO  c.a.n.c.r.client - [printIfInfoEnabled,60] - [2b08968f-78e2-4126-8088-935dde179f24_config-0] Try to connect to server on start up, server: {serverIp='127.0.0.1', server main port=8848}
16:45:51.513 [main] INFO  c.a.n.c.r.client - [printIfInfoEnabled,60] - [2b08968f-78e2-4126-8088-935dde179f24_config-0] Success to connect to server [127.0.0.1:8848] on start up,connectionId=1632905151392_127.0.0.1_49380
16:45:51.513 [main] INFO  c.a.n.c.r.client - [printIfInfoEnabled,60] - [2b08968f-78e2-4126-8088-935dde179f24_config-0]Register server push request handler:com.alibaba.nacos.common.remote.client.RpcClient$ConnectResetRequestHandler
16:45:51.513 [com.alibaba.nacos.client.remote.worker] INFO  c.a.n.c.r.client - [printIfInfoEnabled,60] - [2b08968f-78e2-4126-8088-935dde179f24_config-0]Notify connected event to listeners.
16:45:51.513 [main] INFO  c.a.n.c.r.client - [printIfInfoEnabled,60] - [2b08968f-78e2-4126-8088-935dde179f24_config-0]Register server push request handler:com.alibaba.nacos.common.remote.client.RpcClient$4
16:45:51.513 [com.alibaba.nacos.client.remote.worker] INFO  c.a.n.c.c.i.ClientWorker - [onConnected,681] - [2b08968f-78e2-4126-8088-935dde179f24_config-0] Connected,notify listen context...
16:45:51.578 [main] INFO  c.a.n.client.naming - [isChangedServiceInfo,181] - init new ips(0) service: DEFAULT_GROUP@@ruoyi-gateway@@DEFAULT -> []
16:45:51.579 [main] INFO  c.a.n.client.naming - [processServiceInfo,166] - current ips:(0) service: DEFAULT_GROUP@@ruoyi-gateway@@DEFAULT -> []
16:45:51.627 [boundedElastic-4] INFO  c.a.n.client.naming - [isChangedServiceInfo,181] - init new ips(1) service: DEFAULT_GROUP@@ruoyi-auth -> [{"ip":"192.168.0.110","port":9200,"weight":1.0,"healthy":true,"enabled":true,"ephemeral":true,"clusterName":"DEFAULT","serviceName":"DEFAULT_GROUP@@ruoyi-auth","metadata":{"preserved.register.source":"SPRING_CLOUD"},"instanceHeartBeatInterval":5000,"ipDeleteTimeout":30000,"instanceHeartBeatTimeOut":15000}]
16:45:51.627 [boundedElastic-3] INFO  c.a.n.client.naming - [isChangedServiceInfo,181] - init new ips(1) service: DEFAULT_GROUP@@ruoyi-auth -> [{"ip":"192.168.0.110","port":9200,"weight":1.0,"healthy":true,"enabled":true,"ephemeral":true,"clusterName":"DEFAULT","serviceName":"DEFAULT_GROUP@@ruoyi-auth","metadata":{"preserved.register.source":"SPRING_CLOUD"},"instanceHeartBeatInterval":5000,"ipDeleteTimeout":30000,"instanceHeartBeatTimeOut":15000}]
16:45:51.628 [boundedElastic-4] INFO  c.a.n.client.naming - [processServiceInfo,166] - current ips:(1) service: DEFAULT_GROUP@@ruoyi-auth -> [{"ip":"192.168.0.110","port":9200,"weight":1.0,"healthy":true,"enabled":true,"ephemeral":true,"clusterName":"DEFAULT","serviceName":"DEFAULT_GROUP@@ruoyi-auth","metadata":{"preserved.register.source":"SPRING_CLOUD"},"instanceHeartBeatInterval":5000,"ipDeleteTimeout":30000,"instanceHeartBeatTimeOut":15000}]
16:45:51.628 [boundedElastic-3] INFO  c.a.n.client.naming - [processServiceInfo,166] - current ips:(1) service: DEFAULT_GROUP@@ruoyi-auth -> [{"ip":"192.168.0.110","port":9200,"weight":1.0,"healthy":true,"enabled":true,"ephemeral":true,"clusterName":"DEFAULT","serviceName":"DEFAULT_GROUP@@ruoyi-auth","metadata":{"preserved.register.source":"SPRING_CLOUD"},"instanceHeartBeatInterval":5000,"ipDeleteTimeout":30000,"instanceHeartBeatTimeOut":15000}]
16:45:52.158 [nacos-grpc-client-executor-11] INFO  c.a.n.c.r.client - [printIfInfoEnabled,60] - [f5bddfdf-df88-4b15-8f17-9d71ec74486b]receive server push request,request=NotifySubscriberRequest,requestId=86
16:45:52.158 [nacos-grpc-client-executor-11] INFO  c.a.n.client.naming - [isChangedServiceInfo,181] - init new ips(0) service: DEFAULT_GROUP@@ruoyi-gateway -> []
16:45:52.159 [nacos-grpc-client-executor-11] INFO  c.a.n.client.naming - [processServiceInfo,166] - current ips:(0) service: DEFAULT_GROUP@@ruoyi-gateway -> []
16:45:52.160 [nacos-grpc-client-executor-11] INFO  c.a.n.c.r.client - [printIfInfoEnabled,60] - [f5bddfdf-df88-4b15-8f17-9d71ec74486b]ack server push request,request=NotifySubscriberRequest,requestId=86
16:45:52.164 [nacos-grpc-client-executor-12] INFO  c.a.n.c.r.client - [printIfInfoEnabled,60] - [f5bddfdf-df88-4b15-8f17-9d71ec74486b]receive server push request,request=NotifySubscriberRequest,requestId=87
16:45:52.165 [nacos-grpc-client-executor-12] INFO  c.a.n.c.r.client - [printIfInfoEnabled,60] - [f5bddfdf-df88-4b15-8f17-9d71ec74486b]ack server push request,request=NotifySubscriberRequest,requestId=87
16:45:52.445 [main] INFO  c.a.n.client.naming - [registerService,112] - [REGISTER-SERVICE] public registering service ruoyi-gateway with instance Instance{instanceId='null', ip='192.168.0.110', port=8080, weight=1.0, healthy=true, enabled=true, ephemeral=true, clusterName='DEFAULT', serviceName='null', metadata={preserved.register.source=SPRING_CLOUD}}
16:45:52.451 [main] INFO  c.a.c.n.r.NacosServiceRegistry - [register,75] - nacos registry, DEFAULT_GROUP ruoyi-gateway 192.168.0.110:8080 register finished
16:45:52.470 [main] INFO  c.r.g.RuoYiGatewayApplication - [logStarted,61] - Started RuoYiGatewayApplication in 6.906 seconds (JVM running for 7.947)
16:45:52.474 [main] INFO  c.a.n.c.c.i.ClientWorker - [addCacheDataIfAbsent,384] - [config_rpc_client] [subscribe] ruoyi-gateway+DEFAULT_GROUP
16:45:52.474 [main] INFO  c.a.n.c.c.i.CacheData - [addListener,173] - [config_rpc_client] [add-listener] ok, tenant=, dataId=ruoyi-gateway, group=DEFAULT_GROUP, cnt=1
16:45:52.475 [main] INFO  c.a.n.c.c.i.ClientWorker - [addCacheDataIfAbsent,384] - [config_rpc_client] [subscribe] ruoyi-gateway.yml+DEFAULT_GROUP
16:45:52.475 [main] INFO  c.a.n.c.c.i.CacheData - [addListener,173] - [config_rpc_client] [add-listener] ok, tenant=, dataId=ruoyi-gateway.yml, group=DEFAULT_GROUP, cnt=1
16:45:52.476 [main] INFO  c.a.n.c.c.i.ClientWorker - [addCacheDataIfAbsent,384] - [config_rpc_client] [subscribe] ruoyi-gateway-dev.yml+DEFAULT_GROUP
16:45:52.476 [main] INFO  c.a.n.c.c.i.CacheData - [addListener,173] - [config_rpc_client] [add-listener] ok, tenant=, dataId=ruoyi-gateway-dev.yml, group=DEFAULT_GROUP, cnt=1
16:45:52.578 [com.alibaba.nacos.client.naming.updater.0] INFO  c.a.n.client.naming - [isChangedServiceInfo,235] - new ips(1) service: DEFAULT_GROUP@@ruoyi-gateway@@DEFAULT -> [{"ip":"192.168.0.110","port":8080,"weight":1.0,"healthy":true,"enabled":true,"ephemeral":true,"clusterName":"DEFAULT","serviceName":"DEFAULT_GROUP@@ruoyi-gateway","metadata":{"preserved.register.source":"SPRING_CLOUD"},"instanceHeartBeatInterval":5000,"ipDeleteTimeout":30000,"instanceHeartBeatTimeOut":15000}]
16:45:52.578 [com.alibaba.nacos.client.naming.updater.0] INFO  c.a.n.client.naming - [processServiceInfo,166] - current ips:(1) service: DEFAULT_GROUP@@ruoyi-gateway@@DEFAULT -> [{"ip":"192.168.0.110","port":8080,"weight":1.0,"healthy":true,"enabled":true,"ephemeral":true,"clusterName":"DEFAULT","serviceName":"DEFAULT_GROUP@@ruoyi-gateway","metadata":{"preserved.register.source":"SPRING_CLOUD"},"instanceHeartBeatInterval":5000,"ipDeleteTimeout":30000,"instanceHeartBeatTimeOut":15000}]
16:45:53.041 [nacos-grpc-client-executor-18] INFO  c.a.n.c.r.client - [printIfInfoEnabled,60] - [f5bddfdf-df88-4b15-8f17-9d71ec74486b]receive server push request,request=NotifySubscriberRequest,requestId=88
16:45:53.041 [nacos-grpc-client-executor-18] INFO  c.a.n.client.naming - [isChangedServiceInfo,235] - new ips(1) service: DEFAULT_GROUP@@ruoyi-gateway -> [{"ip":"192.168.0.110","port":8080,"weight":1.0,"healthy":true,"enabled":true,"ephemeral":true,"clusterName":"DEFAULT","serviceName":"DEFAULT_GROUP@@ruoyi-gateway","metadata":{"preserved.register.source":"SPRING_CLOUD"},"instanceHeartBeatInterval":5000,"ipDeleteTimeout":30000,"instanceHeartBeatTimeOut":15000}]
16:45:53.042 [nacos-grpc-client-executor-18] INFO  c.a.n.client.naming - [processServiceInfo,166] - current ips:(1) service: DEFAULT_GROUP@@ruoyi-gateway -> [{"ip":"192.168.0.110","port":8080,"weight":1.0,"healthy":true,"enabled":true,"ephemeral":true,"clusterName":"DEFAULT","serviceName":"DEFAULT_GROUP@@ruoyi-gateway","metadata":{"preserved.register.source":"SPRING_CLOUD"},"instanceHeartBeatInterval":5000,"ipDeleteTimeout":30000,"instanceHeartBeatTimeOut":15000}]
16:45:53.043 [nacos-grpc-client-executor-18] INFO  c.a.n.c.r.client - [printIfInfoEnabled,60] - [f5bddfdf-df88-4b15-8f17-9d71ec74486b]ack server push request,request=NotifySubscriberRequest,requestId=88
16:46:18.960 [boundedElastic-5] INFO  c.a.n.client.naming - [isChangedServiceInfo,181] - init new ips(1) service: DEFAULT_GROUP@@ruoyi-pilots -> [{"ip":"192.168.0.110","port":9209,"weight":1.0,"healthy":true,"enabled":true,"ephemeral":true,"clusterName":"DEFAULT","serviceName":"DEFAULT_GROUP@@ruoyi-pilots","metadata":{"preserved.register.source":"SPRING_CLOUD"},"instanceHeartBeatInterval":5000,"ipDeleteTimeout":30000,"instanceHeartBeatTimeOut":15000}]
16:46:18.960 [boundedElastic-2] INFO  c.a.n.client.naming - [isChangedServiceInfo,181] - init new ips(1) service: DEFAULT_GROUP@@ruoyi-system -> [{"ip":"192.168.0.110","port":9201,"weight":1.0,"healthy":true,"enabled":true,"ephemeral":true,"clusterName":"DEFAULT","serviceName":"DEFAULT_GROUP@@ruoyi-system","metadata":{"preserved.register.source":"SPRING_CLOUD"},"instanceHeartBeatInterval":5000,"ipDeleteTimeout":30000,"instanceHeartBeatTimeOut":15000}]
16:46:18.960 [boundedElastic-5] INFO  c.a.n.client.naming - [processServiceInfo,166] - current ips:(1) service: DEFAULT_GROUP@@ruoyi-pilots -> [{"ip":"192.168.0.110","port":9209,"weight":1.0,"healthy":true,"enabled":true,"ephemeral":true,"clusterName":"DEFAULT","serviceName":"DEFAULT_GROUP@@ruoyi-pilots","metadata":{"preserved.register.source":"SPRING_CLOUD"},"instanceHeartBeatInterval":5000,"ipDeleteTimeout":30000,"instanceHeartBeatTimeOut":15000}]
16:46:18.960 [boundedElastic-2] INFO  c.a.n.client.naming - [processServiceInfo,166] - current ips:(1) service: DEFAULT_GROUP@@ruoyi-system -> [{"ip":"192.168.0.110","port":9201,"weight":1.0,"healthy":true,"enabled":true,"ephemeral":true,"clusterName":"DEFAULT","serviceName":"DEFAULT_GROUP@@ruoyi-system","metadata":{"preserved.register.source":"SPRING_CLOUD"},"instanceHeartBeatInterval":5000,"ipDeleteTimeout":30000,"instanceHeartBeatTimeOut":15000}]
16:46:19.467 [nacos-grpc-client-executor-29] INFO  c.a.n.c.r.client - [printIfInfoEnabled,60] - [f5bddfdf-df88-4b15-8f17-9d71ec74486b]receive server push request,request=NotifySubscriberRequest,requestId=92
16:46:19.468 [nacos-grpc-client-executor-29] INFO  c.a.n.c.r.client - [printIfInfoEnabled,60] - [f5bddfdf-df88-4b15-8f17-9d71ec74486b]ack server push request,request=NotifySubscriberRequest,requestId=92
16:46:19.475 [nacos-grpc-client-executor-30] INFO  c.a.n.c.r.client - [printIfInfoEnabled,60] - [f5bddfdf-df88-4b15-8f17-9d71ec74486b]receive server push request,request=NotifySubscriberRequest,requestId=91
16:46:19.475 [nacos-grpc-client-executor-30] INFO  c.a.n.c.r.client - [printIfInfoEnabled,60] - [f5bddfdf-df88-4b15-8f17-9d71ec74486b]ack server push request,request=NotifySubscriberRequest,requestId=91
17:01:15.627 [boundedElastic-4] INFO  c.a.n.client.naming - [isChangedServiceInfo,181] - init new ips(0) service: DEFAULT_GROUP@@ruoyi-job -> []
17:01:15.628 [boundedElastic-4] INFO  c.a.n.client.naming - [processServiceInfo,166] - current ips:(0) service: DEFAULT_GROUP@@ruoyi-job -> []
17:01:16.196 [nacos-grpc-client-executor-269] INFO  c.a.n.c.r.client - [printIfInfoEnabled,60] - [f5bddfdf-df88-4b15-8f17-9d71ec74486b]receive server push request,request=NotifySubscriberRequest,requestId=93
17:01:16.196 [nacos-grpc-client-executor-269] INFO  c.a.n.c.r.client - [printIfInfoEnabled,60] - [f5bddfdf-df88-4b15-8f17-9d71ec74486b]ack server push request,request=NotifySubscriberRequest,requestId=93
21:35:12.098 [SpringApplicationShutdownHook] INFO  c.a.c.n.r.NacosServiceRegistry - [deregister,90] - De-registering from Nacos Server now...
21:35:12.099 [SpringApplicationShutdownHook] INFO  c.a.n.client.naming - [deregisterService,136] - [DEREGISTER-SERVICE] public deregistering service ruoyi-gateway with instance: Instance{instanceId='null', ip='192.168.0.110', port=8080, weight=1.0, healthy=true, enabled=true, ephemeral=true, clusterName='DEFAULT', serviceName='null', metadata={}}
21:35:12.101 [SpringApplicationShutdownHook] INFO  c.a.c.n.r.NacosServiceRegistry - [deregister,110] - De-registration finished.
21:35:12.102 [SpringApplicationShutdownHook] INFO  c.a.n.client.naming - [shutdown,256] - com.alibaba.nacos.client.naming.cache.ServiceInfoHolder do shutdown begin
21:35:12.102 [SpringApplicationShutdownHook] INFO  c.a.n.client.naming - [shutdown,140] - com.alibaba.nacos.client.naming.backups.FailoverReactor do shutdown begin
21:35:12.103 [SpringApplicationShutdownHook] INFO  c.a.n.client.naming - [shutdown,142] - com.alibaba.nacos.client.naming.backups.FailoverReactor do shutdown stop
21:35:12.103 [SpringApplicationShutdownHook] INFO  c.a.n.client.naming - [shutdown,258] - com.alibaba.nacos.client.naming.cache.ServiceInfoHolder do shutdown stop
21:35:12.103 [SpringApplicationShutdownHook] INFO  c.a.n.client.naming - [shutdown,176] - com.alibaba.nacos.client.naming.remote.NamingClientProxyDelegate do shutdown begin
21:35:12.103 [SpringApplicationShutdownHook] INFO  c.a.n.client.naming - [shutdown,130] - com.alibaba.nacos.client.naming.core.ServiceInfoUpdateService do shutdown begin
21:35:12.425 [SpringApplicationShutdownHook] INFO  c.a.n.client.naming - [shutdown,132] - com.alibaba.nacos.client.naming.core.ServiceInfoUpdateService do shutdown stop
21:35:12.425 [SpringApplicationShutdownHook] INFO  c.a.n.client.naming - [shutdown,188] - com.alibaba.nacos.client.naming.core.ServerListManager do shutdown begin
21:35:12.426 [SpringApplicationShutdownHook] INFO  c.a.n.client.naming - [shutdown,193] - com.alibaba.nacos.client.naming.core.ServerListManager do shutdown stop
21:35:12.426 [SpringApplicationShutdownHook] INFO  c.a.n.client.naming - [shutdown,519] - com.alibaba.nacos.client.naming.remote.http.NamingHttpClientProxy do shutdown begin
21:35:12.426 [SpringApplicationShutdownHook] INFO  c.a.n.client.naming - [shutdown,162] - com.alibaba.nacos.client.naming.beat.BeatReactor do shutdown begin
21:35:12.426 [SpringApplicationShutdownHook] INFO  c.a.n.client.naming - [shutdown,164] - com.alibaba.nacos.client.naming.beat.BeatReactor do shutdown stop
21:35:12.427 [SpringApplicationShutdownHook] INFO  c.a.n.c.i.CredentialWatcher - [stop,105] - [null] CredentialWatcher is stopped
21:35:12.427 [SpringApplicationShutdownHook] INFO  c.a.n.c.i.CredentialService - [free,99] - [null] CredentialService is freed
21:35:12.427 [SpringApplicationShutdownHook] INFO  c.a.n.client.naming - [shutdown,523] - com.alibaba.nacos.client.naming.remote.http.NamingHttpClientProxy do shutdown stop
21:35:12.427 [SpringApplicationShutdownHook] INFO  c.a.n.c.r.client - [shutdown,461] - Shutdown rpc client ,set status to shutdown
21:35:12.427 [SpringApplicationShutdownHook] INFO  c.a.n.c.r.client - [shutdown,463] - Shutdown  client event executor java.util.concurrent.ScheduledThreadPoolExecutor@594a73d3[Running, pool size = 2, active threads = 2, queued tasks = 0, completed tasks = 0]
21:35:12.427 [SpringApplicationShutdownHook] INFO  c.a.n.c.r.client - [shutdown,465] - Close current connection 1632905150969_127.0.0.1_49378
21:35:12.431 [nacos-grpc-client-executor-4726] INFO  c.a.n.c.r.c.g.GrpcClient - [printIfInfoEnabled,60] - [1632905150969_127.0.0.1_49378]Ignore complete event,isRunning:false,isAbandon=false
21:35:12.435 [SpringApplicationShutdownHook] INFO  c.a.n.c.r.c.g.GrpcClient - [shutdown,83] - Shutdown grpc executor java.util.concurrent.ThreadPoolExecutor@592226ce[Running, pool size = 5, active threads = 0, queued tasks = 0, completed tasks = 4727]
21:35:12.435 [SpringApplicationShutdownHook] INFO  c.a.n.client.naming - [shutdown,251] - Shutdown grpc redo service executor java.util.concurrent.ScheduledThreadPoolExecutor@f6875a7[Running, pool size = 1, active threads = 0, queued tasks = 1, completed tasks = 5778]
21:35:12.436 [SpringApplicationShutdownHook] INFO  c.a.n.client.naming - [shutdown,182] - com.alibaba.nacos.client.naming.remote.NamingClientProxyDelegate do shutdown stop
