00:39:29.462 [SpringApplicationShutdownHook] INFO  c.a.c.n.r.NacosServiceRegistry - [deregister,90] - De-registering from Nacos Server now...
00:39:29.464 [SpringApplicationShutdownHook] INFO  c.a.n.client.naming - [deregisterService,136] - [DEREGISTER-SERVICE] public deregistering service ruoyi-gateway with instance: Instance{instanceId='null', ip='192.168.1.123', port=8080, weight=1.0, healthy=true, enabled=true, ephemeral=true, clusterName='DEFAULT', serviceName='null', metadata={}}
00:39:29.465 [SpringApplicationShutdownHook] INFO  c.a.c.n.r.NacosServiceRegistry - [deregister,110] - De-registration finished.
00:39:29.466 [SpringApplicationShutdownHook] INFO  c.a.n.client.naming - [shutdown,256] - com.alibaba.nacos.client.naming.cache.ServiceInfoHolder do shutdown begin
00:39:29.479 [SpringApplicationShutdownHook] INFO  c.a.n.client.naming - [shutdown,140] - com.alibaba.nacos.client.naming.backups.FailoverReactor do shutdown begin
00:39:29.479 [SpringApplicationShutdownHook] INFO  c.a.n.client.naming - [shutdown,142] - com.alibaba.nacos.client.naming.backups.FailoverReactor do shutdown stop
00:39:29.479 [SpringApplicationShutdownHook] INFO  c.a.n.client.naming - [shutdown,258] - com.alibaba.nacos.client.naming.cache.ServiceInfoHolder do shutdown stop
00:39:29.479 [SpringApplicationShutdownHook] INFO  c.a.n.client.naming - [shutdown,176] - com.alibaba.nacos.client.naming.remote.NamingClientProxyDelegate do shutdown begin
00:39:29.479 [SpringApplicationShutdownHook] INFO  c.a.n.client.naming - [shutdown,130] - com.alibaba.nacos.client.naming.core.ServiceInfoUpdateService do shutdown begin
00:39:29.804 [SpringApplicationShutdownHook] INFO  c.a.n.client.naming - [shutdown,132] - com.alibaba.nacos.client.naming.core.ServiceInfoUpdateService do shutdown stop
00:39:29.804 [SpringApplicationShutdownHook] INFO  c.a.n.client.naming - [shutdown,188] - com.alibaba.nacos.client.naming.core.ServerListManager do shutdown begin
00:39:29.804 [SpringApplicationShutdownHook] INFO  c.a.n.client.naming - [shutdown,193] - com.alibaba.nacos.client.naming.core.ServerListManager do shutdown stop
00:39:29.805 [SpringApplicationShutdownHook] INFO  c.a.n.client.naming - [shutdown,519] - com.alibaba.nacos.client.naming.remote.http.NamingHttpClientProxy do shutdown begin
00:39:29.805 [SpringApplicationShutdownHook] INFO  c.a.n.client.naming - [shutdown,162] - com.alibaba.nacos.client.naming.beat.BeatReactor do shutdown begin
00:39:29.805 [SpringApplicationShutdownHook] INFO  c.a.n.client.naming - [shutdown,164] - com.alibaba.nacos.client.naming.beat.BeatReactor do shutdown stop
00:39:29.805 [SpringApplicationShutdownHook] INFO  c.a.n.c.i.CredentialWatcher - [stop,105] - [null] CredentialWatcher is stopped
00:39:29.805 [SpringApplicationShutdownHook] INFO  c.a.n.c.i.CredentialService - [free,99] - [null] CredentialService is freed
00:39:29.805 [SpringApplicationShutdownHook] INFO  c.a.n.client.naming - [shutdown,523] - com.alibaba.nacos.client.naming.remote.http.NamingHttpClientProxy do shutdown stop
00:39:29.805 [SpringApplicationShutdownHook] INFO  c.a.n.c.r.client - [shutdown,461] - Shutdown rpc client ,set status to shutdown
00:39:29.806 [SpringApplicationShutdownHook] INFO  c.a.n.c.r.client - [shutdown,463] - Shutdown  client event executor java.util.concurrent.ScheduledThreadPoolExecutor@235968fc[Running, pool size = 2, active threads = 2, queued tasks = 0, completed tasks = 0]
00:39:29.806 [SpringApplicationShutdownHook] INFO  c.a.n.c.r.client - [shutdown,465] - Close current connection 1633852112091_127.0.0.1_62054
00:39:29.807 [nacos-grpc-client-executor-9243] INFO  c.a.n.c.r.c.g.GrpcClient - [printIfInfoEnabled,60] - [1633852112091_127.0.0.1_62054]Ignore complete event,isRunning:false,isAbandon=false
00:39:29.809 [SpringApplicationShutdownHook] INFO  c.a.n.c.r.c.g.GrpcClient - [shutdown,83] - Shutdown grpc executor java.util.concurrent.ThreadPoolExecutor@ca96a[Running, pool size = 5, active threads = 0, queued tasks = 0, completed tasks = 9244]
00:39:29.810 [SpringApplicationShutdownHook] INFO  c.a.n.client.naming - [shutdown,251] - Shutdown grpc redo service executor java.util.concurrent.ScheduledThreadPoolExecutor@f297aa6[Running, pool size = 1, active threads = 0, queued tasks = 1, completed tasks = 10604]
00:39:29.811 [SpringApplicationShutdownHook] INFO  c.a.n.client.naming - [shutdown,182] - com.alibaba.nacos.client.naming.remote.NamingClientProxyDelegate do shutdown stop
01:02:17.186 [background-preinit] INFO  o.h.v.i.util.Version - [<clinit>,21] - HV000001: Hibernate Validator 6.2.0.Final
01:02:17.977 [main] INFO  c.a.n.c.c.i.LocalConfigInfoProcessor - [<clinit>,67] - LOCAL_SNAPSHOT_PATH:C:\Users\80952\nacos\config
01:02:17.980 [main] INFO  c.a.n.c.r.client - [lambda$createClient$0,77] - [RpcClientFactory] create a new rpc client of 09f63bb1-c582-480a-87de-5e69df2ec95f_config-0
01:02:18.013 [main] INFO  o.r.Reflections - [scan,232] - Reflections took 20 ms to scan 1 urls, producing 3 keys and 6 values 
01:02:18.039 [main] INFO  o.r.Reflections - [scan,232] - Reflections took 12 ms to scan 1 urls, producing 4 keys and 9 values 
01:02:18.052 [main] INFO  o.r.Reflections - [scan,232] - Reflections took 10 ms to scan 1 urls, producing 3 keys and 10 values 
01:02:18.065 [main] INFO  o.r.Reflections - [scan,232] - Reflections took 9 ms to scan 1 urls, producing 1 keys and 5 values 
01:02:18.077 [main] INFO  o.r.Reflections - [scan,232] - Reflections took 10 ms to scan 1 urls, producing 1 keys and 7 values 
01:02:18.093 [main] INFO  o.r.Reflections - [scan,232] - Reflections took 13 ms to scan 1 urls, producing 2 keys and 8 values 
01:02:18.096 [main] INFO  c.a.n.c.r.client - [printIfInfoEnabled,60] - [09f63bb1-c582-480a-87de-5e69df2ec95f_config-0]RpcClient init label, labels={module=config, Vipserver-Tag=null, source=sdk, Amory-Tag=null, Location-Tag=null, taskId=0, AppName=unknown}
01:02:18.096 [main] INFO  c.a.n.c.r.client - [printIfInfoEnabled,60] - [09f63bb1-c582-480a-87de-5e69df2ec95f_config-0]Register server push request handler:com.alibaba.nacos.client.config.impl.ClientWorker$ConfigRpcTransportClient$$Lambda$446/0x0000000800404840
01:02:18.097 [main] INFO  c.a.n.c.r.client - [printIfInfoEnabled,60] - [09f63bb1-c582-480a-87de-5e69df2ec95f_config-0]Register server push request handler:com.alibaba.nacos.client.config.impl.ClientWorker$ConfigRpcTransportClient$$Lambda$447/0x0000000800404c40
01:02:18.097 [main] INFO  c.a.n.c.r.client - [printIfInfoEnabled,60] - [09f63bb1-c582-480a-87de-5e69df2ec95f_config-0]Registry connection listener to current client:com.alibaba.nacos.client.config.impl.ClientWorker$ConfigRpcTransportClient$1
01:02:18.098 [main] INFO  c.a.n.c.r.client - [printIfInfoEnabled,60] - [09f63bb1-c582-480a-87de-5e69df2ec95f_config-0]RpcClient init, ServerListFactory =com.alibaba.nacos.client.config.impl.ClientWorker$ConfigRpcTransportClient$2
01:02:18.104 [main] INFO  c.a.n.c.r.client - [printIfInfoEnabled,60] - [09f63bb1-c582-480a-87de-5e69df2ec95f_config-0] Try to connect to server on start up, server: {serverIp='127.0.0.1', server main port=8848}
01:02:19.908 [main] INFO  c.a.n.c.r.client - [printIfInfoEnabled,60] - [09f63bb1-c582-480a-87de-5e69df2ec95f_config-0] Success to connect to server [127.0.0.1:8848] on start up,connectionId=1633885339730_127.0.0.1_54750
01:02:19.908 [com.alibaba.nacos.client.remote.worker] INFO  c.a.n.c.r.client - [printIfInfoEnabled,60] - [09f63bb1-c582-480a-87de-5e69df2ec95f_config-0]Notify connected event to listeners.
01:02:19.909 [main] INFO  c.a.n.c.r.client - [printIfInfoEnabled,60] - [09f63bb1-c582-480a-87de-5e69df2ec95f_config-0]Register server push request handler:com.alibaba.nacos.common.remote.client.RpcClient$ConnectResetRequestHandler
01:02:19.909 [com.alibaba.nacos.client.remote.worker] INFO  c.a.n.c.c.i.ClientWorker - [onConnected,681] - [09f63bb1-c582-480a-87de-5e69df2ec95f_config-0] Connected,notify listen context...
01:02:19.910 [main] INFO  c.a.n.c.r.client - [printIfInfoEnabled,60] - [09f63bb1-c582-480a-87de-5e69df2ec95f_config-0]Register server push request handler:com.alibaba.nacos.common.remote.client.RpcClient$4
01:02:19.948 [main] INFO  c.a.n.c.c.i.Limiter - [<clinit>,56] - limitTime:5.0
01:02:19.963 [main] INFO  c.a.n.c.c.u.JvmUtil - [<clinit>,53] - isMultiInstance:false
01:02:20.078 [main] INFO  c.r.g.RuoYiGatewayApplication - [logStartupProfileInfo,663] - The following profiles are active: dev
01:02:24.788 [main] INFO  c.a.c.s.g.s.SentinelSCGAutoConfiguration - [sentinelGatewayFilter,144] - [Sentinel SpringCloudGateway] register SentinelGatewayFilter with order: -2147483648
01:02:24.974 [main] INFO  c.a.n.client.naming - [initNamespaceForNaming,63] - initializer namespace from System Property : null
01:02:24.974 [main] INFO  c.a.n.client.naming - [call,69] - initializer namespace from System Environment :null
01:02:24.974 [main] INFO  c.a.n.client.naming - [call,79] - initializer namespace from System Property :null
01:02:24.988 [main] INFO  c.a.n.c.r.client - [lambda$createClient$0,77] - [RpcClientFactory] create a new rpc client of c9da610c-5f7c-492b-a800-471d6cd811f0
01:02:24.988 [main] INFO  c.a.n.c.r.client - [printIfInfoEnabled,60] - [c9da610c-5f7c-492b-a800-471d6cd811f0]RpcClient init label, labels={module=naming, source=sdk}
01:02:24.990 [main] INFO  c.a.n.c.r.client - [printIfInfoEnabled,60] - [c9da610c-5f7c-492b-a800-471d6cd811f0]RpcClient init, ServerListFactory =com.alibaba.nacos.client.naming.core.ServerListManager
01:02:24.990 [main] INFO  c.a.n.c.r.client - [printIfInfoEnabled,60] - [c9da610c-5f7c-492b-a800-471d6cd811f0]Registry connection listener to current client:com.alibaba.nacos.client.naming.remote.gprc.redo.NamingGrpcRedoService
01:02:24.990 [main] INFO  c.a.n.c.r.client - [printIfInfoEnabled,60] - [c9da610c-5f7c-492b-a800-471d6cd811f0]Register server push request handler:com.alibaba.nacos.client.naming.remote.gprc.NamingPushRequestHandler
01:02:24.991 [main] INFO  c.a.n.c.r.client - [printIfInfoEnabled,60] - [c9da610c-5f7c-492b-a800-471d6cd811f0] Try to connect to server on start up, server: {serverIp='127.0.0.1', server main port=8848}
01:02:25.104 [main] INFO  c.a.n.c.r.client - [printIfInfoEnabled,60] - [c9da610c-5f7c-492b-a800-471d6cd811f0] Success to connect to server [127.0.0.1:8848] on start up,connectionId=1633885344997_127.0.0.1_50157
01:02:25.104 [com.alibaba.nacos.client.remote.worker] INFO  c.a.n.c.r.client - [printIfInfoEnabled,60] - [c9da610c-5f7c-492b-a800-471d6cd811f0]Notify connected event to listeners.
01:02:25.104 [main] INFO  c.a.n.c.r.client - [printIfInfoEnabled,60] - [c9da610c-5f7c-492b-a800-471d6cd811f0]Register server push request handler:com.alibaba.nacos.common.remote.client.RpcClient$ConnectResetRequestHandler
01:02:25.104 [com.alibaba.nacos.client.remote.worker] INFO  c.a.n.client.naming - [onConnected,76] - Grpc connection connect
01:02:25.104 [main] INFO  c.a.n.c.r.client - [printIfInfoEnabled,60] - [c9da610c-5f7c-492b-a800-471d6cd811f0]Register server push request handler:com.alibaba.nacos.common.remote.client.RpcClient$4
01:02:25.283 [main] INFO  c.a.c.s.g.s.SentinelSCGAutoConfiguration - [sentinelGatewayBlockExceptionHandler,134] - [Sentinel SpringCloudGateway] register SentinelGatewayBlockExceptionHandler
01:02:25.558 [main] INFO  c.a.n.c.c.i.ClientWorker - [addCacheDataIfAbsent,384] - [config_rpc_client] [subscribe] sentinel-ruoyi-gateway+DEFAULT_GROUP
01:02:25.564 [main] INFO  c.a.n.c.c.i.CacheData - [addListener,173] - [config_rpc_client] [add-listener] ok, tenant=, dataId=sentinel-ruoyi-gateway, group=DEFAULT_GROUP, cnt=1
01:02:25.565 [main] INFO  c.a.n.c.r.client - [lambda$createClient$0,77] - [RpcClientFactory] create a new rpc client of a722668b-cf21-478d-a330-e750359bac7c_config-0
01:02:25.565 [main] INFO  c.a.n.c.r.client - [printIfInfoEnabled,60] - [a722668b-cf21-478d-a330-e750359bac7c_config-0]RpcClient init label, labels={module=config, Vipserver-Tag=null, source=sdk, Amory-Tag=null, Location-Tag=null, taskId=0, AppName=unknown}
01:02:25.565 [main] INFO  c.a.n.c.r.client - [printIfInfoEnabled,60] - [a722668b-cf21-478d-a330-e750359bac7c_config-0]Register server push request handler:com.alibaba.nacos.client.config.impl.ClientWorker$ConfigRpcTransportClient$$Lambda$446/0x0000000800404840
01:02:25.565 [main] INFO  c.a.n.c.r.client - [printIfInfoEnabled,60] - [a722668b-cf21-478d-a330-e750359bac7c_config-0]Register server push request handler:com.alibaba.nacos.client.config.impl.ClientWorker$ConfigRpcTransportClient$$Lambda$447/0x0000000800404c40
01:02:25.565 [main] INFO  c.a.n.c.r.client - [printIfInfoEnabled,60] - [a722668b-cf21-478d-a330-e750359bac7c_config-0]Registry connection listener to current client:com.alibaba.nacos.client.config.impl.ClientWorker$ConfigRpcTransportClient$1
01:02:25.566 [main] INFO  c.a.n.c.r.client - [printIfInfoEnabled,60] - [a722668b-cf21-478d-a330-e750359bac7c_config-0]RpcClient init, ServerListFactory =com.alibaba.nacos.client.config.impl.ClientWorker$ConfigRpcTransportClient$2
01:02:25.566 [main] INFO  c.a.n.c.r.client - [printIfInfoEnabled,60] - [a722668b-cf21-478d-a330-e750359bac7c_config-0] Try to connect to server on start up, server: {serverIp='127.0.0.1', server main port=8848}
01:02:25.686 [main] INFO  c.a.n.c.r.client - [printIfInfoEnabled,60] - [a722668b-cf21-478d-a330-e750359bac7c_config-0] Success to connect to server [127.0.0.1:8848] on start up,connectionId=1633885345573_127.0.0.1_50160
01:02:25.686 [com.alibaba.nacos.client.remote.worker] INFO  c.a.n.c.r.client - [printIfInfoEnabled,60] - [a722668b-cf21-478d-a330-e750359bac7c_config-0]Notify connected event to listeners.
01:02:25.686 [main] INFO  c.a.n.c.r.client - [printIfInfoEnabled,60] - [a722668b-cf21-478d-a330-e750359bac7c_config-0]Register server push request handler:com.alibaba.nacos.common.remote.client.RpcClient$ConnectResetRequestHandler
01:02:25.686 [com.alibaba.nacos.client.remote.worker] INFO  c.a.n.c.c.i.ClientWorker - [onConnected,681] - [a722668b-cf21-478d-a330-e750359bac7c_config-0] Connected,notify listen context...
01:02:25.687 [main] INFO  c.a.n.c.r.client - [printIfInfoEnabled,60] - [a722668b-cf21-478d-a330-e750359bac7c_config-0]Register server push request handler:com.alibaba.nacos.common.remote.client.RpcClient$4
01:02:25.784 [main] INFO  c.a.n.client.naming - [isChangedServiceInfo,181] - init new ips(0) service: DEFAULT_GROUP@@ruoyi-gateway@@DEFAULT -> []
01:02:25.785 [main] INFO  c.a.n.client.naming - [processServiceInfo,166] - current ips:(0) service: DEFAULT_GROUP@@ruoyi-gateway@@DEFAULT -> []
01:02:25.852 [boundedElastic-3] INFO  c.a.n.client.naming - [isChangedServiceInfo,181] - init new ips(1) service: DEFAULT_GROUP@@ruoyi-auth -> [{"ip":"192.168.1.249","port":9200,"weight":1.0,"healthy":true,"enabled":true,"ephemeral":true,"clusterName":"DEFAULT","serviceName":"DEFAULT_GROUP@@ruoyi-auth","metadata":{"preserved.register.source":"SPRING_CLOUD"},"ipDeleteTimeout":30000,"instanceHeartBeatTimeOut":15000,"instanceHeartBeatInterval":5000}]
01:02:25.852 [boundedElastic-3] INFO  c.a.n.client.naming - [processServiceInfo,166] - current ips:(1) service: DEFAULT_GROUP@@ruoyi-auth -> [{"ip":"192.168.1.249","port":9200,"weight":1.0,"healthy":true,"enabled":true,"ephemeral":true,"clusterName":"DEFAULT","serviceName":"DEFAULT_GROUP@@ruoyi-auth","metadata":{"preserved.register.source":"SPRING_CLOUD"},"ipDeleteTimeout":30000,"instanceHeartBeatTimeOut":15000,"instanceHeartBeatInterval":5000}]
01:02:26.386 [nacos-grpc-client-executor-12] INFO  c.a.n.c.r.client - [printIfInfoEnabled,60] - [c9da610c-5f7c-492b-a800-471d6cd811f0]receive server push request,request=NotifySubscriberRequest,requestId=33
01:02:26.386 [nacos-grpc-client-executor-12] INFO  c.a.n.client.naming - [isChangedServiceInfo,181] - init new ips(0) service: DEFAULT_GROUP@@ruoyi-gateway -> []
01:02:26.387 [nacos-grpc-client-executor-12] INFO  c.a.n.client.naming - [processServiceInfo,166] - current ips:(0) service: DEFAULT_GROUP@@ruoyi-gateway -> []
01:02:26.388 [nacos-grpc-client-executor-12] INFO  c.a.n.c.r.client - [printIfInfoEnabled,60] - [c9da610c-5f7c-492b-a800-471d6cd811f0]ack server push request,request=NotifySubscriberRequest,requestId=33
01:02:26.395 [nacos-grpc-client-executor-13] INFO  c.a.n.c.r.client - [printIfInfoEnabled,60] - [c9da610c-5f7c-492b-a800-471d6cd811f0]receive server push request,request=NotifySubscriberRequest,requestId=34
01:02:26.395 [nacos-grpc-client-executor-13] INFO  c.a.n.c.r.client - [printIfInfoEnabled,60] - [c9da610c-5f7c-492b-a800-471d6cd811f0]ack server push request,request=NotifySubscriberRequest,requestId=34
01:02:27.204 [main] INFO  c.a.n.client.naming - [registerService,112] - [REGISTER-SERVICE] public registering service ruoyi-gateway with instance Instance{instanceId='null', ip='192.168.1.249', port=8080, weight=1.0, healthy=true, enabled=true, ephemeral=true, clusterName='DEFAULT', serviceName='null', metadata={preserved.register.source=SPRING_CLOUD}}
01:02:27.210 [main] INFO  c.a.c.n.r.NacosServiceRegistry - [register,75] - nacos registry, DEFAULT_GROUP ruoyi-gateway 192.168.1.249:8080 register finished
01:02:27.235 [main] INFO  c.r.g.RuoYiGatewayApplication - [logStarted,61] - Started RuoYiGatewayApplication in 10.796 seconds (JVM running for 12.067)
01:02:27.239 [main] INFO  c.a.n.c.c.i.ClientWorker - [addCacheDataIfAbsent,384] - [config_rpc_client] [subscribe] ruoyi-gateway+DEFAULT_GROUP
01:02:27.239 [main] INFO  c.a.n.c.c.i.CacheData - [addListener,173] - [config_rpc_client] [add-listener] ok, tenant=, dataId=ruoyi-gateway, group=DEFAULT_GROUP, cnt=1
01:02:27.240 [main] INFO  c.a.n.c.c.i.ClientWorker - [addCacheDataIfAbsent,384] - [config_rpc_client] [subscribe] ruoyi-gateway.yml+DEFAULT_GROUP
01:02:27.240 [main] INFO  c.a.n.c.c.i.CacheData - [addListener,173] - [config_rpc_client] [add-listener] ok, tenant=, dataId=ruoyi-gateway.yml, group=DEFAULT_GROUP, cnt=1
01:02:27.242 [main] INFO  c.a.n.c.c.i.ClientWorker - [addCacheDataIfAbsent,384] - [config_rpc_client] [subscribe] ruoyi-gateway-dev.yml+DEFAULT_GROUP
01:02:27.242 [main] INFO  c.a.n.c.c.i.CacheData - [addListener,173] - [config_rpc_client] [add-listener] ok, tenant=, dataId=ruoyi-gateway-dev.yml, group=DEFAULT_GROUP, cnt=1
01:02:27.714 [nacos-grpc-client-executor-19] INFO  c.a.n.c.r.client - [printIfInfoEnabled,60] - [c9da610c-5f7c-492b-a800-471d6cd811f0]receive server push request,request=NotifySubscriberRequest,requestId=35
01:02:27.716 [nacos-grpc-client-executor-19] INFO  c.a.n.client.naming - [isChangedServiceInfo,235] - new ips(1) service: DEFAULT_GROUP@@ruoyi-gateway -> [{"ip":"192.168.1.249","port":8080,"weight":1.0,"healthy":true,"enabled":true,"ephemeral":true,"clusterName":"DEFAULT","serviceName":"DEFAULT_GROUP@@ruoyi-gateway","metadata":{"preserved.register.source":"SPRING_CLOUD"},"ipDeleteTimeout":30000,"instanceHeartBeatTimeOut":15000,"instanceHeartBeatInterval":5000}]
01:02:27.717 [nacos-grpc-client-executor-19] INFO  c.a.n.client.naming - [processServiceInfo,166] - current ips:(1) service: DEFAULT_GROUP@@ruoyi-gateway -> [{"ip":"192.168.1.249","port":8080,"weight":1.0,"healthy":true,"enabled":true,"ephemeral":true,"clusterName":"DEFAULT","serviceName":"DEFAULT_GROUP@@ruoyi-gateway","metadata":{"preserved.register.source":"SPRING_CLOUD"},"ipDeleteTimeout":30000,"instanceHeartBeatTimeOut":15000,"instanceHeartBeatInterval":5000}]
01:02:27.718 [nacos-grpc-client-executor-19] INFO  c.a.n.c.r.client - [printIfInfoEnabled,60] - [c9da610c-5f7c-492b-a800-471d6cd811f0]ack server push request,request=NotifySubscriberRequest,requestId=35
01:02:28.800 [com.alibaba.nacos.client.naming.updater.0] INFO  c.a.n.client.naming - [isChangedServiceInfo,235] - new ips(1) service: DEFAULT_GROUP@@ruoyi-gateway@@DEFAULT -> [{"ip":"192.168.1.249","port":8080,"weight":1.0,"healthy":true,"enabled":true,"ephemeral":true,"clusterName":"DEFAULT","serviceName":"DEFAULT_GROUP@@ruoyi-gateway","metadata":{"preserved.register.source":"SPRING_CLOUD"},"ipDeleteTimeout":30000,"instanceHeartBeatTimeOut":15000,"instanceHeartBeatInterval":5000}]
01:02:28.800 [com.alibaba.nacos.client.naming.updater.0] INFO  c.a.n.client.naming - [processServiceInfo,166] - current ips:(1) service: DEFAULT_GROUP@@ruoyi-gateway@@DEFAULT -> [{"ip":"192.168.1.249","port":8080,"weight":1.0,"healthy":true,"enabled":true,"ephemeral":true,"clusterName":"DEFAULT","serviceName":"DEFAULT_GROUP@@ruoyi-gateway","metadata":{"preserved.register.source":"SPRING_CLOUD"},"ipDeleteTimeout":30000,"instanceHeartBeatTimeOut":15000,"instanceHeartBeatInterval":5000}]
01:02:30.003 [boundedElastic-4] INFO  c.a.n.client.naming - [isChangedServiceInfo,181] - init new ips(0) service: DEFAULT_GROUP@@ruoyi-system -> []
01:02:30.003 [boundedElastic-4] INFO  c.a.n.client.naming - [processServiceInfo,166] - current ips:(0) service: DEFAULT_GROUP@@ruoyi-system -> []
01:02:30.589 [nacos-grpc-client-executor-25] INFO  c.a.n.c.r.client - [printIfInfoEnabled,60] - [c9da610c-5f7c-492b-a800-471d6cd811f0]receive server push request,request=NotifySubscriberRequest,requestId=36
01:02:30.590 [nacos-grpc-client-executor-25] INFO  c.a.n.c.r.client - [printIfInfoEnabled,60] - [c9da610c-5f7c-492b-a800-471d6cd811f0]ack server push request,request=NotifySubscriberRequest,requestId=36
01:02:36.924 [nacos-grpc-client-executor-28] INFO  c.a.n.c.r.client - [printIfInfoEnabled,60] - [c9da610c-5f7c-492b-a800-471d6cd811f0]receive server push request,request=NotifySubscriberRequest,requestId=38
01:02:36.925 [nacos-grpc-client-executor-28] INFO  c.a.n.client.naming - [isChangedServiceInfo,235] - new ips(1) service: DEFAULT_GROUP@@ruoyi-system -> [{"ip":"192.168.1.249","port":9201,"weight":1.0,"healthy":true,"enabled":true,"ephemeral":true,"clusterName":"DEFAULT","serviceName":"DEFAULT_GROUP@@ruoyi-system","metadata":{"preserved.register.source":"SPRING_CLOUD"},"ipDeleteTimeout":30000,"instanceHeartBeatTimeOut":15000,"instanceHeartBeatInterval":5000}]
01:02:36.927 [nacos-grpc-client-executor-28] INFO  c.a.n.client.naming - [processServiceInfo,166] - current ips:(1) service: DEFAULT_GROUP@@ruoyi-system -> [{"ip":"192.168.1.249","port":9201,"weight":1.0,"healthy":true,"enabled":true,"ephemeral":true,"clusterName":"DEFAULT","serviceName":"DEFAULT_GROUP@@ruoyi-system","metadata":{"preserved.register.source":"SPRING_CLOUD"},"ipDeleteTimeout":30000,"instanceHeartBeatTimeOut":15000,"instanceHeartBeatInterval":5000}]
01:02:36.928 [nacos-grpc-client-executor-28] INFO  c.a.n.c.r.client - [printIfInfoEnabled,60] - [c9da610c-5f7c-492b-a800-471d6cd811f0]ack server push request,request=NotifySubscriberRequest,requestId=38
01:02:55.904 [boundedElastic-4] INFO  c.a.n.client.naming - [isChangedServiceInfo,181] - init new ips(1) service: DEFAULT_GROUP@@ruoyi-airline -> [{"ip":"192.168.1.249","port":9211,"weight":1.0,"healthy":true,"enabled":true,"ephemeral":true,"clusterName":"DEFAULT","serviceName":"DEFAULT_GROUP@@ruoyi-airline","metadata":{"preserved.register.source":"SPRING_CLOUD"},"ipDeleteTimeout":30000,"instanceHeartBeatTimeOut":15000,"instanceHeartBeatInterval":5000}]
01:02:55.904 [boundedElastic-4] INFO  c.a.n.client.naming - [processServiceInfo,166] - current ips:(1) service: DEFAULT_GROUP@@ruoyi-airline -> [{"ip":"192.168.1.249","port":9211,"weight":1.0,"healthy":true,"enabled":true,"ephemeral":true,"clusterName":"DEFAULT","serviceName":"DEFAULT_GROUP@@ruoyi-airline","metadata":{"preserved.register.source":"SPRING_CLOUD"},"ipDeleteTimeout":30000,"instanceHeartBeatTimeOut":15000,"instanceHeartBeatInterval":5000}]
01:02:56.423 [nacos-grpc-client-executor-36] INFO  c.a.n.c.r.client - [printIfInfoEnabled,60] - [c9da610c-5f7c-492b-a800-471d6cd811f0]receive server push request,request=NotifySubscriberRequest,requestId=42
01:02:56.426 [nacos-grpc-client-executor-36] INFO  c.a.n.c.r.client - [printIfInfoEnabled,60] - [c9da610c-5f7c-492b-a800-471d6cd811f0]ack server push request,request=NotifySubscriberRequest,requestId=42
01:04:40.369 [SpringApplicationShutdownHook] INFO  c.a.c.n.r.NacosServiceRegistry - [deregister,90] - De-registering from Nacos Server now...
01:04:40.369 [SpringApplicationShutdownHook] INFO  c.a.n.client.naming - [deregisterService,136] - [DEREGISTER-SERVICE] public deregistering service ruoyi-gateway with instance: Instance{instanceId='null', ip='192.168.1.249', port=8080, weight=1.0, healthy=true, enabled=true, ephemeral=true, clusterName='DEFAULT', serviceName='null', metadata={}}
01:04:40.372 [SpringApplicationShutdownHook] INFO  c.a.c.n.r.NacosServiceRegistry - [deregister,110] - De-registration finished.
01:04:40.373 [SpringApplicationShutdownHook] INFO  c.a.n.client.naming - [shutdown,256] - com.alibaba.nacos.client.naming.cache.ServiceInfoHolder do shutdown begin
01:04:40.373 [SpringApplicationShutdownHook] INFO  c.a.n.client.naming - [shutdown,140] - com.alibaba.nacos.client.naming.backups.FailoverReactor do shutdown begin
01:04:40.373 [SpringApplicationShutdownHook] INFO  c.a.n.client.naming - [shutdown,142] - com.alibaba.nacos.client.naming.backups.FailoverReactor do shutdown stop
01:04:40.373 [SpringApplicationShutdownHook] INFO  c.a.n.client.naming - [shutdown,258] - com.alibaba.nacos.client.naming.cache.ServiceInfoHolder do shutdown stop
01:04:40.374 [SpringApplicationShutdownHook] INFO  c.a.n.client.naming - [shutdown,176] - com.alibaba.nacos.client.naming.remote.NamingClientProxyDelegate do shutdown begin
01:04:40.374 [SpringApplicationShutdownHook] INFO  c.a.n.client.naming - [shutdown,130] - com.alibaba.nacos.client.naming.core.ServiceInfoUpdateService do shutdown begin
01:04:40.701 [SpringApplicationShutdownHook] INFO  c.a.n.client.naming - [shutdown,132] - com.alibaba.nacos.client.naming.core.ServiceInfoUpdateService do shutdown stop
01:04:40.701 [SpringApplicationShutdownHook] INFO  c.a.n.client.naming - [shutdown,188] - com.alibaba.nacos.client.naming.core.ServerListManager do shutdown begin
01:04:40.702 [SpringApplicationShutdownHook] INFO  c.a.n.client.naming - [shutdown,193] - com.alibaba.nacos.client.naming.core.ServerListManager do shutdown stop
01:04:40.702 [SpringApplicationShutdownHook] INFO  c.a.n.client.naming - [shutdown,519] - com.alibaba.nacos.client.naming.remote.http.NamingHttpClientProxy do shutdown begin
01:04:40.702 [SpringApplicationShutdownHook] INFO  c.a.n.client.naming - [shutdown,162] - com.alibaba.nacos.client.naming.beat.BeatReactor do shutdown begin
01:04:40.702 [SpringApplicationShutdownHook] INFO  c.a.n.client.naming - [shutdown,164] - com.alibaba.nacos.client.naming.beat.BeatReactor do shutdown stop
01:04:40.703 [SpringApplicationShutdownHook] INFO  c.a.n.c.i.CredentialWatcher - [stop,105] - [null] CredentialWatcher is stopped
01:04:40.703 [SpringApplicationShutdownHook] INFO  c.a.n.c.i.CredentialService - [free,99] - [null] CredentialService is freed
01:04:40.703 [SpringApplicationShutdownHook] INFO  c.a.n.client.naming - [shutdown,523] - com.alibaba.nacos.client.naming.remote.http.NamingHttpClientProxy do shutdown stop
01:04:40.703 [SpringApplicationShutdownHook] INFO  c.a.n.c.r.client - [shutdown,461] - Shutdown rpc client ,set status to shutdown
01:04:40.703 [SpringApplicationShutdownHook] INFO  c.a.n.c.r.client - [shutdown,463] - Shutdown  client event executor java.util.concurrent.ScheduledThreadPoolExecutor@4b93e343[Running, pool size = 2, active threads = 2, queued tasks = 0, completed tasks = 0]
01:04:40.704 [SpringApplicationShutdownHook] INFO  c.a.n.c.r.client - [shutdown,465] - Close current connection 1633885344997_127.0.0.1_50157
01:04:40.705 [nacos-grpc-client-executor-65] INFO  c.a.n.c.r.c.g.GrpcClient - [printIfInfoEnabled,60] - [1633885344997_127.0.0.1_50157]Ignore complete event,isRunning:false,isAbandon=false
01:04:40.708 [SpringApplicationShutdownHook] INFO  c.a.n.c.r.c.g.GrpcClient - [shutdown,83] - Shutdown grpc executor java.util.concurrent.ThreadPoolExecutor@6347db55[Running, pool size = 5, active threads = 0, queued tasks = 0, completed tasks = 66]
01:04:40.709 [SpringApplicationShutdownHook] INFO  c.a.n.client.naming - [shutdown,251] - Shutdown grpc redo service executor java.util.concurrent.ScheduledThreadPoolExecutor@622370fb[Running, pool size = 1, active threads = 0, queued tasks = 1, completed tasks = 45]
01:04:40.709 [SpringApplicationShutdownHook] INFO  c.a.n.client.naming - [shutdown,182] - com.alibaba.nacos.client.naming.remote.NamingClientProxyDelegate do shutdown stop
09:33:29.721 [background-preinit] INFO  o.h.v.i.util.Version - [<clinit>,21] - HV000001: Hibernate Validator 6.2.0.Final
09:33:30.409 [main] INFO  c.a.n.c.c.i.LocalConfigInfoProcessor - [<clinit>,67] - LOCAL_SNAPSHOT_PATH:C:\Users\80952\nacos\config
09:33:30.412 [main] INFO  c.a.n.c.r.client - [lambda$createClient$0,77] - [RpcClientFactory] create a new rpc client of 935af71b-45a5-4bb4-a5f4-35c224b13da1_config-0
09:33:30.447 [main] INFO  o.r.Reflections - [scan,232] - Reflections took 21 ms to scan 1 urls, producing 3 keys and 6 values 
09:33:30.471 [main] INFO  o.r.Reflections - [scan,232] - Reflections took 13 ms to scan 1 urls, producing 4 keys and 9 values 
09:33:30.485 [main] INFO  o.r.Reflections - [scan,232] - Reflections took 11 ms to scan 1 urls, producing 3 keys and 10 values 
09:33:30.498 [main] INFO  o.r.Reflections - [scan,232] - Reflections took 10 ms to scan 1 urls, producing 1 keys and 5 values 
09:33:30.514 [main] INFO  o.r.Reflections - [scan,232] - Reflections took 13 ms to scan 1 urls, producing 1 keys and 7 values 
09:33:30.531 [main] INFO  o.r.Reflections - [scan,232] - Reflections took 14 ms to scan 1 urls, producing 2 keys and 8 values 
09:33:30.534 [main] INFO  c.a.n.c.r.client - [printIfInfoEnabled,60] - [935af71b-45a5-4bb4-a5f4-35c224b13da1_config-0]RpcClient init label, labels={module=config, Vipserver-Tag=null, source=sdk, Amory-Tag=null, Location-Tag=null, taskId=0, AppName=unknown}
09:33:30.535 [main] INFO  c.a.n.c.r.client - [printIfInfoEnabled,60] - [935af71b-45a5-4bb4-a5f4-35c224b13da1_config-0]Register server push request handler:com.alibaba.nacos.client.config.impl.ClientWorker$ConfigRpcTransportClient$$Lambda$446/0x000000080040c840
09:33:30.535 [main] INFO  c.a.n.c.r.client - [printIfInfoEnabled,60] - [935af71b-45a5-4bb4-a5f4-35c224b13da1_config-0]Register server push request handler:com.alibaba.nacos.client.config.impl.ClientWorker$ConfigRpcTransportClient$$Lambda$447/0x000000080040cc40
09:33:30.536 [main] INFO  c.a.n.c.r.client - [printIfInfoEnabled,60] - [935af71b-45a5-4bb4-a5f4-35c224b13da1_config-0]Registry connection listener to current client:com.alibaba.nacos.client.config.impl.ClientWorker$ConfigRpcTransportClient$1
09:33:30.536 [main] INFO  c.a.n.c.r.client - [printIfInfoEnabled,60] - [935af71b-45a5-4bb4-a5f4-35c224b13da1_config-0]RpcClient init, ServerListFactory =com.alibaba.nacos.client.config.impl.ClientWorker$ConfigRpcTransportClient$2
09:33:30.544 [main] INFO  c.a.n.c.r.client - [printIfInfoEnabled,60] - [935af71b-45a5-4bb4-a5f4-35c224b13da1_config-0] Try to connect to server on start up, server: {serverIp='127.0.0.1', server main port=8848}
09:33:31.771 [main] INFO  c.a.n.c.r.client - [printIfInfoEnabled,60] - [935af71b-45a5-4bb4-a5f4-35c224b13da1_config-0] Success to connect to server [127.0.0.1:8848] on start up,connectionId=1633916011608_127.0.0.1_62708
09:33:31.771 [com.alibaba.nacos.client.remote.worker] INFO  c.a.n.c.r.client - [printIfInfoEnabled,60] - [935af71b-45a5-4bb4-a5f4-35c224b13da1_config-0]Notify connected event to listeners.
09:33:31.772 [main] INFO  c.a.n.c.r.client - [printIfInfoEnabled,60] - [935af71b-45a5-4bb4-a5f4-35c224b13da1_config-0]Register server push request handler:com.alibaba.nacos.common.remote.client.RpcClient$ConnectResetRequestHandler
09:33:31.772 [com.alibaba.nacos.client.remote.worker] INFO  c.a.n.c.c.i.ClientWorker - [onConnected,681] - [935af71b-45a5-4bb4-a5f4-35c224b13da1_config-0] Connected,notify listen context...
09:33:31.772 [main] INFO  c.a.n.c.r.client - [printIfInfoEnabled,60] - [935af71b-45a5-4bb4-a5f4-35c224b13da1_config-0]Register server push request handler:com.alibaba.nacos.common.remote.client.RpcClient$4
09:33:31.799 [main] INFO  c.a.n.c.c.i.Limiter - [<clinit>,56] - limitTime:5.0
09:33:31.810 [main] INFO  c.a.n.c.c.u.JvmUtil - [<clinit>,53] - isMultiInstance:false
09:33:31.845 [main] INFO  c.r.g.RuoYiGatewayApplication - [logStartupProfileInfo,663] - The following profiles are active: dev
09:33:36.289 [main] INFO  c.a.c.s.g.s.SentinelSCGAutoConfiguration - [sentinelGatewayFilter,144] - [Sentinel SpringCloudGateway] register SentinelGatewayFilter with order: -2147483648
09:33:36.465 [main] INFO  c.a.n.client.naming - [initNamespaceForNaming,63] - initializer namespace from System Property : null
09:33:36.465 [main] INFO  c.a.n.client.naming - [call,69] - initializer namespace from System Environment :null
09:33:36.466 [main] INFO  c.a.n.client.naming - [call,79] - initializer namespace from System Property :null
09:33:36.481 [main] INFO  c.a.n.c.r.client - [lambda$createClient$0,77] - [RpcClientFactory] create a new rpc client of d6d1147a-a773-42bd-9728-4a8aacb1c0f1
09:33:36.481 [main] INFO  c.a.n.c.r.client - [printIfInfoEnabled,60] - [d6d1147a-a773-42bd-9728-4a8aacb1c0f1]RpcClient init label, labels={module=naming, source=sdk}
09:33:36.483 [main] INFO  c.a.n.c.r.client - [printIfInfoEnabled,60] - [d6d1147a-a773-42bd-9728-4a8aacb1c0f1]RpcClient init, ServerListFactory =com.alibaba.nacos.client.naming.core.ServerListManager
09:33:36.483 [main] INFO  c.a.n.c.r.client - [printIfInfoEnabled,60] - [d6d1147a-a773-42bd-9728-4a8aacb1c0f1]Registry connection listener to current client:com.alibaba.nacos.client.naming.remote.gprc.redo.NamingGrpcRedoService
09:33:36.484 [main] INFO  c.a.n.c.r.client - [printIfInfoEnabled,60] - [d6d1147a-a773-42bd-9728-4a8aacb1c0f1]Register server push request handler:com.alibaba.nacos.client.naming.remote.gprc.NamingPushRequestHandler
09:33:36.484 [main] INFO  c.a.n.c.r.client - [printIfInfoEnabled,60] - [d6d1147a-a773-42bd-9728-4a8aacb1c0f1] Try to connect to server on start up, server: {serverIp='127.0.0.1', server main port=8848}
09:33:36.610 [main] INFO  c.a.n.c.r.client - [printIfInfoEnabled,60] - [d6d1147a-a773-42bd-9728-4a8aacb1c0f1] Success to connect to server [127.0.0.1:8848] on start up,connectionId=1633916016490_127.0.0.1_65489
09:33:36.610 [com.alibaba.nacos.client.remote.worker] INFO  c.a.n.c.r.client - [printIfInfoEnabled,60] - [d6d1147a-a773-42bd-9728-4a8aacb1c0f1]Notify connected event to listeners.
09:33:36.610 [main] INFO  c.a.n.c.r.client - [printIfInfoEnabled,60] - [d6d1147a-a773-42bd-9728-4a8aacb1c0f1]Register server push request handler:com.alibaba.nacos.common.remote.client.RpcClient$ConnectResetRequestHandler
09:33:36.610 [com.alibaba.nacos.client.remote.worker] INFO  c.a.n.client.naming - [onConnected,76] - Grpc connection connect
09:33:36.610 [main] INFO  c.a.n.c.r.client - [printIfInfoEnabled,60] - [d6d1147a-a773-42bd-9728-4a8aacb1c0f1]Register server push request handler:com.alibaba.nacos.common.remote.client.RpcClient$4
09:33:36.768 [main] INFO  c.a.c.s.g.s.SentinelSCGAutoConfiguration - [sentinelGatewayBlockExceptionHandler,134] - [Sentinel SpringCloudGateway] register SentinelGatewayBlockExceptionHandler
09:33:36.986 [main] INFO  c.a.n.c.c.i.ClientWorker - [addCacheDataIfAbsent,384] - [config_rpc_client] [subscribe] sentinel-ruoyi-gateway+DEFAULT_GROUP
09:33:36.991 [main] INFO  c.a.n.c.c.i.CacheData - [addListener,173] - [config_rpc_client] [add-listener] ok, tenant=, dataId=sentinel-ruoyi-gateway, group=DEFAULT_GROUP, cnt=1
09:33:36.991 [main] INFO  c.a.n.c.r.client - [lambda$createClient$0,77] - [RpcClientFactory] create a new rpc client of c1e185b7-dedf-43c0-a4a6-2c58e4bc8219_config-0
09:33:36.991 [main] INFO  c.a.n.c.r.client - [printIfInfoEnabled,60] - [c1e185b7-dedf-43c0-a4a6-2c58e4bc8219_config-0]RpcClient init label, labels={module=config, Vipserver-Tag=null, source=sdk, Amory-Tag=null, Location-Tag=null, taskId=0, AppName=unknown}
09:33:36.991 [main] INFO  c.a.n.c.r.client - [printIfInfoEnabled,60] - [c1e185b7-dedf-43c0-a4a6-2c58e4bc8219_config-0]Register server push request handler:com.alibaba.nacos.client.config.impl.ClientWorker$ConfigRpcTransportClient$$Lambda$446/0x000000080040c840
09:33:36.991 [main] INFO  c.a.n.c.r.client - [printIfInfoEnabled,60] - [c1e185b7-dedf-43c0-a4a6-2c58e4bc8219_config-0]Register server push request handler:com.alibaba.nacos.client.config.impl.ClientWorker$ConfigRpcTransportClient$$Lambda$447/0x000000080040cc40
09:33:36.992 [main] INFO  c.a.n.c.r.client - [printIfInfoEnabled,60] - [c1e185b7-dedf-43c0-a4a6-2c58e4bc8219_config-0]Registry connection listener to current client:com.alibaba.nacos.client.config.impl.ClientWorker$ConfigRpcTransportClient$1
09:33:36.992 [main] INFO  c.a.n.c.r.client - [printIfInfoEnabled,60] - [c1e185b7-dedf-43c0-a4a6-2c58e4bc8219_config-0]RpcClient init, ServerListFactory =com.alibaba.nacos.client.config.impl.ClientWorker$ConfigRpcTransportClient$2
09:33:36.992 [main] INFO  c.a.n.c.r.client - [printIfInfoEnabled,60] - [c1e185b7-dedf-43c0-a4a6-2c58e4bc8219_config-0] Try to connect to server on start up, server: {serverIp='127.0.0.1', server main port=8848}
09:33:37.106 [main] INFO  c.a.n.c.r.client - [printIfInfoEnabled,60] - [c1e185b7-dedf-43c0-a4a6-2c58e4bc8219_config-0] Success to connect to server [127.0.0.1:8848] on start up,connectionId=1633916016998_127.0.0.1_65490
09:33:37.106 [main] INFO  c.a.n.c.r.client - [printIfInfoEnabled,60] - [c1e185b7-dedf-43c0-a4a6-2c58e4bc8219_config-0]Register server push request handler:com.alibaba.nacos.common.remote.client.RpcClient$ConnectResetRequestHandler
09:33:37.106 [com.alibaba.nacos.client.remote.worker] INFO  c.a.n.c.r.client - [printIfInfoEnabled,60] - [c1e185b7-dedf-43c0-a4a6-2c58e4bc8219_config-0]Notify connected event to listeners.
09:33:37.106 [main] INFO  c.a.n.c.r.client - [printIfInfoEnabled,60] - [c1e185b7-dedf-43c0-a4a6-2c58e4bc8219_config-0]Register server push request handler:com.alibaba.nacos.common.remote.client.RpcClient$4
09:33:37.106 [com.alibaba.nacos.client.remote.worker] INFO  c.a.n.c.c.i.ClientWorker - [onConnected,681] - [c1e185b7-dedf-43c0-a4a6-2c58e4bc8219_config-0] Connected,notify listen context...
09:33:37.177 [main] INFO  c.a.n.client.naming - [isChangedServiceInfo,181] - init new ips(0) service: DEFAULT_GROUP@@ruoyi-gateway@@DEFAULT -> []
09:33:37.178 [main] INFO  c.a.n.client.naming - [processServiceInfo,166] - current ips:(0) service: DEFAULT_GROUP@@ruoyi-gateway@@DEFAULT -> []
09:33:37.231 [boundedElastic-3] INFO  c.a.n.client.naming - [isChangedServiceInfo,181] - init new ips(1) service: DEFAULT_GROUP@@ruoyi-airline -> [{"ip":"192.168.0.110","port":9211,"weight":1.0,"healthy":true,"enabled":true,"ephemeral":true,"clusterName":"DEFAULT","serviceName":"DEFAULT_GROUP@@ruoyi-airline","metadata":{"preserved.register.source":"SPRING_CLOUD"},"ipDeleteTimeout":30000,"instanceHeartBeatInterval":5000,"instanceHeartBeatTimeOut":15000}]
09:33:37.231 [boundedElastic-3] INFO  c.a.n.client.naming - [processServiceInfo,166] - current ips:(1) service: DEFAULT_GROUP@@ruoyi-airline -> [{"ip":"192.168.0.110","port":9211,"weight":1.0,"healthy":true,"enabled":true,"ephemeral":true,"clusterName":"DEFAULT","serviceName":"DEFAULT_GROUP@@ruoyi-airline","metadata":{"preserved.register.source":"SPRING_CLOUD"},"ipDeleteTimeout":30000,"instanceHeartBeatInterval":5000,"instanceHeartBeatTimeOut":15000}]
09:33:37.481 [nacos-grpc-client-executor-12] INFO  c.a.n.c.r.client - [printIfInfoEnabled,60] - [d6d1147a-a773-42bd-9728-4a8aacb1c0f1]receive server push request,request=NotifySubscriberRequest,requestId=44
09:33:37.481 [nacos-grpc-client-executor-12] INFO  c.a.n.c.r.client - [printIfInfoEnabled,60] - [d6d1147a-a773-42bd-9728-4a8aacb1c0f1]ack server push request,request=NotifySubscriberRequest,requestId=44
09:33:37.699 [nacos-grpc-client-executor-13] INFO  c.a.n.c.r.client - [printIfInfoEnabled,60] - [d6d1147a-a773-42bd-9728-4a8aacb1c0f1]receive server push request,request=NotifySubscriberRequest,requestId=45
09:33:37.699 [nacos-grpc-client-executor-13] INFO  c.a.n.client.naming - [isChangedServiceInfo,181] - init new ips(0) service: DEFAULT_GROUP@@ruoyi-gateway -> []
09:33:37.699 [nacos-grpc-client-executor-13] INFO  c.a.n.client.naming - [processServiceInfo,166] - current ips:(0) service: DEFAULT_GROUP@@ruoyi-gateway -> []
09:33:37.701 [nacos-grpc-client-executor-13] INFO  c.a.n.c.r.client - [printIfInfoEnabled,60] - [d6d1147a-a773-42bd-9728-4a8aacb1c0f1]ack server push request,request=NotifySubscriberRequest,requestId=45
09:33:38.213 [main] INFO  c.a.n.client.naming - [registerService,112] - [REGISTER-SERVICE] public registering service ruoyi-gateway with instance Instance{instanceId='null', ip='192.168.0.110', port=8080, weight=1.0, healthy=true, enabled=true, ephemeral=true, clusterName='DEFAULT', serviceName='null', metadata={preserved.register.source=SPRING_CLOUD}}
09:33:38.218 [main] INFO  c.a.c.n.r.NacosServiceRegistry - [register,75] - nacos registry, DEFAULT_GROUP ruoyi-gateway 192.168.0.110:8080 register finished
09:33:38.237 [main] INFO  c.r.g.RuoYiGatewayApplication - [logStarted,61] - Started RuoYiGatewayApplication in 9.137 seconds (JVM running for 10.494)
09:33:38.240 [main] INFO  c.a.n.c.c.i.ClientWorker - [addCacheDataIfAbsent,384] - [config_rpc_client] [subscribe] ruoyi-gateway+DEFAULT_GROUP
09:33:38.240 [main] INFO  c.a.n.c.c.i.CacheData - [addListener,173] - [config_rpc_client] [add-listener] ok, tenant=, dataId=ruoyi-gateway, group=DEFAULT_GROUP, cnt=1
09:33:38.241 [main] INFO  c.a.n.c.c.i.ClientWorker - [addCacheDataIfAbsent,384] - [config_rpc_client] [subscribe] ruoyi-gateway.yml+DEFAULT_GROUP
09:33:38.241 [main] INFO  c.a.n.c.c.i.CacheData - [addListener,173] - [config_rpc_client] [add-listener] ok, tenant=, dataId=ruoyi-gateway.yml, group=DEFAULT_GROUP, cnt=1
09:33:38.242 [main] INFO  c.a.n.c.c.i.ClientWorker - [addCacheDataIfAbsent,384] - [config_rpc_client] [subscribe] ruoyi-gateway-dev.yml+DEFAULT_GROUP
09:33:38.242 [main] INFO  c.a.n.c.c.i.CacheData - [addListener,173] - [config_rpc_client] [add-listener] ok, tenant=, dataId=ruoyi-gateway-dev.yml, group=DEFAULT_GROUP, cnt=1
09:33:38.811 [nacos-grpc-client-executor-19] INFO  c.a.n.c.r.client - [printIfInfoEnabled,60] - [d6d1147a-a773-42bd-9728-4a8aacb1c0f1]receive server push request,request=NotifySubscriberRequest,requestId=46
09:33:38.812 [nacos-grpc-client-executor-19] INFO  c.a.n.client.naming - [isChangedServiceInfo,235] - new ips(1) service: DEFAULT_GROUP@@ruoyi-gateway -> [{"ip":"192.168.0.110","port":8080,"weight":1.0,"healthy":true,"enabled":true,"ephemeral":true,"clusterName":"DEFAULT","serviceName":"DEFAULT_GROUP@@ruoyi-gateway","metadata":{"preserved.register.source":"SPRING_CLOUD"},"ipDeleteTimeout":30000,"instanceHeartBeatInterval":5000,"instanceHeartBeatTimeOut":15000}]
09:33:38.813 [nacos-grpc-client-executor-19] INFO  c.a.n.client.naming - [processServiceInfo,166] - current ips:(1) service: DEFAULT_GROUP@@ruoyi-gateway -> [{"ip":"192.168.0.110","port":8080,"weight":1.0,"healthy":true,"enabled":true,"ephemeral":true,"clusterName":"DEFAULT","serviceName":"DEFAULT_GROUP@@ruoyi-gateway","metadata":{"preserved.register.source":"SPRING_CLOUD"},"ipDeleteTimeout":30000,"instanceHeartBeatInterval":5000,"instanceHeartBeatTimeOut":15000}]
09:33:38.814 [nacos-grpc-client-executor-19] INFO  c.a.n.c.r.client - [printIfInfoEnabled,60] - [d6d1147a-a773-42bd-9728-4a8aacb1c0f1]ack server push request,request=NotifySubscriberRequest,requestId=46
09:33:40.182 [com.alibaba.nacos.client.naming.updater.0] INFO  c.a.n.client.naming - [isChangedServiceInfo,235] - new ips(1) service: DEFAULT_GROUP@@ruoyi-gateway@@DEFAULT -> [{"ip":"192.168.0.110","port":8080,"weight":1.0,"healthy":true,"enabled":true,"ephemeral":true,"clusterName":"DEFAULT","serviceName":"DEFAULT_GROUP@@ruoyi-gateway","metadata":{"preserved.register.source":"SPRING_CLOUD"},"ipDeleteTimeout":30000,"instanceHeartBeatInterval":5000,"instanceHeartBeatTimeOut":15000}]
09:33:40.183 [com.alibaba.nacos.client.naming.updater.0] INFO  c.a.n.client.naming - [processServiceInfo,166] - current ips:(1) service: DEFAULT_GROUP@@ruoyi-gateway@@DEFAULT -> [{"ip":"192.168.0.110","port":8080,"weight":1.0,"healthy":true,"enabled":true,"ephemeral":true,"clusterName":"DEFAULT","serviceName":"DEFAULT_GROUP@@ruoyi-gateway","metadata":{"preserved.register.source":"SPRING_CLOUD"},"ipDeleteTimeout":30000,"instanceHeartBeatInterval":5000,"instanceHeartBeatTimeOut":15000}]
09:33:45.306 [boundedElastic-1] INFO  c.a.n.client.naming - [isChangedServiceInfo,181] - init new ips(1) service: DEFAULT_GROUP@@ruoyi-auth -> [{"ip":"192.168.0.110","port":9200,"weight":1.0,"healthy":true,"enabled":true,"ephemeral":true,"clusterName":"DEFAULT","serviceName":"DEFAULT_GROUP@@ruoyi-auth","metadata":{"preserved.register.source":"SPRING_CLOUD"},"ipDeleteTimeout":30000,"instanceHeartBeatInterval":5000,"instanceHeartBeatTimeOut":15000}]
09:33:45.309 [boundedElastic-1] INFO  c.a.n.client.naming - [processServiceInfo,166] - current ips:(1) service: DEFAULT_GROUP@@ruoyi-auth -> [{"ip":"192.168.0.110","port":9200,"weight":1.0,"healthy":true,"enabled":true,"ephemeral":true,"clusterName":"DEFAULT","serviceName":"DEFAULT_GROUP@@ruoyi-auth","metadata":{"preserved.register.source":"SPRING_CLOUD"},"ipDeleteTimeout":30000,"instanceHeartBeatInterval":5000,"instanceHeartBeatTimeOut":15000}]
09:33:45.316 [boundedElastic-3] INFO  c.a.n.client.naming - [isChangedServiceInfo,181] - init new ips(0) service: DEFAULT_GROUP@@ruoyi-system -> []
09:33:45.316 [boundedElastic-3] INFO  c.a.n.client.naming - [processServiceInfo,166] - current ips:(0) service: DEFAULT_GROUP@@ruoyi-system -> []
09:33:45.893 [nacos-grpc-client-executor-28] INFO  c.a.n.c.r.client - [printIfInfoEnabled,60] - [d6d1147a-a773-42bd-9728-4a8aacb1c0f1]receive server push request,request=NotifySubscriberRequest,requestId=48
09:33:45.893 [nacos-grpc-client-executor-28] INFO  c.a.n.c.r.client - [printIfInfoEnabled,60] - [d6d1147a-a773-42bd-9728-4a8aacb1c0f1]ack server push request,request=NotifySubscriberRequest,requestId=48
09:33:45.897 [nacos-grpc-client-executor-29] INFO  c.a.n.c.r.client - [printIfInfoEnabled,60] - [d6d1147a-a773-42bd-9728-4a8aacb1c0f1]receive server push request,request=NotifySubscriberRequest,requestId=49
09:33:45.898 [nacos-grpc-client-executor-29] INFO  c.a.n.c.r.client - [printIfInfoEnabled,60] - [d6d1147a-a773-42bd-9728-4a8aacb1c0f1]ack server push request,request=NotifySubscriberRequest,requestId=49
09:33:50.768 [nacos-grpc-client-executor-33] INFO  c.a.n.c.r.client - [printIfInfoEnabled,60] - [d6d1147a-a773-42bd-9728-4a8aacb1c0f1]receive server push request,request=NotifySubscriberRequest,requestId=52
09:33:50.769 [nacos-grpc-client-executor-33] INFO  c.a.n.client.naming - [isChangedServiceInfo,235] - new ips(1) service: DEFAULT_GROUP@@ruoyi-system -> [{"ip":"192.168.0.110","port":9201,"weight":1.0,"healthy":true,"enabled":true,"ephemeral":true,"clusterName":"DEFAULT","serviceName":"DEFAULT_GROUP@@ruoyi-system","metadata":{"preserved.register.source":"SPRING_CLOUD"},"ipDeleteTimeout":30000,"instanceHeartBeatInterval":5000,"instanceHeartBeatTimeOut":15000}]
09:33:50.769 [nacos-grpc-client-executor-33] INFO  c.a.n.client.naming - [processServiceInfo,166] - current ips:(1) service: DEFAULT_GROUP@@ruoyi-system -> [{"ip":"192.168.0.110","port":9201,"weight":1.0,"healthy":true,"enabled":true,"ephemeral":true,"clusterName":"DEFAULT","serviceName":"DEFAULT_GROUP@@ruoyi-system","metadata":{"preserved.register.source":"SPRING_CLOUD"},"ipDeleteTimeout":30000,"instanceHeartBeatInterval":5000,"instanceHeartBeatTimeOut":15000}]
09:33:50.770 [nacos-grpc-client-executor-33] INFO  c.a.n.c.r.client - [printIfInfoEnabled,60] - [d6d1147a-a773-42bd-9728-4a8aacb1c0f1]ack server push request,request=NotifySubscriberRequest,requestId=52
09:33:55.426 [com.alibaba.nacos.client.remote.worker] INFO  c.a.n.c.r.client - [printIfInfoEnabled,60] - [c1e185b7-dedf-43c0-a4a6-2c58e4bc8219_config-0] try to re connect to a new server ,server is  not appointed,will choose a random server.
09:33:55.426 [com.alibaba.nacos.client.remote.worker] INFO  c.a.n.c.r.client - [printIfInfoEnabled,60] - [d6d1147a-a773-42bd-9728-4a8aacb1c0f1] try to re connect to a new server ,server is  not appointed,will choose a random server.
09:33:55.426 [com.alibaba.nacos.client.remote.worker] INFO  c.a.n.c.r.client - [printIfInfoEnabled,60] - [935af71b-45a5-4bb4-a5f4-35c224b13da1_config-0] try to re connect to a new server ,server is  not appointed,will choose a random server.
09:33:59.595 [com.alibaba.nacos.client.remote.worker] INFO  c.a.n.c.r.client - [printIfInfoEnabled,60] - [935af71b-45a5-4bb4-a5f4-35c224b13da1_config-0] fail to connect server,after trying 1 times, last try server is {serverIp='127.0.0.1', server main port=8848},error=unknown
09:33:59.595 [com.alibaba.nacos.client.remote.worker] INFO  c.a.n.c.r.client - [printIfInfoEnabled,60] - [d6d1147a-a773-42bd-9728-4a8aacb1c0f1] fail to connect server,after trying 1 times, last try server is {serverIp='127.0.0.1', server main port=8848},error=unknown
09:33:59.595 [com.alibaba.nacos.client.remote.worker] INFO  c.a.n.c.r.client - [printIfInfoEnabled,60] - [c1e185b7-dedf-43c0-a4a6-2c58e4bc8219_config-0] fail to connect server,after trying 1 times, last try server is {serverIp='127.0.0.1', server main port=8848},error=unknown
09:34:01.833 [com.alibaba.nacos.client.remote.worker] INFO  c.a.n.c.r.client - [printIfInfoEnabled,60] - [d6d1147a-a773-42bd-9728-4a8aacb1c0f1] fail to connect server,after trying 2 times, last try server is {serverIp='127.0.0.1', server main port=8848},error=unknown
09:34:01.833 [com.alibaba.nacos.client.remote.worker] INFO  c.a.n.c.r.client - [printIfInfoEnabled,60] - [c1e185b7-dedf-43c0-a4a6-2c58e4bc8219_config-0] fail to connect server,after trying 2 times, last try server is {serverIp='127.0.0.1', server main port=8848},error=unknown
09:34:01.833 [com.alibaba.nacos.client.remote.worker] INFO  c.a.n.c.r.client - [printIfInfoEnabled,60] - [935af71b-45a5-4bb4-a5f4-35c224b13da1_config-0] fail to connect server,after trying 2 times, last try server is {serverIp='127.0.0.1', server main port=8848},error=unknown
09:34:04.169 [com.alibaba.nacos.client.remote.worker] INFO  c.a.n.c.r.client - [printIfInfoEnabled,60] - [c1e185b7-dedf-43c0-a4a6-2c58e4bc8219_config-0] fail to connect server,after trying 3 times, last try server is {serverIp='127.0.0.1', server main port=8848},error=unknown
09:34:04.169 [com.alibaba.nacos.client.remote.worker] INFO  c.a.n.c.r.client - [printIfInfoEnabled,60] - [935af71b-45a5-4bb4-a5f4-35c224b13da1_config-0] fail to connect server,after trying 3 times, last try server is {serverIp='127.0.0.1', server main port=8848},error=unknown
09:34:04.170 [com.alibaba.nacos.client.remote.worker] INFO  c.a.n.c.r.client - [printIfInfoEnabled,60] - [d6d1147a-a773-42bd-9728-4a8aacb1c0f1] fail to connect server,after trying 3 times, last try server is {serverIp='127.0.0.1', server main port=8848},error=unknown
09:34:06.616 [com.alibaba.nacos.client.remote.worker] INFO  c.a.n.c.r.client - [printIfInfoEnabled,60] - [c1e185b7-dedf-43c0-a4a6-2c58e4bc8219_config-0] fail to connect server,after trying 4 times, last try server is {serverIp='127.0.0.1', server main port=8848},error=unknown
09:34:06.616 [com.alibaba.nacos.client.remote.worker] INFO  c.a.n.c.r.client - [printIfInfoEnabled,60] - [935af71b-45a5-4bb4-a5f4-35c224b13da1_config-0] fail to connect server,after trying 4 times, last try server is {serverIp='127.0.0.1', server main port=8848},error=unknown
09:34:06.616 [com.alibaba.nacos.client.remote.worker] INFO  c.a.n.c.r.client - [printIfInfoEnabled,60] - [d6d1147a-a773-42bd-9728-4a8aacb1c0f1] fail to connect server,after trying 4 times, last try server is {serverIp='127.0.0.1', server main port=8848},error=unknown
09:34:09.164 [com.alibaba.nacos.client.remote.worker] INFO  c.a.n.c.r.client - [printIfInfoEnabled,60] - [c1e185b7-dedf-43c0-a4a6-2c58e4bc8219_config-0] fail to connect server,after trying 5 times, last try server is {serverIp='127.0.0.1', server main port=8848},error=unknown
09:34:09.164 [com.alibaba.nacos.client.remote.worker] INFO  c.a.n.c.r.client - [printIfInfoEnabled,60] - [935af71b-45a5-4bb4-a5f4-35c224b13da1_config-0] fail to connect server,after trying 5 times, last try server is {serverIp='127.0.0.1', server main port=8848},error=unknown
09:34:09.164 [com.alibaba.nacos.client.remote.worker] INFO  c.a.n.c.r.client - [printIfInfoEnabled,60] - [d6d1147a-a773-42bd-9728-4a8aacb1c0f1] fail to connect server,after trying 5 times, last try server is {serverIp='127.0.0.1', server main port=8848},error=unknown
09:34:12.083 [com.alibaba.nacos.client.remote.worker] INFO  c.a.n.c.r.client - [printIfInfoEnabled,60] - [935af71b-45a5-4bb4-a5f4-35c224b13da1_config-0] fail to connect server,after trying 6 times, last try server is {serverIp='127.0.0.1', server main port=8848},error=unknown
09:34:12.083 [com.alibaba.nacos.client.remote.worker] INFO  c.a.n.c.r.client - [printIfInfoEnabled,60] - [d6d1147a-a773-42bd-9728-4a8aacb1c0f1] fail to connect server,after trying 6 times, last try server is {serverIp='127.0.0.1', server main port=8848},error=unknown
09:34:12.083 [com.alibaba.nacos.client.remote.worker] INFO  c.a.n.c.r.client - [printIfInfoEnabled,60] - [c1e185b7-dedf-43c0-a4a6-2c58e4bc8219_config-0] fail to connect server,after trying 6 times, last try server is {serverIp='127.0.0.1', server main port=8848},error=unknown
09:34:12.799 [com.alibaba.nacos.client.remote.worker] INFO  c.a.n.c.r.client - [printIfInfoEnabled,60] - [935af71b-45a5-4bb4-a5f4-35c224b13da1_config-0] fail to connect server,after trying 7 times, last try server is {serverIp='127.0.0.1', server main port=8848},error=unknown
09:34:12.799 [com.alibaba.nacos.client.remote.worker] INFO  c.a.n.c.r.client - [printIfInfoEnabled,60] - [c1e185b7-dedf-43c0-a4a6-2c58e4bc8219_config-0] fail to connect server,after trying 7 times, last try server is {serverIp='127.0.0.1', server main port=8848},error=unknown
09:34:12.799 [com.alibaba.nacos.client.remote.worker] INFO  c.a.n.c.r.client - [printIfInfoEnabled,60] - [d6d1147a-a773-42bd-9728-4a8aacb1c0f1] fail to connect server,after trying 7 times, last try server is {serverIp='127.0.0.1', server main port=8848},error=unknown
09:34:13.712 [com.alibaba.nacos.client.remote.worker] INFO  c.a.n.c.r.client - [printIfInfoEnabled,60] - [935af71b-45a5-4bb4-a5f4-35c224b13da1_config-0] success to connect a server  [127.0.0.1:8848],connectionId=1633916053605_127.0.0.1_52207
09:34:13.712 [com.alibaba.nacos.client.remote.worker] INFO  c.a.n.c.r.client - [printIfInfoEnabled,60] - [d6d1147a-a773-42bd-9728-4a8aacb1c0f1] success to connect a server  [127.0.0.1:8848],connectionId=1633916053604_127.0.0.1_52206
09:34:13.712 [com.alibaba.nacos.client.remote.worker] INFO  c.a.n.c.r.client - [printIfInfoEnabled,60] - [c1e185b7-dedf-43c0-a4a6-2c58e4bc8219_config-0] success to connect a server  [127.0.0.1:8848],connectionId=1633916053604_127.0.0.1_52205
09:34:13.712 [com.alibaba.nacos.client.remote.worker] INFO  c.a.n.c.r.client - [printIfInfoEnabled,60] - [935af71b-45a5-4bb4-a5f4-35c224b13da1_config-0] Abandon prev connection ,server is  127.0.0.1:8848, connectionId is 1633916011608_127.0.0.1_62708
09:34:13.712 [com.alibaba.nacos.client.remote.worker] INFO  c.a.n.c.r.client - [printIfInfoEnabled,60] - [d6d1147a-a773-42bd-9728-4a8aacb1c0f1] Abandon prev connection ,server is  127.0.0.1:8848, connectionId is 1633916016490_127.0.0.1_65489
09:34:13.712 [com.alibaba.nacos.client.remote.worker] INFO  c.a.n.c.r.client - [printIfInfoEnabled,60] - [c1e185b7-dedf-43c0-a4a6-2c58e4bc8219_config-0] Abandon prev connection ,server is  127.0.0.1:8848, connectionId is 1633916016998_127.0.0.1_65490
09:34:13.712 [com.alibaba.nacos.client.remote.worker] INFO  c.a.n.c.r.client - [printIfInfoEnabled,60] - [c1e185b7-dedf-43c0-a4a6-2c58e4bc8219_config-0]Notify disconnected event to listeners
09:34:13.712 [com.alibaba.nacos.client.remote.worker] INFO  c.a.n.c.r.client - [printIfInfoEnabled,60] - [935af71b-45a5-4bb4-a5f4-35c224b13da1_config-0]Notify disconnected event to listeners
09:34:13.712 [com.alibaba.nacos.client.remote.worker] INFO  c.a.n.c.r.client - [printIfInfoEnabled,60] - [d6d1147a-a773-42bd-9728-4a8aacb1c0f1]Notify disconnected event to listeners
09:34:13.712 [com.alibaba.nacos.client.remote.worker] INFO  c.a.n.c.c.i.ClientWorker - [onDisConnect,688] - [c1e185b7-dedf-43c0-a4a6-2c58e4bc8219_config-0] DisConnected,clear listen context...
09:34:13.712 [com.alibaba.nacos.client.remote.worker] INFO  c.a.n.c.c.i.ClientWorker - [onDisConnect,688] - [935af71b-45a5-4bb4-a5f4-35c224b13da1_config-0] DisConnected,clear listen context...
09:34:13.712 [com.alibaba.nacos.client.remote.worker] INFO  c.a.n.c.r.client - [printIfInfoEnabled,60] - [c1e185b7-dedf-43c0-a4a6-2c58e4bc8219_config-0]Notify connected event to listeners.
09:34:13.712 [com.alibaba.nacos.client.remote.worker] INFO  c.a.n.c.r.client - [printIfInfoEnabled,60] - [935af71b-45a5-4bb4-a5f4-35c224b13da1_config-0]Notify connected event to listeners.
09:34:13.712 [com.alibaba.nacos.client.remote.worker] INFO  c.a.n.c.c.i.ClientWorker - [onConnected,681] - [935af71b-45a5-4bb4-a5f4-35c224b13da1_config-0] Connected,notify listen context...
09:34:13.712 [com.alibaba.nacos.client.remote.worker] INFO  c.a.n.c.c.i.ClientWorker - [onConnected,681] - [c1e185b7-dedf-43c0-a4a6-2c58e4bc8219_config-0] Connected,notify listen context...
09:34:13.713 [com.alibaba.nacos.client.remote.worker] INFO  c.a.n.c.r.client - [printIfInfoEnabled,60] - [d6d1147a-a773-42bd-9728-4a8aacb1c0f1]Notify connected event to listeners.
09:34:13.713 [com.alibaba.nacos.client.remote.worker] INFO  c.a.n.client.naming - [onConnected,76] - Grpc connection connect
09:34:13.746 [com.alibaba.nacos.client.Worker] INFO  c.a.n.c.c.i.ClientWorker - [refreshContentAndCheck,493] - [config_rpc_client] [data-received] dataId=ruoyi-gateway-dev.yml, group=DEFAULT_GROUP, tenant=, md5=21496da1424bbaff1175d99b5944cebb, content=spring:
  redis:
    host: localhost
    port: 6379
    password: 
  cloud:
    gateway:
      disco..., type=yaml
09:34:13.747 [com.alibaba.nacos.client.Worker] INFO  c.a.n.c.c.i.CacheData - [safeNotifyListener,362] - [config_rpc_client] [notify-listener] time cost=0ms in ClientWorker, dataId=ruoyi-gateway-dev.yml, group=DEFAULT_GROUP, md5=21496da1424bbaff1175d99b5944cebb, listener=com.alibaba.cloud.nacos.refresh.NacosContextRefresher$1@6a58f2b8 
09:34:13.747 [nacos.client.cachedata.internal.notifier] INFO  c.a.n.c.c.i.CacheData - [run,297] - [config_rpc_client] [notify-context] dataId=ruoyi-gateway-dev.yml, group=DEFAULT_GROUP, md5=21496da1424bbaff1175d99b5944cebb
09:34:14.250 [nacos.client.cachedata.internal.notifier] INFO  c.a.n.c.c.i.CacheData - [run,323] - [config_rpc_client] [notify-ok] dataId=ruoyi-gateway-dev.yml, group=DEFAULT_GROUP, md5=21496da1424bbaff1175d99b5944cebb, listener=com.alibaba.cloud.nacos.refresh.NacosContextRefresher$1@6a58f2b8 ,cost=503 millis.
09:34:15.514 [com.alibaba.nacos.client.naming.grpc.redo.0] INFO  c.a.n.client.naming - [redoForInstance,72] - Redo instance operation REGISTER for DEFAULT_GROUP@@ruoyi-gateway
09:34:15.521 [com.alibaba.nacos.client.naming.grpc.redo.0] INFO  c.a.n.client.naming - [redoForSubscribe,110] - Redo subscriber operation REGISTER for DEFAULT_GROUP@@ruoyi-gateway#DEFAULT
09:34:15.524 [com.alibaba.nacos.client.naming.grpc.redo.0] INFO  c.a.n.client.naming - [redoForSubscribe,110] - Redo subscriber operation REGISTER for DEFAULT_GROUP@@ruoyi-auth#
09:34:15.528 [com.alibaba.nacos.client.naming.grpc.redo.0] INFO  c.a.n.client.naming - [redoForSubscribe,110] - Redo subscriber operation REGISTER for DEFAULT_GROUP@@ruoyi-airline#
09:34:15.531 [com.alibaba.nacos.client.naming.grpc.redo.0] INFO  c.a.n.client.naming - [redoForSubscribe,110] - Redo subscriber operation REGISTER for DEFAULT_GROUP@@ruoyi-system#
09:34:16.060 [nacos-grpc-client-executor-67] INFO  c.a.n.c.r.client - [printIfInfoEnabled,60] - [d6d1147a-a773-42bd-9728-4a8aacb1c0f1]receive server push request,request=NotifySubscriberRequest,requestId=6
09:34:16.060 [nacos-grpc-client-executor-67] INFO  c.a.n.c.r.client - [printIfInfoEnabled,60] - [d6d1147a-a773-42bd-9728-4a8aacb1c0f1]ack server push request,request=NotifySubscriberRequest,requestId=6
09:34:16.062 [nacos-grpc-client-executor-68] INFO  c.a.n.c.r.client - [printIfInfoEnabled,60] - [d6d1147a-a773-42bd-9728-4a8aacb1c0f1]receive server push request,request=NotifySubscriberRequest,requestId=7
09:34:16.062 [nacos-grpc-client-executor-68] INFO  c.a.n.c.r.client - [printIfInfoEnabled,60] - [d6d1147a-a773-42bd-9728-4a8aacb1c0f1]ack server push request,request=NotifySubscriberRequest,requestId=7
09:34:16.065 [nacos-grpc-client-executor-69] INFO  c.a.n.c.r.client - [printIfInfoEnabled,60] - [d6d1147a-a773-42bd-9728-4a8aacb1c0f1]receive server push request,request=NotifySubscriberRequest,requestId=4
09:34:16.065 [nacos-grpc-client-executor-69] INFO  c.a.n.c.r.client - [printIfInfoEnabled,60] - [d6d1147a-a773-42bd-9728-4a8aacb1c0f1]ack server push request,request=NotifySubscriberRequest,requestId=4
09:34:16.067 [nacos-grpc-client-executor-70] INFO  c.a.n.c.r.client - [printIfInfoEnabled,60] - [d6d1147a-a773-42bd-9728-4a8aacb1c0f1]receive server push request,request=NotifySubscriberRequest,requestId=8
09:34:16.067 [nacos-grpc-client-executor-70] INFO  c.a.n.c.r.client - [printIfInfoEnabled,60] - [d6d1147a-a773-42bd-9728-4a8aacb1c0f1]ack server push request,request=NotifySubscriberRequest,requestId=8
20:35:47.922 [SpringApplicationShutdownHook] INFO  c.a.c.n.r.NacosServiceRegistry - [deregister,90] - De-registering from Nacos Server now...
20:35:47.922 [SpringApplicationShutdownHook] INFO  c.a.n.client.naming - [deregisterService,136] - [DEREGISTER-SERVICE] public deregistering service ruoyi-gateway with instance: Instance{instanceId='null', ip='192.168.0.110', port=8080, weight=1.0, healthy=true, enabled=true, ephemeral=true, clusterName='DEFAULT', serviceName='null', metadata={}}
20:35:47.924 [SpringApplicationShutdownHook] INFO  c.a.c.n.r.NacosServiceRegistry - [deregister,110] - De-registration finished.
20:35:47.924 [SpringApplicationShutdownHook] INFO  c.a.n.client.naming - [shutdown,256] - com.alibaba.nacos.client.naming.cache.ServiceInfoHolder do shutdown begin
20:35:47.924 [SpringApplicationShutdownHook] INFO  c.a.n.client.naming - [shutdown,140] - com.alibaba.nacos.client.naming.backups.FailoverReactor do shutdown begin
20:35:47.925 [SpringApplicationShutdownHook] INFO  c.a.n.client.naming - [shutdown,142] - com.alibaba.nacos.client.naming.backups.FailoverReactor do shutdown stop
20:35:47.925 [SpringApplicationShutdownHook] INFO  c.a.n.client.naming - [shutdown,258] - com.alibaba.nacos.client.naming.cache.ServiceInfoHolder do shutdown stop
20:35:47.925 [SpringApplicationShutdownHook] INFO  c.a.n.client.naming - [shutdown,176] - com.alibaba.nacos.client.naming.remote.NamingClientProxyDelegate do shutdown begin
20:35:47.925 [SpringApplicationShutdownHook] INFO  c.a.n.client.naming - [shutdown,130] - com.alibaba.nacos.client.naming.core.ServiceInfoUpdateService do shutdown begin
20:35:48.230 [SpringApplicationShutdownHook] INFO  c.a.n.client.naming - [shutdown,132] - com.alibaba.nacos.client.naming.core.ServiceInfoUpdateService do shutdown stop
20:35:48.230 [SpringApplicationShutdownHook] INFO  c.a.n.client.naming - [shutdown,188] - com.alibaba.nacos.client.naming.core.ServerListManager do shutdown begin
20:35:48.230 [SpringApplicationShutdownHook] INFO  c.a.n.client.naming - [shutdown,193] - com.alibaba.nacos.client.naming.core.ServerListManager do shutdown stop
20:35:48.230 [SpringApplicationShutdownHook] INFO  c.a.n.client.naming - [shutdown,519] - com.alibaba.nacos.client.naming.remote.http.NamingHttpClientProxy do shutdown begin
20:35:48.230 [SpringApplicationShutdownHook] INFO  c.a.n.client.naming - [shutdown,162] - com.alibaba.nacos.client.naming.beat.BeatReactor do shutdown begin
20:35:48.230 [SpringApplicationShutdownHook] INFO  c.a.n.client.naming - [shutdown,164] - com.alibaba.nacos.client.naming.beat.BeatReactor do shutdown stop
20:35:48.231 [SpringApplicationShutdownHook] INFO  c.a.n.c.i.CredentialWatcher - [stop,105] - [null] CredentialWatcher is stopped
20:35:48.231 [SpringApplicationShutdownHook] INFO  c.a.n.c.i.CredentialService - [free,99] - [null] CredentialService is freed
20:35:48.231 [SpringApplicationShutdownHook] INFO  c.a.n.client.naming - [shutdown,523] - com.alibaba.nacos.client.naming.remote.http.NamingHttpClientProxy do shutdown stop
20:35:48.231 [SpringApplicationShutdownHook] INFO  c.a.n.c.r.client - [shutdown,461] - Shutdown rpc client ,set status to shutdown
20:35:48.231 [SpringApplicationShutdownHook] INFO  c.a.n.c.r.client - [shutdown,463] - Shutdown  client event executor java.util.concurrent.ScheduledThreadPoolExecutor@38dde0f[Running, pool size = 2, active threads = 2, queued tasks = 0, completed tasks = 0]
20:35:48.231 [SpringApplicationShutdownHook] INFO  c.a.n.c.r.client - [shutdown,465] - Close current connection 1633916053604_127.0.0.1_52206
20:35:48.231 [SpringApplicationShutdownHook] INFO  c.a.n.c.r.c.g.GrpcClient - [shutdown,83] - Shutdown grpc executor java.util.concurrent.ThreadPoolExecutor@40c59ff3[Running, pool size = 6, active threads = 0, queued tasks = 0, completed tasks = 9055]
20:35:48.231 [SpringApplicationShutdownHook] INFO  c.a.n.client.naming - [shutdown,251] - Shutdown grpc redo service executor java.util.concurrent.ScheduledThreadPoolExecutor@48d2db8[Running, pool size = 1, active threads = 0, queued tasks = 1, completed tasks = 13220]
20:35:48.232 [SpringApplicationShutdownHook] INFO  c.a.n.client.naming - [shutdown,182] - com.alibaba.nacos.client.naming.remote.NamingClientProxyDelegate do shutdown stop
