09:45:49.400 [background-preinit] INFO  o.h.v.i.util.Version - [<clinit>,21] - HV000001: Hibernate Validator 6.2.0.Final
09:45:50.821 [main] INFO  c.a.n.c.c.i.LocalConfigInfoProcessor - [<clinit>,67] - LOCAL_SNAPSHOT_PATH:C:\Users\Administrator\nacos\config
09:45:50.825 [main] INFO  c.a.n.c.r.client - [lambda$createClient$0,77] - [RpcClientFactory] create a new rpc client of 808cbb0d-507b-4b50-a9c8-371ad8554a5b_config-0
09:45:50.888 [main] INFO  o.r.Reflections - [scan,232] - Reflections took 38 ms to scan 1 urls, producing 3 keys and 6 values 
09:45:50.946 [main] INFO  o.r.Reflections - [scan,232] - Reflections took 20 ms to scan 1 urls, producing 4 keys and 9 values 
09:45:50.968 [main] INFO  o.r.Reflections - [scan,232] - Reflections took 18 ms to scan 1 urls, producing 3 keys and 10 values 
09:45:50.988 [main] INFO  o.r.Reflections - [scan,232] - Reflections took 12 ms to scan 1 urls, producing 1 keys and 5 values 
09:45:51.009 [main] INFO  o.r.Reflections - [scan,232] - Reflections took 17 ms to scan 1 urls, producing 1 keys and 7 values 
09:45:51.030 [main] INFO  o.r.Reflections - [scan,232] - Reflections took 14 ms to scan 1 urls, producing 2 keys and 8 values 
09:45:51.034 [main] INFO  c.a.n.c.r.client - [printIfInfoEnabled,60] - [808cbb0d-507b-4b50-a9c8-371ad8554a5b_config-0]RpcClient init label, labels={module=config, Vipserver-Tag=null, source=sdk, Amory-Tag=null, Location-Tag=null, taskId=0, AppName=unknown}
09:45:51.035 [main] INFO  c.a.n.c.r.client - [printIfInfoEnabled,60] - [808cbb0d-507b-4b50-a9c8-371ad8554a5b_config-0]Register server push request handler:com.alibaba.nacos.client.config.impl.ClientWorker$ConfigRpcTransportClient$$Lambda$446/0x000000080040f040
09:45:51.035 [main] INFO  c.a.n.c.r.client - [printIfInfoEnabled,60] - [808cbb0d-507b-4b50-a9c8-371ad8554a5b_config-0]Register server push request handler:com.alibaba.nacos.client.config.impl.ClientWorker$ConfigRpcTransportClient$$Lambda$447/0x000000080040f440
09:45:51.036 [main] INFO  c.a.n.c.r.client - [printIfInfoEnabled,60] - [808cbb0d-507b-4b50-a9c8-371ad8554a5b_config-0]Registry connection listener to current client:com.alibaba.nacos.client.config.impl.ClientWorker$ConfigRpcTransportClient$1
09:45:51.037 [main] INFO  c.a.n.c.r.client - [printIfInfoEnabled,60] - [808cbb0d-507b-4b50-a9c8-371ad8554a5b_config-0]RpcClient init, ServerListFactory =com.alibaba.nacos.client.config.impl.ClientWorker$ConfigRpcTransportClient$2
09:45:51.060 [main] INFO  c.a.n.c.r.client - [printIfInfoEnabled,60] - [808cbb0d-507b-4b50-a9c8-371ad8554a5b_config-0] Try to connect to server on start up, server: {serverIp='127.0.0.1', server main port=8848}
09:45:53.827 [main] INFO  c.a.n.c.r.client - [printIfInfoEnabled,60] - [808cbb0d-507b-4b50-a9c8-371ad8554a5b_config-0] Success to connect to server [127.0.0.1:8848] on start up,connectionId=1633657553637_127.0.0.1_54625
09:45:53.827 [main] INFO  c.a.n.c.r.client - [printIfInfoEnabled,60] - [808cbb0d-507b-4b50-a9c8-371ad8554a5b_config-0]Register server push request handler:com.alibaba.nacos.common.remote.client.RpcClient$ConnectResetRequestHandler
09:45:53.827 [com.alibaba.nacos.client.remote.worker] INFO  c.a.n.c.r.client - [printIfInfoEnabled,60] - [808cbb0d-507b-4b50-a9c8-371ad8554a5b_config-0]Notify connected event to listeners.
09:45:53.828 [com.alibaba.nacos.client.remote.worker] INFO  c.a.n.c.c.i.ClientWorker - [onConnected,681] - [808cbb0d-507b-4b50-a9c8-371ad8554a5b_config-0] Connected,notify listen context...
09:45:53.828 [main] INFO  c.a.n.c.r.client - [printIfInfoEnabled,60] - [808cbb0d-507b-4b50-a9c8-371ad8554a5b_config-0]Register server push request handler:com.alibaba.nacos.common.remote.client.RpcClient$4
09:45:53.860 [main] INFO  c.a.n.c.c.i.Limiter - [<clinit>,56] - limitTime:5.0
09:45:53.876 [main] INFO  c.a.n.c.c.u.JvmUtil - [<clinit>,53] - isMultiInstance:false
09:45:53.923 [main] INFO  c.r.g.RuoYiGatewayApplication - [logStartupProfileInfo,663] - The following profiles are active: dev
09:46:00.905 [main] INFO  c.a.c.s.g.s.SentinelSCGAutoConfiguration - [sentinelGatewayFilter,144] - [Sentinel SpringCloudGateway] register SentinelGatewayFilter with order: -2147483648
09:46:01.125 [main] INFO  c.a.n.client.naming - [initNamespaceForNaming,63] - initializer namespace from System Property : null
09:46:01.126 [main] INFO  c.a.n.client.naming - [call,69] - initializer namespace from System Environment :null
09:46:01.127 [main] INFO  c.a.n.client.naming - [call,79] - initializer namespace from System Property :null
09:46:01.149 [main] INFO  c.a.n.c.r.client - [lambda$createClient$0,77] - [RpcClientFactory] create a new rpc client of ca51e175-8623-4ddb-bea5-982634c329f8
09:46:01.149 [main] INFO  c.a.n.c.r.client - [printIfInfoEnabled,60] - [ca51e175-8623-4ddb-bea5-982634c329f8]RpcClient init label, labels={module=naming, source=sdk}
09:46:01.151 [main] INFO  c.a.n.c.r.client - [printIfInfoEnabled,60] - [ca51e175-8623-4ddb-bea5-982634c329f8]RpcClient init, ServerListFactory =com.alibaba.nacos.client.naming.core.ServerListManager
09:46:01.151 [main] INFO  c.a.n.c.r.client - [printIfInfoEnabled,60] - [ca51e175-8623-4ddb-bea5-982634c329f8]Registry connection listener to current client:com.alibaba.nacos.client.naming.remote.gprc.redo.NamingGrpcRedoService
09:46:01.152 [main] INFO  c.a.n.c.r.client - [printIfInfoEnabled,60] - [ca51e175-8623-4ddb-bea5-982634c329f8]Register server push request handler:com.alibaba.nacos.client.naming.remote.gprc.NamingPushRequestHandler
09:46:01.152 [main] INFO  c.a.n.c.r.client - [printIfInfoEnabled,60] - [ca51e175-8623-4ddb-bea5-982634c329f8] Try to connect to server on start up, server: {serverIp='127.0.0.1', server main port=8848}
09:46:01.290 [main] INFO  c.a.n.c.r.client - [printIfInfoEnabled,60] - [ca51e175-8623-4ddb-bea5-982634c329f8] Success to connect to server [127.0.0.1:8848] on start up,connectionId=1633657561167_127.0.0.1_54755
09:46:01.290 [com.alibaba.nacos.client.remote.worker] INFO  c.a.n.c.r.client - [printIfInfoEnabled,60] - [ca51e175-8623-4ddb-bea5-982634c329f8]Notify connected event to listeners.
09:46:01.290 [main] INFO  c.a.n.c.r.client - [printIfInfoEnabled,60] - [ca51e175-8623-4ddb-bea5-982634c329f8]Register server push request handler:com.alibaba.nacos.common.remote.client.RpcClient$ConnectResetRequestHandler
09:46:01.291 [com.alibaba.nacos.client.remote.worker] INFO  c.a.n.client.naming - [onConnected,76] - Grpc connection connect
09:46:01.291 [main] INFO  c.a.n.c.r.client - [printIfInfoEnabled,60] - [ca51e175-8623-4ddb-bea5-982634c329f8]Register server push request handler:com.alibaba.nacos.common.remote.client.RpcClient$4
09:46:01.578 [main] INFO  c.a.c.s.g.s.SentinelSCGAutoConfiguration - [sentinelGatewayBlockExceptionHandler,134] - [Sentinel SpringCloudGateway] register SentinelGatewayBlockExceptionHandler
09:46:01.917 [main] INFO  c.a.n.c.c.i.ClientWorker - [addCacheDataIfAbsent,384] - [config_rpc_client] [subscribe] sentinel-ruoyi-gateway+DEFAULT_GROUP
09:46:01.924 [main] INFO  c.a.n.c.c.i.CacheData - [addListener,173] - [config_rpc_client] [add-listener] ok, tenant=, dataId=sentinel-ruoyi-gateway, group=DEFAULT_GROUP, cnt=1
09:46:01.924 [main] INFO  c.a.n.c.r.client - [lambda$createClient$0,77] - [RpcClientFactory] create a new rpc client of a155badf-2c2a-4d2c-8657-42ed9766e521_config-0
09:46:01.925 [main] INFO  c.a.n.c.r.client - [printIfInfoEnabled,60] - [a155badf-2c2a-4d2c-8657-42ed9766e521_config-0]RpcClient init label, labels={module=config, Vipserver-Tag=null, source=sdk, Amory-Tag=null, Location-Tag=null, taskId=0, AppName=unknown}
09:46:01.925 [main] INFO  c.a.n.c.r.client - [printIfInfoEnabled,60] - [a155badf-2c2a-4d2c-8657-42ed9766e521_config-0]Register server push request handler:com.alibaba.nacos.client.config.impl.ClientWorker$ConfigRpcTransportClient$$Lambda$446/0x000000080040f040
09:46:01.925 [main] INFO  c.a.n.c.r.client - [printIfInfoEnabled,60] - [a155badf-2c2a-4d2c-8657-42ed9766e521_config-0]Register server push request handler:com.alibaba.nacos.client.config.impl.ClientWorker$ConfigRpcTransportClient$$Lambda$447/0x000000080040f440
09:46:01.925 [main] INFO  c.a.n.c.r.client - [printIfInfoEnabled,60] - [a155badf-2c2a-4d2c-8657-42ed9766e521_config-0]Registry connection listener to current client:com.alibaba.nacos.client.config.impl.ClientWorker$ConfigRpcTransportClient$1
09:46:01.925 [main] INFO  c.a.n.c.r.client - [printIfInfoEnabled,60] - [a155badf-2c2a-4d2c-8657-42ed9766e521_config-0]RpcClient init, ServerListFactory =com.alibaba.nacos.client.config.impl.ClientWorker$ConfigRpcTransportClient$2
09:46:01.926 [main] INFO  c.a.n.c.r.client - [printIfInfoEnabled,60] - [a155badf-2c2a-4d2c-8657-42ed9766e521_config-0] Try to connect to server on start up, server: {serverIp='127.0.0.1', server main port=8848}
09:46:02.061 [main] INFO  c.a.n.c.r.client - [printIfInfoEnabled,60] - [a155badf-2c2a-4d2c-8657-42ed9766e521_config-0] Success to connect to server [127.0.0.1:8848] on start up,connectionId=1633657561935_127.0.0.1_54756
09:46:02.061 [main] INFO  c.a.n.c.r.client - [printIfInfoEnabled,60] - [a155badf-2c2a-4d2c-8657-42ed9766e521_config-0]Register server push request handler:com.alibaba.nacos.common.remote.client.RpcClient$ConnectResetRequestHandler
09:46:02.061 [com.alibaba.nacos.client.remote.worker] INFO  c.a.n.c.r.client - [printIfInfoEnabled,60] - [a155badf-2c2a-4d2c-8657-42ed9766e521_config-0]Notify connected event to listeners.
09:46:02.061 [main] INFO  c.a.n.c.r.client - [printIfInfoEnabled,60] - [a155badf-2c2a-4d2c-8657-42ed9766e521_config-0]Register server push request handler:com.alibaba.nacos.common.remote.client.RpcClient$4
09:46:02.061 [com.alibaba.nacos.client.remote.worker] INFO  c.a.n.c.c.i.ClientWorker - [onConnected,681] - [a155badf-2c2a-4d2c-8657-42ed9766e521_config-0] Connected,notify listen context...
09:46:02.187 [main] INFO  c.a.n.client.naming - [isChangedServiceInfo,181] - init new ips(0) service: DEFAULT_GROUP@@ruoyi-gateway@@DEFAULT -> []
09:46:02.189 [main] INFO  c.a.n.client.naming - [processServiceInfo,166] - current ips:(0) service: DEFAULT_GROUP@@ruoyi-gateway@@DEFAULT -> []
09:46:02.292 [boundedElastic-3] INFO  c.a.n.client.naming - [isChangedServiceInfo,181] - init new ips(1) service: DEFAULT_GROUP@@ruoyi-gen -> [{"ip":"192.168.0.173","port":9202,"weight":1.0,"healthy":true,"enabled":true,"ephemeral":true,"clusterName":"DEFAULT","serviceName":"DEFAULT_GROUP@@ruoyi-gen","metadata":{"preserved.register.source":"SPRING_CLOUD"},"ipDeleteTimeout":30000,"instanceHeartBeatInterval":5000,"instanceHeartBeatTimeOut":15000}]
09:46:02.293 [boundedElastic-3] INFO  c.a.n.client.naming - [processServiceInfo,166] - current ips:(1) service: DEFAULT_GROUP@@ruoyi-gen -> [{"ip":"192.168.0.173","port":9202,"weight":1.0,"healthy":true,"enabled":true,"ephemeral":true,"clusterName":"DEFAULT","serviceName":"DEFAULT_GROUP@@ruoyi-gen","metadata":{"preserved.register.source":"SPRING_CLOUD"},"ipDeleteTimeout":30000,"instanceHeartBeatInterval":5000,"instanceHeartBeatTimeOut":15000}]
09:46:02.293 [boundedElastic-6] INFO  c.a.n.client.naming - [isChangedServiceInfo,181] - init new ips(1) service: DEFAULT_GROUP@@ruoyi-auth -> [{"ip":"192.168.0.173","port":9200,"weight":1.0,"healthy":true,"enabled":true,"ephemeral":true,"clusterName":"DEFAULT","serviceName":"DEFAULT_GROUP@@ruoyi-auth","metadata":{"preserved.register.source":"SPRING_CLOUD"},"ipDeleteTimeout":30000,"instanceHeartBeatInterval":5000,"instanceHeartBeatTimeOut":15000}]
09:46:02.294 [boundedElastic-6] INFO  c.a.n.client.naming - [processServiceInfo,166] - current ips:(1) service: DEFAULT_GROUP@@ruoyi-auth -> [{"ip":"192.168.0.173","port":9200,"weight":1.0,"healthy":true,"enabled":true,"ephemeral":true,"clusterName":"DEFAULT","serviceName":"DEFAULT_GROUP@@ruoyi-auth","metadata":{"preserved.register.source":"SPRING_CLOUD"},"ipDeleteTimeout":30000,"instanceHeartBeatInterval":5000,"instanceHeartBeatTimeOut":15000}]
09:46:02.523 [nacos-grpc-client-executor-17] INFO  c.a.n.c.r.client - [printIfInfoEnabled,60] - [ca51e175-8623-4ddb-bea5-982634c329f8]receive server push request,request=NotifySubscriberRequest,requestId=3
09:46:02.523 [nacos-grpc-client-executor-17] INFO  c.a.n.c.r.client - [printIfInfoEnabled,60] - [ca51e175-8623-4ddb-bea5-982634c329f8]ack server push request,request=NotifySubscriberRequest,requestId=3
09:46:02.714 [nacos-grpc-client-executor-18] INFO  c.a.n.c.r.client - [printIfInfoEnabled,60] - [ca51e175-8623-4ddb-bea5-982634c329f8]receive server push request,request=NotifySubscriberRequest,requestId=4
09:46:02.714 [nacos-grpc-client-executor-18] INFO  c.a.n.client.naming - [isChangedServiceInfo,181] - init new ips(0) service: DEFAULT_GROUP@@ruoyi-gateway -> []
09:46:02.714 [nacos-grpc-client-executor-18] INFO  c.a.n.client.naming - [processServiceInfo,166] - current ips:(0) service: DEFAULT_GROUP@@ruoyi-gateway -> []
09:46:02.715 [nacos-grpc-client-executor-18] INFO  c.a.n.c.r.client - [printIfInfoEnabled,60] - [ca51e175-8623-4ddb-bea5-982634c329f8]ack server push request,request=NotifySubscriberRequest,requestId=4
09:46:02.816 [nacos-grpc-client-executor-19] INFO  c.a.n.c.r.client - [printIfInfoEnabled,60] - [ca51e175-8623-4ddb-bea5-982634c329f8]receive server push request,request=NotifySubscriberRequest,requestId=5
09:46:02.817 [nacos-grpc-client-executor-19] INFO  c.a.n.c.r.client - [printIfInfoEnabled,60] - [ca51e175-8623-4ddb-bea5-982634c329f8]ack server push request,request=NotifySubscriberRequest,requestId=5
09:46:05.698 [main] INFO  c.a.n.client.naming - [registerService,112] - [REGISTER-SERVICE] public registering service ruoyi-gateway with instance Instance{instanceId='null', ip='192.168.0.173', port=8080, weight=1.0, healthy=true, enabled=true, ephemeral=true, clusterName='DEFAULT', serviceName='null', metadata={preserved.register.source=SPRING_CLOUD}}
09:46:05.718 [main] INFO  c.a.c.n.r.NacosServiceRegistry - [register,75] - nacos registry, DEFAULT_GROUP ruoyi-gateway 192.168.0.173:8080 register finished
09:46:05.793 [boundedElastic-6] INFO  c.a.n.client.naming - [isChangedServiceInfo,181] - init new ips(1) service: DEFAULT_GROUP@@ruoyi-system -> [{"ip":"192.168.0.173","port":9201,"weight":1.0,"healthy":true,"enabled":true,"ephemeral":true,"clusterName":"DEFAULT","serviceName":"DEFAULT_GROUP@@ruoyi-system","metadata":{"preserved.register.source":"SPRING_CLOUD"},"ipDeleteTimeout":30000,"instanceHeartBeatInterval":5000,"instanceHeartBeatTimeOut":15000}]
09:46:05.794 [boundedElastic-6] INFO  c.a.n.client.naming - [processServiceInfo,166] - current ips:(1) service: DEFAULT_GROUP@@ruoyi-system -> [{"ip":"192.168.0.173","port":9201,"weight":1.0,"healthy":true,"enabled":true,"ephemeral":true,"clusterName":"DEFAULT","serviceName":"DEFAULT_GROUP@@ruoyi-system","metadata":{"preserved.register.source":"SPRING_CLOUD"},"ipDeleteTimeout":30000,"instanceHeartBeatInterval":5000,"instanceHeartBeatTimeOut":15000}]
09:46:05.795 [main] INFO  c.r.g.RuoYiGatewayApplication - [logStarted,61] - Started RuoYiGatewayApplication in 18.058 seconds (JVM running for 20.198)
09:46:05.799 [main] INFO  c.a.n.c.c.i.ClientWorker - [addCacheDataIfAbsent,384] - [config_rpc_client] [subscribe] ruoyi-gateway+DEFAULT_GROUP
09:46:05.800 [main] INFO  c.a.n.c.c.i.CacheData - [addListener,173] - [config_rpc_client] [add-listener] ok, tenant=, dataId=ruoyi-gateway, group=DEFAULT_GROUP, cnt=1
09:46:05.800 [main] INFO  c.a.n.c.c.i.ClientWorker - [addCacheDataIfAbsent,384] - [config_rpc_client] [subscribe] ruoyi-gateway.yml+DEFAULT_GROUP
09:46:05.800 [main] INFO  c.a.n.c.c.i.CacheData - [addListener,173] - [config_rpc_client] [add-listener] ok, tenant=, dataId=ruoyi-gateway.yml, group=DEFAULT_GROUP, cnt=1
09:46:05.807 [main] INFO  c.a.n.c.c.i.ClientWorker - [addCacheDataIfAbsent,384] - [config_rpc_client] [subscribe] ruoyi-gateway-dev.yml+DEFAULT_GROUP
09:46:05.807 [main] INFO  c.a.n.c.c.i.CacheData - [addListener,173] - [config_rpc_client] [add-listener] ok, tenant=, dataId=ruoyi-gateway-dev.yml, group=DEFAULT_GROUP, cnt=1
09:46:06.314 [nacos-grpc-client-executor-28] INFO  c.a.n.c.r.client - [printIfInfoEnabled,60] - [ca51e175-8623-4ddb-bea5-982634c329f8]receive server push request,request=NotifySubscriberRequest,requestId=7
09:46:06.321 [nacos-grpc-client-executor-28] INFO  c.a.n.client.naming - [isChangedServiceInfo,235] - new ips(1) service: DEFAULT_GROUP@@ruoyi-gateway -> [{"ip":"192.168.0.173","port":8080,"weight":1.0,"healthy":true,"enabled":true,"ephemeral":true,"clusterName":"DEFAULT","serviceName":"DEFAULT_GROUP@@ruoyi-gateway","metadata":{"preserved.register.source":"SPRING_CLOUD"},"ipDeleteTimeout":30000,"instanceHeartBeatInterval":5000,"instanceHeartBeatTimeOut":15000}]
09:46:06.323 [nacos-grpc-client-executor-28] INFO  c.a.n.client.naming - [processServiceInfo,166] - current ips:(1) service: DEFAULT_GROUP@@ruoyi-gateway -> [{"ip":"192.168.0.173","port":8080,"weight":1.0,"healthy":true,"enabled":true,"ephemeral":true,"clusterName":"DEFAULT","serviceName":"DEFAULT_GROUP@@ruoyi-gateway","metadata":{"preserved.register.source":"SPRING_CLOUD"},"ipDeleteTimeout":30000,"instanceHeartBeatInterval":5000,"instanceHeartBeatTimeOut":15000}]
09:46:06.325 [nacos-grpc-client-executor-28] INFO  c.a.n.c.r.client - [printIfInfoEnabled,60] - [ca51e175-8623-4ddb-bea5-982634c329f8]ack server push request,request=NotifySubscriberRequest,requestId=7
09:46:06.336 [nacos-grpc-client-executor-29] INFO  c.a.n.c.r.client - [printIfInfoEnabled,60] - [ca51e175-8623-4ddb-bea5-982634c329f8]receive server push request,request=NotifySubscriberRequest,requestId=8
09:46:06.337 [nacos-grpc-client-executor-29] INFO  c.a.n.c.r.client - [printIfInfoEnabled,60] - [ca51e175-8623-4ddb-bea5-982634c329f8]ack server push request,request=NotifySubscriberRequest,requestId=8
09:46:09.205 [com.alibaba.nacos.client.naming.updater.4] INFO  c.a.n.client.naming - [isChangedServiceInfo,235] - new ips(1) service: DEFAULT_GROUP@@ruoyi-gateway@@DEFAULT -> [{"ip":"192.168.0.173","port":8080,"weight":1.0,"healthy":true,"enabled":true,"ephemeral":true,"clusterName":"DEFAULT","serviceName":"DEFAULT_GROUP@@ruoyi-gateway","metadata":{"preserved.register.source":"SPRING_CLOUD"},"ipDeleteTimeout":30000,"instanceHeartBeatInterval":5000,"instanceHeartBeatTimeOut":15000}]
09:46:09.206 [com.alibaba.nacos.client.naming.updater.4] INFO  c.a.n.client.naming - [processServiceInfo,166] - current ips:(1) service: DEFAULT_GROUP@@ruoyi-gateway@@DEFAULT -> [{"ip":"192.168.0.173","port":8080,"weight":1.0,"healthy":true,"enabled":true,"ephemeral":true,"clusterName":"DEFAULT","serviceName":"DEFAULT_GROUP@@ruoyi-gateway","metadata":{"preserved.register.source":"SPRING_CLOUD"},"ipDeleteTimeout":30000,"instanceHeartBeatInterval":5000,"instanceHeartBeatTimeOut":15000}]
09:46:32.356 [boundedElastic-3] INFO  c.a.n.client.naming - [isChangedServiceInfo,181] - init new ips(1) service: DEFAULT_GROUP@@ruoyi-uavs -> [{"ip":"192.168.0.173","port":9210,"weight":1.0,"healthy":true,"enabled":true,"ephemeral":true,"clusterName":"DEFAULT","serviceName":"DEFAULT_GROUP@@ruoyi-uavs","metadata":{"preserved.register.source":"SPRING_CLOUD"},"ipDeleteTimeout":30000,"instanceHeartBeatInterval":5000,"instanceHeartBeatTimeOut":15000}]
09:46:32.356 [boundedElastic-3] INFO  c.a.n.client.naming - [processServiceInfo,166] - current ips:(1) service: DEFAULT_GROUP@@ruoyi-uavs -> [{"ip":"192.168.0.173","port":9210,"weight":1.0,"healthy":true,"enabled":true,"ephemeral":true,"clusterName":"DEFAULT","serviceName":"DEFAULT_GROUP@@ruoyi-uavs","metadata":{"preserved.register.source":"SPRING_CLOUD"},"ipDeleteTimeout":30000,"instanceHeartBeatInterval":5000,"instanceHeartBeatTimeOut":15000}]
09:46:32.885 [nacos-grpc-client-executor-46] INFO  c.a.n.c.r.client - [printIfInfoEnabled,60] - [ca51e175-8623-4ddb-bea5-982634c329f8]receive server push request,request=NotifySubscriberRequest,requestId=10
09:46:32.886 [nacos-grpc-client-executor-46] INFO  c.a.n.c.r.client - [printIfInfoEnabled,60] - [ca51e175-8623-4ddb-bea5-982634c329f8]ack server push request,request=NotifySubscriberRequest,requestId=10
10:01:08.758 [nacos-grpc-client-executor-294] INFO  c.a.n.c.r.client - [printIfInfoEnabled,60] - [ca51e175-8623-4ddb-bea5-982634c329f8]receive server push request,request=NotifySubscriberRequest,requestId=12
10:01:08.758 [nacos-grpc-client-executor-294] INFO  c.a.n.client.naming - [isChangedServiceInfo,241] - removed ips(1) service: DEFAULT_GROUP@@ruoyi-uavs -> [{"ip":"192.168.0.173","port":9210,"weight":1.0,"healthy":true,"enabled":true,"ephemeral":true,"clusterName":"DEFAULT","serviceName":"DEFAULT_GROUP@@ruoyi-uavs","metadata":{"preserved.register.source":"SPRING_CLOUD"},"ipDeleteTimeout":30000,"instanceHeartBeatInterval":5000,"instanceHeartBeatTimeOut":15000}]
10:01:08.758 [nacos-grpc-client-executor-294] INFO  c.a.n.client.naming - [processServiceInfo,166] - current ips:(0) service: DEFAULT_GROUP@@ruoyi-uavs -> []
10:01:08.759 [nacos-grpc-client-executor-294] INFO  c.a.n.c.r.client - [printIfInfoEnabled,60] - [ca51e175-8623-4ddb-bea5-982634c329f8]ack server push request,request=NotifySubscriberRequest,requestId=12
10:13:02.420 [boundedElastic-4] INFO  c.a.n.client.naming - [isChangedServiceInfo,181] - init new ips(1) service: DEFAULT_GROUP@@ruoyi-uavkeeper -> [{"ip":"192.168.0.173","port":9211,"weight":1.0,"healthy":true,"enabled":true,"ephemeral":true,"clusterName":"DEFAULT","serviceName":"DEFAULT_GROUP@@ruoyi-uavkeeper","metadata":{"preserved.register.source":"SPRING_CLOUD"},"ipDeleteTimeout":30000,"instanceHeartBeatInterval":5000,"instanceHeartBeatTimeOut":15000}]
10:13:02.420 [boundedElastic-4] INFO  c.a.n.client.naming - [processServiceInfo,166] - current ips:(1) service: DEFAULT_GROUP@@ruoyi-uavkeeper -> [{"ip":"192.168.0.173","port":9211,"weight":1.0,"healthy":true,"enabled":true,"ephemeral":true,"clusterName":"DEFAULT","serviceName":"DEFAULT_GROUP@@ruoyi-uavkeeper","metadata":{"preserved.register.source":"SPRING_CLOUD"},"ipDeleteTimeout":30000,"instanceHeartBeatInterval":5000,"instanceHeartBeatTimeOut":15000}]
10:13:03.009 [nacos-grpc-client-executor-490] INFO  c.a.n.c.r.client - [printIfInfoEnabled,60] - [ca51e175-8623-4ddb-bea5-982634c329f8]receive server push request,request=NotifySubscriberRequest,requestId=15
10:13:03.009 [nacos-grpc-client-executor-490] INFO  c.a.n.c.r.client - [printIfInfoEnabled,60] - [ca51e175-8623-4ddb-bea5-982634c329f8]ack server push request,request=NotifySubscriberRequest,requestId=15
10:14:46.515 [nacos-grpc-client-executor-364] INFO  c.a.n.c.r.client - [printIfInfoEnabled,60] - [808cbb0d-507b-4b50-a9c8-371ad8554a5b_config-0]receive server push request,request=ConfigChangeNotifyRequest,requestId=16
10:14:46.516 [nacos-grpc-client-executor-364] INFO  c.a.n.c.c.i.ClientWorker - [lambda$initRpcClientHandler$0,647] - [808cbb0d-507b-4b50-a9c8-371ad8554a5b_config-0] [server-push] config changed. dataId=ruoyi-gateway-dev.yml, group=DEFAULT_GROUP,tenant=null
10:14:46.516 [nacos-grpc-client-executor-364] INFO  c.a.n.c.r.client - [printIfInfoEnabled,60] - [808cbb0d-507b-4b50-a9c8-371ad8554a5b_config-0]ack server push request,request=ConfigChangeNotifyRequest,requestId=16
10:14:46.524 [com.alibaba.nacos.client.Worker] INFO  c.a.n.c.c.i.ClientWorker - [refreshContentAndCheck,493] - [config_rpc_client] [data-received] dataId=ruoyi-gateway-dev.yml, group=DEFAULT_GROUP, tenant=, md5=820b2f43b84f4b1782dc69d5ef7e92b9, content=spring:
  redis:
    host: localhost
    port: 6379
    password: 
  cloud:
    gateway:
      disco..., type=yaml
10:14:46.526 [com.alibaba.nacos.client.Worker] INFO  c.a.n.c.c.i.CacheData - [safeNotifyListener,362] - [config_rpc_client] [notify-listener] time cost=1ms in ClientWorker, dataId=ruoyi-gateway-dev.yml, group=DEFAULT_GROUP, md5=820b2f43b84f4b1782dc69d5ef7e92b9, listener=com.alibaba.cloud.nacos.refresh.NacosContextRefresher$1@2395e772 
10:14:46.526 [nacos.client.cachedata.internal.notifier] INFO  c.a.n.c.c.i.CacheData - [run,297] - [config_rpc_client] [notify-context] dataId=ruoyi-gateway-dev.yml, group=DEFAULT_GROUP, md5=820b2f43b84f4b1782dc69d5ef7e92b9
10:14:47.407 [nacos.client.cachedata.internal.notifier] INFO  c.a.n.c.c.i.CacheData - [run,323] - [config_rpc_client] [notify-ok] dataId=ruoyi-gateway-dev.yml, group=DEFAULT_GROUP, md5=820b2f43b84f4b1782dc69d5ef7e92b9, listener=com.alibaba.cloud.nacos.refresh.NacosContextRefresher$1@2395e772 ,cost=881 millis.
10:17:33.319 [nacos-grpc-client-executor-569] INFO  c.a.n.c.r.client - [printIfInfoEnabled,60] - [ca51e175-8623-4ddb-bea5-982634c329f8]receive server push request,request=NotifySubscriberRequest,requestId=19
10:17:33.319 [nacos-grpc-client-executor-569] INFO  c.a.n.client.naming - [isChangedServiceInfo,241] - removed ips(1) service: DEFAULT_GROUP@@ruoyi-uavkeeper -> [{"ip":"192.168.0.173","port":9211,"weight":1.0,"healthy":true,"enabled":true,"ephemeral":true,"clusterName":"DEFAULT","serviceName":"DEFAULT_GROUP@@ruoyi-uavkeeper","metadata":{"preserved.register.source":"SPRING_CLOUD"},"ipDeleteTimeout":30000,"instanceHeartBeatInterval":5000,"instanceHeartBeatTimeOut":15000}]
10:17:33.320 [nacos-grpc-client-executor-569] INFO  c.a.n.client.naming - [processServiceInfo,166] - current ips:(0) service: DEFAULT_GROUP@@ruoyi-uavkeeper -> []
10:17:33.320 [nacos-grpc-client-executor-569] INFO  c.a.n.c.r.client - [printIfInfoEnabled,60] - [ca51e175-8623-4ddb-bea5-982634c329f8]ack server push request,request=NotifySubscriberRequest,requestId=19
10:17:54.219 [nacos-grpc-client-executor-574] INFO  c.a.n.c.r.client - [printIfInfoEnabled,60] - [ca51e175-8623-4ddb-bea5-982634c329f8]receive server push request,request=NotifySubscriberRequest,requestId=21
10:17:54.219 [nacos-grpc-client-executor-574] INFO  c.a.n.client.naming - [isChangedServiceInfo,235] - new ips(1) service: DEFAULT_GROUP@@ruoyi-uavkeeper -> [{"ip":"192.168.0.173","port":9211,"weight":1.0,"healthy":true,"enabled":true,"ephemeral":true,"clusterName":"DEFAULT","serviceName":"DEFAULT_GROUP@@ruoyi-uavkeeper","metadata":{"preserved.register.source":"SPRING_CLOUD"},"ipDeleteTimeout":30000,"instanceHeartBeatInterval":5000,"instanceHeartBeatTimeOut":15000}]
10:17:54.219 [nacos-grpc-client-executor-574] INFO  c.a.n.client.naming - [processServiceInfo,166] - current ips:(1) service: DEFAULT_GROUP@@ruoyi-uavkeeper -> [{"ip":"192.168.0.173","port":9211,"weight":1.0,"healthy":true,"enabled":true,"ephemeral":true,"clusterName":"DEFAULT","serviceName":"DEFAULT_GROUP@@ruoyi-uavkeeper","metadata":{"preserved.register.source":"SPRING_CLOUD"},"ipDeleteTimeout":30000,"instanceHeartBeatInterval":5000,"instanceHeartBeatTimeOut":15000}]
10:17:54.220 [nacos-grpc-client-executor-574] INFO  c.a.n.c.r.client - [printIfInfoEnabled,60] - [ca51e175-8623-4ddb-bea5-982634c329f8]ack server push request,request=NotifySubscriberRequest,requestId=21
10:18:56.776 [nacos-grpc-client-executor-590] INFO  c.a.n.c.r.client - [printIfInfoEnabled,60] - [ca51e175-8623-4ddb-bea5-982634c329f8]receive server push request,request=NotifySubscriberRequest,requestId=22
10:18:56.777 [nacos-grpc-client-executor-590] INFO  c.a.n.client.naming - [isChangedServiceInfo,241] - removed ips(1) service: DEFAULT_GROUP@@ruoyi-uavkeeper -> [{"ip":"192.168.0.173","port":9211,"weight":1.0,"healthy":true,"enabled":true,"ephemeral":true,"clusterName":"DEFAULT","serviceName":"DEFAULT_GROUP@@ruoyi-uavkeeper","metadata":{"preserved.register.source":"SPRING_CLOUD"},"ipDeleteTimeout":30000,"instanceHeartBeatInterval":5000,"instanceHeartBeatTimeOut":15000}]
10:18:56.777 [nacos-grpc-client-executor-590] INFO  c.a.n.client.naming - [processServiceInfo,166] - current ips:(0) service: DEFAULT_GROUP@@ruoyi-uavkeeper -> []
10:18:56.777 [nacos-grpc-client-executor-590] INFO  c.a.n.c.r.client - [printIfInfoEnabled,60] - [ca51e175-8623-4ddb-bea5-982634c329f8]ack server push request,request=NotifySubscriberRequest,requestId=22
10:19:18.571 [nacos-grpc-client-executor-601] INFO  c.a.n.c.r.client - [printIfInfoEnabled,60] - [ca51e175-8623-4ddb-bea5-982634c329f8]receive server push request,request=NotifySubscriberRequest,requestId=24
10:19:18.571 [nacos-grpc-client-executor-601] INFO  c.a.n.client.naming - [isChangedServiceInfo,235] - new ips(1) service: DEFAULT_GROUP@@ruoyi-uavkeeper -> [{"ip":"192.168.0.173","port":9211,"weight":1.0,"healthy":true,"enabled":true,"ephemeral":true,"clusterName":"DEFAULT","serviceName":"DEFAULT_GROUP@@ruoyi-uavkeeper","metadata":{"preserved.register.source":"SPRING_CLOUD"},"ipDeleteTimeout":30000,"instanceHeartBeatInterval":5000,"instanceHeartBeatTimeOut":15000}]
10:19:18.571 [nacos-grpc-client-executor-601] INFO  c.a.n.client.naming - [processServiceInfo,166] - current ips:(1) service: DEFAULT_GROUP@@ruoyi-uavkeeper -> [{"ip":"192.168.0.173","port":9211,"weight":1.0,"healthy":true,"enabled":true,"ephemeral":true,"clusterName":"DEFAULT","serviceName":"DEFAULT_GROUP@@ruoyi-uavkeeper","metadata":{"preserved.register.source":"SPRING_CLOUD"},"ipDeleteTimeout":30000,"instanceHeartBeatInterval":5000,"instanceHeartBeatTimeOut":15000}]
10:19:18.572 [nacos-grpc-client-executor-601] INFO  c.a.n.c.r.client - [printIfInfoEnabled,60] - [ca51e175-8623-4ddb-bea5-982634c329f8]ack server push request,request=NotifySubscriberRequest,requestId=24
10:20:35.005 [boundedElastic-4] INFO  c.a.n.client.naming - [isChangedServiceInfo,181] - init new ips(0) service: DEFAULT_GROUP@@ruoyi-pilots -> []
10:20:35.007 [boundedElastic-4] INFO  c.a.n.client.naming - [processServiceInfo,166] - current ips:(0) service: DEFAULT_GROUP@@ruoyi-pilots -> []
10:20:35.605 [nacos-grpc-client-executor-625] INFO  c.a.n.c.r.client - [printIfInfoEnabled,60] - [ca51e175-8623-4ddb-bea5-982634c329f8]receive server push request,request=NotifySubscriberRequest,requestId=25
10:20:35.605 [nacos-grpc-client-executor-625] INFO  c.a.n.c.r.client - [printIfInfoEnabled,60] - [ca51e175-8623-4ddb-bea5-982634c329f8]ack server push request,request=NotifySubscriberRequest,requestId=25
10:21:16.769 [nacos-grpc-client-executor-447] INFO  c.a.n.c.r.client - [printIfInfoEnabled,60] - [808cbb0d-507b-4b50-a9c8-371ad8554a5b_config-0]receive server push request,request=ConfigChangeNotifyRequest,requestId=26
10:21:16.769 [nacos-grpc-client-executor-447] INFO  c.a.n.c.c.i.ClientWorker - [lambda$initRpcClientHandler$0,647] - [808cbb0d-507b-4b50-a9c8-371ad8554a5b_config-0] [server-push] config changed. dataId=ruoyi-gateway-dev.yml, group=DEFAULT_GROUP,tenant=null
10:21:16.769 [nacos-grpc-client-executor-447] INFO  c.a.n.c.r.client - [printIfInfoEnabled,60] - [808cbb0d-507b-4b50-a9c8-371ad8554a5b_config-0]ack server push request,request=ConfigChangeNotifyRequest,requestId=26
10:21:16.777 [com.alibaba.nacos.client.Worker] INFO  c.a.n.c.c.i.ClientWorker - [refreshContentAndCheck,493] - [config_rpc_client] [data-received] dataId=ruoyi-gateway-dev.yml, group=DEFAULT_GROUP, tenant=, md5=dcadca77259134d76cfbc78351742ca6, content=spring:
  redis:
    host: localhost
    port: 6379
    password: 
  cloud:
    gateway:
      disco..., type=yaml
10:21:16.777 [com.alibaba.nacos.client.Worker] INFO  c.a.n.c.c.i.CacheData - [safeNotifyListener,362] - [config_rpc_client] [notify-listener] time cost=0ms in ClientWorker, dataId=ruoyi-gateway-dev.yml, group=DEFAULT_GROUP, md5=dcadca77259134d76cfbc78351742ca6, listener=com.alibaba.cloud.nacos.refresh.NacosContextRefresher$1@2395e772 
10:21:16.777 [nacos.client.cachedata.internal.notifier] INFO  c.a.n.c.c.i.CacheData - [run,297] - [config_rpc_client] [notify-context] dataId=ruoyi-gateway-dev.yml, group=DEFAULT_GROUP, md5=dcadca77259134d76cfbc78351742ca6
10:21:17.638 [nacos.client.cachedata.internal.notifier] INFO  c.a.n.c.c.i.CacheData - [run,323] - [config_rpc_client] [notify-ok] dataId=ruoyi-gateway-dev.yml, group=DEFAULT_GROUP, md5=dcadca77259134d76cfbc78351742ca6, listener=com.alibaba.cloud.nacos.refresh.NacosContextRefresher$1@2395e772 ,cost=861 millis.
10:38:40.648 [nacos-grpc-client-executor-940] INFO  c.a.n.c.r.client - [printIfInfoEnabled,60] - [ca51e175-8623-4ddb-bea5-982634c329f8]receive server push request,request=NotifySubscriberRequest,requestId=28
10:38:40.648 [nacos-grpc-client-executor-940] INFO  c.a.n.client.naming - [isChangedServiceInfo,235] - new ips(1) service: DEFAULT_GROUP@@ruoyi-uavs -> [{"ip":"192.168.0.173","port":9210,"weight":1.0,"healthy":true,"enabled":true,"ephemeral":true,"clusterName":"DEFAULT","serviceName":"DEFAULT_GROUP@@ruoyi-uavs","metadata":{"preserved.register.source":"SPRING_CLOUD"},"ipDeleteTimeout":30000,"instanceHeartBeatInterval":5000,"instanceHeartBeatTimeOut":15000}]
10:38:40.648 [nacos-grpc-client-executor-940] INFO  c.a.n.client.naming - [processServiceInfo,166] - current ips:(1) service: DEFAULT_GROUP@@ruoyi-uavs -> [{"ip":"192.168.0.173","port":9210,"weight":1.0,"healthy":true,"enabled":true,"ephemeral":true,"clusterName":"DEFAULT","serviceName":"DEFAULT_GROUP@@ruoyi-uavs","metadata":{"preserved.register.source":"SPRING_CLOUD"},"ipDeleteTimeout":30000,"instanceHeartBeatInterval":5000,"instanceHeartBeatTimeOut":15000}]
10:38:40.649 [nacos-grpc-client-executor-940] INFO  c.a.n.c.r.client - [printIfInfoEnabled,60] - [ca51e175-8623-4ddb-bea5-982634c329f8]ack server push request,request=NotifySubscriberRequest,requestId=28
10:49:20.520 [SpringApplicationShutdownHook] INFO  c.a.c.n.r.NacosServiceRegistry - [deregister,90] - De-registering from Nacos Server now...
10:49:20.520 [SpringApplicationShutdownHook] INFO  c.a.n.client.naming - [deregisterService,136] - [DEREGISTER-SERVICE] public deregistering service ruoyi-gateway with instance: Instance{instanceId='null', ip='192.168.0.173', port=8080, weight=1.0, healthy=true, enabled=true, ephemeral=true, clusterName='DEFAULT', serviceName='null', metadata={}}
10:49:20.522 [SpringApplicationShutdownHook] INFO  c.a.c.n.r.NacosServiceRegistry - [deregister,110] - De-registration finished.
10:49:20.523 [SpringApplicationShutdownHook] INFO  c.a.n.client.naming - [shutdown,256] - com.alibaba.nacos.client.naming.cache.ServiceInfoHolder do shutdown begin
10:49:20.523 [SpringApplicationShutdownHook] INFO  c.a.n.client.naming - [shutdown,140] - com.alibaba.nacos.client.naming.backups.FailoverReactor do shutdown begin
10:49:20.523 [SpringApplicationShutdownHook] INFO  c.a.n.client.naming - [shutdown,142] - com.alibaba.nacos.client.naming.backups.FailoverReactor do shutdown stop
10:49:20.523 [SpringApplicationShutdownHook] INFO  c.a.n.client.naming - [shutdown,258] - com.alibaba.nacos.client.naming.cache.ServiceInfoHolder do shutdown stop
10:49:20.523 [SpringApplicationShutdownHook] INFO  c.a.n.client.naming - [shutdown,176] - com.alibaba.nacos.client.naming.remote.NamingClientProxyDelegate do shutdown begin
10:49:20.523 [SpringApplicationShutdownHook] INFO  c.a.n.client.naming - [shutdown,130] - com.alibaba.nacos.client.naming.core.ServiceInfoUpdateService do shutdown begin
10:49:20.826 [SpringApplicationShutdownHook] INFO  c.a.n.client.naming - [shutdown,132] - com.alibaba.nacos.client.naming.core.ServiceInfoUpdateService do shutdown stop
10:49:20.826 [SpringApplicationShutdownHook] INFO  c.a.n.client.naming - [shutdown,188] - com.alibaba.nacos.client.naming.core.ServerListManager do shutdown begin
10:49:20.827 [SpringApplicationShutdownHook] INFO  c.a.n.client.naming - [shutdown,193] - com.alibaba.nacos.client.naming.core.ServerListManager do shutdown stop
10:49:20.827 [SpringApplicationShutdownHook] INFO  c.a.n.client.naming - [shutdown,519] - com.alibaba.nacos.client.naming.remote.http.NamingHttpClientProxy do shutdown begin
10:49:20.827 [SpringApplicationShutdownHook] INFO  c.a.n.client.naming - [shutdown,162] - com.alibaba.nacos.client.naming.beat.BeatReactor do shutdown begin
10:49:20.827 [SpringApplicationShutdownHook] INFO  c.a.n.client.naming - [shutdown,164] - com.alibaba.nacos.client.naming.beat.BeatReactor do shutdown stop
10:49:20.827 [SpringApplicationShutdownHook] INFO  c.a.n.c.i.CredentialWatcher - [stop,105] - [null] CredentialWatcher is stopped
10:49:20.827 [SpringApplicationShutdownHook] INFO  c.a.n.c.i.CredentialService - [free,99] - [null] CredentialService is freed
10:49:20.828 [SpringApplicationShutdownHook] INFO  c.a.n.client.naming - [shutdown,523] - com.alibaba.nacos.client.naming.remote.http.NamingHttpClientProxy do shutdown stop
10:49:20.828 [SpringApplicationShutdownHook] INFO  c.a.n.c.r.client - [shutdown,461] - Shutdown rpc client ,set status to shutdown
10:49:20.828 [SpringApplicationShutdownHook] INFO  c.a.n.c.r.client - [shutdown,463] - Shutdown  client event executor java.util.concurrent.ScheduledThreadPoolExecutor@2a9f903c[Running, pool size = 2, active threads = 2, queued tasks = 0, completed tasks = 0]
10:49:20.828 [SpringApplicationShutdownHook] INFO  c.a.n.c.r.client - [shutdown,465] - Close current connection 1633657561167_127.0.0.1_54755
10:49:20.829 [nacos-grpc-client-executor-1123] INFO  c.a.n.c.r.c.g.GrpcClient - [printIfInfoEnabled,60] - [1633657561167_127.0.0.1_54755]Ignore complete event,isRunning:false,isAbandon=false
10:49:20.833 [SpringApplicationShutdownHook] INFO  c.a.n.c.r.c.g.GrpcClient - [shutdown,83] - Shutdown grpc executor java.util.concurrent.ThreadPoolExecutor@78efbf7b[Running, pool size = 4, active threads = 0, queued tasks = 0, completed tasks = 1124]
10:49:20.833 [SpringApplicationShutdownHook] INFO  c.a.n.client.naming - [shutdown,251] - Shutdown grpc redo service executor java.util.concurrent.ScheduledThreadPoolExecutor@35542312[Running, pool size = 1, active threads = 0, queued tasks = 1, completed tasks = 1265]
10:49:20.833 [SpringApplicationShutdownHook] INFO  c.a.n.client.naming - [shutdown,182] - com.alibaba.nacos.client.naming.remote.NamingClientProxyDelegate do shutdown stop
10:52:42.222 [background-preinit] INFO  o.h.v.i.util.Version - [<clinit>,21] - HV000001: Hibernate Validator 6.2.0.Final
10:52:43.563 [main] INFO  c.a.n.c.c.i.LocalConfigInfoProcessor - [<clinit>,67] - LOCAL_SNAPSHOT_PATH:C:\Users\Administrator\nacos\config
10:52:43.565 [main] INFO  c.a.n.c.r.client - [lambda$createClient$0,77] - [RpcClientFactory] create a new rpc client of 2a1bc1f3-2fe6-4c2f-aa7e-1f61460ce7cd_config-0
10:52:43.609 [main] INFO  o.r.Reflections - [scan,232] - Reflections took 28 ms to scan 1 urls, producing 3 keys and 6 values 
10:52:43.637 [main] INFO  o.r.Reflections - [scan,232] - Reflections took 13 ms to scan 1 urls, producing 4 keys and 9 values 
10:52:43.649 [main] INFO  o.r.Reflections - [scan,232] - Reflections took 10 ms to scan 1 urls, producing 3 keys and 10 values 
10:52:43.662 [main] INFO  o.r.Reflections - [scan,232] - Reflections took 9 ms to scan 1 urls, producing 1 keys and 5 values 
10:52:43.672 [main] INFO  o.r.Reflections - [scan,232] - Reflections took 9 ms to scan 1 urls, producing 1 keys and 7 values 
10:52:43.685 [main] INFO  o.r.Reflections - [scan,232] - Reflections took 11 ms to scan 1 urls, producing 2 keys and 8 values 
10:52:43.688 [main] INFO  c.a.n.c.r.client - [printIfInfoEnabled,60] - [2a1bc1f3-2fe6-4c2f-aa7e-1f61460ce7cd_config-0]RpcClient init label, labels={module=config, Vipserver-Tag=null, source=sdk, Amory-Tag=null, Location-Tag=null, taskId=0, AppName=unknown}
10:52:43.689 [main] INFO  c.a.n.c.r.client - [printIfInfoEnabled,60] - [2a1bc1f3-2fe6-4c2f-aa7e-1f61460ce7cd_config-0]Register server push request handler:com.alibaba.nacos.client.config.impl.ClientWorker$ConfigRpcTransportClient$$Lambda$446/0x0000000800406840
10:52:43.689 [main] INFO  c.a.n.c.r.client - [printIfInfoEnabled,60] - [2a1bc1f3-2fe6-4c2f-aa7e-1f61460ce7cd_config-0]Register server push request handler:com.alibaba.nacos.client.config.impl.ClientWorker$ConfigRpcTransportClient$$Lambda$447/0x0000000800406c40
10:52:43.689 [main] INFO  c.a.n.c.r.client - [printIfInfoEnabled,60] - [2a1bc1f3-2fe6-4c2f-aa7e-1f61460ce7cd_config-0]Registry connection listener to current client:com.alibaba.nacos.client.config.impl.ClientWorker$ConfigRpcTransportClient$1
10:52:43.690 [main] INFO  c.a.n.c.r.client - [printIfInfoEnabled,60] - [2a1bc1f3-2fe6-4c2f-aa7e-1f61460ce7cd_config-0]RpcClient init, ServerListFactory =com.alibaba.nacos.client.config.impl.ClientWorker$ConfigRpcTransportClient$2
10:52:43.697 [main] INFO  c.a.n.c.r.client - [printIfInfoEnabled,60] - [2a1bc1f3-2fe6-4c2f-aa7e-1f61460ce7cd_config-0] Try to connect to server on start up, server: {serverIp='127.0.0.1', server main port=8848}
10:52:47.665 [main] INFO  c.a.n.c.r.client - [printIfInfoEnabled,60] - [2a1bc1f3-2fe6-4c2f-aa7e-1f61460ce7cd_config-0] Success to connect to server [127.0.0.1:8848] on start up,connectionId=1633661567453_127.0.0.1_58959
10:52:47.665 [com.alibaba.nacos.client.remote.worker] INFO  c.a.n.c.r.client - [printIfInfoEnabled,60] - [2a1bc1f3-2fe6-4c2f-aa7e-1f61460ce7cd_config-0]Notify connected event to listeners.
10:52:47.666 [main] INFO  c.a.n.c.r.client - [printIfInfoEnabled,60] - [2a1bc1f3-2fe6-4c2f-aa7e-1f61460ce7cd_config-0]Register server push request handler:com.alibaba.nacos.common.remote.client.RpcClient$ConnectResetRequestHandler
10:52:47.666 [com.alibaba.nacos.client.remote.worker] INFO  c.a.n.c.c.i.ClientWorker - [onConnected,681] - [2a1bc1f3-2fe6-4c2f-aa7e-1f61460ce7cd_config-0] Connected,notify listen context...
10:52:47.667 [main] INFO  c.a.n.c.r.client - [printIfInfoEnabled,60] - [2a1bc1f3-2fe6-4c2f-aa7e-1f61460ce7cd_config-0]Register server push request handler:com.alibaba.nacos.common.remote.client.RpcClient$4
10:52:47.708 [main] INFO  c.a.n.c.c.i.Limiter - [<clinit>,56] - limitTime:5.0
10:52:47.725 [main] INFO  c.a.n.c.c.u.JvmUtil - [<clinit>,53] - isMultiInstance:false
10:52:47.766 [main] INFO  c.r.g.RuoYiGatewayApplication - [logStartupProfileInfo,663] - The following profiles are active: dev
10:52:58.236 [main] INFO  c.a.c.s.g.s.SentinelSCGAutoConfiguration - [sentinelGatewayFilter,144] - [Sentinel SpringCloudGateway] register SentinelGatewayFilter with order: -2147483648
10:52:58.422 [main] INFO  c.a.n.client.naming - [initNamespaceForNaming,63] - initializer namespace from System Property : null
10:52:58.422 [main] INFO  c.a.n.client.naming - [call,69] - initializer namespace from System Environment :null
10:52:58.423 [main] INFO  c.a.n.client.naming - [call,79] - initializer namespace from System Property :null
10:52:58.438 [main] INFO  c.a.n.c.r.client - [lambda$createClient$0,77] - [RpcClientFactory] create a new rpc client of 2ae5d01c-c21b-4f50-847b-0c179ae79e5e
10:52:58.438 [main] INFO  c.a.n.c.r.client - [printIfInfoEnabled,60] - [2ae5d01c-c21b-4f50-847b-0c179ae79e5e]RpcClient init label, labels={module=naming, source=sdk}
10:52:58.440 [main] INFO  c.a.n.c.r.client - [printIfInfoEnabled,60] - [2ae5d01c-c21b-4f50-847b-0c179ae79e5e]RpcClient init, ServerListFactory =com.alibaba.nacos.client.naming.core.ServerListManager
10:52:58.441 [main] INFO  c.a.n.c.r.client - [printIfInfoEnabled,60] - [2ae5d01c-c21b-4f50-847b-0c179ae79e5e]Registry connection listener to current client:com.alibaba.nacos.client.naming.remote.gprc.redo.NamingGrpcRedoService
10:52:58.441 [main] INFO  c.a.n.c.r.client - [printIfInfoEnabled,60] - [2ae5d01c-c21b-4f50-847b-0c179ae79e5e]Register server push request handler:com.alibaba.nacos.client.naming.remote.gprc.NamingPushRequestHandler
10:52:58.442 [main] INFO  c.a.n.c.r.client - [printIfInfoEnabled,60] - [2ae5d01c-c21b-4f50-847b-0c179ae79e5e] Try to connect to server on start up, server: {serverIp='127.0.0.1', server main port=8848}
10:52:58.572 [main] INFO  c.a.n.c.r.client - [printIfInfoEnabled,60] - [2ae5d01c-c21b-4f50-847b-0c179ae79e5e] Success to connect to server [127.0.0.1:8848] on start up,connectionId=1633661578456_127.0.0.1_59136
10:52:58.572 [com.alibaba.nacos.client.remote.worker] INFO  c.a.n.c.r.client - [printIfInfoEnabled,60] - [2ae5d01c-c21b-4f50-847b-0c179ae79e5e]Notify connected event to listeners.
10:52:58.572 [main] INFO  c.a.n.c.r.client - [printIfInfoEnabled,60] - [2ae5d01c-c21b-4f50-847b-0c179ae79e5e]Register server push request handler:com.alibaba.nacos.common.remote.client.RpcClient$ConnectResetRequestHandler
10:52:58.572 [com.alibaba.nacos.client.remote.worker] INFO  c.a.n.client.naming - [onConnected,76] - Grpc connection connect
10:52:58.572 [main] INFO  c.a.n.c.r.client - [printIfInfoEnabled,60] - [2ae5d01c-c21b-4f50-847b-0c179ae79e5e]Register server push request handler:com.alibaba.nacos.common.remote.client.RpcClient$4
10:52:58.800 [main] INFO  c.a.c.s.g.s.SentinelSCGAutoConfiguration - [sentinelGatewayBlockExceptionHandler,134] - [Sentinel SpringCloudGateway] register SentinelGatewayBlockExceptionHandler
10:52:59.137 [main] INFO  c.a.n.c.c.i.ClientWorker - [addCacheDataIfAbsent,384] - [config_rpc_client] [subscribe] sentinel-ruoyi-gateway+DEFAULT_GROUP
10:52:59.144 [main] INFO  c.a.n.c.c.i.CacheData - [addListener,173] - [config_rpc_client] [add-listener] ok, tenant=, dataId=sentinel-ruoyi-gateway, group=DEFAULT_GROUP, cnt=1
10:52:59.145 [main] INFO  c.a.n.c.r.client - [lambda$createClient$0,77] - [RpcClientFactory] create a new rpc client of 885f1d0a-1883-40af-8fe5-8d7058b7a785_config-0
10:52:59.145 [main] INFO  c.a.n.c.r.client - [printIfInfoEnabled,60] - [885f1d0a-1883-40af-8fe5-8d7058b7a785_config-0]RpcClient init label, labels={module=config, Vipserver-Tag=null, source=sdk, Amory-Tag=null, Location-Tag=null, taskId=0, AppName=unknown}
10:52:59.145 [main] INFO  c.a.n.c.r.client - [printIfInfoEnabled,60] - [885f1d0a-1883-40af-8fe5-8d7058b7a785_config-0]Register server push request handler:com.alibaba.nacos.client.config.impl.ClientWorker$ConfigRpcTransportClient$$Lambda$446/0x0000000800406840
10:52:59.145 [main] INFO  c.a.n.c.r.client - [printIfInfoEnabled,60] - [885f1d0a-1883-40af-8fe5-8d7058b7a785_config-0]Register server push request handler:com.alibaba.nacos.client.config.impl.ClientWorker$ConfigRpcTransportClient$$Lambda$447/0x0000000800406c40
10:52:59.145 [main] INFO  c.a.n.c.r.client - [printIfInfoEnabled,60] - [885f1d0a-1883-40af-8fe5-8d7058b7a785_config-0]Registry connection listener to current client:com.alibaba.nacos.client.config.impl.ClientWorker$ConfigRpcTransportClient$1
10:52:59.146 [main] INFO  c.a.n.c.r.client - [printIfInfoEnabled,60] - [885f1d0a-1883-40af-8fe5-8d7058b7a785_config-0]RpcClient init, ServerListFactory =com.alibaba.nacos.client.config.impl.ClientWorker$ConfigRpcTransportClient$2
10:52:59.146 [main] INFO  c.a.n.c.r.client - [printIfInfoEnabled,60] - [885f1d0a-1883-40af-8fe5-8d7058b7a785_config-0] Try to connect to server on start up, server: {serverIp='127.0.0.1', server main port=8848}
10:52:59.270 [main] INFO  c.a.n.c.r.client - [printIfInfoEnabled,60] - [885f1d0a-1883-40af-8fe5-8d7058b7a785_config-0] Success to connect to server [127.0.0.1:8848] on start up,connectionId=1633661579158_127.0.0.1_59139
10:52:59.270 [main] INFO  c.a.n.c.r.client - [printIfInfoEnabled,60] - [885f1d0a-1883-40af-8fe5-8d7058b7a785_config-0]Register server push request handler:com.alibaba.nacos.common.remote.client.RpcClient$ConnectResetRequestHandler
10:52:59.270 [com.alibaba.nacos.client.remote.worker] INFO  c.a.n.c.r.client - [printIfInfoEnabled,60] - [885f1d0a-1883-40af-8fe5-8d7058b7a785_config-0]Notify connected event to listeners.
10:52:59.270 [main] INFO  c.a.n.c.r.client - [printIfInfoEnabled,60] - [885f1d0a-1883-40af-8fe5-8d7058b7a785_config-0]Register server push request handler:com.alibaba.nacos.common.remote.client.RpcClient$4
10:52:59.270 [com.alibaba.nacos.client.remote.worker] INFO  c.a.n.c.c.i.ClientWorker - [onConnected,681] - [885f1d0a-1883-40af-8fe5-8d7058b7a785_config-0] Connected,notify listen context...
10:52:59.352 [main] INFO  c.a.n.client.naming - [isChangedServiceInfo,181] - init new ips(0) service: DEFAULT_GROUP@@ruoyi-gateway@@DEFAULT -> []
10:52:59.353 [main] INFO  c.a.n.client.naming - [processServiceInfo,166] - current ips:(0) service: DEFAULT_GROUP@@ruoyi-gateway@@DEFAULT -> []
10:52:59.428 [boundedElastic-6] INFO  c.a.n.client.naming - [isChangedServiceInfo,181] - init new ips(1) service: DEFAULT_GROUP@@ruoyi-auth -> [{"ip":"192.168.0.173","port":9200,"weight":1.0,"healthy":true,"enabled":true,"ephemeral":true,"clusterName":"DEFAULT","serviceName":"DEFAULT_GROUP@@ruoyi-auth","metadata":{"preserved.register.source":"SPRING_CLOUD"},"ipDeleteTimeout":30000,"instanceHeartBeatInterval":5000,"instanceHeartBeatTimeOut":15000}]
10:52:59.428 [boundedElastic-3] INFO  c.a.n.client.naming - [isChangedServiceInfo,181] - init new ips(1) service: DEFAULT_GROUP@@ruoyi-file -> [{"ip":"192.168.0.173","port":9300,"weight":1.0,"healthy":true,"enabled":true,"ephemeral":true,"clusterName":"DEFAULT","serviceName":"DEFAULT_GROUP@@ruoyi-file","metadata":{"preserved.register.source":"SPRING_CLOUD"},"ipDeleteTimeout":30000,"instanceHeartBeatInterval":5000,"instanceHeartBeatTimeOut":15000}]
10:52:59.428 [boundedElastic-6] INFO  c.a.n.client.naming - [processServiceInfo,166] - current ips:(1) service: DEFAULT_GROUP@@ruoyi-auth -> [{"ip":"192.168.0.173","port":9200,"weight":1.0,"healthy":true,"enabled":true,"ephemeral":true,"clusterName":"DEFAULT","serviceName":"DEFAULT_GROUP@@ruoyi-auth","metadata":{"preserved.register.source":"SPRING_CLOUD"},"ipDeleteTimeout":30000,"instanceHeartBeatInterval":5000,"instanceHeartBeatTimeOut":15000}]
10:52:59.429 [boundedElastic-3] INFO  c.a.n.client.naming - [processServiceInfo,166] - current ips:(1) service: DEFAULT_GROUP@@ruoyi-file -> [{"ip":"192.168.0.173","port":9300,"weight":1.0,"healthy":true,"enabled":true,"ephemeral":true,"clusterName":"DEFAULT","serviceName":"DEFAULT_GROUP@@ruoyi-file","metadata":{"preserved.register.source":"SPRING_CLOUD"},"ipDeleteTimeout":30000,"instanceHeartBeatInterval":5000,"instanceHeartBeatTimeOut":15000}]
10:52:59.881 [nacos-grpc-client-executor-17] INFO  c.a.n.c.r.client - [printIfInfoEnabled,60] - [2ae5d01c-c21b-4f50-847b-0c179ae79e5e]receive server push request,request=NotifySubscriberRequest,requestId=33
10:52:59.881 [nacos-grpc-client-executor-17] INFO  c.a.n.client.naming - [isChangedServiceInfo,181] - init new ips(0) service: DEFAULT_GROUP@@ruoyi-gateway -> []
10:52:59.881 [nacos-grpc-client-executor-17] INFO  c.a.n.client.naming - [processServiceInfo,166] - current ips:(0) service: DEFAULT_GROUP@@ruoyi-gateway -> []
10:52:59.883 [nacos-grpc-client-executor-17] INFO  c.a.n.c.r.client - [printIfInfoEnabled,60] - [2ae5d01c-c21b-4f50-847b-0c179ae79e5e]ack server push request,request=NotifySubscriberRequest,requestId=33
10:52:59.975 [nacos-grpc-client-executor-18] INFO  c.a.n.c.r.client - [printIfInfoEnabled,60] - [2ae5d01c-c21b-4f50-847b-0c179ae79e5e]receive server push request,request=NotifySubscriberRequest,requestId=35
10:52:59.975 [nacos-grpc-client-executor-18] INFO  c.a.n.c.r.client - [printIfInfoEnabled,60] - [2ae5d01c-c21b-4f50-847b-0c179ae79e5e]ack server push request,request=NotifySubscriberRequest,requestId=35
10:52:59.985 [nacos-grpc-client-executor-19] INFO  c.a.n.c.r.client - [printIfInfoEnabled,60] - [2ae5d01c-c21b-4f50-847b-0c179ae79e5e]receive server push request,request=NotifySubscriberRequest,requestId=34
10:52:59.985 [nacos-grpc-client-executor-19] INFO  c.a.n.c.r.client - [printIfInfoEnabled,60] - [2ae5d01c-c21b-4f50-847b-0c179ae79e5e]ack server push request,request=NotifySubscriberRequest,requestId=34
10:53:02.110 [main] INFO  c.a.n.client.naming - [registerService,112] - [REGISTER-SERVICE] public registering service ruoyi-gateway with instance Instance{instanceId='null', ip='192.168.0.173', port=8080, weight=1.0, healthy=true, enabled=true, ephemeral=true, clusterName='DEFAULT', serviceName='null', metadata={preserved.register.source=SPRING_CLOUD}}
10:53:02.116 [main] INFO  c.a.c.n.r.NacosServiceRegistry - [register,75] - nacos registry, DEFAULT_GROUP ruoyi-gateway 192.168.0.173:8080 register finished
10:53:02.150 [main] INFO  c.r.g.RuoYiGatewayApplication - [logStarted,61] - Started RuoYiGatewayApplication in 21.439 seconds (JVM running for 23.112)
10:53:02.153 [main] INFO  c.a.n.c.c.i.ClientWorker - [addCacheDataIfAbsent,384] - [config_rpc_client] [subscribe] ruoyi-gateway+DEFAULT_GROUP
10:53:02.153 [main] INFO  c.a.n.c.c.i.CacheData - [addListener,173] - [config_rpc_client] [add-listener] ok, tenant=, dataId=ruoyi-gateway, group=DEFAULT_GROUP, cnt=1
10:53:02.153 [main] INFO  c.a.n.c.c.i.ClientWorker - [addCacheDataIfAbsent,384] - [config_rpc_client] [subscribe] ruoyi-gateway.yml+DEFAULT_GROUP
10:53:02.154 [main] INFO  c.a.n.c.c.i.CacheData - [addListener,173] - [config_rpc_client] [add-listener] ok, tenant=, dataId=ruoyi-gateway.yml, group=DEFAULT_GROUP, cnt=1
10:53:02.155 [main] INFO  c.a.n.c.c.i.ClientWorker - [addCacheDataIfAbsent,384] - [config_rpc_client] [subscribe] ruoyi-gateway-dev.yml+DEFAULT_GROUP
10:53:02.155 [main] INFO  c.a.n.c.c.i.CacheData - [addListener,173] - [config_rpc_client] [add-listener] ok, tenant=, dataId=ruoyi-gateway-dev.yml, group=DEFAULT_GROUP, cnt=1
10:53:02.359 [com.alibaba.nacos.client.naming.updater.0] INFO  c.a.n.client.naming - [isChangedServiceInfo,235] - new ips(1) service: DEFAULT_GROUP@@ruoyi-gateway@@DEFAULT -> [{"ip":"192.168.0.173","port":8080,"weight":1.0,"healthy":true,"enabled":true,"ephemeral":true,"clusterName":"DEFAULT","serviceName":"DEFAULT_GROUP@@ruoyi-gateway","metadata":{"preserved.register.source":"SPRING_CLOUD"},"ipDeleteTimeout":30000,"instanceHeartBeatInterval":5000,"instanceHeartBeatTimeOut":15000}]
10:53:02.361 [com.alibaba.nacos.client.naming.updater.0] INFO  c.a.n.client.naming - [processServiceInfo,166] - current ips:(1) service: DEFAULT_GROUP@@ruoyi-gateway@@DEFAULT -> [{"ip":"192.168.0.173","port":8080,"weight":1.0,"healthy":true,"enabled":true,"ephemeral":true,"clusterName":"DEFAULT","serviceName":"DEFAULT_GROUP@@ruoyi-gateway","metadata":{"preserved.register.source":"SPRING_CLOUD"},"ipDeleteTimeout":30000,"instanceHeartBeatInterval":5000,"instanceHeartBeatTimeOut":15000}]
10:53:02.619 [nacos-grpc-client-executor-29] INFO  c.a.n.c.r.client - [printIfInfoEnabled,60] - [2ae5d01c-c21b-4f50-847b-0c179ae79e5e]receive server push request,request=NotifySubscriberRequest,requestId=36
10:53:02.620 [nacos-grpc-client-executor-29] INFO  c.a.n.client.naming - [isChangedServiceInfo,235] - new ips(1) service: DEFAULT_GROUP@@ruoyi-gateway -> [{"ip":"192.168.0.173","port":8080,"weight":1.0,"healthy":true,"enabled":true,"ephemeral":true,"clusterName":"DEFAULT","serviceName":"DEFAULT_GROUP@@ruoyi-gateway","metadata":{"preserved.register.source":"SPRING_CLOUD"},"ipDeleteTimeout":30000,"instanceHeartBeatInterval":5000,"instanceHeartBeatTimeOut":15000}]
10:53:02.620 [nacos-grpc-client-executor-29] INFO  c.a.n.client.naming - [processServiceInfo,166] - current ips:(1) service: DEFAULT_GROUP@@ruoyi-gateway -> [{"ip":"192.168.0.173","port":8080,"weight":1.0,"healthy":true,"enabled":true,"ephemeral":true,"clusterName":"DEFAULT","serviceName":"DEFAULT_GROUP@@ruoyi-gateway","metadata":{"preserved.register.source":"SPRING_CLOUD"},"ipDeleteTimeout":30000,"instanceHeartBeatInterval":5000,"instanceHeartBeatTimeOut":15000}]
10:53:02.621 [nacos-grpc-client-executor-29] INFO  c.a.n.c.r.client - [printIfInfoEnabled,60] - [2ae5d01c-c21b-4f50-847b-0c179ae79e5e]ack server push request,request=NotifySubscriberRequest,requestId=36
10:53:18.895 [boundedElastic-2] INFO  c.a.n.client.naming - [isChangedServiceInfo,181] - init new ips(1) service: DEFAULT_GROUP@@ruoyi-gen -> [{"ip":"192.168.0.173","port":9202,"weight":1.0,"healthy":true,"enabled":true,"ephemeral":true,"clusterName":"DEFAULT","serviceName":"DEFAULT_GROUP@@ruoyi-gen","metadata":{"preserved.register.source":"SPRING_CLOUD"},"ipDeleteTimeout":30000,"instanceHeartBeatInterval":5000,"instanceHeartBeatTimeOut":15000}]
10:53:18.896 [boundedElastic-2] INFO  c.a.n.client.naming - [processServiceInfo,166] - current ips:(1) service: DEFAULT_GROUP@@ruoyi-gen -> [{"ip":"192.168.0.173","port":9202,"weight":1.0,"healthy":true,"enabled":true,"ephemeral":true,"clusterName":"DEFAULT","serviceName":"DEFAULT_GROUP@@ruoyi-gen","metadata":{"preserved.register.source":"SPRING_CLOUD"},"ipDeleteTimeout":30000,"instanceHeartBeatInterval":5000,"instanceHeartBeatTimeOut":15000}]
10:53:18.896 [boundedElastic-3] INFO  c.a.n.client.naming - [isChangedServiceInfo,181] - init new ips(1) service: DEFAULT_GROUP@@ruoyi-uavs -> [{"ip":"192.168.0.173","port":9210,"weight":1.0,"healthy":true,"enabled":true,"ephemeral":true,"clusterName":"DEFAULT","serviceName":"DEFAULT_GROUP@@ruoyi-uavs","metadata":{"preserved.register.source":"SPRING_CLOUD"},"ipDeleteTimeout":30000,"instanceHeartBeatInterval":5000,"instanceHeartBeatTimeOut":15000}]
10:53:18.897 [boundedElastic-3] INFO  c.a.n.client.naming - [processServiceInfo,166] - current ips:(1) service: DEFAULT_GROUP@@ruoyi-uavs -> [{"ip":"192.168.0.173","port":9210,"weight":1.0,"healthy":true,"enabled":true,"ephemeral":true,"clusterName":"DEFAULT","serviceName":"DEFAULT_GROUP@@ruoyi-uavs","metadata":{"preserved.register.source":"SPRING_CLOUD"},"ipDeleteTimeout":30000,"instanceHeartBeatInterval":5000,"instanceHeartBeatTimeOut":15000}]
10:53:18.909 [boundedElastic-3] INFO  c.a.n.client.naming - [isChangedServiceInfo,181] - init new ips(0) service: DEFAULT_GROUP@@ruoyi-system -> []
10:53:18.911 [boundedElastic-3] INFO  c.a.n.client.naming - [processServiceInfo,166] - current ips:(0) service: DEFAULT_GROUP@@ruoyi-system -> []
10:53:19.467 [nacos-grpc-client-executor-41] INFO  c.a.n.c.r.client - [printIfInfoEnabled,60] - [2ae5d01c-c21b-4f50-847b-0c179ae79e5e]receive server push request,request=NotifySubscriberRequest,requestId=39
10:53:19.468 [nacos-grpc-client-executor-41] INFO  c.a.n.c.r.client - [printIfInfoEnabled,60] - [2ae5d01c-c21b-4f50-847b-0c179ae79e5e]ack server push request,request=NotifySubscriberRequest,requestId=39
10:53:19.471 [nacos-grpc-client-executor-42] INFO  c.a.n.c.r.client - [printIfInfoEnabled,60] - [2ae5d01c-c21b-4f50-847b-0c179ae79e5e]receive server push request,request=NotifySubscriberRequest,requestId=40
10:53:19.472 [nacos-grpc-client-executor-42] INFO  c.a.n.c.r.client - [printIfInfoEnabled,60] - [2ae5d01c-c21b-4f50-847b-0c179ae79e5e]ack server push request,request=NotifySubscriberRequest,requestId=40
10:53:19.474 [nacos-grpc-client-executor-43] INFO  c.a.n.c.r.client - [printIfInfoEnabled,60] - [2ae5d01c-c21b-4f50-847b-0c179ae79e5e]receive server push request,request=NotifySubscriberRequest,requestId=41
10:53:19.475 [nacos-grpc-client-executor-43] INFO  c.a.n.c.r.client - [printIfInfoEnabled,60] - [2ae5d01c-c21b-4f50-847b-0c179ae79e5e]ack server push request,request=NotifySubscriberRequest,requestId=41
10:53:21.909 [com.alibaba.nacos.client.naming.updater.2] INFO  c.a.n.client.naming - [isChangedServiceInfo,235] - new ips(1) service: DEFAULT_GROUP@@ruoyi-system -> [{"ip":"192.168.0.173","port":9201,"weight":1.0,"healthy":true,"enabled":true,"ephemeral":true,"clusterName":"DEFAULT","serviceName":"DEFAULT_GROUP@@ruoyi-system","metadata":{"preserved.register.source":"SPRING_CLOUD"},"ipDeleteTimeout":30000,"instanceHeartBeatInterval":5000,"instanceHeartBeatTimeOut":15000}]
10:53:21.910 [com.alibaba.nacos.client.naming.updater.2] INFO  c.a.n.client.naming - [processServiceInfo,166] - current ips:(1) service: DEFAULT_GROUP@@ruoyi-system -> [{"ip":"192.168.0.173","port":9201,"weight":1.0,"healthy":true,"enabled":true,"ephemeral":true,"clusterName":"DEFAULT","serviceName":"DEFAULT_GROUP@@ruoyi-system","metadata":{"preserved.register.source":"SPRING_CLOUD"},"ipDeleteTimeout":30000,"instanceHeartBeatInterval":5000,"instanceHeartBeatTimeOut":15000}]
10:53:22.304 [nacos-grpc-client-executor-48] INFO  c.a.n.c.r.client - [printIfInfoEnabled,60] - [2ae5d01c-c21b-4f50-847b-0c179ae79e5e]receive server push request,request=NotifySubscriberRequest,requestId=44
10:53:22.305 [nacos-grpc-client-executor-48] INFO  c.a.n.c.r.client - [printIfInfoEnabled,60] - [2ae5d01c-c21b-4f50-847b-0c179ae79e5e]ack server push request,request=NotifySubscriberRequest,requestId=44
13:30:31.505 [boundedElastic-1] INFO  c.a.n.client.naming - [isChangedServiceInfo,181] - init new ips(0) service: DEFAULT_GROUP@@ruoyi-uavkeeper -> []
13:30:31.507 [boundedElastic-1] INFO  c.a.n.client.naming - [processServiceInfo,166] - current ips:(0) service: DEFAULT_GROUP@@ruoyi-uavkeeper -> []
13:30:32.096 [nacos-grpc-client-executor-2569] INFO  c.a.n.c.r.client - [printIfInfoEnabled,60] - [2ae5d01c-c21b-4f50-847b-0c179ae79e5e]receive server push request,request=NotifySubscriberRequest,requestId=46
13:30:32.096 [nacos-grpc-client-executor-2569] INFO  c.a.n.c.r.client - [printIfInfoEnabled,60] - [2ae5d01c-c21b-4f50-847b-0c179ae79e5e]ack server push request,request=NotifySubscriberRequest,requestId=46
13:30:56.834 [nacos-grpc-client-executor-2576] INFO  c.a.n.c.r.client - [printIfInfoEnabled,60] - [2ae5d01c-c21b-4f50-847b-0c179ae79e5e]receive server push request,request=NotifySubscriberRequest,requestId=48
13:30:56.834 [nacos-grpc-client-executor-2576] INFO  c.a.n.client.naming - [isChangedServiceInfo,235] - new ips(1) service: DEFAULT_GROUP@@ruoyi-uavkeeper -> [{"ip":"192.168.0.173","port":9211,"weight":1.0,"healthy":true,"enabled":true,"ephemeral":true,"clusterName":"DEFAULT","serviceName":"DEFAULT_GROUP@@ruoyi-uavkeeper","metadata":{"preserved.register.source":"SPRING_CLOUD"},"ipDeleteTimeout":30000,"instanceHeartBeatInterval":5000,"instanceHeartBeatTimeOut":15000}]
13:30:56.835 [nacos-grpc-client-executor-2576] INFO  c.a.n.client.naming - [processServiceInfo,166] - current ips:(1) service: DEFAULT_GROUP@@ruoyi-uavkeeper -> [{"ip":"192.168.0.173","port":9211,"weight":1.0,"healthy":true,"enabled":true,"ephemeral":true,"clusterName":"DEFAULT","serviceName":"DEFAULT_GROUP@@ruoyi-uavkeeper","metadata":{"preserved.register.source":"SPRING_CLOUD"},"ipDeleteTimeout":30000,"instanceHeartBeatInterval":5000,"instanceHeartBeatTimeOut":15000}]
13:30:56.835 [nacos-grpc-client-executor-2576] INFO  c.a.n.c.r.client - [printIfInfoEnabled,60] - [2ae5d01c-c21b-4f50-847b-0c179ae79e5e]ack server push request,request=NotifySubscriberRequest,requestId=48
15:19:26.586 [nacos-grpc-client-executor-4420] INFO  c.a.n.c.r.client - [printIfInfoEnabled,60] - [2ae5d01c-c21b-4f50-847b-0c179ae79e5e]receive server push request,request=NotifySubscriberRequest,requestId=50
15:19:26.587 [nacos-grpc-client-executor-4420] INFO  c.a.n.client.naming - [isChangedServiceInfo,241] - removed ips(1) service: DEFAULT_GROUP@@ruoyi-system -> [{"ip":"192.168.0.173","port":9201,"weight":1.0,"healthy":true,"enabled":true,"ephemeral":true,"clusterName":"DEFAULT","serviceName":"DEFAULT_GROUP@@ruoyi-system","metadata":{"preserved.register.source":"SPRING_CLOUD"},"ipDeleteTimeout":30000,"instanceHeartBeatInterval":5000,"instanceHeartBeatTimeOut":15000}]
15:19:26.587 [nacos-grpc-client-executor-4420] INFO  c.a.n.client.naming - [processServiceInfo,166] - current ips:(0) service: DEFAULT_GROUP@@ruoyi-system -> []
15:19:26.588 [nacos-grpc-client-executor-4420] INFO  c.a.n.c.r.client - [printIfInfoEnabled,60] - [2ae5d01c-c21b-4f50-847b-0c179ae79e5e]ack server push request,request=NotifySubscriberRequest,requestId=50
15:19:56.064 [nacos-grpc-client-executor-4426] INFO  c.a.n.c.r.client - [printIfInfoEnabled,60] - [2ae5d01c-c21b-4f50-847b-0c179ae79e5e]receive server push request,request=NotifySubscriberRequest,requestId=52
15:19:56.064 [nacos-grpc-client-executor-4426] INFO  c.a.n.client.naming - [isChangedServiceInfo,235] - new ips(1) service: DEFAULT_GROUP@@ruoyi-system -> [{"ip":"192.168.0.173","port":9201,"weight":1.0,"healthy":true,"enabled":true,"ephemeral":true,"clusterName":"DEFAULT","serviceName":"DEFAULT_GROUP@@ruoyi-system","metadata":{"preserved.register.source":"SPRING_CLOUD"},"ipDeleteTimeout":30000,"instanceHeartBeatInterval":5000,"instanceHeartBeatTimeOut":15000}]
15:19:56.064 [nacos-grpc-client-executor-4426] INFO  c.a.n.client.naming - [processServiceInfo,166] - current ips:(1) service: DEFAULT_GROUP@@ruoyi-system -> [{"ip":"192.168.0.173","port":9201,"weight":1.0,"healthy":true,"enabled":true,"ephemeral":true,"clusterName":"DEFAULT","serviceName":"DEFAULT_GROUP@@ruoyi-system","metadata":{"preserved.register.source":"SPRING_CLOUD"},"ipDeleteTimeout":30000,"instanceHeartBeatInterval":5000,"instanceHeartBeatTimeOut":15000}]
15:19:56.065 [nacos-grpc-client-executor-4426] INFO  c.a.n.c.r.client - [printIfInfoEnabled,60] - [2ae5d01c-c21b-4f50-847b-0c179ae79e5e]ack server push request,request=NotifySubscriberRequest,requestId=52
15:21:38.793 [nacos-grpc-client-executor-4460] INFO  c.a.n.c.r.client - [printIfInfoEnabled,60] - [2ae5d01c-c21b-4f50-847b-0c179ae79e5e]receive server push request,request=NotifySubscriberRequest,requestId=55
15:21:38.793 [nacos-grpc-client-executor-4460] INFO  c.a.n.client.naming - [isChangedServiceInfo,241] - removed ips(1) service: DEFAULT_GROUP@@ruoyi-system -> [{"ip":"192.168.0.173","port":9201,"weight":1.0,"healthy":true,"enabled":true,"ephemeral":true,"clusterName":"DEFAULT","serviceName":"DEFAULT_GROUP@@ruoyi-system","metadata":{"preserved.register.source":"SPRING_CLOUD"},"ipDeleteTimeout":30000,"instanceHeartBeatInterval":5000,"instanceHeartBeatTimeOut":15000}]
15:21:38.793 [nacos-grpc-client-executor-4460] INFO  c.a.n.client.naming - [processServiceInfo,166] - current ips:(0) service: DEFAULT_GROUP@@ruoyi-system -> []
15:21:38.794 [nacos-grpc-client-executor-4460] INFO  c.a.n.c.r.client - [printIfInfoEnabled,60] - [2ae5d01c-c21b-4f50-847b-0c179ae79e5e]ack server push request,request=NotifySubscriberRequest,requestId=55
15:21:57.766 [nacos-grpc-client-executor-4463] INFO  c.a.n.c.r.client - [printIfInfoEnabled,60] - [2ae5d01c-c21b-4f50-847b-0c179ae79e5e]receive server push request,request=NotifySubscriberRequest,requestId=58
15:21:57.766 [nacos-grpc-client-executor-4463] INFO  c.a.n.client.naming - [isChangedServiceInfo,235] - new ips(1) service: DEFAULT_GROUP@@ruoyi-system -> [{"ip":"192.168.0.173","port":9201,"weight":1.0,"healthy":true,"enabled":true,"ephemeral":true,"clusterName":"DEFAULT","serviceName":"DEFAULT_GROUP@@ruoyi-system","metadata":{"preserved.register.source":"SPRING_CLOUD"},"ipDeleteTimeout":30000,"instanceHeartBeatInterval":5000,"instanceHeartBeatTimeOut":15000}]
15:21:57.766 [nacos-grpc-client-executor-4463] INFO  c.a.n.client.naming - [processServiceInfo,166] - current ips:(1) service: DEFAULT_GROUP@@ruoyi-system -> [{"ip":"192.168.0.173","port":9201,"weight":1.0,"healthy":true,"enabled":true,"ephemeral":true,"clusterName":"DEFAULT","serviceName":"DEFAULT_GROUP@@ruoyi-system","metadata":{"preserved.register.source":"SPRING_CLOUD"},"ipDeleteTimeout":30000,"instanceHeartBeatInterval":5000,"instanceHeartBeatTimeOut":15000}]
15:21:57.767 [nacos-grpc-client-executor-4463] INFO  c.a.n.c.r.client - [printIfInfoEnabled,60] - [2ae5d01c-c21b-4f50-847b-0c179ae79e5e]ack server push request,request=NotifySubscriberRequest,requestId=58
